#
# A fatal error has been detected by the Java Runtime Environment:
#
#  EXCEPTION_ACCESS_VIOLATION (0xc0000005) at pc=0x00007ffe94aa62d7, pid=11804, tid=5312
#
# JRE version: Java(TM) SE Runtime Environment (18.0.1+10) (build 18.0.1+10-24)
# Java VM: Java HotSpot(TM) 64-Bit Server VM (18.0.1+10-24, mixed mode, sharing, tiered, compressed oops, compressed class ptrs, g1 gc, windows-amd64)
# Problematic frame:
# C  [glass.dll+0x262d7]
#
# No core dump will be written. Minidumps are not enabled by default on client versions of Windows
#
# If you would like to submit a bug report, please visit:
#   https://bugreport.java.com/bugreport/crash.jsp
#

---------------  S U M M A R Y ------------

Command Line: -javaagent:C:\Program Files\JetBrains\IntelliJ IDEA Community Edition 2022.1.2\lib\idea_rt.jar=63293:C:\Program Files\JetBrains\IntelliJ IDEA Community Edition 2022.1.2\bin -Dfile.encoding=UTF-8 --module-path=C:\Users\Евгений\.m2\repository\org\openjfx\javafx-graphics\18\javafx-graphics-18-win.jar;C:\Users\Евгений\.m2\repository\org\slf4j\slf4j-api\1.7.36\slf4j-api-1.7.36.jar;C:\Users\Евгений\.m2\repository\org\openjfx\javafx-fxml\18\javafx-fxml-18-win.jar;C:\Users\Евгений\.m2\repository\org\openjfx\javafx-controls\18\javafx-controls-18-win.jar;C:\Users\Евгений\ATM_Machine\target\classes;C:\Users\Евгений\.m2\repository\org\xerial\sqlite-jdbc\3.44.1.0\sqlite-jdbc-3.44.1.0.jar;C:\Users\Евгений\.m2\repository\org\openjfx\javafx-base\18\javafx-base-18-win.jar -Djdk.module.main=com.example.atm_machine com.example.atm_machine/com.example.atm_machine.HelloApplication

Host: Intel(R) Core(TM) i3-6100 CPU @ 3.70GHz, 4 cores, 7G,  Windows 10 , 64 bit Build 19041 (10.0.19041.3636)
Time: Tue Jan 23 22:28:43 2024 RTZ 3 (s 10 , 64 bit Build 19041 (10.0.19041.3636) elapsed time: 9.121289 seconds (0d 0h 0m 9s)

---------------  T H R E A D  ---------------

Current thread (0x000001c54a332980):  VMThread "VM Thread" [stack: 0x0000006005300000,0x0000006005400000] [id=5312]

Stack: [0x0000006005300000,0x0000006005400000],  sp=0x00000060053fee80,  free space=1019k
Native frames: (J=compiled Java code, j=interpreted, Vv=VM code, C=native code)
C  [glass.dll+0x262d7]


siginfo: EXCEPTION_ACCESS_VIOLATION (0xc0000005), reading address 0x0000000000000000


Register to memory mapping:

RIP=0x00007ffe94aa62d7 glass.dll
RAX=0x0 is NULL
RBX=0x000001c567c05cd8 is a global jni handle
RCX=0x000001c54a332980 points into unknown readable memory: 0x00007ffe82e2d938 | 38 d9 e2 82 fe 7f 00 00
RDX=0x00000060053fee80 points into unknown readable memory: 0x0000000000000000 | 00 00 00 00 00 00 00 00
RSP=0x00000060053fee80 points into unknown readable memory: 0x0000000000000000 | 00 00 00 00 00 00 00 00
RBP=0x000001c567c03618 points into unknown readable memory: 0x00001f4266306de9 | e9 6d 30 66 42 1f 00 00
RSI=0x000001c567c035f0 points into unknown readable memory: 0x546da74266cf90c0 | c0 90 cf 66 42 a7 6d 54
RDI=0x00001f4266306de9 is an unknown value
R8 =0x0000000000010002 is an unknown value
R9 =0x00001f4266306de9 is an unknown value
R10=0x0000000000008000 is an unknown value
R11=0x00000060053fee10 points into unknown readable memory: 0x000001c567c035f0 | f0 35 c0 67 c5 01 00 00
R12=0x00007ffe94aa3bc4 glass.dll
R13=0x00007ffe82fefc00 jvm.dll
R14=0x00000060053fef78 points into unknown readable memory: 0x00000060053fef60 | 60 ef 3f 05 60 00 00 00
R15=0x000001c567c035f0 points into unknown readable memory: 0x546da74266cf90c0 | c0 90 cf 66 42 a7 6d 54


Registers:
RAX=0x0000000000000000, RBX=0x000001c567c05cd8, RCX=0x000001c54a332980, RDX=0x00000060053fee80
RSP=0x00000060053fee80, RBP=0x000001c567c03618, RSI=0x000001c567c035f0, RDI=0x00001f4266306de9
R8 =0x0000000000010002, R9 =0x00001f4266306de9, R10=0x0000000000008000, R11=0x00000060053fee10
R12=0x00007ffe94aa3bc4, R13=0x00007ffe82fefc00, R14=0x00000060053fef78, R15=0x000001c567c035f0
RIP=0x00007ffe94aa62d7, EFLAGS=0x0000000000010206

Top of Stack: (sp=0x00000060053fee80)
0x00000060053fee80:   0000000000000000 000001c567c035f0
0x00000060053fee90:   00007ffe82fefc00 00007ffe94aa3bc4
0x00000060053feea0:   000001c567c035f8 00007ffeb23142d6
0x00000060053feeb0:   00001f4266306de9 000001c500000000
0x00000060053feec0:   000001c567c03618 000001c567c035f0
0x00000060053feed0:   fffffffffffffffe 0000000000000000
0x00000060053feee0:   0000000000000001 00007ffe94a80000
0x00000060053feef0:   00000060053fef68 00007ffeb23141fb
0x00000060053fef00:   0000000000000000 00000060053fef78
0x00000060053fef10:   00000060053ff250 00007ffeb23f0e40
0x00000060053fef20:   0000000000000001 00007ffeb23141b4
0x00000060053fef30:   0000000000000000 0000000000000001
0x00000060053fef40:   0000000000000000 00000060053fef68
0x00000060053fef50:   ffffffff00000001 00007ffe94aa3a51
0x00000060053fef60:   00007ffe94ab9f88 00007ffe00000002
0x00000060053fef70:   0000000000000002 00000060053fef60 

Instructions: (pc=0x00007ffe94aa62d7)
0x00007ffe94aa61d7:   8b 4d 58 e8 2d cf ff ff 48 8b 4d 60 e8 24 cf ff
0x00007ffe94aa61e7:   ff 48 8b 95 80 00 00 00 48 8b 8d 18 01 00 00 e8
0x00007ffe94aa61f7:   16 c4 ff ff 33 d2 33 c9 e8 5c e1 ff ff 90 48 89
0x00007ffe94aa6207:   54 24 10 55 48 83 ec 20 48 8b ea 48 b8 00 00 00
0x00007ffe94aa6217:   00 00 00 00 00 48 83 c4 20 5d c3 cc 40 55 48 8b
0x00007ffe94aa6227:   ea 48 8b 01 33 c9 81 38 05 00 00 c0 0f 94 c1 8b
0x00007ffe94aa6237:   c1 5d c3 cc 40 55 48 83 ec 20 48 8b ea 8a 4d 40
0x00007ffe94aa6247:   48 83 c4 20 5d e9 17 d3 ff ff cc 40 55 48 83 ec
0x00007ffe94aa6257:   20 48 8b ea 8a 4d 20 e8 05 d3 ff ff 90 48 83 c4
0x00007ffe94aa6267:   20 5d c3 cc 40 55 48 83 ec 20 48 8b ea 48 83 c4
0x00007ffe94aa6277:   20 5d e9 66 d1 ff ff cc 40 55 48 83 ec 30 48 8b
0x00007ffe94aa6287:   ea 48 8b 01 8b 10 48 89 4c 24 28 89 54 24 20 4c
0x00007ffe94aa6297:   8d 0d 07 d6 ff ff 4c 8b 45 70 8b 55 68 48 8b 4d
0x00007ffe94aa62a7:   60 e8 a7 d0 ff ff 90 48 83 c4 30 5d c3 cc cc cc
0x00007ffe94aa62b7:   cc cc cc cc cc cc cc cc cc 40 53 48 83 ec 20 48
0x00007ffe94aa62c7:   8b 1d bb 36 01 00 48 85 db 74 16 e8 59 8b ff ff
0x00007ffe94aa62d7:   4c 8b 00 48 8b d3 48 8b c8 41 ff 90 b0 00 00 00
0x00007ffe94aa62e7:   90 48 83 c4 20 5b c3 cc cc 40 53 48 83 ec 20 48
0x00007ffe94aa62f7:   8b 1d 2b 38 01 00 48 85 db 74 57 b8 ff ff ff ff
0x00007ffe94aa6307:   f0 0f c1 43 10 83 f8 01 75 3d 48 85 db 74 38 48
0x00007ffe94aa6317:   8b 0b 48 85 c9 74 0d ff 15 84 0f 00 00 48 c7 03
0x00007ffe94aa6327:   00 00 00 00 48 8b 4b 08 48 85 c9 74 0d e8 d3 cd
0x00007ffe94aa6337:   ff ff 48 c7 43 08 00 00 00 00 ba 18 00 00 00 48
0x00007ffe94aa6347:   8b cb e8 be cd ff ff 48 c7 05 cf 37 01 00 00 00
0x00007ffe94aa6357:   00 00 48 83 c4 20 5b c3 cc 40 53 48 83 ec 20 48
0x00007ffe94aa6367:   8b 1d 9b 37 01 00 48 85 db 74 57 b8 ff ff ff ff
0x00007ffe94aa6377:   f0 0f c1 43 10 83 f8 01 75 3d 48 85 db 74 38 48
0x00007ffe94aa6387:   8b 0b 48 85 c9 74 0d ff 15 14 0f 00 00 48 c7 03
0x00007ffe94aa6397:   00 00 00 00 48 8b 4b 08 48 85 c9 74 0d e8 63 cd
0x00007ffe94aa63a7:   ff ff 48 c7 43 08 00 00 00 00 ba 18 00 00 00 48
0x00007ffe94aa63b7:   8b cb e8 4e cd ff ff 48 c7 05 3f 37 01 00 00 00
0x00007ffe94aa63c7:   00 00 48 83 c4 20 5b c3 cc 40 53 48 83 ec 20 48 


Stack slot to memory mapping:
stack at sp + 0 slots: 0x0 is NULL
stack at sp + 1 slots: 0x000001c567c035f0 points into unknown readable memory: 0x546da74266cf90c0 | c0 90 cf 66 42 a7 6d 54
stack at sp + 2 slots: 0x00007ffe82fefc00 jvm.dll
stack at sp + 3 slots: 0x00007ffe94aa3bc4 glass.dll
stack at sp + 4 slots: 0x000001c567c035f8 points into unknown readable memory: 0x00001f4266306de9 | e9 6d 30 66 42 1f 00 00
stack at sp + 5 slots: 0x00007ffeb23142d6 ucrtbase.dll
stack at sp + 6 slots: 0x00001f4266306de9 is an unknown value
stack at sp + 7 slots: 0x000001c500000000 is an unknown value

VM_Operation (0x000000600721ed40): Exit, mode: safepoint, requested by thread 0x000001c56ca422e0


---------------  P R O C E S S  ---------------

Threads class SMR info:
_java_thread_list=0x000001c573afacb0, length=21, elements={
0x000001c54a2b9570, 0x000001c567bf4540, 0x000001c567bf51f0, 0x000001c567c0c0a0,
0x000001c567c0ded0, 0x000001c567c0e780, 0x000001c567c0f030, 0x000001c567c12430,
0x000001c567c75660, 0x000001c567c98b60, 0x000001c56c082b00, 0x000001c56c1be000,
0x000001c56c339330, 0x000001c56c66e170, 0x000001c56c5551e0, 0x000001c56c74d8b0,
0x000001c56ca42c80, 0x000001c56ca43620, 0x000001c56ca40ad0, 0x000001c56ca41e10,
0x000001c56ca422e0
}

Java Threads: ( => current thread )
  0x000001c54a2b9570 JavaThread "main" [_thread_blocked, id=5920, stack(0x0000006004d00000,0x0000006004e00000)]
  0x000001c567bf4540 JavaThread "Reference Handler" daemon [_thread_blocked, id=9224, stack(0x0000006005400000,0x0000006005500000)]
  0x000001c567bf51f0 JavaThread "Finalizer" daemon [_thread_blocked, id=1428, stack(0x0000006005500000,0x0000006005600000)]
  0x000001c567c0c0a0 JavaThread "Signal Dispatcher" daemon [_thread_blocked, id=11516, stack(0x0000006005600000,0x0000006005700000)]
  0x000001c567c0ded0 JavaThread "Attach Listener" daemon [_thread_blocked, id=2092, stack(0x0000006005700000,0x0000006005800000)]
  0x000001c567c0e780 JavaThread "Service Thread" daemon [_thread_blocked, id=6020, stack(0x0000006005800000,0x0000006005900000)]
  0x000001c567c0f030 JavaThread "Monitor Deflation Thread" daemon [_thread_blocked, id=11548, stack(0x0000006005900000,0x0000006005a00000)]
  0x000001c567c12430 JavaThread "C2 CompilerThread0" daemon [_thread_blocked, id=5452, stack(0x0000006005a00000,0x0000006005b00000)]
  0x000001c567c75660 JavaThread "C1 CompilerThread0" daemon [_thread_blocked, id=9540, stack(0x0000006005b00000,0x0000006005c00000)]
  0x000001c567c98b60 JavaThread "Sweeper thread" daemon [_thread_blocked, id=5468, stack(0x0000006005c00000,0x0000006005d00000)]
  0x000001c56c082b00 JavaThread "Common-Cleaner" daemon [_thread_blocked, id=10480, stack(0x0000006005d00000,0x0000006005e00000)]
  0x000001c56c1be000 JavaThread "Monitor Ctrl-Break" daemon [_thread_in_native, id=6884, stack(0x0000006005f00000,0x0000006006000000)]
  0x000001c56c339330 JavaThread "Notification Thread" daemon [_thread_blocked, id=11560, stack(0x0000006006000000,0x0000006006100000)]
  0x000001c56c66e170 JavaThread "QuantumRenderer-0" daemon [_thread_blocked, id=6792, stack(0x0000006006500000,0x0000006006600000)]
  0x000001c56c5551e0 JavaThread "InvokeLaterDispatcher" daemon [_thread_blocked, id=5748, stack(0x0000006006700000,0x0000006006800000)]
  0x000001c56c74d8b0 JavaThread "JavaFX Application Thread" [_thread_in_native, id=11760, stack(0x0000006006800000,0x0000006006900000)]
  0x000001c56ca42c80 JavaThread "Thread-1" daemon [_thread_in_native, id=6508, stack(0x0000006005e00000,0x0000006005f00000)]
  0x000001c56ca43620 JavaThread "JavaFX-Launcher" [_thread_blocked, id=2188, stack(0x0000006006a00000,0x0000006006b00000)]
  0x000001c56ca40ad0 JavaThread "Prism Font Disposer" daemon [_thread_blocked, id=7652, stack(0x0000006006f00000,0x0000006007000000)]
  0x000001c56ca41e10 JavaThread "Cleaner-0" daemon [_thread_blocked, id=1704, stack(0x0000006007010000,0x0000006007110000)]
  0x000001c56ca422e0 JavaThread "SIGINT handler" daemon [_thread_blocked, id=1568, stack(0x0000006007120000,0x0000006007220000)]

Other Threads:
=>0x000001c54a332980 VMThread "VM Thread" [stack: 0x0000006005300000,0x0000006005400000] [id=5312]
  0x000001c54a318830 WorkerThread "GC Thread#0" [stack: 0x0000006004e00000,0x0000006004f00000] [id=9788]
  0x000001c56c557030 WorkerThread "GC Thread#1" [stack: 0x0000006006200000,0x0000006006300000] [id=7768]
  0x000001c56c35ae90 WorkerThread "GC Thread#2" [stack: 0x0000006006300000,0x0000006006400000] [id=9360]
  0x000001c56c67bd80 WorkerThread "GC Thread#3" [stack: 0x0000006006400000,0x0000006006500000] [id=5828]
  0x000001c54a32a4c0 ConcurrentGCThread "G1 Main Marker" terminated
  0x000001c54a32bd70 WorkerThread "G1 Conc#0" [stack: 0x0000006005000000,0x0000006005100000] [id=1440]
  0x000001c54a36c710 ConcurrentGCThread "G1 Refine#0" terminated
  0x000001c54a36cf30 ConcurrentGCThread "G1 Service" terminated

Threads with active compile tasks:

VM state: at safepoint (shutting down)

VM Mutex/Monitor currently owned by a thread:  ([mutex/lock_event])
[0x000001c54a2b3f30] Threads_lock - owner thread: 0x000001c54a332980
[0x000001c54a2b48c0] Heap_lock - owner thread: 0x000001c56ca422e0

Heap address: 0x0000000080e00000, size: 2034 MB, Compressed Oops mode: 32-bit

CDS archive(s) mapped at: [0x0000000800000000-0x0000000800ba0000-0x0000000800ba0000), size 12189696, SharedBaseAddress: 0x0000000800000000, ArchiveRelocationMode: 0.
Compressed class space mapped at: 0x0000000800c00000-0x0000000840c00000, reserved size: 1073741824
Narrow klass base: 0x0000000800000000, Narrow klass shift: 0, Narrow klass range: 0x100000000

GC Precious Log:
 CardTable entry size: 512
 Card Set container configuration: InlinePtr #cards 5 size 8 Array Of Cards #cards 12 size 40 Howl #buckets 4 coarsen threshold 1843 Howl Bitmap #cards 512 size 80 coarsen threshold 460 Card regions per heap region 1 cards per card region 2048
 CPUs: 4 total, 4 available
 Memory: 8128M
 Large Page Support: Disabled
 NUMA Support: Disabled
 Compressed Oops: Enabled (32-bit)
 Heap Region Size: 1M
 Heap Min Capacity: 8M
 Heap Initial Capacity: 128M
 Heap Max Capacity: 2034M
 Pre-touch: Disabled
 Parallel Workers: 4
 Concurrent Workers: 1
 Concurrent Refinement Workers: 4
 Periodic GC: Disabled

Heap:
 garbage-first heap   total 131072K, used 42296K [0x0000000080e00000, 0x0000000100000000)
  region size 1024K, 39 young (39936K), 3 survivors (3072K)
 Metaspace       used 16244K, committed 16576K, reserved 1114112K
  class space    used 2232K, committed 2368K, reserved 1048576K

Heap Regions: E=young(eden), S=young(survivor), O=old, HS=humongous(starts), HC=humongous(continues), CS=collection set, F=free, OA=open archive, CA=closed archive, TAMS=top-at-mark-start (previous, next)
|   0|0x0000000080e00000, 0x0000000080f00000, 0x0000000080f00000|100%| O|  |TAMS 0x0000000080e00000, 0x0000000080e00000| Untracked 
|   1|0x0000000080f00000, 0x0000000080fe9e00, 0x0000000081000000| 91%| O|  |TAMS 0x0000000080f00000, 0x0000000080f00000| Untracked 
|   2|0x0000000081000000, 0x0000000081100000, 0x0000000081100000|100%|HS|  |TAMS 0x0000000081000000, 0x0000000081000000| Complete 
|   3|0x0000000081100000, 0x0000000081200000, 0x0000000081200000|100%|HC|  |TAMS 0x0000000081100000, 0x0000000081100000| Complete 
|   4|0x0000000081200000, 0x0000000081200000, 0x0000000081300000|  0%| F|  |TAMS 0x0000000081200000, 0x0000000081200000| Untracked 
|   5|0x0000000081300000, 0x0000000081300000, 0x0000000081400000|  0%| F|  |TAMS 0x0000000081300000, 0x0000000081300000| Untracked 
|   6|0x0000000081400000, 0x0000000081400000, 0x0000000081500000|  0%| F|  |TAMS 0x0000000081400000, 0x0000000081400000| Untracked 
|   7|0x0000000081500000, 0x0000000081500000, 0x0000000081600000|  0%| F|  |TAMS 0x0000000081500000, 0x0000000081500000| Untracked 
|   8|0x0000000081600000, 0x0000000081600000, 0x0000000081700000|  0%| F|  |TAMS 0x0000000081600000, 0x0000000081600000| Untracked 
|   9|0x0000000081700000, 0x0000000081700000, 0x0000000081800000|  0%| F|  |TAMS 0x0000000081700000, 0x0000000081700000| Untracked 
|  10|0x0000000081800000, 0x0000000081800000, 0x0000000081900000|  0%| F|  |TAMS 0x0000000081800000, 0x0000000081800000| Untracked 
|  11|0x0000000081900000, 0x0000000081900000, 0x0000000081a00000|  0%| F|  |TAMS 0x0000000081900000, 0x0000000081900000| Untracked 
|  12|0x0000000081a00000, 0x0000000081a00000, 0x0000000081b00000|  0%| F|  |TAMS 0x0000000081a00000, 0x0000000081a00000| Untracked 
|  13|0x0000000081b00000, 0x0000000081b00000, 0x0000000081c00000|  0%| F|  |TAMS 0x0000000081b00000, 0x0000000081b00000| Untracked 
|  14|0x0000000081c00000, 0x0000000081c00000, 0x0000000081d00000|  0%| F|  |TAMS 0x0000000081c00000, 0x0000000081c00000| Untracked 
|  15|0x0000000081d00000, 0x0000000081d00000, 0x0000000081e00000|  0%| F|  |TAMS 0x0000000081d00000, 0x0000000081d00000| Untracked 
|  16|0x0000000081e00000, 0x0000000081e00000, 0x0000000081f00000|  0%| F|  |TAMS 0x0000000081e00000, 0x0000000081e00000| Untracked 
|  17|0x0000000081f00000, 0x0000000081f00000, 0x0000000082000000|  0%| F|  |TAMS 0x0000000081f00000, 0x0000000081f00000| Untracked 
|  18|0x0000000082000000, 0x0000000082000000, 0x0000000082100000|  0%| F|  |TAMS 0x0000000082000000, 0x0000000082000000| Untracked 
|  19|0x0000000082100000, 0x0000000082100000, 0x0000000082200000|  0%| F|  |TAMS 0x0000000082100000, 0x0000000082100000| Untracked 
|  20|0x0000000082200000, 0x0000000082200000, 0x0000000082300000|  0%| F|  |TAMS 0x0000000082200000, 0x0000000082200000| Untracked 
|  21|0x0000000082300000, 0x0000000082300000, 0x0000000082400000|  0%| F|  |TAMS 0x0000000082300000, 0x0000000082300000| Untracked 
|  22|0x0000000082400000, 0x0000000082400000, 0x0000000082500000|  0%| F|  |TAMS 0x0000000082400000, 0x0000000082400000| Untracked 
|  23|0x0000000082500000, 0x0000000082500000, 0x0000000082600000|  0%| F|  |TAMS 0x0000000082500000, 0x0000000082500000| Untracked 
|  24|0x0000000082600000, 0x0000000082600000, 0x0000000082700000|  0%| F|  |TAMS 0x0000000082600000, 0x0000000082600000| Untracked 
|  25|0x0000000082700000, 0x0000000082700000, 0x0000000082800000|  0%| F|  |TAMS 0x0000000082700000, 0x0000000082700000| Untracked 
|  26|0x0000000082800000, 0x0000000082800000, 0x0000000082900000|  0%| F|  |TAMS 0x0000000082800000, 0x0000000082800000| Untracked 
|  27|0x0000000082900000, 0x0000000082900000, 0x0000000082a00000|  0%| F|  |TAMS 0x0000000082900000, 0x0000000082900000| Untracked 
|  28|0x0000000082a00000, 0x0000000082a00000, 0x0000000082b00000|  0%| F|  |TAMS 0x0000000082a00000, 0x0000000082a00000| Untracked 
|  29|0x0000000082b00000, 0x0000000082b00000, 0x0000000082c00000|  0%| F|  |TAMS 0x0000000082b00000, 0x0000000082b00000| Untracked 
|  30|0x0000000082c00000, 0x0000000082c00000, 0x0000000082d00000|  0%| F|  |TAMS 0x0000000082c00000, 0x0000000082c00000| Untracked 
|  31|0x0000000082d00000, 0x0000000082d00000, 0x0000000082e00000|  0%| F|  |TAMS 0x0000000082d00000, 0x0000000082d00000| Untracked 
|  32|0x0000000082e00000, 0x0000000082e00000, 0x0000000082f00000|  0%| F|  |TAMS 0x0000000082e00000, 0x0000000082e00000| Untracked 
|  33|0x0000000082f00000, 0x0000000082f00000, 0x0000000083000000|  0%| F|  |TAMS 0x0000000082f00000, 0x0000000082f00000| Untracked 
|  34|0x0000000083000000, 0x0000000083000000, 0x0000000083100000|  0%| F|  |TAMS 0x0000000083000000, 0x0000000083000000| Untracked 
|  35|0x0000000083100000, 0x0000000083100000, 0x0000000083200000|  0%| F|  |TAMS 0x0000000083100000, 0x0000000083100000| Untracked 
|  36|0x0000000083200000, 0x0000000083200000, 0x0000000083300000|  0%| F|  |TAMS 0x0000000083200000, 0x0000000083200000| Untracked 
|  37|0x0000000083300000, 0x0000000083300000, 0x0000000083400000|  0%| F|  |TAMS 0x0000000083300000, 0x0000000083300000| Untracked 
|  38|0x0000000083400000, 0x0000000083400000, 0x0000000083500000|  0%| F|  |TAMS 0x0000000083400000, 0x0000000083400000| Untracked 
|  39|0x0000000083500000, 0x0000000083500000, 0x0000000083600000|  0%| F|  |TAMS 0x0000000083500000, 0x0000000083500000| Untracked 
|  40|0x0000000083600000, 0x0000000083600000, 0x0000000083700000|  0%| F|  |TAMS 0x0000000083600000, 0x0000000083600000| Untracked 
|  41|0x0000000083700000, 0x0000000083700000, 0x0000000083800000|  0%| F|  |TAMS 0x0000000083700000, 0x0000000083700000| Untracked 
|  42|0x0000000083800000, 0x0000000083800000, 0x0000000083900000|  0%| F|  |TAMS 0x0000000083800000, 0x0000000083800000| Untracked 
|  43|0x0000000083900000, 0x0000000083900000, 0x0000000083a00000|  0%| F|  |TAMS 0x0000000083900000, 0x0000000083900000| Untracked 
|  44|0x0000000083a00000, 0x0000000083a00000, 0x0000000083b00000|  0%| F|  |TAMS 0x0000000083a00000, 0x0000000083a00000| Untracked 
|  45|0x0000000083b00000, 0x0000000083b00000, 0x0000000083c00000|  0%| F|  |TAMS 0x0000000083b00000, 0x0000000083b00000| Untracked 
|  46|0x0000000083c00000, 0x0000000083c00000, 0x0000000083d00000|  0%| F|  |TAMS 0x0000000083c00000, 0x0000000083c00000| Untracked 
|  47|0x0000000083d00000, 0x0000000083d00000, 0x0000000083e00000|  0%| F|  |TAMS 0x0000000083d00000, 0x0000000083d00000| Untracked 
|  48|0x0000000083e00000, 0x0000000083e00000, 0x0000000083f00000|  0%| F|  |TAMS 0x0000000083e00000, 0x0000000083e00000| Untracked 
|  49|0x0000000083f00000, 0x0000000083f00000, 0x0000000084000000|  0%| F|  |TAMS 0x0000000083f00000, 0x0000000083f00000| Untracked 
|  50|0x0000000084000000, 0x0000000084000000, 0x0000000084100000|  0%| F|  |TAMS 0x0000000084000000, 0x0000000084000000| Untracked 
|  51|0x0000000084100000, 0x0000000084100000, 0x0000000084200000|  0%| F|  |TAMS 0x0000000084100000, 0x0000000084100000| Untracked 
|  52|0x0000000084200000, 0x0000000084200000, 0x0000000084300000|  0%| F|  |TAMS 0x0000000084200000, 0x0000000084200000| Untracked 
|  53|0x0000000084300000, 0x0000000084300000, 0x0000000084400000|  0%| F|  |TAMS 0x0000000084300000, 0x0000000084300000| Untracked 
|  54|0x0000000084400000, 0x0000000084400000, 0x0000000084500000|  0%| F|  |TAMS 0x0000000084400000, 0x0000000084400000| Untracked 
|  55|0x0000000084500000, 0x0000000084500000, 0x0000000084600000|  0%| F|  |TAMS 0x0000000084500000, 0x0000000084500000| Untracked 
|  56|0x0000000084600000, 0x0000000084600000, 0x0000000084700000|  0%| F|  |TAMS 0x0000000084600000, 0x0000000084600000| Untracked 
|  57|0x0000000084700000, 0x0000000084700000, 0x0000000084800000|  0%| F|  |TAMS 0x0000000084700000, 0x0000000084700000| Untracked 
|  58|0x0000000084800000, 0x0000000084800000, 0x0000000084900000|  0%| F|  |TAMS 0x0000000084800000, 0x0000000084800000| Untracked 
|  59|0x0000000084900000, 0x0000000084900000, 0x0000000084a00000|  0%| F|  |TAMS 0x0000000084900000, 0x0000000084900000| Untracked 
|  60|0x0000000084a00000, 0x0000000084a00000, 0x0000000084b00000|  0%| F|  |TAMS 0x0000000084a00000, 0x0000000084a00000| Untracked 
|  61|0x0000000084b00000, 0x0000000084b00000, 0x0000000084c00000|  0%| F|  |TAMS 0x0000000084b00000, 0x0000000084b00000| Untracked 
|  62|0x0000000084c00000, 0x0000000084c00000, 0x0000000084d00000|  0%| F|  |TAMS 0x0000000084c00000, 0x0000000084c00000| Untracked 
|  63|0x0000000084d00000, 0x0000000084d00000, 0x0000000084e00000|  0%| F|  |TAMS 0x0000000084d00000, 0x0000000084d00000| Untracked 
|  64|0x0000000084e00000, 0x0000000084e00000, 0x0000000084f00000|  0%| F|  |TAMS 0x0000000084e00000, 0x0000000084e00000| Untracked 
|  65|0x0000000084f00000, 0x0000000084f00000, 0x0000000085000000|  0%| F|  |TAMS 0x0000000084f00000, 0x0000000084f00000| Untracked 
|  66|0x0000000085000000, 0x0000000085000000, 0x0000000085100000|  0%| F|  |TAMS 0x0000000085000000, 0x0000000085000000| Untracked 
|  67|0x0000000085100000, 0x0000000085100000, 0x0000000085200000|  0%| F|  |TAMS 0x0000000085100000, 0x0000000085100000| Untracked 
|  68|0x0000000085200000, 0x0000000085200000, 0x0000000085300000|  0%| F|  |TAMS 0x0000000085200000, 0x0000000085200000| Untracked 
|  69|0x0000000085300000, 0x0000000085300000, 0x0000000085400000|  0%| F|  |TAMS 0x0000000085300000, 0x0000000085300000| Untracked 
|  70|0x0000000085400000, 0x0000000085400000, 0x0000000085500000|  0%| F|  |TAMS 0x0000000085400000, 0x0000000085400000| Untracked 
|  71|0x0000000085500000, 0x0000000085500000, 0x0000000085600000|  0%| F|  |TAMS 0x0000000085500000, 0x0000000085500000| Untracked 
|  72|0x0000000085600000, 0x0000000085600000, 0x0000000085700000|  0%| F|  |TAMS 0x0000000085600000, 0x0000000085600000| Untracked 
|  73|0x0000000085700000, 0x0000000085700000, 0x0000000085800000|  0%| F|  |TAMS 0x0000000085700000, 0x0000000085700000| Untracked 
|  74|0x0000000085800000, 0x0000000085800000, 0x0000000085900000|  0%| F|  |TAMS 0x0000000085800000, 0x0000000085800000| Untracked 
|  75|0x0000000085900000, 0x0000000085900000, 0x0000000085a00000|  0%| F|  |TAMS 0x0000000085900000, 0x0000000085900000| Untracked 
|  76|0x0000000085a00000, 0x0000000085a00000, 0x0000000085b00000|  0%| F|  |TAMS 0x0000000085a00000, 0x0000000085a00000| Untracked 
|  77|0x0000000085b00000, 0x0000000085b00000, 0x0000000085c00000|  0%| F|  |TAMS 0x0000000085b00000, 0x0000000085b00000| Untracked 
|  78|0x0000000085c00000, 0x0000000085c00000, 0x0000000085d00000|  0%| F|  |TAMS 0x0000000085c00000, 0x0000000085c00000| Untracked 
|  79|0x0000000085d00000, 0x0000000085d00000, 0x0000000085e00000|  0%| F|  |TAMS 0x0000000085d00000, 0x0000000085d00000| Untracked 
|  80|0x0000000085e00000, 0x0000000085e00000, 0x0000000085f00000|  0%| F|  |TAMS 0x0000000085e00000, 0x0000000085e00000| Untracked 
|  81|0x0000000085f00000, 0x0000000085f00000, 0x0000000086000000|  0%| F|  |TAMS 0x0000000085f00000, 0x0000000085f00000| Untracked 
|  82|0x0000000086000000, 0x0000000086000000, 0x0000000086100000|  0%| F|  |TAMS 0x0000000086000000, 0x0000000086000000| Untracked 
|  83|0x0000000086100000, 0x0000000086100000, 0x0000000086200000|  0%| F|  |TAMS 0x0000000086100000, 0x0000000086100000| Untracked 
|  84|0x0000000086200000, 0x0000000086200000, 0x0000000086300000|  0%| F|  |TAMS 0x0000000086200000, 0x0000000086200000| Untracked 
|  85|0x0000000086300000, 0x0000000086300000, 0x0000000086400000|  0%| F|  |TAMS 0x0000000086300000, 0x0000000086300000| Untracked 
|  86|0x0000000086400000, 0x0000000086400000, 0x0000000086500000|  0%| F|  |TAMS 0x0000000086400000, 0x0000000086400000| Untracked 
|  87|0x0000000086500000, 0x0000000086500000, 0x0000000086600000|  0%| F|  |TAMS 0x0000000086500000, 0x0000000086500000| Untracked 
|  88|0x0000000086600000, 0x0000000086600000, 0x0000000086700000|  0%| F|  |TAMS 0x0000000086600000, 0x0000000086600000| Untracked 
|  89|0x0000000086700000, 0x000000008675df20, 0x0000000086800000| 36%| E|  |TAMS 0x0000000086700000, 0x0000000086700000| Complete 
|  90|0x0000000086800000, 0x0000000086900000, 0x0000000086900000|100%| E|CS|TAMS 0x0000000086800000, 0x0000000086800000| Complete 
|  91|0x0000000086900000, 0x0000000086a00000, 0x0000000086a00000|100%| E|CS|TAMS 0x0000000086900000, 0x0000000086900000| Complete 
|  92|0x0000000086a00000, 0x0000000086b00000, 0x0000000086b00000|100%| E|CS|TAMS 0x0000000086a00000, 0x0000000086a00000| Complete 
|  93|0x0000000086b00000, 0x0000000086c00000, 0x0000000086c00000|100%| E|CS|TAMS 0x0000000086b00000, 0x0000000086b00000| Complete 
|  94|0x0000000086c00000, 0x0000000086d00000, 0x0000000086d00000|100%| E|CS|TAMS 0x0000000086c00000, 0x0000000086c00000| Complete 
|  95|0x0000000086d00000, 0x0000000086e00000, 0x0000000086e00000|100%| E|CS|TAMS 0x0000000086d00000, 0x0000000086d00000| Complete 
|  96|0x0000000086e00000, 0x0000000086f00000, 0x0000000086f00000|100%| E|CS|TAMS 0x0000000086e00000, 0x0000000086e00000| Complete 
|  97|0x0000000086f00000, 0x0000000087000000, 0x0000000087000000|100%| E|CS|TAMS 0x0000000086f00000, 0x0000000086f00000| Complete 
|  98|0x0000000087000000, 0x0000000087100000, 0x0000000087100000|100%| E|CS|TAMS 0x0000000087000000, 0x0000000087000000| Complete 
|  99|0x0000000087100000, 0x0000000087200000, 0x0000000087200000|100%| E|CS|TAMS 0x0000000087100000, 0x0000000087100000| Complete 
| 100|0x0000000087200000, 0x0000000087300000, 0x0000000087300000|100%| E|CS|TAMS 0x0000000087200000, 0x0000000087200000| Complete 
| 101|0x0000000087300000, 0x0000000087400000, 0x0000000087400000|100%| E|CS|TAMS 0x0000000087300000, 0x0000000087300000| Complete 
| 102|0x0000000087400000, 0x0000000087500000, 0x0000000087500000|100%| E|CS|TAMS 0x0000000087400000, 0x0000000087400000| Complete 
| 103|0x0000000087500000, 0x0000000087600000, 0x0000000087600000|100%| E|CS|TAMS 0x0000000087500000, 0x0000000087500000| Complete 
| 104|0x0000000087600000, 0x0000000087700000, 0x0000000087700000|100%| E|CS|TAMS 0x0000000087600000, 0x0000000087600000| Complete 
| 105|0x0000000087700000, 0x0000000087800000, 0x0000000087800000|100%| E|CS|TAMS 0x0000000087700000, 0x0000000087700000| Complete 
| 106|0x0000000087800000, 0x0000000087864560, 0x0000000087900000| 39%| S|CS|TAMS 0x0000000087800000, 0x0000000087800000| Complete 
| 107|0x0000000087900000, 0x0000000087a00000, 0x0000000087a00000|100%| S|CS|TAMS 0x0000000087900000, 0x0000000087900000| Complete 
| 108|0x0000000087a00000, 0x0000000087b00000, 0x0000000087b00000|100%| S|CS|TAMS 0x0000000087a00000, 0x0000000087a00000| Complete 
| 109|0x0000000087b00000, 0x0000000087c00000, 0x0000000087c00000|100%| E|CS|TAMS 0x0000000087b00000, 0x0000000087b00000| Complete 
| 110|0x0000000087c00000, 0x0000000087d00000, 0x0000000087d00000|100%| E|CS|TAMS 0x0000000087c00000, 0x0000000087c00000| Complete 
| 111|0x0000000087d00000, 0x0000000087e00000, 0x0000000087e00000|100%| E|CS|TAMS 0x0000000087d00000, 0x0000000087d00000| Complete 
| 112|0x0000000087e00000, 0x0000000087f00000, 0x0000000087f00000|100%| E|CS|TAMS 0x0000000087e00000, 0x0000000087e00000| Complete 
| 113|0x0000000087f00000, 0x0000000088000000, 0x0000000088000000|100%| E|CS|TAMS 0x0000000087f00000, 0x0000000087f00000| Complete 
| 114|0x0000000088000000, 0x0000000088100000, 0x0000000088100000|100%| E|CS|TAMS 0x0000000088000000, 0x0000000088000000| Complete 
| 115|0x0000000088100000, 0x0000000088200000, 0x0000000088200000|100%| E|CS|TAMS 0x0000000088100000, 0x0000000088100000| Complete 
| 116|0x0000000088200000, 0x0000000088300000, 0x0000000088300000|100%| E|CS|TAMS 0x0000000088200000, 0x0000000088200000| Complete 
| 117|0x0000000088300000, 0x0000000088400000, 0x0000000088400000|100%| E|CS|TAMS 0x0000000088300000, 0x0000000088300000| Complete 
| 118|0x0000000088400000, 0x0000000088500000, 0x0000000088500000|100%| E|CS|TAMS 0x0000000088400000, 0x0000000088400000| Complete 
| 119|0x0000000088500000, 0x0000000088600000, 0x0000000088600000|100%| E|CS|TAMS 0x0000000088500000, 0x0000000088500000| Complete 
| 120|0x0000000088600000, 0x0000000088700000, 0x0000000088700000|100%| E|CS|TAMS 0x0000000088600000, 0x0000000088600000| Complete 
| 121|0x0000000088700000, 0x0000000088800000, 0x0000000088800000|100%| E|CS|TAMS 0x0000000088700000, 0x0000000088700000| Complete 
| 122|0x0000000088800000, 0x0000000088900000, 0x0000000088900000|100%| E|CS|TAMS 0x0000000088800000, 0x0000000088800000| Complete 
| 123|0x0000000088900000, 0x0000000088a00000, 0x0000000088a00000|100%| E|CS|TAMS 0x0000000088900000, 0x0000000088900000| Complete 
| 124|0x0000000088a00000, 0x0000000088b00000, 0x0000000088b00000|100%| E|CS|TAMS 0x0000000088a00000, 0x0000000088a00000| Complete 
| 125|0x0000000088b00000, 0x0000000088c00000, 0x0000000088c00000|100%| E|CS|TAMS 0x0000000088b00000, 0x0000000088b00000| Complete 
| 126|0x0000000088c00000, 0x0000000088d00000, 0x0000000088d00000|100%| E|CS|TAMS 0x0000000088c00000, 0x0000000088c00000| Complete 
| 127|0x0000000088d00000, 0x0000000088e00000, 0x0000000088e00000|100%| E|CS|TAMS 0x0000000088d00000, 0x0000000088d00000| Complete 

Card table byte_map: [0x000001c560ff0000,0x000001c5613f0000] _byte_map_base: 0x000001c560be9000

Marking Bits (Prev, Next): (CMBitMap*) 0x000001c54a318d40, (CMBitMap*) 0x000001c54a318d80
 Prev Bits: [0x000001c5617f0000, 0x000001c5637b8000)
 Next Bits: [0x000001c5637c0000, 0x000001c565788000)

Polling page: 0x000001c548240000

Metaspace:

Usage:
  Non-class:     13.68 MB used.
      Class:      2.18 MB used.
       Both:     15.86 MB used.

Virtual space:
  Non-class space:       64.00 MB reserved,      13.88 MB ( 22%) committed,  1 nodes.
      Class space:        1.00 GB reserved,       2.31 MB ( <1%) committed,  1 nodes.
             Both:        1.06 GB reserved,      16.19 MB (  1%) committed. 

Chunk freelists:
   Non-Class:  1.77 MB
       Class:  1.64 MB
        Both:  3.40 MB

MaxMetaspaceSize: unlimited
CompressedClassSpaceSize: 1.00 GB
Initial GC threshold: 21.00 MB
Current GC threshold: 21.00 MB
CDS: on
MetaspaceReclaimPolicy: balanced
 - commit_granule_bytes: 65536.
 - commit_granule_words: 8192.
 - virtual_space_node_default_size: 8388608.
 - enlarge_chunks_in_place: 1.
 - new_chunks_are_fully_committed: 0.
 - uncommit_free_chunks: 1.
 - use_allocation_guard: 0.


Internal statistics:

num_allocs_failed_limit: 0.
num_arena_births: 384.
num_arena_deaths: 0.
num_vsnodes_births: 2.
num_vsnodes_deaths: 0.
num_space_committed: 259.
num_space_uncommitted: 0.
num_chunks_returned_to_freelist: 0.
num_chunks_taken_from_freelist: 895.
num_chunk_merges: 0.
num_chunk_splits: 607.
num_chunks_enlarged: 454.
num_inconsistent_stats: 0.

CodeHeap 'non-profiled nmethods': size=120000Kb used=919Kb max_used=919Kb free=119080Kb
 bounds [0x000001c5596c0000, 0x000001c559930000, 0x000001c560bf0000]
CodeHeap 'profiled nmethods': size=120000Kb used=4923Kb max_used=4923Kb free=115076Kb
 bounds [0x000001c552190000, 0x000001c552660000, 0x000001c5596c0000]
CodeHeap 'non-nmethods': size=5760Kb used=1445Kb max_used=1474Kb free=4314Kb
 bounds [0x000001c551bf0000, 0x000001c551e60000, 0x000001c552190000]
 total_blobs=3505 nmethods=2707 adapters=710
 compilation: enabled
              stopped_count=0, restarted_count=0
 full_count=0

Compilation events (20 events):
Event: 6.717 Thread 0x000001c567c75660 2699       3       java.util.AbstractList$Itr::<init> (31 bytes)
Event: 6.717 Thread 0x000001c567c75660 nmethod 2699 0x000001c552659e90 code [0x000001c55265a020, 0x000001c55265a1f8]
Event: 6.853 Thread 0x000001c567c12430 2700       4       java.lang.ThreadLocal::get (38 bytes)
Event: 6.855 Thread 0x000001c567c12430 nmethod 2700 0x000001c5597a5510 code [0x000001c5597a56a0, 0x000001c5597a5818]
Event: 6.877 Thread 0x000001c567c75660 2701       3       com.sun.javafx.collections.VetoableListDecorator$ModCountAccessorImpl::get (8 bytes)
Event: 6.877 Thread 0x000001c567c75660 nmethod 2701 0x000001c55265a310 code [0x000001c55265a4a0, 0x000001c55265a5b8]
Event: 6.898 Thread 0x000001c567c75660 2702       3       com.sun.javafx.tk.quantum.QuantumToolkit::postPulse (133 bytes)
Event: 6.899 Thread 0x000001c567c75660 nmethod 2702 0x000001c55265a690 code [0x000001c55265aa20, 0x000001c55265bfe8]
Event: 6.913 Thread 0x000001c567c75660 2703       3       com.sun.javafx.collections.VetoableListDecorator$VetoableIteratorDecorator::checkForComodification (25 bytes)
Event: 6.913 Thread 0x000001c567c75660 nmethod 2703 0x000001c55265c790 code [0x000001c55265c940, 0x000001c55265cc28]
Event: 6.953 Thread 0x000001c567c12430 2704       4       com.sun.javafx.scene.NodeHelper::getHelper (59 bytes)
Event: 6.954 Thread 0x000001c567c12430 nmethod 2704 0x000001c5597a5a10 code [0x000001c5597a5ba0, 0x000001c5597a5c78]
Event: 7.437 Thread 0x000001c567c75660 2705       3       com.sun.javafx.collections.VetoableListDecorator$VetoableIteratorDecorator::hasNext (14 bytes)
Event: 7.437 Thread 0x000001c567c75660 nmethod 2705 0x000001c55265cd90 code [0x000001c55265cf60, 0x000001c55265d358]
Event: 8.466 Thread 0x000001c567c75660 2706       3       java.lang.invoke.MemberName::asConstructor (58 bytes)
Event: 8.467 Thread 0x000001c567c75660 nmethod 2706 0x000001c55265d590 code [0x000001c55265d7a0, 0x000001c55265dda8]
Event: 8.467 Thread 0x000001c567c75660 2708 %     3       java.lang.StringLatin1::lastIndexOf @ 28 (125 bytes)
Event: 8.467 Thread 0x000001c567c75660 nmethod 2708% 0x000001c55265e010 code [0x000001c55265e1e0, 0x000001c55265e758]
Event: 8.468 Thread 0x000001c567c75660 2707       3       java.util.LinkedList$ListItr::hasNext (20 bytes)
Event: 8.468 Thread 0x000001c567c75660 nmethod 2707 0x000001c55265ea10 code [0x000001c55265eba0, 0x000001c55265ed18]

GC Heap History (4 events):
Event: 0.575 GC heap before
{Heap before GC invocations=0 (full 0):
 garbage-first heap   total 131072K, used 13312K [0x0000000080e00000, 0x0000000100000000)
  region size 1024K, 13 young (13312K), 0 survivors (0K)
 Metaspace       used 2594K, committed 2816K, reserved 1114112K
  class space    used 274K, committed 384K, reserved 1048576K
}
Event: 0.579 GC heap after
{Heap after GC invocations=1 (full 0):
 garbage-first heap   total 131072K, used 1850K [0x0000000080e00000, 0x0000000100000000)
  region size 1024K, 2 young (2048K), 2 survivors (2048K)
 Metaspace       used 2594K, committed 2816K, reserved 1114112K
  class space    used 274K, committed 384K, reserved 1048576K
}
Event: 1.071 GC heap before
{Heap before GC invocations=1 (full 0):
 garbage-first heap   total 131072K, used 18234K [0x0000000080e00000, 0x0000000100000000)
  region size 1024K, 19 young (19456K), 2 survivors (2048K)
 Metaspace       used 8019K, committed 8320K, reserved 1114112K
  class space    used 993K, committed 1152K, reserved 1048576K
}
Event: 1.076 GC heap after
{Heap after GC invocations=2 (full 0):
 garbage-first heap   total 131072K, used 4408K [0x0000000080e00000, 0x0000000100000000)
  region size 1024K, 3 young (3072K), 3 survivors (3072K)
 Metaspace       used 8019K, committed 8320K, reserved 1114112K
  class space    used 993K, committed 1152K, reserved 1048576K
}

Deoptimization events (20 events):
Event: 4.467 Thread 0x000001c56c74d8b0 Uncommon trap: trap_request=0xffffffde fr.pc=0x000001c5597879c8 relative=0x0000000000000128
Event: 4.467 Thread 0x000001c56c74d8b0 Uncommon trap: reason=class_check action=maybe_recompile pc=0x000001c5597879c8 method=jdk.internal.misc.Unsafe.allocateUninitializedArray(Ljava/lang/Class;I)Ljava/lang/Object; @ 51 c2
Event: 4.467 Thread 0x000001c56c74d8b0 DEOPT PACKING pc=0x000001c5597879c8 sp=0x00000060068fda90
Event: 4.467 Thread 0x000001c56c74d8b0 DEOPT UNPACKING pc=0x000001c551c423a3 sp=0x00000060068fda18 mode 2
Event: 4.715 Thread 0x000001c56c74d8b0 Uncommon trap: trap_request=0xffffff45 fr.pc=0x000001c55971cae0 relative=0x0000000000000740
Event: 4.715 Thread 0x000001c56c74d8b0 Uncommon trap: reason=unstable_if action=reinterpret pc=0x000001c55971cae0 method=java.util.ArrayList.grow(I)[Ljava/lang/Object; @ 17 c2
Event: 4.715 Thread 0x000001c56c74d8b0 DEOPT PACKING pc=0x000001c55971cae0 sp=0x00000060068fcdc0
Event: 4.715 Thread 0x000001c56c74d8b0 DEOPT UNPACKING pc=0x000001c551c423a3 sp=0x00000060068fcc58 mode 2
Event: 4.777 Thread 0x000001c56c74d8b0 Uncommon trap: trap_request=0xffffff45 fr.pc=0x000001c5596fa850 relative=0x00000000000000b0
Event: 4.777 Thread 0x000001c56c74d8b0 Uncommon trap: reason=unstable_if action=reinterpret pc=0x000001c5596fa850 method=jdk.internal.misc.Unsafe.convEndian(ZI)I @ 4 c2
Event: 4.777 Thread 0x000001c56c74d8b0 DEOPT PACKING pc=0x000001c5596fa850 sp=0x00000060068fb690
Event: 4.777 Thread 0x000001c56c74d8b0 DEOPT UNPACKING pc=0x000001c551c423a3 sp=0x00000060068fb528 mode 2
Event: 4.817 Thread 0x000001c56c74d8b0 DEOPT PACKING pc=0x000001c552225fd6 sp=0x00000060068fb940
Event: 4.817 Thread 0x000001c56c74d8b0 DEOPT UNPACKING pc=0x000001c551c42b43 sp=0x00000060068fade0 mode 0
Event: 4.819 Thread 0x000001c56c74d8b0 DEOPT PACKING pc=0x000001c552225fd6 sp=0x00000060068fb9c0
Event: 4.819 Thread 0x000001c56c74d8b0 DEOPT UNPACKING pc=0x000001c551c42b43 sp=0x00000060068fae48 mode 0
Event: 4.848 Thread 0x000001c56c74d8b0 DEOPT PACKING pc=0x000001c5525c70a4 sp=0x00000060068fcc60
Event: 4.848 Thread 0x000001c56c74d8b0 DEOPT UNPACKING pc=0x000001c551c42b43 sp=0x00000060068fc168 mode 0
Event: 5.715 Thread 0x000001c56c66e170 DEOPT PACKING pc=0x000001c5524c11b0 sp=0x00000060065fdcc0
Event: 5.715 Thread 0x000001c56c66e170 DEOPT UNPACKING pc=0x000001c551c42b43 sp=0x00000060065fd078 mode 0

Classes loaded (20 events):
Event: 4.826 Loading class sun/nio/fs/WindowsChannelFactory$2
Event: 4.826 Loading class sun/nio/fs/WindowsChannelFactory$2 done
Event: 4.826 Loading class java/nio/file/StandardCopyOption
Event: 4.826 Loading class java/nio/file/StandardCopyOption done
Event: 4.827 Loading class sun/nio/ch/ChannelOutputStream
Event: 4.827 Loading class sun/nio/ch/ChannelOutputStream done
Event: 4.837 Loading class java/io/DeleteOnExitHook
Event: 4.837 Loading class java/io/DeleteOnExitHook done
Event: 4.837 Loading class java/io/DeleteOnExitHook$1
Event: 4.837 Loading class java/io/DeleteOnExitHook$1 done
Event: 4.892 Loading class java/io/StringReader
Event: 4.892 Loading class java/io/StringReader done
Event: 4.892 Loading class java/util/regex/Pattern$BnM
Event: 4.893 Loading class java/util/regex/Pattern$BnM done
Event: 4.893 Loading class java/util/regex/Pattern$SliceS
Event: 4.893 Loading class java/util/regex/Pattern$SliceS done
Event: 4.900 Loading class sun/invoke/util/VerifyAccess$1
Event: 4.900 Loading class sun/invoke/util/VerifyAccess$1 done
Event: 8.463 Loading class jdk/internal/misc/Signal$1
Event: 8.463 Loading class jdk/internal/misc/Signal$1 done

Classes unloaded (0 events):
No events

Classes redefined (0 events):
No events

Internal exceptions (20 events):
Event: 1.614 Thread 0x000001c56c66e170 Exception <a 'java/lang/NoSuchMethodError'{0x000000008758fa70}: 'int java.lang.invoke.DirectMethodHandle$Holder.invokeStaticInit(java.lang.Object, java.lang.Object)'> (0x000000008758fa70) 
thrown [s\open\src\hotspot\share\interpreter\linkResolver.cpp, line 766]
Event: 1.630 Thread 0x000001c56c74d8b0 Exception <a 'java/lang/NoSuchMethodError'{0x00000000875f0300}: 'long java.lang.invoke.DirectMethodHandle$Holder.invokeStatic(java.lang.Object, java.lang.Object, java.lang.Object)'> (0x00000000875f0300) 
thrown [s\open\src\hotspot\share\interpreter\linkResolver.cpp, line 766]
Event: 1.630 Thread 0x000001c56c74d8b0 Exception <a 'java/lang/NoSuchMethodError'{0x00000000875f3aa0}: 'long java.lang.invoke.DirectMethodHandle$Holder.invokeStaticInit(java.lang.Object, java.lang.Object, java.lang.Object)'> (0x00000000875f3aa0) 
thrown [s\open\src\hotspot\share\interpreter\linkResolver.cpp, line 766]
Event: 1.634 Thread 0x000001c56c74d8b0 Exception <a 'java/lang/NoSuchMethodError'{0x0000000087433a98}: 'java.lang.Object java.lang.invoke.DirectMethodHandle$Holder.newInvokeSpecial(java.lang.Object, java.lang.Object, long)'> (0x0000000087433a98) 
thrown [s\open\src\hotspot\share\interpreter\linkResolver.cpp, line 766]
Event: 1.634 Thread 0x000001c56c74d8b0 Exception <a 'java/lang/NoSuchMethodError'{0x0000000087437610}: 'java.lang.Object java.lang.invoke.Invokers$Holder.linkToTargetMethod(java.lang.Object, long, java.lang.Object)'> (0x0000000087437610) 
thrown [s\open\src\hotspot\share\interpreter\linkResolver.cpp, line 766]
Event: 3.433 Thread 0x000001c56c74d8b0 Exception <a 'java/lang/NoSuchMethodError'{0x00000000870221d8}: 'java.lang.Object java.lang.invoke.DirectMethodHandle$Holder.newInvokeSpecial(java.lang.Object, java.lang.Object, int, int, int, int, int, java.lang.Object)'> (0x00000000870221d8) 
thrown [s\open\src\hotspot\share\interpreter\linkResolver.cpp, line 766]
Event: 3.436 Thread 0x000001c56c74d8b0 Exception <a 'java/lang/NoSuchMethodError'{0x0000000087035738}: 'java.lang.Object java.lang.invoke.DirectMethodHandle$Holder.newInvokeSpecial(java.lang.Object, java.lang.Object, java.lang.Object, int, int, int, int, int)'> (0x0000000087035738) 
thrown [s\open\src\hotspot\share\interpreter\linkResolver.cpp, line 766]
Event: 3.437 Thread 0x000001c56c74d8b0 Exception <a 'java/lang/NoSuchMethodError'{0x000000008703cfa0}: 'java.lang.Object java.lang.invoke.Invokers$Holder.linkToTargetMethod(java.lang.Object, java.lang.Object, int, int, int, int, int, java.lang.Object)'> (0x000000008703cfa0) 
thrown [s\open\src\hotspot\share\interpreter\linkResolver.cpp, line 766]
Event: 4.710 Thread 0x000001c56c74d8b0 Exception <a 'sun/nio/fs/WindowsException'{0x0000000086f5c3d8}> (0x0000000086f5c3d8) 
thrown [s\open\src\hotspot\share\prims\jni.cpp, line 516]
Event: 4.713 Thread 0x000001c56c74d8b0 Exception <a 'sun/nio/fs/WindowsException'{0x0000000086f80128}> (0x0000000086f80128) 
thrown [s\open\src\hotspot\share\prims\jni.cpp, line 516]
Event: 4.716 Thread 0x000001c56c74d8b0 Exception <a 'sun/nio/fs/WindowsException'{0x0000000086f8ad50}> (0x0000000086f8ad50) 
thrown [s\open\src\hotspot\share\prims\jni.cpp, line 516]
Event: 4.758 Thread 0x000001c56c74d8b0 Exception <a 'sun/nio/fs/WindowsException'{0x0000000086c1fc50}> (0x0000000086c1fc50) 
thrown [s\open\src\hotspot\share\prims\jni.cpp, line 516]
Event: 4.758 Thread 0x000001c56c74d8b0 Exception <a 'sun/nio/fs/WindowsException'{0x0000000086c20000}> (0x0000000086c20000) 
thrown [s\open\src\hotspot\share\prims\jni.cpp, line 516]
Event: 4.774 Thread 0x000001c56c74d8b0 Exception <a 'java/lang/NoSuchMethodError'{0x0000000086b90b08}: 'java.lang.Object java.lang.invoke.DirectMethodHandle$Holder.invokeStaticInit(java.lang.Object, int, int, int, int)'> (0x0000000086b90b08) 
thrown [s\open\src\hotspot\share\interpreter\linkResolver.cpp, line 766]
Event: 4.822 Thread 0x000001c56c74d8b0 Exception <a 'java/lang/NoSuchMethodError'{0x0000000086a51170}: 'java.lang.Object java.lang.invoke.DirectMethodHandle$Holder.invokeStaticInit(java.lang.Object, java.lang.Object, int, int, int, int)'> (0x0000000086a51170) 
thrown [s\open\src\hotspot\share\interpreter\linkResolver.cpp, line 766]
Event: 4.824 Thread 0x000001c56c74d8b0 Exception <a 'sun/nio/fs/WindowsException'{0x0000000086a59a90}> (0x0000000086a59a90) 
thrown [s\open\src\hotspot\share\prims\jni.cpp, line 516]
Event: 4.825 Thread 0x000001c56c74d8b0 Exception <a 'sun/nio/fs/WindowsException'{0x0000000086a63808}> (0x0000000086a63808) 
thrown [s\open\src\hotspot\share\prims\jni.cpp, line 516]
Event: 4.826 Thread 0x000001c56c74d8b0 Exception <a 'sun/nio/fs/WindowsException'{0x0000000086a63bb8}> (0x0000000086a63bb8) 
thrown [s\open\src\hotspot\share\prims\jni.cpp, line 516]
Event: 4.827 Thread 0x000001c56c74d8b0 Exception <a 'sun/nio/fs/WindowsException'{0x0000000086a654f0}> (0x0000000086a654f0) 
thrown [s\open\src\hotspot\share\prims\jni.cpp, line 516]
Event: 4.901 Thread 0x000001c56c74d8b0 Exception <a 'java/lang/NoSuchMethodError'{0x000000008692dbb8}: 'java.lang.Object java.lang.invoke.DirectMethodHandle$Holder.invokeSpecial(java.lang.Object, java.lang.Object, int, java.lang.Object, long)'> (0x000000008692dbb8) 
thrown [s\open\src\hotspot\share\interpreter\linkResolver.cpp, line 766]

VM Operations (20 events):
Event: 1.076 Executing VM operation: G1CollectForAllocation done
Event: 1.207 Executing VM operation: HandshakeAllThreads
Event: 1.207 Executing VM operation: HandshakeAllThreads done
Event: 1.209 Executing VM operation: HandshakeAllThreads
Event: 1.209 Executing VM operation: HandshakeAllThreads done
Event: 1.552 Executing VM operation: ICBufferFull
Event: 1.552 Executing VM operation: ICBufferFull done
Event: 2.552 Executing VM operation: Cleanup
Event: 2.553 Executing VM operation: Cleanup done
Event: 4.168 Executing VM operation: ICBufferFull
Event: 4.168 Executing VM operation: ICBufferFull done
Event: 4.719 Executing VM operation: HandshakeAllThreads
Event: 4.719 Executing VM operation: HandshakeAllThreads done
Event: 4.777 Executing VM operation: HandshakeAllThreads
Event: 4.777 Executing VM operation: HandshakeAllThreads done
Event: 5.777 Executing VM operation: Cleanup
Event: 5.777 Executing VM operation: Cleanup done
Event: 7.778 Executing VM operation: Cleanup
Event: 7.778 Executing VM operation: Cleanup done
Event: 8.468 Executing VM operation: Exit

Events (20 events):
Event: 0.684 Thread 0x000001c56c5551e0 Thread added: 0x000001c56c5551e0
Event: 0.689 Thread 0x000001c56c74d8b0 Thread added: 0x000001c56c74d8b0
Event: 0.807 Thread 0x000001c56c142ea0 Thread exited: 0x000001c56c142ea0
Event: 0.850 Thread 0x000001c56ca42c80 Thread added: 0x000001c56ca42c80
Event: 0.855 Thread 0x000001c56ca43620 Thread added: 0x000001c56ca43620
Event: 0.880 Loaded shared library C:\Program Files\Java\jdk-18.0.1\bin\jimage.dll
Event: 1.039 Loaded shared library C:\Users\Евгений\.openjfx\cache\18+12\javafx_font.dll
Event: 1.097 Thread 0x000001c56cb75690 Thread added: 0x000001c56cb75690
Event: 1.395 Thread 0x000001c56ca40ad0 Thread added: 0x000001c56ca40ad0
Event: 1.681 Thread 0x000001c56ca41e10 Thread added: 0x000001c56ca41e10
Event: 2.002 Thread 0x000001c56cb75690 Thread exited: 0x000001c56cb75690
Event: 4.708 Loaded shared library C:\Program Files\Java\jdk-18.0.1\bin\verify.dll
Event: 4.756 Thread 0x000001c573be5890 Thread added: 0x000001c573be5890
Event: 4.884 Loaded shared library C:\Users\Евгений\AppData\Local\Temp\sqlite-3.44.1.0-2c4f336c-4678-4173-8867-79a16e72988b-sqlitejdbc.dll
Event: 5.069 Thread 0x000001c573be5890 Thread exited: 0x000001c573be5890
Event: 8.464 Thread 0x000001c56ca422e0 Thread added: 0x000001c56ca422e0
Event: 8.464 Thread 0x000001c56ca40600 Thread added: 0x000001c56ca40600
Event: 8.464 Thread 0x000001c56ca427b0 Thread added: 0x000001c56ca427b0
Event: 8.465 Thread 0x000001c56ca427b0 Thread exited: 0x000001c56ca427b0
Event: 8.468 Thread 0x000001c56ca40600 Thread exited: 0x000001c56ca40600


Dynamic libraries:
0x00007ff64c3b0000 - 0x00007ff64c3c0000 	C:\Program Files\Java\jdk-18.0.1\bin\java.exe
0x00007ffeb43b0000 - 0x00007ffeb45a8000 	C:\Windows\SYSTEM32\ntdll.dll
0x00007ffeb3a20000 - 0x00007ffeb3add000 	C:\Windows\System32\KERNEL32.DLL
0x00007ffeb1c90000 - 0x00007ffeb1f86000 	C:\Windows\System32\KERNELBASE.dll
0x00007ffeb2300000 - 0x00007ffeb2400000 	C:\Windows\System32\ucrtbase.dll
0x00007ffeaf310000 - 0x00007ffeaf328000 	C:\Program Files\Java\jdk-18.0.1\bin\jli.dll
0x00007ffeaef50000 - 0x00007ffeaef6a000 	C:\Program Files\Java\jdk-18.0.1\bin\VCRUNTIME140.dll
0x00007ffeb3330000 - 0x00007ffeb33e3000 	C:\Windows\System32\ADVAPI32.dll
0x00007ffeb3c30000 - 0x00007ffeb3cce000 	C:\Windows\System32\msvcrt.dll
0x00007ffeb3750000 - 0x00007ffeb37ef000 	C:\Windows\System32\sechost.dll
0x00007ffeb3480000 - 0x00007ffeb35a6000 	C:\Windows\System32\RPCRT4.dll
0x00007ffeb1c30000 - 0x00007ffeb1c57000 	C:\Windows\System32\bcrypt.dll
0x00007ffeb35b0000 - 0x00007ffeb374e000 	C:\Windows\System32\USER32.dll
0x00007ffeab090000 - 0x00007ffeab32a000 	C:\Windows\WinSxS\amd64_microsoft.windows.common-controls_6595b64144ccf1df_6.0.19041.3636_none_60b6a03d71f818d5\COMCTL32.dll
0x00007ffeb1c60000 - 0x00007ffeb1c82000 	C:\Windows\System32\win32u.dll
0x00007ffeb3bf0000 - 0x00007ffeb3c1c000 	C:\Windows\System32\GDI32.dll
0x00007ffeb1b10000 - 0x00007ffeb1c2a000 	C:\Windows\System32\gdi32full.dll
0x00007ffeb1f90000 - 0x00007ffeb202d000 	C:\Windows\System32\msvcp_win.dll
0x00007ffeac1f0000 - 0x00007ffeac1fa000 	C:\Windows\SYSTEM32\VERSION.dll
0x00007ffeb3300000 - 0x00007ffeb3330000 	C:\Windows\System32\IMM32.DLL
0x00007ffeaf300000 - 0x00007ffeaf30c000 	C:\Program Files\Java\jdk-18.0.1\bin\vcruntime140_1.dll
0x00007ffe941c0000 - 0x00007ffe9424d000 	C:\Program Files\Java\jdk-18.0.1\bin\msvcp140.dll
0x00007ffe82480000 - 0x00007ffe83090000 	C:\Program Files\Java\jdk-18.0.1\bin\server\jvm.dll
0x00007ffeb3c20000 - 0x00007ffeb3c28000 	C:\Windows\System32\PSAPI.DLL
0x00007ffea6a60000 - 0x00007ffea6a69000 	C:\Windows\SYSTEM32\WSOCK32.dll
0x00007ffea7990000 - 0x00007ffea79b7000 	C:\Windows\SYSTEM32\WINMM.dll
0x00007ffeb37f0000 - 0x00007ffeb385b000 	C:\Windows\System32\WS2_32.dll
0x00007ffeaf950000 - 0x00007ffeaf962000 	C:\Windows\SYSTEM32\kernel.appcore.dll
0x00007ffeaef40000 - 0x00007ffeaef4a000 	C:\Program Files\Java\jdk-18.0.1\bin\jimage.dll
0x00007ffea8b90000 - 0x00007ffea8d74000 	C:\Windows\SYSTEM32\DBGHELP.DLL
0x00007ffea8b50000 - 0x00007ffea8b84000 	C:\Windows\SYSTEM32\dbgcore.DLL
0x00007ffeb1a80000 - 0x00007ffeb1b02000 	C:\Windows\System32\bcryptPrimitives.dll
0x00007ffeab9e0000 - 0x00007ffeab9ee000 	C:\Program Files\Java\jdk-18.0.1\bin\instrument.dll
0x00007ffea1730000 - 0x00007ffea1755000 	C:\Program Files\Java\jdk-18.0.1\bin\java.dll
0x00007ffe890c0000 - 0x00007ffe89196000 	C:\Program Files\Java\jdk-18.0.1\bin\jsvml.dll
0x00007ffeb2590000 - 0x00007ffeb2cd5000 	C:\Windows\System32\SHELL32.dll
0x00007ffeafb50000 - 0x00007ffeb02eb000 	C:\Windows\SYSTEM32\windows.storage.dll
0x00007ffeb3e60000 - 0x00007ffeb41b4000 	C:\Windows\System32\combase.dll
0x00007ffeb1440000 - 0x00007ffeb146d000 	C:\Windows\SYSTEM32\Wldp.dll
0x00007ffeb3950000 - 0x00007ffeb39fd000 	C:\Windows\System32\SHCORE.dll
0x00007ffeb2400000 - 0x00007ffeb2455000 	C:\Windows\System32\shlwapi.dll
0x00007ffeb19b0000 - 0x00007ffeb19d5000 	C:\Windows\SYSTEM32\profapi.dll
0x00007ffeacbc0000 - 0x00007ffeacbd3000 	C:\Program Files\Java\jdk-18.0.1\bin\net.dll
0x00007ffeac9b0000 - 0x00007ffeacaba000 	C:\Windows\SYSTEM32\WINHTTP.dll
0x00007ffeb11a0000 - 0x00007ffeb120a000 	C:\Windows\system32\mswsock.dll
0x00007ffeac040000 - 0x00007ffeac056000 	C:\Program Files\Java\jdk-18.0.1\bin\nio.dll
0x00007ffea8900000 - 0x00007ffea8918000 	C:\Program Files\Java\jdk-18.0.1\bin\zip.dll
0x00007ffe98090000 - 0x00007ffe980aa000 	C:\Program Files\JetBrains\IntelliJ IDEA Community Edition 2022.1.2\bin\breakgen64.dll
0x000001c54a1c0000 - 0x000001c54a1c3000 	C:\Users\Евгений\.openjfx\cache\18+12\api-ms-win-core-console-l1-1-0.dll
0x000001c54a1d0000 - 0x000001c54a1d3000 	C:\Users\Евгений\.openjfx\cache\18+12\api-ms-win-core-console-l1-2-0.dll
0x000001c54a1e0000 - 0x000001c54a1e3000 	C:\Users\Евгений\.openjfx\cache\18+12\api-ms-win-core-datetime-l1-1-0.dll
0x000001c54a1f0000 - 0x000001c54a1f3000 	C:\Users\Евгений\.openjfx\cache\18+12\api-ms-win-core-debug-l1-1-0.dll
0x000001c54a200000 - 0x000001c54a203000 	C:\Users\Евгений\.openjfx\cache\18+12\api-ms-win-core-errorhandling-l1-1-0.dll
0x000001c54a210000 - 0x000001c54a214000 	C:\Users\Евгений\.openjfx\cache\18+12\api-ms-win-core-file-l1-1-0.dll
0x000001c54a220000 - 0x000001c54a223000 	C:\Users\Евгений\.openjfx\cache\18+12\api-ms-win-core-file-l1-2-0.dll
0x000001c54a230000 - 0x000001c54a233000 	C:\Users\Евгений\.openjfx\cache\18+12\api-ms-win-core-file-l2-1-0.dll
0x000001c54a240000 - 0x000001c54a243000 	C:\Users\Евгений\.openjfx\cache\18+12\api-ms-win-core-handle-l1-1-0.dll
0x000001c54a250000 - 0x000001c54a253000 	C:\Users\Евгений\.openjfx\cache\18+12\api-ms-win-core-heap-l1-1-0.dll
0x000001c54a260000 - 0x000001c54a263000 	C:\Users\Евгений\.openjfx\cache\18+12\api-ms-win-core-interlocked-l1-1-0.dll
0x000001c54a270000 - 0x000001c54a273000 	C:\Users\Евгений\.openjfx\cache\18+12\api-ms-win-core-libraryloader-l1-1-0.dll
0x000001c567dd0000 - 0x000001c567dd3000 	C:\Users\Евгений\.openjfx\cache\18+12\api-ms-win-core-localization-l1-2-0.dll
0x000001c567de0000 - 0x000001c567de3000 	C:\Users\Евгений\.openjfx\cache\18+12\api-ms-win-core-memory-l1-1-0.dll
0x000001c567df0000 - 0x000001c567df3000 	C:\Users\Евгений\.openjfx\cache\18+12\api-ms-win-core-namedpipe-l1-1-0.dll
0x000001c567e00000 - 0x000001c567e03000 	C:\Users\Евгений\.openjfx\cache\18+12\api-ms-win-core-processenvironment-l1-1-0.dll
0x000001c567e10000 - 0x000001c567e13000 	C:\Users\Евгений\.openjfx\cache\18+12\api-ms-win-core-processthreads-l1-1-0.dll
0x000001c567e20000 - 0x000001c567e23000 	C:\Users\Евгений\.openjfx\cache\18+12\api-ms-win-core-processthreads-l1-1-1.dll
0x000001c567e30000 - 0x000001c567e33000 	C:\Users\Евгений\.openjfx\cache\18+12\api-ms-win-core-profile-l1-1-0.dll
0x000001c567e40000 - 0x000001c567e43000 	C:\Users\Евгений\.openjfx\cache\18+12\api-ms-win-core-rtlsupport-l1-1-0.dll
0x000001c567e50000 - 0x000001c567e53000 	C:\Users\Евгений\.openjfx\cache\18+12\api-ms-win-core-string-l1-1-0.dll
0x000001c567e60000 - 0x000001c567e63000 	C:\Users\Евгений\.openjfx\cache\18+12\api-ms-win-core-synch-l1-1-0.dll
0x000001c567e70000 - 0x000001c567e73000 	C:\Users\Евгений\.openjfx\cache\18+12\api-ms-win-core-synch-l1-2-0.dll
0x000001c567e80000 - 0x000001c567e83000 	C:\Users\Евгений\.openjfx\cache\18+12\api-ms-win-core-sysinfo-l1-1-0.dll
0x000001c567e90000 - 0x000001c567e93000 	C:\Users\Евгений\.openjfx\cache\18+12\api-ms-win-core-timezone-l1-1-0.dll
0x000001c567ea0000 - 0x000001c567ea3000 	C:\Users\Евгений\.openjfx\cache\18+12\api-ms-win-core-util-l1-1-0.dll
0x000001c567eb0000 - 0x000001c567eb3000 	C:\Users\Евгений\.openjfx\cache\18+12\api-ms-win-crt-conio-l1-1-0.dll
0x000001c567ec0000 - 0x000001c567ec4000 	C:\Users\Евгений\.openjfx\cache\18+12\api-ms-win-crt-convert-l1-1-0.dll
0x000001c567ed0000 - 0x000001c567ed3000 	C:\Users\Евгений\.openjfx\cache\18+12\api-ms-win-crt-environment-l1-1-0.dll
0x000001c567ee0000 - 0x000001c567ee3000 	C:\Users\Евгений\.openjfx\cache\18+12\api-ms-win-crt-filesystem-l1-1-0.dll
0x000001c567ef0000 - 0x000001c567ef3000 	C:\Users\Евгений\.openjfx\cache\18+12\api-ms-win-crt-heap-l1-1-0.dll
0x000001c567f00000 - 0x000001c567f03000 	C:\Users\Евгений\.openjfx\cache\18+12\api-ms-win-crt-locale-l1-1-0.dll
0x000001c567f10000 - 0x000001c567f15000 	C:\Users\Евгений\.openjfx\cache\18+12\api-ms-win-crt-math-l1-1-0.dll
0x000001c567f20000 - 0x000001c567f25000 	C:\Users\Евгений\.openjfx\cache\18+12\api-ms-win-crt-multibyte-l1-1-0.dll
0x000001c567f30000 - 0x000001c567f40000 	C:\Users\Евгений\.openjfx\cache\18+12\api-ms-win-crt-private-l1-1-0.dll
0x000001c567f40000 - 0x000001c567f43000 	C:\Users\Евгений\.openjfx\cache\18+12\api-ms-win-crt-process-l1-1-0.dll
0x000001c567f50000 - 0x000001c567f54000 	C:\Users\Евгений\.openjfx\cache\18+12\api-ms-win-crt-runtime-l1-1-0.dll
0x000001c567f60000 - 0x000001c567f64000 	C:\Users\Евгений\.openjfx\cache\18+12\api-ms-win-crt-stdio-l1-1-0.dll
0x000001c567f70000 - 0x000001c567f74000 	C:\Users\Евгений\.openjfx\cache\18+12\api-ms-win-crt-string-l1-1-0.dll
0x000001c567f80000 - 0x000001c567f83000 	C:\Users\Евгений\.openjfx\cache\18+12\api-ms-win-crt-time-l1-1-0.dll
0x000001c567f90000 - 0x000001c567f93000 	C:\Users\Евгений\.openjfx\cache\18+12\api-ms-win-crt-utility-l1-1-0.dll
0x00007ffe87260000 - 0x00007ffe8735c000 	C:\Users\Евгений\.openjfx\cache\18+12\ucrtbase.dll
0x00007ffe965c0000 - 0x00007ffe965da000 	C:\Users\Евгений\.openjfx\cache\18+12\vcruntime140.dll
0x00007ffea8f50000 - 0x00007ffea8f5c000 	C:\Users\Евгений\.openjfx\cache\18+12\vcruntime140_1.dll
0x00007ffe94130000 - 0x00007ffe941bd000 	C:\Users\Евгений\.openjfx\cache\18+12\msvcp140.dll
0x00007ffe96590000 - 0x00007ffe965bc000 	C:\Users\Евгений\.openjfx\cache\18+12\prism_d3d.dll
0x00007ffea07f0000 - 0x00007ffea09bd000 	C:\Windows\system32\d3d9.dll
0x00007ffeaf660000 - 0x00007ffeaf68f000 	C:\Windows\SYSTEM32\dwmapi.dll
0x00007ffeaf350000 - 0x00007ffeaf3ee000 	C:\Windows\system32\uxtheme.dll
0x00007ffeb1640000 - 0x00007ffeb1652000 	C:\Windows\SYSTEM32\msasn1.dll
0x00007ffeac1b0000 - 0x00007ffeac1e1000 	C:\Windows\SYSTEM32\cryptnet.dll
0x00007ffeb20e0000 - 0x00007ffeb223d000 	C:\Windows\System32\CRYPT32.dll
0x00007ffeac060000 - 0x00007ffeac1a8000 	C:\Windows\SYSTEM32\drvstore.dll
0x00007ffeb1810000 - 0x00007ffeb1843000 	C:\Windows\SYSTEM32\devobj.dll
0x00007ffeb2240000 - 0x00007ffeb228e000 	C:\Windows\System32\cfgmgr32.dll
0x00007ffeb13b0000 - 0x00007ffeb13bc000 	C:\Windows\SYSTEM32\cryptbase.dll
0x00007ffeb2290000 - 0x00007ffeb22f7000 	C:\Windows\System32\WINTRUST.DLL
0x00007ffeb3a00000 - 0x00007ffeb3a1d000 	C:\Windows\System32\imagehlp.dll
0x00007ffeb1390000 - 0x00007ffeb13a8000 	C:\Windows\SYSTEM32\CRYPTSP.dll
0x00007ffeb0a70000 - 0x00007ffeb0aa4000 	C:\Windows\system32\rsaenh.dll
0x00007ffe94a80000 - 0x00007ffe94ac2000 	C:\Users\Евгений\.openjfx\cache\18+12\glass.dll
0x00007ffeb3860000 - 0x00007ffeb393a000 	C:\Windows\System32\COMDLG32.dll
0x00007ffeb2460000 - 0x00007ffeb258b000 	C:\Windows\System32\ole32.dll
0x00007ffeb42a0000 - 0x00007ffeb436d000 	C:\Windows\System32\OLEAUT32.dll
0x00007ffeb3d30000 - 0x00007ffeb3e44000 	C:\Windows\System32\MSCTF.dll
0x00007ffe94700000 - 0x00007ffe949c7000 	C:\Windows\system32\nvspcap64.dll
0x00007ffeb0b90000 - 0x00007ffeb0bc3000 	C:\Windows\SYSTEM32\ntmarta.dll
0x00007ffeb0300000 - 0x00007ffeb0323000 	C:\Windows\SYSTEM32\gpapi.dll
0x00007ffe9be10000 - 0x00007ffe9be4b000 	C:\Windows\SYSTEM32\dxcore.dll
0x00007ffe964f0000 - 0x00007ffe96504000 	C:\Users\Евгений\.openjfx\cache\18+12\javafx_font.dll
0x00007ffe974c0000 - 0x00007ffe9773f000 	C:\Windows\SYSTEM32\dwrite.dll
0x00007ffeb3b40000 - 0x00007ffeb3be9000 	C:\Windows\System32\clbcatq.dll
0x00007ffe9d940000 - 0x00007ffe9daf4000 	C:\Windows\SYSTEM32\WindowsCodecs.dll
0x00007ffe919f0000 - 0x00007ffe91a2e000 	C:\Windows\system32\dataexchange.dll
0x00007ffead080000 - 0x00007ffead2e3000 	C:\Windows\system32\d3d11.dll
0x00007ffeae440000 - 0x00007ffeae623000 	C:\Windows\system32\dcomp.dll
0x00007ffeb0330000 - 0x00007ffeb0423000 	C:\Windows\system32\dxgi.dll
0x00007ffe9f8b0000 - 0x00007ffe9fab3000 	C:\Windows\system32\twinapi.appcore.dll
0x00007ffe98f90000 - 0x00007ffe98fc4000 	C:\Program Files\Common Files\Microsoft Shared\Ink\rtscom.dll
0x00007ffe9ea00000 - 0x00007ffe9eaf9000 	C:\Windows\SYSTEM32\textinputframework.dll

dbghelp: loaded successfully - version: 4.0.5 - missing functions: none
symbol engine: initialized successfully - sym options: 0x614 - pdb path: .;C:\Program Files\Java\jdk-18.0.1\bin;C:\Windows\SYSTEM32;C:\Windows\WinSxS\amd64_microsoft.windows.common-controls_6595b64144ccf1df_6.0.19041.3636_none_60b6a03d71f818d5;C:\Program Files\Java\jdk-18.0.1\bin\server;C:\Program Files\JetBrains\IntelliJ IDEA Community Edition 2022.1.2\bin;C:\Users\Евгений\.openjfx\cache\18+12;C:\Windows\System32\DriverStore\FileRepository\nvmdig.inf_amd64_2b01a28ee7b06750;C:\Program Files\Common Files\Microsoft Shared\Ink;C:\Users\Евгений\AppData\Local\Temp

VM Arguments:
jvm_args: -javaagent:C:\Program Files\JetBrains\IntelliJ IDEA Community Edition 2022.1.2\lib\idea_rt.jar=63293:C:\Program Files\JetBrains\IntelliJ IDEA Community Edition 2022.1.2\bin -Dfile.encoding=UTF-8 --module-path=C:\Users\Евгений\.m2\repository\org\openjfx\javafx-graphics\18\javafx-graphics-18-win.jar;C:\Users\Евгений\.m2\repository\org\slf4j\slf4j-api\1.7.36\slf4j-api-1.7.36.jar;C:\Users\Евгений\.m2\repository\org\openjfx\javafx-fxml\18\javafx-fxml-18-win.jar;C:\Users\Евгений\.m2\repository\org\openjfx\javafx-controls\18\javafx-controls-18-win.jar;C:\Users\Евгений\ATM_Machine\target\classes;C:\Users\Евгений\.m2\repository\org\xerial\sqlite-jdbc\3.44.1.0\sqlite-jdbc-3.44.1.0.jar;C:\Users\Евгений\.m2\repository\org\openjfx\javafx-base\18\javafx-base-18-win.jar -Djdk.module.main=com.example.atm_machine 
java_command: com.example.atm_machine/com.example.atm_machine.HelloApplication
java_class_path (initial): C:\Users\Евгений\.m2\repository\org\openjfx\javafx-controls\18\javafx-controls-18.jar;C:\Users\Евгений\.m2\repository\org\openjfx\javafx-graphics\18\javafx-graphics-18.jar;C:\Users\Евгений\.m2\repository\org\openjfx\javafx-base\18\javafx-base-18.jar;C:\Users\Евгений\.m2\repository\org\openjfx\javafx-fxml\18\javafx-fxml-18.jar;C:\Users\Евгений\.m2\repository\org\slf4j\slf4j-simple\1.7.36\slf4j-simple-1.7.36.jar
Launcher Type: SUN_STANDARD

[Global flags]
     intx CICompilerCount                          = 3                                         {product} {ergonomic}
     uint ConcGCThreads                            = 1                                         {product} {ergonomic}
     uint G1ConcRefinementThreads                  = 4                                         {product} {ergonomic}
   size_t G1HeapRegionSize                         = 1048576                                   {product} {ergonomic}
    uintx GCDrainStackTargetSize                   = 64                                        {product} {ergonomic}
   size_t InitialHeapSize                          = 134217728                                 {product} {ergonomic}
   size_t MarkStackSize                            = 4194304                                   {product} {ergonomic}
   size_t MaxHeapSize                              = 2132803584                                {product} {ergonomic}
   size_t MaxNewSize                               = 1279262720                                {product} {ergonomic}
   size_t MinHeapDeltaBytes                        = 1048576                                   {product} {ergonomic}
   size_t MinHeapSize                              = 8388608                                   {product} {ergonomic}
    uintx NonNMethodCodeHeapSize                   = 5832780                                {pd product} {ergonomic}
    uintx NonProfiledCodeHeapSize                  = 122912730                              {pd product} {ergonomic}
    uintx ProfiledCodeHeapSize                     = 122912730                              {pd product} {ergonomic}
    uintx ReservedCodeCacheSize                    = 251658240                              {pd product} {ergonomic}
     bool SegmentedCodeCache                       = true                                      {product} {ergonomic}
   size_t SoftMaxHeapSize                          = 2132803584                             {manageable} {ergonomic}
     bool UseCompressedClassPointers               = true                           {product lp64_product} {ergonomic}
     bool UseCompressedOops                        = true                           {product lp64_product} {ergonomic}
     bool UseG1GC                                  = true                                      {product} {ergonomic}
     bool UseLargePagesIndividualAllocation        = false                                  {pd product} {ergonomic}

Logging:
Log output configuration:
 #0: stdout all=off uptime,level,tags foldmultilines=false
 #1: stderr all=off uptime,level,tags foldmultilines=false

Environment Variables:
JAVA_HOME=C:\Program Files\Java\jdk-17
PATH=C:\Program Files (x86)\Common Files\Oracle\Java\javapath;C:\Program Files\Common Files\Oracle\Java\javapath;C:\Windows\system32;C:\Windows;C:\Windows\System32\Wbem;C:\Windows\System32\WindowsPowerShell\v1.0\;C:\Windows\System32\OpenSSH\;C:\Program Files (x86)\NVIDIA Corporation\PhysX\Common;C:\Program Files\NVIDIA Corporation\NVIDIA NvDLISR;C:\Program Files\Git\cmd;C:\Program Files\Java\jdk-17;C:\Users\Евгений\AppData\Local\Microsoft\WindowsApps;;C:\Program Files\JetBrains\IntelliJ IDEA Community Edition 2022.1.2\bin;
USERNAME=Евгений
OS=Windows_NT
PROCESSOR_IDENTIFIER=Intel64 Family 6 Model 94 Stepping 3, GenuineIntel



---------------  S Y S T E M  ---------------

OS:
 Windows 10 , 64 bit Build 19041 (10.0.19041.3636)
OS uptime: 10 days 1:21 hours

CPU: total 4 (initial active 4) (2 cores per cpu, 2 threads per core) family 6 model 94 stepping 3 microcode 0xcc, cx8, cmov, fxsr, ht, mmx, 3dnowpref, sse, sse2, sse3, ssse3, sse4.1, sse4.2, popcnt, lzcnt, tsc, tscinvbit, avx, avx2, aes, erms, clmul, bmi1, bmi2, adx, fma, vzeroupper, clflush, clflushopt

Memory: 4k page, system-wide physical 8128M (1835M free)
TotalPageFile size 12078M (AvailPageFile size 1956M)
current process WorkingSet (physical memory assigned to process): 123M, peak: 137M
current process commit charge ("private bytes"): 269M, peak: 279M

vm_info: Java HotSpot(TM) 64-Bit Server VM (18.0.1+10-24) for windows-amd64 JRE (18.0.1+10-24), built on Mar  9 2022 22:41:56 by "mach5one" with MS VC++ 16.8 / 16.9 (VS2019)

END.
