#
# A fatal error has been detected by the Java Runtime Environment:
#
#  EXCEPTION_ACCESS_VIOLATION (0xc0000005) at pc=0x00007ffe8bf462d7, pid=12936, tid=6064
#
# JRE version: Java(TM) SE Runtime Environment (18.0.1+10) (build 18.0.1+10-24)
# Java VM: Java HotSpot(TM) 64-Bit Server VM (18.0.1+10-24, mixed mode, sharing, tiered, compressed oops, compressed class ptrs, g1 gc, windows-amd64)
# Problematic frame:
# C  [glass.dll+0x262d7]
#
# No core dump will be written. Minidumps are not enabled by default on client versions of Windows
#
# If you would like to submit a bug report, please visit:
#   https://bugreport.java.com/bugreport/crash.jsp
#

---------------  S U M M A R Y ------------

Command Line: -javaagent:C:\Program Files\JetBrains\IntelliJ IDEA Community Edition 2022.1.2\lib\idea_rt.jar=61110:C:\Program Files\JetBrains\IntelliJ IDEA Community Edition 2022.1.2\bin -Dfile.encoding=UTF-8 --module-path=C:\Users\Евгений\.m2\repository\org\openjfx\javafx-graphics\18\javafx-graphics-18-win.jar;C:\Users\Евгений\ATM_Machine\target\classes;C:\Users\Евгений\.m2\repository\org\slf4j\slf4j-api\1.7.36\slf4j-api-1.7.36.jar;C:\Users\Евгений\.m2\repository\org\openjfx\javafx-fxml\18\javafx-fxml-18-win.jar;C:\Users\Евгений\.m2\repository\org\xerial\sqlite-jdbc\3.44.1.0\sqlite-jdbc-3.44.1.0.jar;C:\Users\Евгений\.m2\repository\org\openjfx\javafx-controls\18\javafx-controls-18-win.jar;C:\Users\Евгений\.m2\repository\org\openjfx\javafx-base\18\javafx-base-18-win.jar -Djdk.module.main=com.example.atm_machine com.example.atm_machine/com.example.atm_machine.HelloApplication

Host: Intel(R) Core(TM) i3-6100 CPU @ 3.70GHz, 4 cores, 7G,  Windows 10 , 64 bit Build 19041 (10.0.19041.3636)
Time: Mon Jan 22 20:01:44 2024 RTZ 3 (s 10 , 64 bit Build 19041 (10.0.19041.3636) elapsed time: 15.572541 seconds (0d 0h 0m 15s)

---------------  T H R E A D  ---------------

Current thread (0x00000260a789e7f0):  VMThread "VM Thread" [stack: 0x000000d64cd00000,0x000000d64ce00000] [id=6064]

Stack: [0x000000d64cd00000,0x000000d64ce00000],  sp=0x000000d64cdff420,  free space=1021k
Native frames: (J=compiled Java code, j=interpreted, Vv=VM code, C=native code)
C  [glass.dll+0x262d7]


siginfo: EXCEPTION_ACCESS_VIOLATION (0xc0000005), reading address 0x0000000000000000


Register to memory mapping:

RIP=0x00007ffe8bf462d7 glass.dll
RAX=0x0 is NULL
RBX=0x00000260a78ac858 is a global jni handle
RCX=0x00000260a789e7f0 points into unknown readable memory: 0x00007ffe64f1d938 | 38 d9 f1 64 fe 7f 00 00
RDX=0x000000d64cdff420 points into unknown readable memory: 0x0000000000000000 | 00 00 00 00 00 00 00 00
RSP=0x000000d64cdff420 points into unknown readable memory: 0x0000000000000000 | 00 00 00 00 00 00 00 00
RBP=0x00000260ac53bc58 points into unknown readable memory: 0x00004a3ff64b8eb2 | b2 8e 4b f6 3f 4a 00 00
RSI=0x00000260ac53bc30 points into unknown readable memory: 0xdb704a3e09b1a162 | 62 a1 b1 09 3e 4a 70 db
RDI=0x00004a3ff64b8eb2 is an unknown value
R8 =0x0000000000010002 is an unknown value
R9 =0x00004a3ff64b8eb2 is an unknown value
R10=0x0000000000008000 is an unknown value
R11=0x000000d64cdff3b0 points into unknown readable memory: 0x00000260ac53bc30 | 30 bc 53 ac 60 02 00 00
R12=0x00007ffe8bf43bc4 glass.dll
R13=0x00007ffe650dfc00 jvm.dll
R14=0x000000d64cdff518 points into unknown readable memory: 0x000000d64cdff500 | 00 f5 df 4c d6 00 00 00
R15=0x00000260ac53bc30 points into unknown readable memory: 0xdb704a3e09b1a162 | 62 a1 b1 09 3e 4a 70 db


Registers:
RAX=0x0000000000000000, RBX=0x00000260a78ac858, RCX=0x00000260a789e7f0, RDX=0x000000d64cdff420
RSP=0x000000d64cdff420, RBP=0x00000260ac53bc58, RSI=0x00000260ac53bc30, RDI=0x00004a3ff64b8eb2
R8 =0x0000000000010002, R9 =0x00004a3ff64b8eb2, R10=0x0000000000008000, R11=0x000000d64cdff3b0
R12=0x00007ffe8bf43bc4, R13=0x00007ffe650dfc00, R14=0x000000d64cdff518, R15=0x00000260ac53bc30
RIP=0x00007ffe8bf462d7, EFLAGS=0x0000000000010206

Top of Stack: (sp=0x000000d64cdff420)
0x000000d64cdff420:   0000000000000000 00000260ac53bc30
0x000000d64cdff430:   00007ffe650dfc00 00007ffe8bf43bc4
0x000000d64cdff440:   00000260ac53bc38 00007ffeb23142d6
0x000000d64cdff450:   00004a3ff64b8eb2 0000026000000000
0x000000d64cdff460:   00000260ac53bc58 00000260ac53bc30
0x000000d64cdff470:   fffffffffffffffe 0000000000000000
0x000000d64cdff480:   0000000000000001 00007ffe8bf20000
0x000000d64cdff490:   000000d64cdff508 00007ffeb23141fb
0x000000d64cdff4a0:   0000000000000000 000000d64cdff518
0x000000d64cdff4b0:   000000d64cdff7f0 00007ffeb23f0e40
0x000000d64cdff4c0:   0000000000000001 00007ffeb23141b4
0x000000d64cdff4d0:   0000000000000000 0000000000000001
0x000000d64cdff4e0:   0000000000000000 000000d64cdff508
0x000000d64cdff4f0:   ffffffff00000001 00007ffe8bf43a51
0x000000d64cdff500:   00007ffe8bf59f88 00007ffe00000002
0x000000d64cdff510:   0000000000000002 000000d64cdff500 

Instructions: (pc=0x00007ffe8bf462d7)
0x00007ffe8bf461d7:   8b 4d 58 e8 2d cf ff ff 48 8b 4d 60 e8 24 cf ff
0x00007ffe8bf461e7:   ff 48 8b 95 80 00 00 00 48 8b 8d 18 01 00 00 e8
0x00007ffe8bf461f7:   16 c4 ff ff 33 d2 33 c9 e8 5c e1 ff ff 90 48 89
0x00007ffe8bf46207:   54 24 10 55 48 83 ec 20 48 8b ea 48 b8 00 00 00
0x00007ffe8bf46217:   00 00 00 00 00 48 83 c4 20 5d c3 cc 40 55 48 8b
0x00007ffe8bf46227:   ea 48 8b 01 33 c9 81 38 05 00 00 c0 0f 94 c1 8b
0x00007ffe8bf46237:   c1 5d c3 cc 40 55 48 83 ec 20 48 8b ea 8a 4d 40
0x00007ffe8bf46247:   48 83 c4 20 5d e9 17 d3 ff ff cc 40 55 48 83 ec
0x00007ffe8bf46257:   20 48 8b ea 8a 4d 20 e8 05 d3 ff ff 90 48 83 c4
0x00007ffe8bf46267:   20 5d c3 cc 40 55 48 83 ec 20 48 8b ea 48 83 c4
0x00007ffe8bf46277:   20 5d e9 66 d1 ff ff cc 40 55 48 83 ec 30 48 8b
0x00007ffe8bf46287:   ea 48 8b 01 8b 10 48 89 4c 24 28 89 54 24 20 4c
0x00007ffe8bf46297:   8d 0d 07 d6 ff ff 4c 8b 45 70 8b 55 68 48 8b 4d
0x00007ffe8bf462a7:   60 e8 a7 d0 ff ff 90 48 83 c4 30 5d c3 cc cc cc
0x00007ffe8bf462b7:   cc cc cc cc cc cc cc cc cc 40 53 48 83 ec 20 48
0x00007ffe8bf462c7:   8b 1d bb 36 01 00 48 85 db 74 16 e8 59 8b ff ff
0x00007ffe8bf462d7:   4c 8b 00 48 8b d3 48 8b c8 41 ff 90 b0 00 00 00
0x00007ffe8bf462e7:   90 48 83 c4 20 5b c3 cc cc 40 53 48 83 ec 20 48
0x00007ffe8bf462f7:   8b 1d 2b 38 01 00 48 85 db 74 57 b8 ff ff ff ff
0x00007ffe8bf46307:   f0 0f c1 43 10 83 f8 01 75 3d 48 85 db 74 38 48
0x00007ffe8bf46317:   8b 0b 48 85 c9 74 0d ff 15 84 0f 00 00 48 c7 03
0x00007ffe8bf46327:   00 00 00 00 48 8b 4b 08 48 85 c9 74 0d e8 d3 cd
0x00007ffe8bf46337:   ff ff 48 c7 43 08 00 00 00 00 ba 18 00 00 00 48
0x00007ffe8bf46347:   8b cb e8 be cd ff ff 48 c7 05 cf 37 01 00 00 00
0x00007ffe8bf46357:   00 00 48 83 c4 20 5b c3 cc 40 53 48 83 ec 20 48
0x00007ffe8bf46367:   8b 1d 9b 37 01 00 48 85 db 74 57 b8 ff ff ff ff
0x00007ffe8bf46377:   f0 0f c1 43 10 83 f8 01 75 3d 48 85 db 74 38 48
0x00007ffe8bf46387:   8b 0b 48 85 c9 74 0d ff 15 14 0f 00 00 48 c7 03
0x00007ffe8bf46397:   00 00 00 00 48 8b 4b 08 48 85 c9 74 0d e8 63 cd
0x00007ffe8bf463a7:   ff ff 48 c7 43 08 00 00 00 00 ba 18 00 00 00 48
0x00007ffe8bf463b7:   8b cb e8 4e cd ff ff 48 c7 05 3f 37 01 00 00 00
0x00007ffe8bf463c7:   00 00 48 83 c4 20 5b c3 cc 40 53 48 83 ec 20 48 


Stack slot to memory mapping:
stack at sp + 0 slots: 0x0 is NULL
stack at sp + 1 slots: 0x00000260ac53bc30 points into unknown readable memory: 0xdb704a3e09b1a162 | 62 a1 b1 09 3e 4a 70 db
stack at sp + 2 slots: 0x00007ffe650dfc00 jvm.dll
stack at sp + 3 slots: 0x00007ffe8bf43bc4 glass.dll
stack at sp + 4 slots: 0x00000260ac53bc38 points into unknown readable memory: 0x00004a3ff64b8eb2 | b2 8e 4b f6 3f 4a 00 00
stack at sp + 5 slots: 0x00007ffeb23142d6 ucrtbase.dll
stack at sp + 6 slots: 0x00004a3ff64b8eb2 is an unknown value
stack at sp + 7 slots: 0x0000026000000000 is an unknown value

VM_Operation (0x000000d64eaff110): Exit, mode: safepoint, requested by thread 0x00000260acce6240


---------------  P R O C E S S  ---------------

Threads class SMR info:
_java_thread_list=0x00000260ac018b60, length=21, elements={
0x0000026087fe9550, 0x00000260a78a3710, 0x00000260a78a4280, 0x00000260a78bc630,
0x00000260a78bdef0, 0x00000260a78be7a0, 0x00000260a78c81b0, 0x00000260a78ca4e0,
0x00000260a78d4f30, 0x00000260a78e1c60, 0x00000260a796e760, 0x00000260abd9d5a0,
0x00000260abd9da60, 0x00000260ac35e960, 0x00000260ac53d7e0, 0x00000260acb08420,
0x00000260acce53d0, 0x00000260acce58a0, 0x00000260acce5d70, 0x00000260acce3bc0,
0x00000260acce6240
}

Java Threads: ( => current thread )
  0x0000026087fe9550 JavaThread "main" [_thread_blocked, id=12972, stack(0x000000d64c700000,0x000000d64c800000)]
  0x00000260a78a3710 JavaThread "Reference Handler" daemon [_thread_blocked, id=9580, stack(0x000000d64ce00000,0x000000d64cf00000)]
  0x00000260a78a4280 JavaThread "Finalizer" daemon [_thread_blocked, id=12732, stack(0x000000d64cf00000,0x000000d64d000000)]
  0x00000260a78bc630 JavaThread "Signal Dispatcher" daemon [_thread_blocked, id=1608, stack(0x000000d64d000000,0x000000d64d100000)]
  0x00000260a78bdef0 JavaThread "Attach Listener" daemon [_thread_blocked, id=6148, stack(0x000000d64d100000,0x000000d64d200000)]
  0x00000260a78be7a0 JavaThread "Service Thread" daemon [_thread_blocked, id=12012, stack(0x000000d64d200000,0x000000d64d300000)]
  0x00000260a78c81b0 JavaThread "Monitor Deflation Thread" daemon [_thread_blocked, id=13156, stack(0x000000d64d300000,0x000000d64d400000)]
  0x00000260a78ca4e0 JavaThread "C2 CompilerThread0" daemon [_thread_blocked, id=9916, stack(0x000000d64d400000,0x000000d64d500000)]
  0x00000260a78d4f30 JavaThread "C1 CompilerThread0" daemon [_thread_blocked, id=12420, stack(0x000000d64d500000,0x000000d64d600000)]
  0x00000260a78e1c60 JavaThread "Sweeper thread" daemon [_thread_blocked, id=8100, stack(0x000000d64d600000,0x000000d64d700000)]
  0x00000260a796e760 JavaThread "Common-Cleaner" daemon [_thread_blocked, id=9668, stack(0x000000d64d700000,0x000000d64d800000)]
  0x00000260abd9d5a0 JavaThread "Monitor Ctrl-Break" daemon [_thread_in_native, id=1728, stack(0x000000d64d900000,0x000000d64da00000)]
  0x00000260abd9da60 JavaThread "Notification Thread" daemon [_thread_blocked, id=1648, stack(0x000000d64da00000,0x000000d64db00000)]
  0x00000260ac35e960 JavaThread "QuantumRenderer-0" daemon [_thread_blocked, id=11144, stack(0x000000d64df00000,0x000000d64e000000)]
  0x00000260ac53d7e0 JavaThread "InvokeLaterDispatcher" daemon [_thread_blocked, id=8252, stack(0x000000d64de00000,0x000000d64df00000)]
  0x00000260acb08420 JavaThread "JavaFX Application Thread" [_thread_in_native, id=12636, stack(0x000000d64e100000,0x000000d64e200000)]
  0x00000260acce53d0 JavaThread "Thread-1" daemon [_thread_in_native, id=12532, stack(0x000000d64e300000,0x000000d64e400000)]
  0x00000260acce58a0 JavaThread "JavaFX-Launcher" [_thread_blocked, id=10544, stack(0x000000d64e400000,0x000000d64e500000)]
  0x00000260acce5d70 JavaThread "Prism Font Disposer" daemon [_thread_blocked, id=5228, stack(0x000000d64e500000,0x000000d64e600000)]
  0x00000260acce3bc0 JavaThread "Cleaner-0" daemon [_thread_blocked, id=9400, stack(0x000000d64e900000,0x000000d64ea00000)]
  0x00000260acce6240 JavaThread "SIGINT handler" daemon [_thread_blocked, id=9508, stack(0x000000d64ea00000,0x000000d64eb00000)]

Other Threads:
=>0x00000260a789e7f0 VMThread "VM Thread" [stack: 0x000000d64cd00000,0x000000d64ce00000] [id=6064]
  0x00000260880477e0 WorkerThread "GC Thread#0" [stack: 0x000000d64c800000,0x000000d64c900000] [id=6284]
  0x00000260ac29cc50 WorkerThread "GC Thread#1" [stack: 0x000000d64d800000,0x000000d64d900000] [id=1584]
  0x00000260ac173920 WorkerThread "GC Thread#2" [stack: 0x000000d64dc00000,0x000000d64dd00000] [id=9716]
  0x00000260ac31bd20 WorkerThread "GC Thread#3" [stack: 0x000000d64dd00000,0x000000d64de00000] [id=6816]
  0x000002608805bc20 ConcurrentGCThread "G1 Main Marker" terminated
  0x000002608805c520 WorkerThread "G1 Conc#0" [stack: 0x000000d64ca00000,0x000000d64cb00000] [id=1624]
  0x000002608809d5b0 ConcurrentGCThread "G1 Refine#0" terminated
  0x000002608809ddd0 ConcurrentGCThread "G1 Service" terminated

Threads with active compile tasks:

VM state: at safepoint (shutting down)

VM Mutex/Monitor currently owned by a thread:  ([mutex/lock_event])
[0x0000026087fe4270] Threads_lock - owner thread: 0x00000260a789e7f0
[0x0000026087fe4300] Heap_lock - owner thread: 0x00000260acce6240

Heap address: 0x0000000080e00000, size: 2034 MB, Compressed Oops mode: 32-bit

CDS archive(s) mapped at: [0x0000000800000000-0x0000000800ba0000-0x0000000800ba0000), size 12189696, SharedBaseAddress: 0x0000000800000000, ArchiveRelocationMode: 0.
Compressed class space mapped at: 0x0000000800c00000-0x0000000840c00000, reserved size: 1073741824
Narrow klass base: 0x0000000800000000, Narrow klass shift: 0, Narrow klass range: 0x100000000

GC Precious Log:
 CardTable entry size: 512
 Card Set container configuration: InlinePtr #cards 5 size 8 Array Of Cards #cards 12 size 40 Howl #buckets 4 coarsen threshold 1843 Howl Bitmap #cards 512 size 80 coarsen threshold 460 Card regions per heap region 1 cards per card region 2048
 CPUs: 4 total, 4 available
 Memory: 8128M
 Large Page Support: Disabled
 NUMA Support: Disabled
 Compressed Oops: Enabled (32-bit)
 Heap Region Size: 1M
 Heap Min Capacity: 8M
 Heap Initial Capacity: 128M
 Heap Max Capacity: 2034M
 Pre-touch: Disabled
 Parallel Workers: 4
 Concurrent Workers: 1
 Concurrent Refinement Workers: 4
 Periodic GC: Disabled

Heap:
 garbage-first heap   total 131072K, used 42442K [0x0000000080e00000, 0x0000000100000000)
  region size 1024K, 39 young (39936K), 2 survivors (2048K)
 Metaspace       used 16273K, committed 16576K, reserved 1114112K
  class space    used 2230K, committed 2368K, reserved 1048576K

Heap Regions: E=young(eden), S=young(survivor), O=old, HS=humongous(starts), HC=humongous(continues), CS=collection set, F=free, OA=open archive, CA=closed archive, TAMS=top-at-mark-start (previous, next)
|   0|0x0000000080e00000, 0x0000000080f00000, 0x0000000080f00000|100%| O|  |TAMS 0x0000000080e00000, 0x0000000080e00000| Untracked 
|   1|0x0000000080f00000, 0x0000000081000000, 0x0000000081000000|100%| O|  |TAMS 0x0000000080f00000, 0x0000000080f00000| Untracked 
|   2|0x0000000081000000, 0x00000000810ce800, 0x0000000081100000| 80%| O|  |TAMS 0x0000000081000000, 0x0000000081000000| Untracked 
|   3|0x0000000081100000, 0x0000000081200000, 0x0000000081200000|100%|HS|  |TAMS 0x0000000081100000, 0x0000000081100000| Complete 
|   4|0x0000000081200000, 0x0000000081300000, 0x0000000081300000|100%|HC|  |TAMS 0x0000000081200000, 0x0000000081200000| Complete 
|   5|0x0000000081300000, 0x0000000081300000, 0x0000000081400000|  0%| F|  |TAMS 0x0000000081300000, 0x0000000081300000| Untracked 
|   6|0x0000000081400000, 0x0000000081400000, 0x0000000081500000|  0%| F|  |TAMS 0x0000000081400000, 0x0000000081400000| Untracked 
|   7|0x0000000081500000, 0x0000000081500000, 0x0000000081600000|  0%| F|  |TAMS 0x0000000081500000, 0x0000000081500000| Untracked 
|   8|0x0000000081600000, 0x0000000081600000, 0x0000000081700000|  0%| F|  |TAMS 0x0000000081600000, 0x0000000081600000| Untracked 
|   9|0x0000000081700000, 0x0000000081700000, 0x0000000081800000|  0%| F|  |TAMS 0x0000000081700000, 0x0000000081700000| Untracked 
|  10|0x0000000081800000, 0x0000000081800000, 0x0000000081900000|  0%| F|  |TAMS 0x0000000081800000, 0x0000000081800000| Untracked 
|  11|0x0000000081900000, 0x0000000081900000, 0x0000000081a00000|  0%| F|  |TAMS 0x0000000081900000, 0x0000000081900000| Untracked 
|  12|0x0000000081a00000, 0x0000000081a00000, 0x0000000081b00000|  0%| F|  |TAMS 0x0000000081a00000, 0x0000000081a00000| Untracked 
|  13|0x0000000081b00000, 0x0000000081b00000, 0x0000000081c00000|  0%| F|  |TAMS 0x0000000081b00000, 0x0000000081b00000| Untracked 
|  14|0x0000000081c00000, 0x0000000081c00000, 0x0000000081d00000|  0%| F|  |TAMS 0x0000000081c00000, 0x0000000081c00000| Untracked 
|  15|0x0000000081d00000, 0x0000000081d00000, 0x0000000081e00000|  0%| F|  |TAMS 0x0000000081d00000, 0x0000000081d00000| Untracked 
|  16|0x0000000081e00000, 0x0000000081e00000, 0x0000000081f00000|  0%| F|  |TAMS 0x0000000081e00000, 0x0000000081e00000| Untracked 
|  17|0x0000000081f00000, 0x0000000081f00000, 0x0000000082000000|  0%| F|  |TAMS 0x0000000081f00000, 0x0000000081f00000| Untracked 
|  18|0x0000000082000000, 0x0000000082000000, 0x0000000082100000|  0%| F|  |TAMS 0x0000000082000000, 0x0000000082000000| Untracked 
|  19|0x0000000082100000, 0x0000000082100000, 0x0000000082200000|  0%| F|  |TAMS 0x0000000082100000, 0x0000000082100000| Untracked 
|  20|0x0000000082200000, 0x0000000082200000, 0x0000000082300000|  0%| F|  |TAMS 0x0000000082200000, 0x0000000082200000| Untracked 
|  21|0x0000000082300000, 0x0000000082300000, 0x0000000082400000|  0%| F|  |TAMS 0x0000000082300000, 0x0000000082300000| Untracked 
|  22|0x0000000082400000, 0x0000000082400000, 0x0000000082500000|  0%| F|  |TAMS 0x0000000082400000, 0x0000000082400000| Untracked 
|  23|0x0000000082500000, 0x0000000082500000, 0x0000000082600000|  0%| F|  |TAMS 0x0000000082500000, 0x0000000082500000| Untracked 
|  24|0x0000000082600000, 0x0000000082600000, 0x0000000082700000|  0%| F|  |TAMS 0x0000000082600000, 0x0000000082600000| Untracked 
|  25|0x0000000082700000, 0x0000000082700000, 0x0000000082800000|  0%| F|  |TAMS 0x0000000082700000, 0x0000000082700000| Untracked 
|  26|0x0000000082800000, 0x0000000082800000, 0x0000000082900000|  0%| F|  |TAMS 0x0000000082800000, 0x0000000082800000| Untracked 
|  27|0x0000000082900000, 0x0000000082900000, 0x0000000082a00000|  0%| F|  |TAMS 0x0000000082900000, 0x0000000082900000| Untracked 
|  28|0x0000000082a00000, 0x0000000082a00000, 0x0000000082b00000|  0%| F|  |TAMS 0x0000000082a00000, 0x0000000082a00000| Untracked 
|  29|0x0000000082b00000, 0x0000000082b00000, 0x0000000082c00000|  0%| F|  |TAMS 0x0000000082b00000, 0x0000000082b00000| Untracked 
|  30|0x0000000082c00000, 0x0000000082c00000, 0x0000000082d00000|  0%| F|  |TAMS 0x0000000082c00000, 0x0000000082c00000| Untracked 
|  31|0x0000000082d00000, 0x0000000082d00000, 0x0000000082e00000|  0%| F|  |TAMS 0x0000000082d00000, 0x0000000082d00000| Untracked 
|  32|0x0000000082e00000, 0x0000000082e00000, 0x0000000082f00000|  0%| F|  |TAMS 0x0000000082e00000, 0x0000000082e00000| Untracked 
|  33|0x0000000082f00000, 0x0000000082f00000, 0x0000000083000000|  0%| F|  |TAMS 0x0000000082f00000, 0x0000000082f00000| Untracked 
|  34|0x0000000083000000, 0x0000000083000000, 0x0000000083100000|  0%| F|  |TAMS 0x0000000083000000, 0x0000000083000000| Untracked 
|  35|0x0000000083100000, 0x0000000083100000, 0x0000000083200000|  0%| F|  |TAMS 0x0000000083100000, 0x0000000083100000| Untracked 
|  36|0x0000000083200000, 0x0000000083200000, 0x0000000083300000|  0%| F|  |TAMS 0x0000000083200000, 0x0000000083200000| Untracked 
|  37|0x0000000083300000, 0x0000000083300000, 0x0000000083400000|  0%| F|  |TAMS 0x0000000083300000, 0x0000000083300000| Untracked 
|  38|0x0000000083400000, 0x0000000083400000, 0x0000000083500000|  0%| F|  |TAMS 0x0000000083400000, 0x0000000083400000| Untracked 
|  39|0x0000000083500000, 0x0000000083500000, 0x0000000083600000|  0%| F|  |TAMS 0x0000000083500000, 0x0000000083500000| Untracked 
|  40|0x0000000083600000, 0x0000000083600000, 0x0000000083700000|  0%| F|  |TAMS 0x0000000083600000, 0x0000000083600000| Untracked 
|  41|0x0000000083700000, 0x0000000083700000, 0x0000000083800000|  0%| F|  |TAMS 0x0000000083700000, 0x0000000083700000| Untracked 
|  42|0x0000000083800000, 0x0000000083800000, 0x0000000083900000|  0%| F|  |TAMS 0x0000000083800000, 0x0000000083800000| Untracked 
|  43|0x0000000083900000, 0x0000000083900000, 0x0000000083a00000|  0%| F|  |TAMS 0x0000000083900000, 0x0000000083900000| Untracked 
|  44|0x0000000083a00000, 0x0000000083a00000, 0x0000000083b00000|  0%| F|  |TAMS 0x0000000083a00000, 0x0000000083a00000| Untracked 
|  45|0x0000000083b00000, 0x0000000083b00000, 0x0000000083c00000|  0%| F|  |TAMS 0x0000000083b00000, 0x0000000083b00000| Untracked 
|  46|0x0000000083c00000, 0x0000000083c00000, 0x0000000083d00000|  0%| F|  |TAMS 0x0000000083c00000, 0x0000000083c00000| Untracked 
|  47|0x0000000083d00000, 0x0000000083d00000, 0x0000000083e00000|  0%| F|  |TAMS 0x0000000083d00000, 0x0000000083d00000| Untracked 
|  48|0x0000000083e00000, 0x0000000083e00000, 0x0000000083f00000|  0%| F|  |TAMS 0x0000000083e00000, 0x0000000083e00000| Untracked 
|  49|0x0000000083f00000, 0x0000000083f00000, 0x0000000084000000|  0%| F|  |TAMS 0x0000000083f00000, 0x0000000083f00000| Untracked 
|  50|0x0000000084000000, 0x0000000084000000, 0x0000000084100000|  0%| F|  |TAMS 0x0000000084000000, 0x0000000084000000| Untracked 
|  51|0x0000000084100000, 0x0000000084100000, 0x0000000084200000|  0%| F|  |TAMS 0x0000000084100000, 0x0000000084100000| Untracked 
|  52|0x0000000084200000, 0x0000000084200000, 0x0000000084300000|  0%| F|  |TAMS 0x0000000084200000, 0x0000000084200000| Untracked 
|  53|0x0000000084300000, 0x0000000084300000, 0x0000000084400000|  0%| F|  |TAMS 0x0000000084300000, 0x0000000084300000| Untracked 
|  54|0x0000000084400000, 0x0000000084400000, 0x0000000084500000|  0%| F|  |TAMS 0x0000000084400000, 0x0000000084400000| Untracked 
|  55|0x0000000084500000, 0x0000000084500000, 0x0000000084600000|  0%| F|  |TAMS 0x0000000084500000, 0x0000000084500000| Untracked 
|  56|0x0000000084600000, 0x0000000084600000, 0x0000000084700000|  0%| F|  |TAMS 0x0000000084600000, 0x0000000084600000| Untracked 
|  57|0x0000000084700000, 0x0000000084700000, 0x0000000084800000|  0%| F|  |TAMS 0x0000000084700000, 0x0000000084700000| Untracked 
|  58|0x0000000084800000, 0x0000000084800000, 0x0000000084900000|  0%| F|  |TAMS 0x0000000084800000, 0x0000000084800000| Untracked 
|  59|0x0000000084900000, 0x0000000084900000, 0x0000000084a00000|  0%| F|  |TAMS 0x0000000084900000, 0x0000000084900000| Untracked 
|  60|0x0000000084a00000, 0x0000000084a00000, 0x0000000084b00000|  0%| F|  |TAMS 0x0000000084a00000, 0x0000000084a00000| Untracked 
|  61|0x0000000084b00000, 0x0000000084b00000, 0x0000000084c00000|  0%| F|  |TAMS 0x0000000084b00000, 0x0000000084b00000| Untracked 
|  62|0x0000000084c00000, 0x0000000084c00000, 0x0000000084d00000|  0%| F|  |TAMS 0x0000000084c00000, 0x0000000084c00000| Untracked 
|  63|0x0000000084d00000, 0x0000000084d00000, 0x0000000084e00000|  0%| F|  |TAMS 0x0000000084d00000, 0x0000000084d00000| Untracked 
|  64|0x0000000084e00000, 0x0000000084e00000, 0x0000000084f00000|  0%| F|  |TAMS 0x0000000084e00000, 0x0000000084e00000| Untracked 
|  65|0x0000000084f00000, 0x0000000084f00000, 0x0000000085000000|  0%| F|  |TAMS 0x0000000084f00000, 0x0000000084f00000| Untracked 
|  66|0x0000000085000000, 0x0000000085000000, 0x0000000085100000|  0%| F|  |TAMS 0x0000000085000000, 0x0000000085000000| Untracked 
|  67|0x0000000085100000, 0x0000000085100000, 0x0000000085200000|  0%| F|  |TAMS 0x0000000085100000, 0x0000000085100000| Untracked 
|  68|0x0000000085200000, 0x0000000085200000, 0x0000000085300000|  0%| F|  |TAMS 0x0000000085200000, 0x0000000085200000| Untracked 
|  69|0x0000000085300000, 0x0000000085300000, 0x0000000085400000|  0%| F|  |TAMS 0x0000000085300000, 0x0000000085300000| Untracked 
|  70|0x0000000085400000, 0x0000000085400000, 0x0000000085500000|  0%| F|  |TAMS 0x0000000085400000, 0x0000000085400000| Untracked 
|  71|0x0000000085500000, 0x0000000085500000, 0x0000000085600000|  0%| F|  |TAMS 0x0000000085500000, 0x0000000085500000| Untracked 
|  72|0x0000000085600000, 0x0000000085600000, 0x0000000085700000|  0%| F|  |TAMS 0x0000000085600000, 0x0000000085600000| Untracked 
|  73|0x0000000085700000, 0x0000000085700000, 0x0000000085800000|  0%| F|  |TAMS 0x0000000085700000, 0x0000000085700000| Untracked 
|  74|0x0000000085800000, 0x0000000085800000, 0x0000000085900000|  0%| F|  |TAMS 0x0000000085800000, 0x0000000085800000| Untracked 
|  75|0x0000000085900000, 0x0000000085900000, 0x0000000085a00000|  0%| F|  |TAMS 0x0000000085900000, 0x0000000085900000| Untracked 
|  76|0x0000000085a00000, 0x0000000085a00000, 0x0000000085b00000|  0%| F|  |TAMS 0x0000000085a00000, 0x0000000085a00000| Untracked 
|  77|0x0000000085b00000, 0x0000000085b00000, 0x0000000085c00000|  0%| F|  |TAMS 0x0000000085b00000, 0x0000000085b00000| Untracked 
|  78|0x0000000085c00000, 0x0000000085c00000, 0x0000000085d00000|  0%| F|  |TAMS 0x0000000085c00000, 0x0000000085c00000| Untracked 
|  79|0x0000000085d00000, 0x0000000085d00000, 0x0000000085e00000|  0%| F|  |TAMS 0x0000000085d00000, 0x0000000085d00000| Untracked 
|  80|0x0000000085e00000, 0x0000000085e00000, 0x0000000085f00000|  0%| F|  |TAMS 0x0000000085e00000, 0x0000000085e00000| Untracked 
|  81|0x0000000085f00000, 0x0000000085f00000, 0x0000000086000000|  0%| F|  |TAMS 0x0000000085f00000, 0x0000000085f00000| Untracked 
|  82|0x0000000086000000, 0x0000000086000000, 0x0000000086100000|  0%| F|  |TAMS 0x0000000086000000, 0x0000000086000000| Untracked 
|  83|0x0000000086100000, 0x0000000086100000, 0x0000000086200000|  0%| F|  |TAMS 0x0000000086100000, 0x0000000086100000| Untracked 
|  84|0x0000000086200000, 0x0000000086200000, 0x0000000086300000|  0%| F|  |TAMS 0x0000000086200000, 0x0000000086200000| Untracked 
|  85|0x0000000086300000, 0x0000000086300000, 0x0000000086400000|  0%| F|  |TAMS 0x0000000086300000, 0x0000000086300000| Untracked 
|  86|0x0000000086400000, 0x0000000086400000, 0x0000000086500000|  0%| F|  |TAMS 0x0000000086400000, 0x0000000086400000| Untracked 
|  87|0x0000000086500000, 0x0000000086500000, 0x0000000086600000|  0%| F|  |TAMS 0x0000000086500000, 0x0000000086500000| Untracked 
|  88|0x0000000086600000, 0x0000000086600000, 0x0000000086700000|  0%| F|  |TAMS 0x0000000086600000, 0x0000000086600000| Untracked 
|  89|0x0000000086700000, 0x00000000867e3d98, 0x0000000086800000| 89%| E|  |TAMS 0x0000000086700000, 0x0000000086700000| Complete 
|  90|0x0000000086800000, 0x0000000086900000, 0x0000000086900000|100%| E|CS|TAMS 0x0000000086800000, 0x0000000086800000| Complete 
|  91|0x0000000086900000, 0x0000000086a00000, 0x0000000086a00000|100%| E|CS|TAMS 0x0000000086900000, 0x0000000086900000| Complete 
|  92|0x0000000086a00000, 0x0000000086b00000, 0x0000000086b00000|100%| E|CS|TAMS 0x0000000086a00000, 0x0000000086a00000| Complete 
|  93|0x0000000086b00000, 0x0000000086c00000, 0x0000000086c00000|100%| E|CS|TAMS 0x0000000086b00000, 0x0000000086b00000| Complete 
|  94|0x0000000086c00000, 0x0000000086d00000, 0x0000000086d00000|100%| E|CS|TAMS 0x0000000086c00000, 0x0000000086c00000| Complete 
|  95|0x0000000086d00000, 0x0000000086e00000, 0x0000000086e00000|100%| E|CS|TAMS 0x0000000086d00000, 0x0000000086d00000| Complete 
|  96|0x0000000086e00000, 0x0000000086f00000, 0x0000000086f00000|100%| E|  |TAMS 0x0000000086e00000, 0x0000000086e00000| Complete 
|  97|0x0000000086f00000, 0x0000000087000000, 0x0000000087000000|100%| E|CS|TAMS 0x0000000086f00000, 0x0000000086f00000| Complete 
|  98|0x0000000087000000, 0x0000000087100000, 0x0000000087100000|100%| E|CS|TAMS 0x0000000087000000, 0x0000000087000000| Complete 
|  99|0x0000000087100000, 0x0000000087200000, 0x0000000087200000|100%| E|CS|TAMS 0x0000000087100000, 0x0000000087100000| Complete 
| 100|0x0000000087200000, 0x0000000087300000, 0x0000000087300000|100%| E|CS|TAMS 0x0000000087200000, 0x0000000087200000| Complete 
| 101|0x0000000087300000, 0x0000000087400000, 0x0000000087400000|100%| E|CS|TAMS 0x0000000087300000, 0x0000000087300000| Complete 
| 102|0x0000000087400000, 0x0000000087500000, 0x0000000087500000|100%| E|CS|TAMS 0x0000000087400000, 0x0000000087400000| Complete 
| 103|0x0000000087500000, 0x0000000087600000, 0x0000000087600000|100%| E|CS|TAMS 0x0000000087500000, 0x0000000087500000| Complete 
| 104|0x0000000087600000, 0x0000000087700000, 0x0000000087700000|100%| E|CS|TAMS 0x0000000087600000, 0x0000000087600000| Complete 
| 105|0x0000000087700000, 0x0000000087800000, 0x0000000087800000|100%| E|CS|TAMS 0x0000000087700000, 0x0000000087700000| Complete 
| 106|0x0000000087800000, 0x0000000087900000, 0x0000000087900000|100%| E|CS|TAMS 0x0000000087800000, 0x0000000087800000| Complete 
| 107|0x0000000087900000, 0x0000000087a00000, 0x0000000087a00000|100%| E|CS|TAMS 0x0000000087900000, 0x0000000087900000| Complete 
| 108|0x0000000087a00000, 0x0000000087aa4120, 0x0000000087b00000| 64%| S|CS|TAMS 0x0000000087a00000, 0x0000000087a00000| Complete 
| 109|0x0000000087b00000, 0x0000000087c00000, 0x0000000087c00000|100%| S|CS|TAMS 0x0000000087b00000, 0x0000000087b00000| Complete 
| 110|0x0000000087c00000, 0x0000000087d00000, 0x0000000087d00000|100%| E|CS|TAMS 0x0000000087c00000, 0x0000000087c00000| Complete 
| 111|0x0000000087d00000, 0x0000000087e00000, 0x0000000087e00000|100%| E|CS|TAMS 0x0000000087d00000, 0x0000000087d00000| Complete 
| 112|0x0000000087e00000, 0x0000000087f00000, 0x0000000087f00000|100%| E|CS|TAMS 0x0000000087e00000, 0x0000000087e00000| Complete 
| 113|0x0000000087f00000, 0x0000000088000000, 0x0000000088000000|100%| E|CS|TAMS 0x0000000087f00000, 0x0000000087f00000| Complete 
| 114|0x0000000088000000, 0x0000000088100000, 0x0000000088100000|100%| E|CS|TAMS 0x0000000088000000, 0x0000000088000000| Complete 
| 115|0x0000000088100000, 0x0000000088200000, 0x0000000088200000|100%| E|CS|TAMS 0x0000000088100000, 0x0000000088100000| Complete 
| 116|0x0000000088200000, 0x0000000088300000, 0x0000000088300000|100%| E|CS|TAMS 0x0000000088200000, 0x0000000088200000| Complete 
| 117|0x0000000088300000, 0x0000000088400000, 0x0000000088400000|100%| E|CS|TAMS 0x0000000088300000, 0x0000000088300000| Complete 
| 118|0x0000000088400000, 0x0000000088500000, 0x0000000088500000|100%| E|CS|TAMS 0x0000000088400000, 0x0000000088400000| Complete 
| 119|0x0000000088500000, 0x0000000088600000, 0x0000000088600000|100%| E|CS|TAMS 0x0000000088500000, 0x0000000088500000| Complete 
| 120|0x0000000088600000, 0x0000000088700000, 0x0000000088700000|100%| E|CS|TAMS 0x0000000088600000, 0x0000000088600000| Complete 
| 121|0x0000000088700000, 0x0000000088800000, 0x0000000088800000|100%| E|CS|TAMS 0x0000000088700000, 0x0000000088700000| Complete 
| 122|0x0000000088800000, 0x0000000088900000, 0x0000000088900000|100%| E|CS|TAMS 0x0000000088800000, 0x0000000088800000| Complete 
| 123|0x0000000088900000, 0x0000000088a00000, 0x0000000088a00000|100%| E|CS|TAMS 0x0000000088900000, 0x0000000088900000| Complete 
| 124|0x0000000088a00000, 0x0000000088b00000, 0x0000000088b00000|100%| E|CS|TAMS 0x0000000088a00000, 0x0000000088a00000| Complete 
| 125|0x0000000088b00000, 0x0000000088c00000, 0x0000000088c00000|100%| E|CS|TAMS 0x0000000088b00000, 0x0000000088b00000| Complete 
| 126|0x0000000088c00000, 0x0000000088d00000, 0x0000000088d00000|100%| E|CS|TAMS 0x0000000088c00000, 0x0000000088c00000| Complete 
| 127|0x0000000088d00000, 0x0000000088e00000, 0x0000000088e00000|100%| E|CS|TAMS 0x0000000088d00000, 0x0000000088d00000| Complete 

Card table byte_map: [0x00000260a0b40000,0x00000260a0f40000] _byte_map_base: 0x00000260a0739000

Marking Bits (Prev, Next): (CMBitMap*) 0x0000026088048d00, (CMBitMap*) 0x0000026088048d40
 Prev Bits: [0x00000260a1340000, 0x00000260a3308000)
 Next Bits: [0x00000260a3310000, 0x00000260a52d8000)

Polling page: 0x00000260910d0000

Metaspace:

Usage:
  Non-class:     13.71 MB used.
      Class:      2.18 MB used.
       Both:     15.89 MB used.

Virtual space:
  Non-class space:       64.00 MB reserved,      13.88 MB ( 22%) committed,  1 nodes.
      Class space:        1.00 GB reserved,       2.31 MB ( <1%) committed,  1 nodes.
             Both:        1.06 GB reserved,      16.19 MB (  1%) committed. 

Chunk freelists:
   Non-Class:  1.75 MB
       Class:  1.64 MB
        Both:  3.39 MB

MaxMetaspaceSize: unlimited
CompressedClassSpaceSize: 1.00 GB
Initial GC threshold: 21.00 MB
Current GC threshold: 21.00 MB
CDS: on
MetaspaceReclaimPolicy: balanced
 - commit_granule_bytes: 65536.
 - commit_granule_words: 8192.
 - virtual_space_node_default_size: 8388608.
 - enlarge_chunks_in_place: 1.
 - new_chunks_are_fully_committed: 0.
 - uncommit_free_chunks: 1.
 - use_allocation_guard: 0.


Internal statistics:

num_allocs_failed_limit: 0.
num_arena_births: 380.
num_arena_deaths: 0.
num_vsnodes_births: 2.
num_vsnodes_deaths: 0.
num_space_committed: 259.
num_space_uncommitted: 0.
num_chunks_returned_to_freelist: 0.
num_chunks_taken_from_freelist: 883.
num_chunk_merges: 0.
num_chunk_splits: 609.
num_chunks_enlarged: 456.
num_inconsistent_stats: 0.

CodeHeap 'non-profiled nmethods': size=120000Kb used=1036Kb max_used=1036Kb free=118963Kb
 bounds [0x0000026098bc0000, 0x0000026098e30000, 0x00000260a00f0000]
CodeHeap 'profiled nmethods': size=120000Kb used=5040Kb max_used=5040Kb free=114959Kb
 bounds [0x0000026091690000, 0x0000026091b80000, 0x0000026098bc0000]
CodeHeap 'non-nmethods': size=5760Kb used=1441Kb max_used=1461Kb free=4318Kb
 bounds [0x00000260910f0000, 0x0000026091360000, 0x0000026091690000]
 total_blobs=3558 nmethods=2762 adapters=708
 compilation: enabled
              stopped_count=0, restarted_count=0
 full_count=0

Compilation events (20 events):
Event: 9.719 Thread 0x00000260a78ca4e0 nmethod 2741 0x0000026098cc2490 code [0x0000026098cc2620, 0x0000026098cc27b8]
Event: 9.719 Thread 0x00000260a78d4f30 nmethod 2754 0x0000026091b78c90 code [0x0000026091b78e60, 0x0000026091b794d8]
Event: 9.904 Thread 0x00000260a78d4f30 2755       3       com.sun.javafx.collections.VetoableListDecorator$ModCountAccessorImpl::get (8 bytes)
Event: 9.904 Thread 0x00000260a78d4f30 nmethod 2755 0x0000026091b79790 code [0x0000026091b79920, 0x0000026091b79a38]
Event: 9.936 Thread 0x00000260a78d4f30 2756       3       com.sun.javafx.collections.VetoableListDecorator$VetoableIteratorDecorator::checkForComodification (25 bytes)
Event: 9.936 Thread 0x00000260a78d4f30 nmethod 2756 0x0000026091b79b10 code [0x0000026091b79cc0, 0x0000026091b79fa8]
Event: 10.869 Thread 0x00000260a78d4f30 2757       3       com.sun.javafx.collections.VetoableListDecorator$VetoableIteratorDecorator::hasNext (14 bytes)
Event: 10.870 Thread 0x00000260a78d4f30 nmethod 2757 0x0000026091b7a110 code [0x0000026091b7a2e0, 0x0000026091b7a6d8]
Event: 10.885 Thread 0x00000260a78ca4e0 2758       4       com.sun.glass.ui.Application::checkEventThread (35 bytes)
Event: 10.886 Thread 0x00000260a78ca4e0 nmethod 2758 0x0000026098cc2990 code [0x0000026098cc2b00, 0x0000026098cc2b98]
Event: 10.909 Thread 0x00000260a78d4f30 2759       3       java.util.AbstractList::iterator (9 bytes)
Event: 10.909 Thread 0x00000260a78d4f30 nmethod 2759 0x0000026091b7a910 code [0x0000026091b7aac0, 0x0000026091b7ad58]
Event: 10.917 Thread 0x00000260a78d4f30 2760       3       javafx.scene.Node::getViewOrder (19 bytes)
Event: 10.918 Thread 0x00000260a78d4f30 nmethod 2760 0x0000026091b7ae90 code [0x0000026091b7b060, 0x0000026091b7b508]
Event: 11.041 Thread 0x00000260a78d4f30 2761       3       com.sun.javafx.collections.VetoableListDecorator$VetoableIteratorDecorator::next (31 bytes)
Event: 11.042 Thread 0x00000260a78d4f30 nmethod 2761 0x0000026091b7b690 code [0x0000026091b7b860, 0x0000026091b7bc78]
Event: 11.389 Thread 0x00000260a78ca4e0 2762       4       com.sun.javafx.geom.RectBounds::deriveWithNewBounds (96 bytes)
Event: 11.393 Thread 0x00000260a78ca4e0 nmethod 2762 0x0000026098cc2c90 code [0x0000026098cc2e20, 0x0000026098cc2f58]
Event: 14.786 Thread 0x00000260a78d4f30 2763       3       java.util.LinkedList$ListItr::hasNext (20 bytes)
Event: 14.786 Thread 0x00000260a78d4f30 nmethod 2763 0x0000026091b7be90 code [0x0000026091b7c020, 0x0000026091b7c198]

GC Heap History (4 events):
Event: 1.426 GC heap before
{Heap before GC invocations=0 (full 0):
 garbage-first heap   total 131072K, used 13312K [0x0000000080e00000, 0x0000000100000000)
  region size 1024K, 13 young (13312K), 0 survivors (0K)
 Metaspace       used 2655K, committed 2880K, reserved 1114112K
  class space    used 273K, committed 384K, reserved 1048576K
}
Event: 1.431 GC heap after
{Heap after GC invocations=1 (full 0):
 garbage-first heap   total 131072K, used 2855K [0x0000000080e00000, 0x0000000100000000)
  region size 1024K, 2 young (2048K), 2 survivors (2048K)
 Metaspace       used 2655K, committed 2880K, reserved 1114112K
  class space    used 273K, committed 384K, reserved 1048576K
}
Event: 2.797 GC heap before
{Heap before GC invocations=1 (full 0):
 garbage-first heap   total 131072K, used 18215K [0x0000000080e00000, 0x0000000100000000)
  region size 1024K, 18 young (18432K), 2 survivors (2048K)
 Metaspace       used 7823K, committed 8064K, reserved 1114112K
  class space    used 963K, committed 1088K, reserved 1048576K
}
Event: 2.801 GC heap after
{Heap after GC invocations=2 (full 0):
 garbage-first heap   total 131072K, used 4554K [0x0000000080e00000, 0x0000000100000000)
  region size 1024K, 2 young (2048K), 2 survivors (2048K)
 Metaspace       used 7823K, committed 8064K, reserved 1114112K
  class space    used 963K, committed 1088K, reserved 1048576K
}

Deoptimization events (20 events):
Event: 8.237 Thread 0x00000260acb08420 Uncommon trap: trap_request=0xffffffde fr.pc=0x0000026098ca0c7c relative=0x00000000000010dc
Event: 8.237 Thread 0x00000260acb08420 Uncommon trap: reason=class_check action=maybe_recompile pc=0x0000026098ca0c7c method=javafx.scene.Node.updateLocalToParentTransform()V @ 11 c2
Event: 8.237 Thread 0x00000260acb08420 DEOPT PACKING pc=0x0000026098ca0c7c sp=0x000000d64e1fc8d0
Event: 8.237 Thread 0x00000260acb08420 DEOPT UNPACKING pc=0x00000260911423a3 sp=0x000000d64e1fc898 mode 2
Event: 8.259 Thread 0x00000260acb08420 Uncommon trap: trap_request=0xffffffde fr.pc=0x0000026098ca0c7c relative=0x00000000000010dc
Event: 8.259 Thread 0x00000260acb08420 Uncommon trap: reason=class_check action=maybe_recompile pc=0x0000026098ca0c7c method=javafx.scene.Node.updateLocalToParentTransform()V @ 11 c2
Event: 8.259 Thread 0x00000260acb08420 DEOPT PACKING pc=0x0000026098ca0c7c sp=0x000000d64e1fbfb0
Event: 8.259 Thread 0x00000260acb08420 DEOPT UNPACKING pc=0x00000260911423a3 sp=0x000000d64e1fbf70 mode 2
Event: 8.259 Thread 0x00000260acb08420 Uncommon trap: trap_request=0xffffffde fr.pc=0x0000026098ca0c7c relative=0x00000000000010dc
Event: 8.259 Thread 0x00000260acb08420 Uncommon trap: reason=class_check action=maybe_recompile pc=0x0000026098ca0c7c method=javafx.scene.Node.updateLocalToParentTransform()V @ 11 c2
Event: 8.259 Thread 0x00000260acb08420 DEOPT PACKING pc=0x0000026098ca0c7c sp=0x000000d64e1fbfb0
Event: 8.259 Thread 0x00000260acb08420 DEOPT UNPACKING pc=0x00000260911423a3 sp=0x000000d64e1fbf70 mode 2
Event: 8.259 Thread 0x00000260acb08420 Uncommon trap: trap_request=0xffffffde fr.pc=0x0000026098ca0c7c relative=0x00000000000010dc
Event: 8.259 Thread 0x00000260acb08420 Uncommon trap: reason=class_check action=maybe_recompile pc=0x0000026098ca0c7c method=javafx.scene.Node.updateLocalToParentTransform()V @ 11 c2
Event: 8.259 Thread 0x00000260acb08420 DEOPT PACKING pc=0x0000026098ca0c7c sp=0x000000d64e1fbfb0
Event: 8.259 Thread 0x00000260acb08420 DEOPT UNPACKING pc=0x00000260911423a3 sp=0x000000d64e1fbf70 mode 2
Event: 8.834 Thread 0x00000260ac35e960 DEOPT PACKING pc=0x0000026091a364f7 sp=0x000000d64dffe2b0
Event: 8.835 Thread 0x00000260ac35e960 DEOPT UNPACKING pc=0x0000026091142b43 sp=0x000000d64dffd6d0 mode 0
Event: 9.051 Thread 0x00000260ac35e960 DEOPT PACKING pc=0x00000260919bd1c2 sp=0x000000d64dffe270
Event: 9.051 Thread 0x00000260ac35e960 DEOPT UNPACKING pc=0x0000026091142b43 sp=0x000000d64dffd700 mode 0

Classes loaded (20 events):
Event: 8.022 Loading class sun/nio/fs/WindowsChannelFactory$2
Event: 8.022 Loading class sun/nio/fs/WindowsChannelFactory$2 done
Event: 8.022 Loading class java/nio/file/StandardCopyOption
Event: 8.032 Loading class java/nio/file/StandardCopyOption done
Event: 8.032 Loading class sun/nio/ch/ChannelOutputStream
Event: 8.033 Loading class sun/nio/ch/ChannelOutputStream done
Event: 8.059 Loading class java/io/DeleteOnExitHook
Event: 8.059 Loading class java/io/DeleteOnExitHook done
Event: 8.059 Loading class java/io/DeleteOnExitHook$1
Event: 8.059 Loading class java/io/DeleteOnExitHook$1 done
Event: 8.171 Loading class java/io/StringReader
Event: 8.171 Loading class java/io/StringReader done
Event: 8.172 Loading class java/util/regex/Pattern$BnM
Event: 8.172 Loading class java/util/regex/Pattern$BnM done
Event: 8.172 Loading class java/util/regex/Pattern$SliceS
Event: 8.172 Loading class java/util/regex/Pattern$SliceS done
Event: 8.181 Loading class sun/invoke/util/VerifyAccess$1
Event: 8.181 Loading class sun/invoke/util/VerifyAccess$1 done
Event: 14.784 Loading class jdk/internal/misc/Signal$1
Event: 14.784 Loading class jdk/internal/misc/Signal$1 done

Classes unloaded (0 events):
No events

Classes redefined (0 events):
No events

Internal exceptions (20 events):
Event: 3.426 Thread 0x00000260acb08420 Exception <a 'java/lang/NoSuchMethodError'{0x0000000087520a30}: 'java.lang.Object java.lang.invoke.DirectMethodHandle$Holder.newInvokeSpecial(java.lang.Object, java.lang.Object, int)'> (0x0000000087520a30) 
thrown [s\open\src\hotspot\share\interpreter\linkResolver.cpp, line 766]
Event: 3.511 Thread 0x00000260acb08420 Exception <a 'java/lang/NoSuchMethodError'{0x00000000875b88c8}: 'long java.lang.invoke.DirectMethodHandle$Holder.invokeStatic(java.lang.Object, java.lang.Object, java.lang.Object)'> (0x00000000875b88c8) 
thrown [s\open\src\hotspot\share\interpreter\linkResolver.cpp, line 766]
Event: 3.511 Thread 0x00000260acb08420 Exception <a 'java/lang/NoSuchMethodError'{0x00000000875bc068}: 'long java.lang.invoke.DirectMethodHandle$Holder.invokeStaticInit(java.lang.Object, java.lang.Object, java.lang.Object)'> (0x00000000875bc068) 
thrown [s\open\src\hotspot\share\interpreter\linkResolver.cpp, line 766]
Event: 3.516 Thread 0x00000260acb08420 Exception <a 'java/lang/NoSuchMethodError'{0x00000000875d4a58}: 'java.lang.Object java.lang.invoke.DirectMethodHandle$Holder.newInvokeSpecial(java.lang.Object, java.lang.Object, long)'> (0x00000000875d4a58) 
thrown [s\open\src\hotspot\share\interpreter\linkResolver.cpp, line 766]
Event: 3.517 Thread 0x00000260acb08420 Exception <a 'java/lang/NoSuchMethodError'{0x00000000875d85d0}: 'java.lang.Object java.lang.invoke.Invokers$Holder.linkToTargetMethod(java.lang.Object, long, java.lang.Object)'> (0x00000000875d85d0) 
thrown [s\open\src\hotspot\share\interpreter\linkResolver.cpp, line 766]
Event: 3.521 Thread 0x00000260ac35e960 Exception <a 'java/lang/NoSuchMethodError'{0x00000000875ff0a8}: 'int java.lang.invoke.DirectMethodHandle$Holder.invokeStaticInit(java.lang.Object, java.lang.Object)'> (0x00000000875ff0a8) 
thrown [s\open\src\hotspot\share\interpreter\linkResolver.cpp, line 766]
Event: 5.557 Thread 0x00000260acb08420 Exception <a 'java/lang/NoSuchMethodError'{0x00000000870abf28}: 'java.lang.Object java.lang.invoke.DirectMethodHandle$Holder.newInvokeSpecial(java.lang.Object, java.lang.Object, int, int, int, int, int, java.lang.Object)'> (0x00000000870abf28) 
thrown [s\open\src\hotspot\share\interpreter\linkResolver.cpp, line 766]
Event: 5.562 Thread 0x00000260acb08420 Exception <a 'java/lang/NoSuchMethodError'{0x00000000870bef08}: 'java.lang.Object java.lang.invoke.DirectMethodHandle$Holder.newInvokeSpecial(java.lang.Object, java.lang.Object, java.lang.Object, int, int, int, int, int)'> (0x00000000870bef08) 
thrown [s\open\src\hotspot\share\interpreter\linkResolver.cpp, line 766]
Event: 5.564 Thread 0x00000260acb08420 Exception <a 'java/lang/NoSuchMethodError'{0x00000000870c6a50}: 'java.lang.Object java.lang.invoke.Invokers$Holder.linkToTargetMethod(java.lang.Object, java.lang.Object, int, int, int, int, int, java.lang.Object)'> (0x00000000870c6a50) 
thrown [s\open\src\hotspot\share\interpreter\linkResolver.cpp, line 766]
Event: 7.886 Thread 0x00000260acb08420 Exception <a 'sun/nio/fs/WindowsException'{0x0000000086fa15c0}> (0x0000000086fa15c0) 
thrown [s\open\src\hotspot\share\prims\jni.cpp, line 516]
Event: 7.889 Thread 0x00000260acb08420 Exception <a 'sun/nio/fs/WindowsException'{0x0000000086fc5798}> (0x0000000086fc5798) 
thrown [s\open\src\hotspot\share\prims\jni.cpp, line 516]
Event: 7.892 Thread 0x00000260acb08420 Exception <a 'sun/nio/fs/WindowsException'{0x0000000086fd0170}> (0x0000000086fd0170) 
thrown [s\open\src\hotspot\share\prims\jni.cpp, line 516]
Event: 7.953 Thread 0x00000260acb08420 Exception <a 'sun/nio/fs/WindowsException'{0x0000000086c63758}> (0x0000000086c63758) 
thrown [s\open\src\hotspot\share\prims\jni.cpp, line 516]
Event: 7.953 Thread 0x00000260acb08420 Exception <a 'sun/nio/fs/WindowsException'{0x0000000086c63b08}> (0x0000000086c63b08) 
thrown [s\open\src\hotspot\share\prims\jni.cpp, line 516]
Event: 7.970 Thread 0x00000260acb08420 Exception <a 'java/lang/NoSuchMethodError'{0x0000000086bd31a8}: 'java.lang.Object java.lang.invoke.DirectMethodHandle$Holder.invokeStaticInit(java.lang.Object, int, int, int, int)'> (0x0000000086bd31a8) 
thrown [s\open\src\hotspot\share\interpreter\linkResolver.cpp, line 766]
Event: 8.017 Thread 0x00000260acb08420 Exception <a 'java/lang/NoSuchMethodError'{0x0000000086a94478}: 'java.lang.Object java.lang.invoke.DirectMethodHandle$Holder.invokeStaticInit(java.lang.Object, java.lang.Object, int, int, int, int)'> (0x0000000086a94478) 
thrown [s\open\src\hotspot\share\interpreter\linkResolver.cpp, line 766]
Event: 8.021 Thread 0x00000260acb08420 Exception <a 'sun/nio/fs/WindowsException'{0x0000000086a9d010}> (0x0000000086a9d010) 
thrown [s\open\src\hotspot\share\prims\jni.cpp, line 516]
Event: 8.022 Thread 0x00000260acb08420 Exception <a 'sun/nio/fs/WindowsException'{0x0000000086aa6ca0}> (0x0000000086aa6ca0) 
thrown [s\open\src\hotspot\share\prims\jni.cpp, line 516]
Event: 8.022 Thread 0x00000260acb08420 Exception <a 'sun/nio/fs/WindowsException'{0x0000000086aa7050}> (0x0000000086aa7050) 
thrown [s\open\src\hotspot\share\prims\jni.cpp, line 516]
Event: 8.032 Thread 0x00000260acb08420 Exception <a 'sun/nio/fs/WindowsException'{0x0000000086aa8988}> (0x0000000086aa8988) 
thrown [s\open\src\hotspot\share\prims\jni.cpp, line 516]

VM Operations (20 events):
Event: 3.419 Executing VM operation: ICBufferFull done
Event: 4.419 Executing VM operation: Cleanup
Event: 4.419 Executing VM operation: Cleanup done
Event: 5.420 Executing VM operation: Cleanup
Event: 5.420 Executing VM operation: Cleanup done
Event: 7.420 Executing VM operation: Cleanup
Event: 7.420 Executing VM operation: Cleanup done
Event: 7.896 Executing VM operation: HandshakeAllThreads
Event: 7.896 Executing VM operation: HandshakeAllThreads done
Event: 7.973 Executing VM operation: HandshakeAllThreads
Event: 7.973 Executing VM operation: HandshakeAllThreads done
Event: 8.972 Executing VM operation: Cleanup
Event: 8.972 Executing VM operation: Cleanup done
Event: 10.973 Executing VM operation: Cleanup
Event: 10.973 Executing VM operation: Cleanup done
Event: 11.973 Executing VM operation: Cleanup
Event: 11.973 Executing VM operation: Cleanup done
Event: 12.974 Executing VM operation: Cleanup
Event: 12.974 Executing VM operation: Cleanup done
Event: 14.787 Executing VM operation: Exit

Events (20 events):
Event: 1.926 Thread 0x00000260ac53d7e0 Thread added: 0x00000260ac53d7e0
Event: 1.936 Thread 0x00000260acb08420 Thread added: 0x00000260acb08420
Event: 2.489 Thread 0x00000260acce53d0 Thread added: 0x00000260acce53d0
Event: 2.505 Thread 0x00000260acce58a0 Thread added: 0x00000260acce58a0
Event: 2.833 Loaded shared library C:\Users\Евгений\.openjfx\cache\18+12\javafx_font.dll
Event: 2.890 Thread 0x00000260acd4f430 Thread added: 0x00000260acd4f430
Event: 3.215 Thread 0x00000260acd4f430 Thread exited: 0x00000260acd4f430
Event: 3.238 Thread 0x00000260acce5d70 Thread added: 0x00000260acce5d70
Event: 3.360 Thread 0x00000260ad338810 Thread added: 0x00000260ad338810
Event: 3.512 Thread 0x00000260ad338810 Thread exited: 0x00000260ad338810
Event: 3.670 Thread 0x00000260acce3bc0 Thread added: 0x00000260acce3bc0
Event: 7.884 Loaded shared library C:\Program Files\Java\jdk-18.0.1\bin\verify.dll
Event: 7.949 Thread 0x00000260ac596680 Thread added: 0x00000260ac596680
Event: 8.116 Loaded shared library C:\Users\Евгений\AppData\Local\Temp\sqlite-3.44.1.0-6ea15127-e244-4a05-b252-46f5989c9bba-sqlitejdbc.dll
Event: 8.629 Thread 0x00000260ac596680 Thread exited: 0x00000260ac596680
Event: 14.784 Thread 0x00000260acce6240 Thread added: 0x00000260acce6240
Event: 14.785 Thread 0x00000260acce6710 Thread added: 0x00000260acce6710
Event: 14.785 Thread 0x00000260acce4f00 Thread added: 0x00000260acce4f00
Event: 14.785 Thread 0x00000260acce6710 Thread exited: 0x00000260acce6710
Event: 14.786 Thread 0x00000260acce4f00 Thread exited: 0x00000260acce4f00


Dynamic libraries:
0x00007ff64c3b0000 - 0x00007ff64c3c0000 	C:\Program Files\Java\jdk-18.0.1\bin\java.exe
0x00007ffeb43b0000 - 0x00007ffeb45a8000 	C:\Windows\SYSTEM32\ntdll.dll
0x00007ffeb3a20000 - 0x00007ffeb3add000 	C:\Windows\System32\KERNEL32.DLL
0x00007ffeb1c90000 - 0x00007ffeb1f86000 	C:\Windows\System32\KERNELBASE.dll
0x00007ffeb2300000 - 0x00007ffeb2400000 	C:\Windows\System32\ucrtbase.dll
0x00007ffeacbc0000 - 0x00007ffeacbd8000 	C:\Program Files\Java\jdk-18.0.1\bin\jli.dll
0x00007ffeaf300000 - 0x00007ffeaf31a000 	C:\Program Files\Java\jdk-18.0.1\bin\VCRUNTIME140.dll
0x00007ffeb3330000 - 0x00007ffeb33e3000 	C:\Windows\System32\ADVAPI32.dll
0x00007ffeb3c30000 - 0x00007ffeb3cce000 	C:\Windows\System32\msvcrt.dll
0x00007ffeb3750000 - 0x00007ffeb37ef000 	C:\Windows\System32\sechost.dll
0x00007ffeb3480000 - 0x00007ffeb35a6000 	C:\Windows\System32\RPCRT4.dll
0x00007ffeb1c30000 - 0x00007ffeb1c57000 	C:\Windows\System32\bcrypt.dll
0x00007ffeb35b0000 - 0x00007ffeb374e000 	C:\Windows\System32\USER32.dll
0x00007ffeab090000 - 0x00007ffeab32a000 	C:\Windows\WinSxS\amd64_microsoft.windows.common-controls_6595b64144ccf1df_6.0.19041.3636_none_60b6a03d71f818d5\COMCTL32.dll
0x00007ffeb1c60000 - 0x00007ffeb1c82000 	C:\Windows\System32\win32u.dll
0x00007ffeb3bf0000 - 0x00007ffeb3c1c000 	C:\Windows\System32\GDI32.dll
0x00007ffeb1b10000 - 0x00007ffeb1c2a000 	C:\Windows\System32\gdi32full.dll
0x00007ffeb1f90000 - 0x00007ffeb202d000 	C:\Windows\System32\msvcp_win.dll
0x00007ffeac1f0000 - 0x00007ffeac1fa000 	C:\Windows\SYSTEM32\VERSION.dll
0x00007ffeb3300000 - 0x00007ffeb3330000 	C:\Windows\System32\IMM32.DLL
0x00007ffeabf80000 - 0x00007ffeabf8c000 	C:\Program Files\Java\jdk-18.0.1\bin\vcruntime140_1.dll
0x00007ffe941c0000 - 0x00007ffe9424d000 	C:\Program Files\Java\jdk-18.0.1\bin\msvcp140.dll
0x00007ffe64570000 - 0x00007ffe65180000 	C:\Program Files\Java\jdk-18.0.1\bin\server\jvm.dll
0x00007ffeb3c20000 - 0x00007ffeb3c28000 	C:\Windows\System32\PSAPI.DLL
0x00007ffea6a60000 - 0x00007ffea6a69000 	C:\Windows\SYSTEM32\WSOCK32.dll
0x00007ffea7990000 - 0x00007ffea79b7000 	C:\Windows\SYSTEM32\WINMM.dll
0x00007ffeb37f0000 - 0x00007ffeb385b000 	C:\Windows\System32\WS2_32.dll
0x00007ffeaf950000 - 0x00007ffeaf962000 	C:\Windows\SYSTEM32\kernel.appcore.dll
0x00007ffeabf60000 - 0x00007ffeabf6a000 	C:\Program Files\Java\jdk-18.0.1\bin\jimage.dll
0x00007ffea8b90000 - 0x00007ffea8d74000 	C:\Windows\SYSTEM32\DBGHELP.DLL
0x00007ffea8b50000 - 0x00007ffea8b84000 	C:\Windows\SYSTEM32\dbgcore.DLL
0x00007ffeb1a80000 - 0x00007ffeb1b02000 	C:\Windows\System32\bcryptPrimitives.dll
0x00007ffeab9e0000 - 0x00007ffeab9ee000 	C:\Program Files\Java\jdk-18.0.1\bin\instrument.dll
0x00007ffea1730000 - 0x00007ffea1755000 	C:\Program Files\Java\jdk-18.0.1\bin\java.dll
0x00007ffe88f70000 - 0x00007ffe89046000 	C:\Program Files\Java\jdk-18.0.1\bin\jsvml.dll
0x00007ffeb2590000 - 0x00007ffeb2cd5000 	C:\Windows\System32\SHELL32.dll
0x00007ffeafb50000 - 0x00007ffeb02eb000 	C:\Windows\SYSTEM32\windows.storage.dll
0x00007ffeb3e60000 - 0x00007ffeb41b4000 	C:\Windows\System32\combase.dll
0x00007ffeb1440000 - 0x00007ffeb146d000 	C:\Windows\SYSTEM32\Wldp.dll
0x00007ffeb3950000 - 0x00007ffeb39fd000 	C:\Windows\System32\SHCORE.dll
0x00007ffeb2400000 - 0x00007ffeb2455000 	C:\Windows\System32\shlwapi.dll
0x00007ffeb19b0000 - 0x00007ffeb19d5000 	C:\Windows\SYSTEM32\profapi.dll
0x00007ffea8900000 - 0x00007ffea8913000 	C:\Program Files\Java\jdk-18.0.1\bin\net.dll
0x00007ffeac9b0000 - 0x00007ffeacaba000 	C:\Windows\SYSTEM32\WINHTTP.dll
0x00007ffeb11a0000 - 0x00007ffeb120a000 	C:\Windows\system32\mswsock.dll
0x00007ffe9eef0000 - 0x00007ffe9ef06000 	C:\Program Files\Java\jdk-18.0.1\bin\nio.dll
0x00007ffe98390000 - 0x00007ffe983a8000 	C:\Program Files\Java\jdk-18.0.1\bin\zip.dll
0x00007ffe965c0000 - 0x00007ffe965da000 	C:\Program Files\JetBrains\IntelliJ IDEA Community Edition 2022.1.2\bin\breakgen64.dll
0x00000260a7aa0000 - 0x00000260a7aa3000 	C:\Users\Евгений\.openjfx\cache\18+12\api-ms-win-core-console-l1-1-0.dll
0x00000260a7ab0000 - 0x00000260a7ab3000 	C:\Users\Евгений\.openjfx\cache\18+12\api-ms-win-core-console-l1-2-0.dll
0x00000260a7ac0000 - 0x00000260a7ac3000 	C:\Users\Евгений\.openjfx\cache\18+12\api-ms-win-core-datetime-l1-1-0.dll
0x00000260a7ad0000 - 0x00000260a7ad3000 	C:\Users\Евгений\.openjfx\cache\18+12\api-ms-win-core-debug-l1-1-0.dll
0x00000260a7ae0000 - 0x00000260a7ae3000 	C:\Users\Евгений\.openjfx\cache\18+12\api-ms-win-core-errorhandling-l1-1-0.dll
0x00000260a7af0000 - 0x00000260a7af4000 	C:\Users\Евгений\.openjfx\cache\18+12\api-ms-win-core-file-l1-1-0.dll
0x00000260a7b00000 - 0x00000260a7b03000 	C:\Users\Евгений\.openjfx\cache\18+12\api-ms-win-core-file-l1-2-0.dll
0x00000260a7b10000 - 0x00000260a7b13000 	C:\Users\Евгений\.openjfx\cache\18+12\api-ms-win-core-file-l2-1-0.dll
0x00000260a7b20000 - 0x00000260a7b23000 	C:\Users\Евгений\.openjfx\cache\18+12\api-ms-win-core-handle-l1-1-0.dll
0x00000260a7b30000 - 0x00000260a7b33000 	C:\Users\Евгений\.openjfx\cache\18+12\api-ms-win-core-heap-l1-1-0.dll
0x00000260a7b40000 - 0x00000260a7b43000 	C:\Users\Евгений\.openjfx\cache\18+12\api-ms-win-core-interlocked-l1-1-0.dll
0x00000260a7b50000 - 0x00000260a7b53000 	C:\Users\Евгений\.openjfx\cache\18+12\api-ms-win-core-libraryloader-l1-1-0.dll
0x00000260a7b60000 - 0x00000260a7b63000 	C:\Users\Евгений\.openjfx\cache\18+12\api-ms-win-core-localization-l1-2-0.dll
0x00000260a7b70000 - 0x00000260a7b73000 	C:\Users\Евгений\.openjfx\cache\18+12\api-ms-win-core-memory-l1-1-0.dll
0x00000260a7b80000 - 0x00000260a7b83000 	C:\Users\Евгений\.openjfx\cache\18+12\api-ms-win-core-namedpipe-l1-1-0.dll
0x00000260a7b90000 - 0x00000260a7b93000 	C:\Users\Евгений\.openjfx\cache\18+12\api-ms-win-core-processenvironment-l1-1-0.dll
0x00000260a7ba0000 - 0x00000260a7ba3000 	C:\Users\Евгений\.openjfx\cache\18+12\api-ms-win-core-processthreads-l1-1-0.dll
0x00000260a7bb0000 - 0x00000260a7bb3000 	C:\Users\Евгений\.openjfx\cache\18+12\api-ms-win-core-processthreads-l1-1-1.dll
0x00000260a7bc0000 - 0x00000260a7bc3000 	C:\Users\Евгений\.openjfx\cache\18+12\api-ms-win-core-profile-l1-1-0.dll
0x00000260a7bd0000 - 0x00000260a7bd3000 	C:\Users\Евгений\.openjfx\cache\18+12\api-ms-win-core-rtlsupport-l1-1-0.dll
0x00000260a7be0000 - 0x00000260a7be3000 	C:\Users\Евгений\.openjfx\cache\18+12\api-ms-win-core-string-l1-1-0.dll
0x00000260a7bf0000 - 0x00000260a7bf3000 	C:\Users\Евгений\.openjfx\cache\18+12\api-ms-win-core-synch-l1-1-0.dll
0x00000260ac800000 - 0x00000260ac803000 	C:\Users\Евгений\.openjfx\cache\18+12\api-ms-win-core-synch-l1-2-0.dll
0x00000260ac810000 - 0x00000260ac813000 	C:\Users\Евгений\.openjfx\cache\18+12\api-ms-win-core-sysinfo-l1-1-0.dll
0x00000260ac820000 - 0x00000260ac823000 	C:\Users\Евгений\.openjfx\cache\18+12\api-ms-win-core-timezone-l1-1-0.dll
0x00000260ac830000 - 0x00000260ac833000 	C:\Users\Евгений\.openjfx\cache\18+12\api-ms-win-core-util-l1-1-0.dll
0x00000260ac840000 - 0x00000260ac843000 	C:\Users\Евгений\.openjfx\cache\18+12\api-ms-win-crt-conio-l1-1-0.dll
0x00000260ac850000 - 0x00000260ac854000 	C:\Users\Евгений\.openjfx\cache\18+12\api-ms-win-crt-convert-l1-1-0.dll
0x00000260ac860000 - 0x00000260ac863000 	C:\Users\Евгений\.openjfx\cache\18+12\api-ms-win-crt-environment-l1-1-0.dll
0x00000260ac870000 - 0x00000260ac873000 	C:\Users\Евгений\.openjfx\cache\18+12\api-ms-win-crt-filesystem-l1-1-0.dll
0x00000260ac880000 - 0x00000260ac883000 	C:\Users\Евгений\.openjfx\cache\18+12\api-ms-win-crt-heap-l1-1-0.dll
0x00000260ac890000 - 0x00000260ac893000 	C:\Users\Евгений\.openjfx\cache\18+12\api-ms-win-crt-locale-l1-1-0.dll
0x00000260ac8a0000 - 0x00000260ac8a5000 	C:\Users\Евгений\.openjfx\cache\18+12\api-ms-win-crt-math-l1-1-0.dll
0x00000260ac8b0000 - 0x00000260ac8b5000 	C:\Users\Евгений\.openjfx\cache\18+12\api-ms-win-crt-multibyte-l1-1-0.dll
0x00000260ac8c0000 - 0x00000260ac8d0000 	C:\Users\Евгений\.openjfx\cache\18+12\api-ms-win-crt-private-l1-1-0.dll
0x00000260ac8d0000 - 0x00000260ac8d3000 	C:\Users\Евгений\.openjfx\cache\18+12\api-ms-win-crt-process-l1-1-0.dll
0x00000260ac8e0000 - 0x00000260ac8e4000 	C:\Users\Евгений\.openjfx\cache\18+12\api-ms-win-crt-runtime-l1-1-0.dll
0x00000260ac8f0000 - 0x00000260ac8f4000 	C:\Users\Евгений\.openjfx\cache\18+12\api-ms-win-crt-stdio-l1-1-0.dll
0x00000260ac900000 - 0x00000260ac904000 	C:\Users\Евгений\.openjfx\cache\18+12\api-ms-win-crt-string-l1-1-0.dll
0x00000260ac910000 - 0x00000260ac913000 	C:\Users\Евгений\.openjfx\cache\18+12\api-ms-win-crt-time-l1-1-0.dll
0x00000260ac920000 - 0x00000260ac923000 	C:\Users\Евгений\.openjfx\cache\18+12\api-ms-win-crt-utility-l1-1-0.dll
0x00007ffe86170000 - 0x00007ffe8626c000 	C:\Users\Евгений\.openjfx\cache\18+12\ucrtbase.dll
0x00007ffe964f0000 - 0x00007ffe9650a000 	C:\Users\Евгений\.openjfx\cache\18+12\vcruntime140.dll
0x00007ffea0750000 - 0x00007ffea075c000 	C:\Users\Евгений\.openjfx\cache\18+12\vcruntime140_1.dll
0x00007ffe8c670000 - 0x00007ffe8c6fd000 	C:\Users\Евгений\.openjfx\cache\18+12\msvcp140.dll
0x00007ffe94aa0000 - 0x00007ffe94acc000 	C:\Users\Евгений\.openjfx\cache\18+12\prism_d3d.dll
0x00007ffea07f0000 - 0x00007ffea09bd000 	C:\Windows\system32\d3d9.dll
0x00007ffeaf660000 - 0x00007ffeaf68f000 	C:\Windows\SYSTEM32\dwmapi.dll
0x00007ffeaf350000 - 0x00007ffeaf3ee000 	C:\Windows\system32\uxtheme.dll
0x00007ffeb1640000 - 0x00007ffeb1652000 	C:\Windows\SYSTEM32\msasn1.dll
0x00007ffeac1b0000 - 0x00007ffeac1e1000 	C:\Windows\SYSTEM32\cryptnet.dll
0x00007ffeb20e0000 - 0x00007ffeb223d000 	C:\Windows\System32\CRYPT32.dll
0x00007ffeac060000 - 0x00007ffeac1a8000 	C:\Windows\SYSTEM32\drvstore.dll
0x00007ffeb1810000 - 0x00007ffeb1843000 	C:\Windows\SYSTEM32\devobj.dll
0x00007ffeb2240000 - 0x00007ffeb228e000 	C:\Windows\System32\cfgmgr32.dll
0x00007ffeb13b0000 - 0x00007ffeb13bc000 	C:\Windows\SYSTEM32\cryptbase.dll
0x00007ffeb2290000 - 0x00007ffeb22f7000 	C:\Windows\System32\WINTRUST.DLL
0x00007ffeb3a00000 - 0x00007ffeb3a1d000 	C:\Windows\System32\imagehlp.dll
0x00007ffeb1390000 - 0x00007ffeb13a8000 	C:\Windows\SYSTEM32\CRYPTSP.dll
0x00007ffeb0a70000 - 0x00007ffeb0aa4000 	C:\Windows\system32\rsaenh.dll
0x00007ffe8bf20000 - 0x00007ffe8bf62000 	C:\Users\Евгений\.openjfx\cache\18+12\glass.dll
0x00007ffeb3860000 - 0x00007ffeb393a000 	C:\Windows\System32\COMDLG32.dll
0x00007ffeb2460000 - 0x00007ffeb258b000 	C:\Windows\System32\ole32.dll
0x00007ffeb42a0000 - 0x00007ffeb436d000 	C:\Windows\System32\OLEAUT32.dll
0x00007ffeb3d30000 - 0x00007ffeb3e44000 	C:\Windows\System32\MSCTF.dll
0x00007ffe94700000 - 0x00007ffe949c7000 	C:\Windows\system32\nvspcap64.dll
0x00007ffeb0b90000 - 0x00007ffeb0bc3000 	C:\Windows\SYSTEM32\ntmarta.dll
0x00007ffeb0300000 - 0x00007ffeb0323000 	C:\Windows\SYSTEM32\gpapi.dll
0x00007ffe9be10000 - 0x00007ffe9be4b000 	C:\Windows\SYSTEM32\dxcore.dll
0x00007ffe96490000 - 0x00007ffe964a4000 	C:\Users\Евгений\.openjfx\cache\18+12\javafx_font.dll
0x00007ffe974c0000 - 0x00007ffe9773f000 	C:\Windows\SYSTEM32\dwrite.dll
0x00007ffeb3b40000 - 0x00007ffeb3be9000 	C:\Windows\System32\clbcatq.dll
0x00007ffe9d940000 - 0x00007ffe9daf4000 	C:\Windows\SYSTEM32\WindowsCodecs.dll
0x00007ffe919f0000 - 0x00007ffe91a2e000 	C:\Windows\system32\dataexchange.dll
0x00007ffead080000 - 0x00007ffead2e3000 	C:\Windows\system32\d3d11.dll
0x00007ffeb0330000 - 0x00007ffeb0423000 	C:\Windows\system32\dxgi.dll
0x00007ffeae440000 - 0x00007ffeae623000 	C:\Windows\system32\dcomp.dll
0x00007ffe9f8b0000 - 0x00007ffe9fab3000 	C:\Windows\system32\twinapi.appcore.dll
0x00007ffe98f90000 - 0x00007ffe98fc4000 	C:\Program Files\Common Files\Microsoft Shared\Ink\rtscom.dll
0x00007ffe9ea00000 - 0x00007ffe9eaf9000 	C:\Windows\SYSTEM32\textinputframework.dll

dbghelp: loaded successfully - version: 4.0.5 - missing functions: none
symbol engine: initialized successfully - sym options: 0x614 - pdb path: .;C:\Program Files\Java\jdk-18.0.1\bin;C:\Windows\SYSTEM32;C:\Windows\WinSxS\amd64_microsoft.windows.common-controls_6595b64144ccf1df_6.0.19041.3636_none_60b6a03d71f818d5;C:\Program Files\Java\jdk-18.0.1\bin\server;C:\Program Files\JetBrains\IntelliJ IDEA Community Edition 2022.1.2\bin;C:\Users\Евгений\.openjfx\cache\18+12;C:\Windows\System32\DriverStore\FileRepository\nvmdig.inf_amd64_2b01a28ee7b06750;C:\Program Files\Common Files\Microsoft Shared\Ink;C:\Users\Евгений\AppData\Local\Temp

VM Arguments:
jvm_args: -javaagent:C:\Program Files\JetBrains\IntelliJ IDEA Community Edition 2022.1.2\lib\idea_rt.jar=61110:C:\Program Files\JetBrains\IntelliJ IDEA Community Edition 2022.1.2\bin -Dfile.encoding=UTF-8 --module-path=C:\Users\Евгений\.m2\repository\org\openjfx\javafx-graphics\18\javafx-graphics-18-win.jar;C:\Users\Евгений\ATM_Machine\target\classes;C:\Users\Евгений\.m2\repository\org\slf4j\slf4j-api\1.7.36\slf4j-api-1.7.36.jar;C:\Users\Евгений\.m2\repository\org\openjfx\javafx-fxml\18\javafx-fxml-18-win.jar;C:\Users\Евгений\.m2\repository\org\xerial\sqlite-jdbc\3.44.1.0\sqlite-jdbc-3.44.1.0.jar;C:\Users\Евгений\.m2\repository\org\openjfx\javafx-controls\18\javafx-controls-18-win.jar;C:\Users\Евгений\.m2\repository\org\openjfx\javafx-base\18\javafx-base-18-win.jar -Djdk.module.main=com.example.atm_machine 
java_command: com.example.atm_machine/com.example.atm_machine.HelloApplication
java_class_path (initial): C:\Users\Евгений\.m2\repository\org\openjfx\javafx-controls\18\javafx-controls-18.jar;C:\Users\Евгений\.m2\repository\org\openjfx\javafx-graphics\18\javafx-graphics-18.jar;C:\Users\Евгений\.m2\repository\org\openjfx\javafx-base\18\javafx-base-18.jar;C:\Users\Евгений\.m2\repository\org\openjfx\javafx-fxml\18\javafx-fxml-18.jar;C:\Users\Евгений\.m2\repository\org\slf4j\slf4j-simple\1.7.36\slf4j-simple-1.7.36.jar
Launcher Type: SUN_STANDARD

[Global flags]
     intx CICompilerCount                          = 3                                         {product} {ergonomic}
     uint ConcGCThreads                            = 1                                         {product} {ergonomic}
     uint G1ConcRefinementThreads                  = 4                                         {product} {ergonomic}
   size_t G1HeapRegionSize                         = 1048576                                   {product} {ergonomic}
    uintx GCDrainStackTargetSize                   = 64                                        {product} {ergonomic}
   size_t InitialHeapSize                          = 134217728                                 {product} {ergonomic}
   size_t MarkStackSize                            = 4194304                                   {product} {ergonomic}
   size_t MaxHeapSize                              = 2132803584                                {product} {ergonomic}
   size_t MaxNewSize                               = 1279262720                                {product} {ergonomic}
   size_t MinHeapDeltaBytes                        = 1048576                                   {product} {ergonomic}
   size_t MinHeapSize                              = 8388608                                   {product} {ergonomic}
    uintx NonNMethodCodeHeapSize                   = 5832780                                {pd product} {ergonomic}
    uintx NonProfiledCodeHeapSize                  = 122912730                              {pd product} {ergonomic}
    uintx ProfiledCodeHeapSize                     = 122912730                              {pd product} {ergonomic}
    uintx ReservedCodeCacheSize                    = 251658240                              {pd product} {ergonomic}
     bool SegmentedCodeCache                       = true                                      {product} {ergonomic}
   size_t SoftMaxHeapSize                          = 2132803584                             {manageable} {ergonomic}
     bool UseCompressedClassPointers               = true                           {product lp64_product} {ergonomic}
     bool UseCompressedOops                        = true                           {product lp64_product} {ergonomic}
     bool UseG1GC                                  = true                                      {product} {ergonomic}
     bool UseLargePagesIndividualAllocation        = false                                  {pd product} {ergonomic}

Logging:
Log output configuration:
 #0: stdout all=off uptime,level,tags foldmultilines=false
 #1: stderr all=off uptime,level,tags foldmultilines=false

Environment Variables:
JAVA_HOME=C:\Program Files\Java\jdk-17
PATH=C:\Program Files (x86)\Common Files\Oracle\Java\javapath;C:\Program Files\Common Files\Oracle\Java\javapath;C:\Windows\system32;C:\Windows;C:\Windows\System32\Wbem;C:\Windows\System32\WindowsPowerShell\v1.0\;C:\Windows\System32\OpenSSH\;C:\Program Files (x86)\NVIDIA Corporation\PhysX\Common;C:\Program Files\NVIDIA Corporation\NVIDIA NvDLISR;C:\Program Files\Git\cmd;C:\Program Files\Java\jdk-17;C:\Users\Евгений\AppData\Local\Microsoft\WindowsApps;;C:\Program Files\JetBrains\IntelliJ IDEA Community Edition 2022.1.2\bin;
USERNAME=Евгений
OS=Windows_NT
PROCESSOR_IDENTIFIER=Intel64 Family 6 Model 94 Stepping 3, GenuineIntel



---------------  S Y S T E M  ---------------

OS:
 Windows 10 , 64 bit Build 19041 (10.0.19041.3636)
OS uptime: 8 days 22:54 hours

CPU: total 4 (initial active 4) (2 cores per cpu, 2 threads per core) family 6 model 94 stepping 3 microcode 0xcc, cx8, cmov, fxsr, ht, mmx, 3dnowpref, sse, sse2, sse3, ssse3, sse4.1, sse4.2, popcnt, lzcnt, tsc, tscinvbit, avx, avx2, aes, erms, clmul, bmi1, bmi2, adx, fma, vzeroupper, clflush, clflushopt

Memory: 4k page, system-wide physical 8128M (1992M free)
TotalPageFile size 12078M (AvailPageFile size 2090M)
current process WorkingSet (physical memory assigned to process): 122M, peak: 135M
current process commit charge ("private bytes"): 263M, peak: 274M

vm_info: Java HotSpot(TM) 64-Bit Server VM (18.0.1+10-24) for windows-amd64 JRE (18.0.1+10-24), built on Mar  9 2022 22:41:56 by "mach5one" with MS VC++ 16.8 / 16.9 (VS2019)

END.
