#
# A fatal error has been detected by the Java Runtime Environment:
#
#  EXCEPTION_ACCESS_VIOLATION (0xc0000005) at pc=0x00007ffe94aa62d7, pid=9816, tid=10844
#
# JRE version: Java(TM) SE Runtime Environment (18.0.1+10) (build 18.0.1+10-24)
# Java VM: Java HotSpot(TM) 64-Bit Server VM (18.0.1+10-24, mixed mode, sharing, tiered, compressed oops, compressed class ptrs, g1 gc, windows-amd64)
# Problematic frame:
# C  [glass.dll+0x262d7]
#
# No core dump will be written. Minidumps are not enabled by default on client versions of Windows
#
# If you would like to submit a bug report, please visit:
#   https://bugreport.java.com/bugreport/crash.jsp
#

---------------  S U M M A R Y ------------

Command Line: -javaagent:C:\Program Files\JetBrains\IntelliJ IDEA Community Edition 2022.1.2\lib\idea_rt.jar=64391:C:\Program Files\JetBrains\IntelliJ IDEA Community Edition 2022.1.2\bin -Dfile.encoding=UTF-8 --module-path=C:\Users\Евгений\.m2\repository\org\openjfx\javafx-graphics\18\javafx-graphics-18-win.jar;C:\Users\Евгений\.m2\repository\org\slf4j\slf4j-api\1.7.36\slf4j-api-1.7.36.jar;C:\Users\Евгений\.m2\repository\org\openjfx\javafx-fxml\18\javafx-fxml-18-win.jar;C:\Users\Евгений\.m2\repository\org\openjfx\javafx-controls\18\javafx-controls-18-win.jar;C:\Users\Евгений\ATM_Machine\target\classes;C:\Users\Евгений\.m2\repository\org\xerial\sqlite-jdbc\3.44.1.0\sqlite-jdbc-3.44.1.0.jar;C:\Users\Евгений\.m2\repository\org\openjfx\javafx-base\18\javafx-base-18-win.jar -Djdk.module.main=com.example.atm_machine com.example.atm_machine/com.example.atm_machine.HelloApplication

Host: Intel(R) Core(TM) i3-6100 CPU @ 3.70GHz, 4 cores, 7G,  Windows 10 , 64 bit Build 19041 (10.0.19041.3636)
Time: Tue Jan 23 22:33:45 2024 RTZ 3 (s 10 , 64 bit Build 19041 (10.0.19041.3636) elapsed time: 8.396241 seconds (0d 0h 0m 8s)

---------------  T H R E A D  ---------------

Current thread (0x000001b07f6b6290):  VMThread "VM Thread" [stack: 0x0000006efd300000,0x0000006efd400000] [id=10844]

Stack: [0x0000006efd300000,0x0000006efd400000],  sp=0x0000006efd3fee90,  free space=1019k
Native frames: (J=compiled Java code, j=interpreted, Vv=VM code, C=native code)
C  [glass.dll+0x262d7]


siginfo: EXCEPTION_ACCESS_VIOLATION (0xc0000005), reading address 0x0000000000000000


Register to memory mapping:

RIP=0x00007ffe94aa62d7 glass.dll
RAX=0x0 is NULL
RBX=0x000001b01d083c18 is a global jni handle
RCX=0x000001b07f6b6290 points into unknown readable memory: 0x00007ffe82e2d938 | 38 d9 e2 82 fe 7f 00 00
RDX=0x0000006efd3fee90 points into unknown readable memory: 0x0000000000000000 | 00 00 00 00 00 00 00 00
RSP=0x0000006efd3fee90 points into unknown readable memory: 0x0000000000000000 | 00 00 00 00 00 00 00 00
RBP=0x000001b01d080368 points into unknown readable memory: 0x0000be60d041ef5f | 5f ef 41 d0 60 be 00 00
RSI=0x000001b01d080340 points into unknown readable memory: 0x4a55a50ed041d0a0 | a0 d0 41 d0 0e a5 55 4a
RDI=0x0000be60d041ef5f is an unknown value
R8 =0x0000000000010002 is an unknown value
R9 =0x0000be60d041ef5f is an unknown value
R10=0x0000000000008000 is an unknown value
R11=0x0000006efd3fee20 points into unknown readable memory: 0x000001b01d080340 | 40 03 08 1d b0 01 00 00
R12=0x00007ffe94aa3bc4 glass.dll
R13=0x00007ffe82fefc00 jvm.dll
R14=0x0000006efd3fef88 points into unknown readable memory: 0x0000006efd3fef70 | 70 ef 3f fd 6e 00 00 00
R15=0x000001b01d080340 points into unknown readable memory: 0x4a55a50ed041d0a0 | a0 d0 41 d0 0e a5 55 4a


Registers:
RAX=0x0000000000000000, RBX=0x000001b01d083c18, RCX=0x000001b07f6b6290, RDX=0x0000006efd3fee90
RSP=0x0000006efd3fee90, RBP=0x000001b01d080368, RSI=0x000001b01d080340, RDI=0x0000be60d041ef5f
R8 =0x0000000000010002, R9 =0x0000be60d041ef5f, R10=0x0000000000008000, R11=0x0000006efd3fee20
R12=0x00007ffe94aa3bc4, R13=0x00007ffe82fefc00, R14=0x0000006efd3fef88, R15=0x000001b01d080340
RIP=0x00007ffe94aa62d7, EFLAGS=0x0000000000010206

Top of Stack: (sp=0x0000006efd3fee90)
0x0000006efd3fee90:   0000000000000000 000001b01d080340
0x0000006efd3feea0:   00007ffe82fefc00 00007ffe94aa3bc4
0x0000006efd3feeb0:   000001b01d080348 00007ffeb23142d6
0x0000006efd3feec0:   0000be60d041ef5f 000001b000000000
0x0000006efd3feed0:   000001b01d080368 000001b01d080340
0x0000006efd3feee0:   fffffffffffffffe 0000000000000000
0x0000006efd3feef0:   0000000000000001 00007ffe94a80000
0x0000006efd3fef00:   0000006efd3fef78 00007ffeb23141fb
0x0000006efd3fef10:   0000000000000000 0000006efd3fef88
0x0000006efd3fef20:   0000006efd3ff260 00007ffeb23f0e40
0x0000006efd3fef30:   0000000000000001 00007ffeb23141b4
0x0000006efd3fef40:   0000000000000000 0000000000000001
0x0000006efd3fef50:   0000000000000000 0000006efd3fef78
0x0000006efd3fef60:   ffffffff00000001 00007ffe94aa3a51
0x0000006efd3fef70:   00007ffe94ab9f88 00007ffe00000002
0x0000006efd3fef80:   0000000000000002 0000006efd3fef70 

Instructions: (pc=0x00007ffe94aa62d7)
0x00007ffe94aa61d7:   8b 4d 58 e8 2d cf ff ff 48 8b 4d 60 e8 24 cf ff
0x00007ffe94aa61e7:   ff 48 8b 95 80 00 00 00 48 8b 8d 18 01 00 00 e8
0x00007ffe94aa61f7:   16 c4 ff ff 33 d2 33 c9 e8 5c e1 ff ff 90 48 89
0x00007ffe94aa6207:   54 24 10 55 48 83 ec 20 48 8b ea 48 b8 00 00 00
0x00007ffe94aa6217:   00 00 00 00 00 48 83 c4 20 5d c3 cc 40 55 48 8b
0x00007ffe94aa6227:   ea 48 8b 01 33 c9 81 38 05 00 00 c0 0f 94 c1 8b
0x00007ffe94aa6237:   c1 5d c3 cc 40 55 48 83 ec 20 48 8b ea 8a 4d 40
0x00007ffe94aa6247:   48 83 c4 20 5d e9 17 d3 ff ff cc 40 55 48 83 ec
0x00007ffe94aa6257:   20 48 8b ea 8a 4d 20 e8 05 d3 ff ff 90 48 83 c4
0x00007ffe94aa6267:   20 5d c3 cc 40 55 48 83 ec 20 48 8b ea 48 83 c4
0x00007ffe94aa6277:   20 5d e9 66 d1 ff ff cc 40 55 48 83 ec 30 48 8b
0x00007ffe94aa6287:   ea 48 8b 01 8b 10 48 89 4c 24 28 89 54 24 20 4c
0x00007ffe94aa6297:   8d 0d 07 d6 ff ff 4c 8b 45 70 8b 55 68 48 8b 4d
0x00007ffe94aa62a7:   60 e8 a7 d0 ff ff 90 48 83 c4 30 5d c3 cc cc cc
0x00007ffe94aa62b7:   cc cc cc cc cc cc cc cc cc 40 53 48 83 ec 20 48
0x00007ffe94aa62c7:   8b 1d bb 36 01 00 48 85 db 74 16 e8 59 8b ff ff
0x00007ffe94aa62d7:   4c 8b 00 48 8b d3 48 8b c8 41 ff 90 b0 00 00 00
0x00007ffe94aa62e7:   90 48 83 c4 20 5b c3 cc cc 40 53 48 83 ec 20 48
0x00007ffe94aa62f7:   8b 1d 2b 38 01 00 48 85 db 74 57 b8 ff ff ff ff
0x00007ffe94aa6307:   f0 0f c1 43 10 83 f8 01 75 3d 48 85 db 74 38 48
0x00007ffe94aa6317:   8b 0b 48 85 c9 74 0d ff 15 84 0f 00 00 48 c7 03
0x00007ffe94aa6327:   00 00 00 00 48 8b 4b 08 48 85 c9 74 0d e8 d3 cd
0x00007ffe94aa6337:   ff ff 48 c7 43 08 00 00 00 00 ba 18 00 00 00 48
0x00007ffe94aa6347:   8b cb e8 be cd ff ff 48 c7 05 cf 37 01 00 00 00
0x00007ffe94aa6357:   00 00 48 83 c4 20 5b c3 cc 40 53 48 83 ec 20 48
0x00007ffe94aa6367:   8b 1d 9b 37 01 00 48 85 db 74 57 b8 ff ff ff ff
0x00007ffe94aa6377:   f0 0f c1 43 10 83 f8 01 75 3d 48 85 db 74 38 48
0x00007ffe94aa6387:   8b 0b 48 85 c9 74 0d ff 15 14 0f 00 00 48 c7 03
0x00007ffe94aa6397:   00 00 00 00 48 8b 4b 08 48 85 c9 74 0d e8 63 cd
0x00007ffe94aa63a7:   ff ff 48 c7 43 08 00 00 00 00 ba 18 00 00 00 48
0x00007ffe94aa63b7:   8b cb e8 4e cd ff ff 48 c7 05 3f 37 01 00 00 00
0x00007ffe94aa63c7:   00 00 48 83 c4 20 5b c3 cc 40 53 48 83 ec 20 48 


Stack slot to memory mapping:
stack at sp + 0 slots: 0x0 is NULL
stack at sp + 1 slots: 0x000001b01d080340 points into unknown readable memory: 0x4a55a50ed041d0a0 | a0 d0 41 d0 0e a5 55 4a
stack at sp + 2 slots: 0x00007ffe82fefc00 jvm.dll
stack at sp + 3 slots: 0x00007ffe94aa3bc4 glass.dll
stack at sp + 4 slots: 0x000001b01d080348 points into unknown readable memory: 0x0000be60d041ef5f | 5f ef 41 d0 60 be 00 00
stack at sp + 5 slots: 0x00007ffeb23142d6 ucrtbase.dll
stack at sp + 6 slots: 0x0000be60d041ef5f is an unknown value
stack at sp + 7 slots: 0x000001b000000000 points into unknown readable memory: 0x00010000cafedada | da da fe ca 00 00 01 00

VM_Operation (0x0000006eff21f1d0): Exit, mode: safepoint, requested by thread 0x000001b021805420


---------------  P R O C E S S  ---------------

Threads class SMR info:
_java_thread_list=0x000001b0289316b0, length=21, elements={
0x000001b07f6396d0, 0x000001b01d0725b0, 0x000001b01d073210, 0x000001b01d08bfd0,
0x000001b01d08d980, 0x000001b01d090330, 0x000001b01d098ce0, 0x000001b01d0bdab0,
0x000001b01d0be5d0, 0x000001b01d0d2790, 0x000001b01d062de0, 0x000001b021538b60,
0x000001b021738200, 0x000001b021b0dba0, 0x000001b021ba4f90, 0x000001b021ba9a40,
0x000001b021805dc0, 0x000001b0218075d0, 0x000001b021804a80, 0x000001b021804f50,
0x000001b021805420
}

Java Threads: ( => current thread )
  0x000001b07f6396d0 JavaThread "main" [_thread_blocked, id=1364, stack(0x0000006efcd00000,0x0000006efce00000)]
  0x000001b01d0725b0 JavaThread "Reference Handler" daemon [_thread_blocked, id=12456, stack(0x0000006efd400000,0x0000006efd500000)]
  0x000001b01d073210 JavaThread "Finalizer" daemon [_thread_blocked, id=2008, stack(0x0000006efd500000,0x0000006efd600000)]
  0x000001b01d08bfd0 JavaThread "Signal Dispatcher" daemon [_thread_blocked, id=7660, stack(0x0000006efd600000,0x0000006efd700000)]
  0x000001b01d08d980 JavaThread "Attach Listener" daemon [_thread_blocked, id=10304, stack(0x0000006efd700000,0x0000006efd800000)]
  0x000001b01d090330 JavaThread "Service Thread" daemon [_thread_blocked, id=11356, stack(0x0000006efd800000,0x0000006efd900000)]
  0x000001b01d098ce0 JavaThread "Monitor Deflation Thread" daemon [_thread_blocked, id=9708, stack(0x0000006efd900000,0x0000006efda00000)]
  0x000001b01d0bdab0 JavaThread "C2 CompilerThread0" daemon [_thread_blocked, id=11940, stack(0x0000006efda00000,0x0000006efdb00000)]
  0x000001b01d0be5d0 JavaThread "C1 CompilerThread0" daemon [_thread_blocked, id=12496, stack(0x0000006efdb00000,0x0000006efdc00000)]
  0x000001b01d0d2790 JavaThread "Sweeper thread" daemon [_thread_blocked, id=6392, stack(0x0000006efdc00000,0x0000006efdd00000)]
  0x000001b01d062de0 JavaThread "Common-Cleaner" daemon [_thread_blocked, id=6240, stack(0x0000006efdd00000,0x0000006efde00000)]
  0x000001b021538b60 JavaThread "Monitor Ctrl-Break" daemon [_thread_in_native, id=1648, stack(0x0000006efdf00000,0x0000006efe000000)]
  0x000001b021738200 JavaThread "Notification Thread" daemon [_thread_blocked, id=12380, stack(0x0000006efe000000,0x0000006efe100000)]
  0x000001b021b0dba0 JavaThread "QuantumRenderer-0" daemon [_thread_blocked, id=11916, stack(0x0000006efe400000,0x0000006efe500000)]
  0x000001b021ba4f90 JavaThread "InvokeLaterDispatcher" daemon [_thread_blocked, id=9844, stack(0x0000006efe600000,0x0000006efe700000)]
  0x000001b021ba9a40 JavaThread "JavaFX Application Thread" [_thread_in_native, id=10948, stack(0x0000006efe700000,0x0000006efe800000)]
  0x000001b021805dc0 JavaThread "Thread-1" daemon [_thread_in_native, id=9900, stack(0x0000006efe900000,0x0000006efea00000)]
  0x000001b0218075d0 JavaThread "JavaFX-Launcher" [_thread_blocked, id=5064, stack(0x0000006efea00000,0x0000006efeb00000)]
  0x000001b021804a80 JavaThread "Prism Font Disposer" daemon [_thread_blocked, id=8844, stack(0x0000006efef00000,0x0000006eff000000)]
  0x000001b021804f50 JavaThread "Cleaner-0" daemon [_thread_blocked, id=2088, stack(0x0000006eff010000,0x0000006eff110000)]
  0x000001b021805420 JavaThread "SIGINT handler" daemon [_thread_blocked, id=9132, stack(0x0000006eff120000,0x0000006eff220000)]

Other Threads:
=>0x000001b07f6b6290 VMThread "VM Thread" [stack: 0x0000006efd300000,0x0000006efd400000] [id=10844]
  0x000001b07f6988e0 WorkerThread "GC Thread#0" [stack: 0x0000006efce00000,0x0000006efcf00000] [id=12912]
  0x000001b02171f320 WorkerThread "GC Thread#1" [stack: 0x0000006efde00000,0x0000006efdf00000] [id=8284]
  0x000001b021ad2b80 WorkerThread "GC Thread#2" [stack: 0x0000006efe200000,0x0000006efe300000] [id=4924]
  0x000001b021b4fee0 WorkerThread "GC Thread#3" [stack: 0x0000006efe300000,0x0000006efe400000] [id=10232]
  0x000001b07f6aa660 ConcurrentGCThread "G1 Main Marker" terminated
  0x000001b07f6ab7f0 WorkerThread "G1 Conc#0" [stack: 0x0000006efd000000,0x0000006efd100000] [id=9656]
  0x000001b07f6ee330 ConcurrentGCThread "G1 Refine#0" terminated
  0x000001b07f6eec40 ConcurrentGCThread "G1 Service" terminated

Threads with active compile tasks:
C1 CompilerThread0  
[error occurred during error reporting (printing all threads), id 0xc0000005, EXCEPTION_ACCESS_VIOLATION (0xc0000005) at pc=0x00007ffe82c2e8a3]

VM state: at safepoint (shutting down)

VM Mutex/Monitor currently owned by a thread:  ([mutex/lock_event])
[0x000001b07f634d80] Threads_lock - owner thread: 0x000001b07f6b6290
[0x000001b07f634e10] Heap_lock - owner thread: 0x000001b021805420

Heap address: 0x0000000080e00000, size: 2034 MB, Compressed Oops mode: 32-bit

CDS archive(s) mapped at: [0x0000000800000000-0x0000000800ba0000-0x0000000800ba0000), size 12189696, SharedBaseAddress: 0x0000000800000000, ArchiveRelocationMode: 0.
Compressed class space mapped at: 0x0000000800c00000-0x0000000840c00000, reserved size: 1073741824
Narrow klass base: 0x0000000800000000, Narrow klass shift: 0, Narrow klass range: 0x100000000

GC Precious Log:
 CardTable entry size: 512
 Card Set container configuration: InlinePtr #cards 5 size 8 Array Of Cards #cards 12 size 40 Howl #buckets 4 coarsen threshold 1843 Howl Bitmap #cards 512 size 80 coarsen threshold 460 Card regions per heap region 1 cards per card region 2048
 CPUs: 4 total, 4 available
 Memory: 8128M
 Large Page Support: Disabled
 NUMA Support: Disabled
 Compressed Oops: Enabled (32-bit)
 Heap Region Size: 1M
 Heap Min Capacity: 8M
 Heap Initial Capacity: 128M
 Heap Max Capacity: 2034M
 Pre-touch: Disabled
 Parallel Workers: 4
 Concurrent Workers: 1
 Concurrent Refinement Workers: 4
 Periodic GC: Disabled

Heap:
 garbage-first heap   total 131072K, used 41597K [0x0000000080e00000, 0x0000000100000000)
  region size 1024K, 38 young (38912K), 3 survivors (3072K)
 Metaspace       used 16233K, committed 16640K, reserved 1114112K
  class space    used 2227K, committed 2432K, reserved 1048576K

Heap Regions: E=young(eden), S=young(survivor), O=old, HS=humongous(starts), HC=humongous(continues), CS=collection set, F=free, OA=open archive, CA=closed archive, TAMS=top-at-mark-start (previous, next)
|   0|0x0000000080e00000, 0x0000000080f00000, 0x0000000080f00000|100%| O|  |TAMS 0x0000000080e00000, 0x0000000080e00000| Untracked 
|   1|0x0000000080f00000, 0x0000000080fc3600, 0x0000000081000000| 76%| O|  |TAMS 0x0000000080f00000, 0x0000000080f00000| Untracked 
|   2|0x0000000081000000, 0x0000000081100000, 0x0000000081100000|100%|HS|  |TAMS 0x0000000081000000, 0x0000000081000000| Complete 
|   3|0x0000000081100000, 0x0000000081200000, 0x0000000081200000|100%|HC|  |TAMS 0x0000000081100000, 0x0000000081100000| Complete 
|   4|0x0000000081200000, 0x0000000081200000, 0x0000000081300000|  0%| F|  |TAMS 0x0000000081200000, 0x0000000081200000| Untracked 
|   5|0x0000000081300000, 0x0000000081300000, 0x0000000081400000|  0%| F|  |TAMS 0x0000000081300000, 0x0000000081300000| Untracked 
|   6|0x0000000081400000, 0x0000000081400000, 0x0000000081500000|  0%| F|  |TAMS 0x0000000081400000, 0x0000000081400000| Untracked 
|   7|0x0000000081500000, 0x0000000081500000, 0x0000000081600000|  0%| F|  |TAMS 0x0000000081500000, 0x0000000081500000| Untracked 
|   8|0x0000000081600000, 0x0000000081600000, 0x0000000081700000|  0%| F|  |TAMS 0x0000000081600000, 0x0000000081600000| Untracked 
|   9|0x0000000081700000, 0x0000000081700000, 0x0000000081800000|  0%| F|  |TAMS 0x0000000081700000, 0x0000000081700000| Untracked 
|  10|0x0000000081800000, 0x0000000081800000, 0x0000000081900000|  0%| F|  |TAMS 0x0000000081800000, 0x0000000081800000| Untracked 
|  11|0x0000000081900000, 0x0000000081900000, 0x0000000081a00000|  0%| F|  |TAMS 0x0000000081900000, 0x0000000081900000| Untracked 
|  12|0x0000000081a00000, 0x0000000081a00000, 0x0000000081b00000|  0%| F|  |TAMS 0x0000000081a00000, 0x0000000081a00000| Untracked 
|  13|0x0000000081b00000, 0x0000000081b00000, 0x0000000081c00000|  0%| F|  |TAMS 0x0000000081b00000, 0x0000000081b00000| Untracked 
|  14|0x0000000081c00000, 0x0000000081c00000, 0x0000000081d00000|  0%| F|  |TAMS 0x0000000081c00000, 0x0000000081c00000| Untracked 
|  15|0x0000000081d00000, 0x0000000081d00000, 0x0000000081e00000|  0%| F|  |TAMS 0x0000000081d00000, 0x0000000081d00000| Untracked 
|  16|0x0000000081e00000, 0x0000000081e00000, 0x0000000081f00000|  0%| F|  |TAMS 0x0000000081e00000, 0x0000000081e00000| Untracked 
|  17|0x0000000081f00000, 0x0000000081f00000, 0x0000000082000000|  0%| F|  |TAMS 0x0000000081f00000, 0x0000000081f00000| Untracked 
|  18|0x0000000082000000, 0x0000000082000000, 0x0000000082100000|  0%| F|  |TAMS 0x0000000082000000, 0x0000000082000000| Untracked 
|  19|0x0000000082100000, 0x0000000082100000, 0x0000000082200000|  0%| F|  |TAMS 0x0000000082100000, 0x0000000082100000| Untracked 
|  20|0x0000000082200000, 0x0000000082200000, 0x0000000082300000|  0%| F|  |TAMS 0x0000000082200000, 0x0000000082200000| Untracked 
|  21|0x0000000082300000, 0x0000000082300000, 0x0000000082400000|  0%| F|  |TAMS 0x0000000082300000, 0x0000000082300000| Untracked 
|  22|0x0000000082400000, 0x0000000082400000, 0x0000000082500000|  0%| F|  |TAMS 0x0000000082400000, 0x0000000082400000| Untracked 
|  23|0x0000000082500000, 0x0000000082500000, 0x0000000082600000|  0%| F|  |TAMS 0x0000000082500000, 0x0000000082500000| Untracked 
|  24|0x0000000082600000, 0x0000000082600000, 0x0000000082700000|  0%| F|  |TAMS 0x0000000082600000, 0x0000000082600000| Untracked 
|  25|0x0000000082700000, 0x0000000082700000, 0x0000000082800000|  0%| F|  |TAMS 0x0000000082700000, 0x0000000082700000| Untracked 
|  26|0x0000000082800000, 0x0000000082800000, 0x0000000082900000|  0%| F|  |TAMS 0x0000000082800000, 0x0000000082800000| Untracked 
|  27|0x0000000082900000, 0x0000000082900000, 0x0000000082a00000|  0%| F|  |TAMS 0x0000000082900000, 0x0000000082900000| Untracked 
|  28|0x0000000082a00000, 0x0000000082a00000, 0x0000000082b00000|  0%| F|  |TAMS 0x0000000082a00000, 0x0000000082a00000| Untracked 
|  29|0x0000000082b00000, 0x0000000082b00000, 0x0000000082c00000|  0%| F|  |TAMS 0x0000000082b00000, 0x0000000082b00000| Untracked 
|  30|0x0000000082c00000, 0x0000000082c00000, 0x0000000082d00000|  0%| F|  |TAMS 0x0000000082c00000, 0x0000000082c00000| Untracked 
|  31|0x0000000082d00000, 0x0000000082d00000, 0x0000000082e00000|  0%| F|  |TAMS 0x0000000082d00000, 0x0000000082d00000| Untracked 
|  32|0x0000000082e00000, 0x0000000082e00000, 0x0000000082f00000|  0%| F|  |TAMS 0x0000000082e00000, 0x0000000082e00000| Untracked 
|  33|0x0000000082f00000, 0x0000000082f00000, 0x0000000083000000|  0%| F|  |TAMS 0x0000000082f00000, 0x0000000082f00000| Untracked 
|  34|0x0000000083000000, 0x0000000083000000, 0x0000000083100000|  0%| F|  |TAMS 0x0000000083000000, 0x0000000083000000| Untracked 
|  35|0x0000000083100000, 0x0000000083100000, 0x0000000083200000|  0%| F|  |TAMS 0x0000000083100000, 0x0000000083100000| Untracked 
|  36|0x0000000083200000, 0x0000000083200000, 0x0000000083300000|  0%| F|  |TAMS 0x0000000083200000, 0x0000000083200000| Untracked 
|  37|0x0000000083300000, 0x0000000083300000, 0x0000000083400000|  0%| F|  |TAMS 0x0000000083300000, 0x0000000083300000| Untracked 
|  38|0x0000000083400000, 0x0000000083400000, 0x0000000083500000|  0%| F|  |TAMS 0x0000000083400000, 0x0000000083400000| Untracked 
|  39|0x0000000083500000, 0x0000000083500000, 0x0000000083600000|  0%| F|  |TAMS 0x0000000083500000, 0x0000000083500000| Untracked 
|  40|0x0000000083600000, 0x0000000083600000, 0x0000000083700000|  0%| F|  |TAMS 0x0000000083600000, 0x0000000083600000| Untracked 
|  41|0x0000000083700000, 0x0000000083700000, 0x0000000083800000|  0%| F|  |TAMS 0x0000000083700000, 0x0000000083700000| Untracked 
|  42|0x0000000083800000, 0x0000000083800000, 0x0000000083900000|  0%| F|  |TAMS 0x0000000083800000, 0x0000000083800000| Untracked 
|  43|0x0000000083900000, 0x0000000083900000, 0x0000000083a00000|  0%| F|  |TAMS 0x0000000083900000, 0x0000000083900000| Untracked 
|  44|0x0000000083a00000, 0x0000000083a00000, 0x0000000083b00000|  0%| F|  |TAMS 0x0000000083a00000, 0x0000000083a00000| Untracked 
|  45|0x0000000083b00000, 0x0000000083b00000, 0x0000000083c00000|  0%| F|  |TAMS 0x0000000083b00000, 0x0000000083b00000| Untracked 
|  46|0x0000000083c00000, 0x0000000083c00000, 0x0000000083d00000|  0%| F|  |TAMS 0x0000000083c00000, 0x0000000083c00000| Untracked 
|  47|0x0000000083d00000, 0x0000000083d00000, 0x0000000083e00000|  0%| F|  |TAMS 0x0000000083d00000, 0x0000000083d00000| Untracked 
|  48|0x0000000083e00000, 0x0000000083e00000, 0x0000000083f00000|  0%| F|  |TAMS 0x0000000083e00000, 0x0000000083e00000| Untracked 
|  49|0x0000000083f00000, 0x0000000083f00000, 0x0000000084000000|  0%| F|  |TAMS 0x0000000083f00000, 0x0000000083f00000| Untracked 
|  50|0x0000000084000000, 0x0000000084000000, 0x0000000084100000|  0%| F|  |TAMS 0x0000000084000000, 0x0000000084000000| Untracked 
|  51|0x0000000084100000, 0x0000000084100000, 0x0000000084200000|  0%| F|  |TAMS 0x0000000084100000, 0x0000000084100000| Untracked 
|  52|0x0000000084200000, 0x0000000084200000, 0x0000000084300000|  0%| F|  |TAMS 0x0000000084200000, 0x0000000084200000| Untracked 
|  53|0x0000000084300000, 0x0000000084300000, 0x0000000084400000|  0%| F|  |TAMS 0x0000000084300000, 0x0000000084300000| Untracked 
|  54|0x0000000084400000, 0x0000000084400000, 0x0000000084500000|  0%| F|  |TAMS 0x0000000084400000, 0x0000000084400000| Untracked 
|  55|0x0000000084500000, 0x0000000084500000, 0x0000000084600000|  0%| F|  |TAMS 0x0000000084500000, 0x0000000084500000| Untracked 
|  56|0x0000000084600000, 0x0000000084600000, 0x0000000084700000|  0%| F|  |TAMS 0x0000000084600000, 0x0000000084600000| Untracked 
|  57|0x0000000084700000, 0x0000000084700000, 0x0000000084800000|  0%| F|  |TAMS 0x0000000084700000, 0x0000000084700000| Untracked 
|  58|0x0000000084800000, 0x0000000084800000, 0x0000000084900000|  0%| F|  |TAMS 0x0000000084800000, 0x0000000084800000| Untracked 
|  59|0x0000000084900000, 0x0000000084900000, 0x0000000084a00000|  0%| F|  |TAMS 0x0000000084900000, 0x0000000084900000| Untracked 
|  60|0x0000000084a00000, 0x0000000084a00000, 0x0000000084b00000|  0%| F|  |TAMS 0x0000000084a00000, 0x0000000084a00000| Untracked 
|  61|0x0000000084b00000, 0x0000000084b00000, 0x0000000084c00000|  0%| F|  |TAMS 0x0000000084b00000, 0x0000000084b00000| Untracked 
|  62|0x0000000084c00000, 0x0000000084c00000, 0x0000000084d00000|  0%| F|  |TAMS 0x0000000084c00000, 0x0000000084c00000| Untracked 
|  63|0x0000000084d00000, 0x0000000084d00000, 0x0000000084e00000|  0%| F|  |TAMS 0x0000000084d00000, 0x0000000084d00000| Untracked 
|  64|0x0000000084e00000, 0x0000000084e00000, 0x0000000084f00000|  0%| F|  |TAMS 0x0000000084e00000, 0x0000000084e00000| Untracked 
|  65|0x0000000084f00000, 0x0000000084f00000, 0x0000000085000000|  0%| F|  |TAMS 0x0000000084f00000, 0x0000000084f00000| Untracked 
|  66|0x0000000085000000, 0x0000000085000000, 0x0000000085100000|  0%| F|  |TAMS 0x0000000085000000, 0x0000000085000000| Untracked 
|  67|0x0000000085100000, 0x0000000085100000, 0x0000000085200000|  0%| F|  |TAMS 0x0000000085100000, 0x0000000085100000| Untracked 
|  68|0x0000000085200000, 0x0000000085200000, 0x0000000085300000|  0%| F|  |TAMS 0x0000000085200000, 0x0000000085200000| Untracked 
|  69|0x0000000085300000, 0x0000000085300000, 0x0000000085400000|  0%| F|  |TAMS 0x0000000085300000, 0x0000000085300000| Untracked 
|  70|0x0000000085400000, 0x0000000085400000, 0x0000000085500000|  0%| F|  |TAMS 0x0000000085400000, 0x0000000085400000| Untracked 
|  71|0x0000000085500000, 0x0000000085500000, 0x0000000085600000|  0%| F|  |TAMS 0x0000000085500000, 0x0000000085500000| Untracked 
|  72|0x0000000085600000, 0x0000000085600000, 0x0000000085700000|  0%| F|  |TAMS 0x0000000085600000, 0x0000000085600000| Untracked 
|  73|0x0000000085700000, 0x0000000085700000, 0x0000000085800000|  0%| F|  |TAMS 0x0000000085700000, 0x0000000085700000| Untracked 
|  74|0x0000000085800000, 0x0000000085800000, 0x0000000085900000|  0%| F|  |TAMS 0x0000000085800000, 0x0000000085800000| Untracked 
|  75|0x0000000085900000, 0x0000000085900000, 0x0000000085a00000|  0%| F|  |TAMS 0x0000000085900000, 0x0000000085900000| Untracked 
|  76|0x0000000085a00000, 0x0000000085a00000, 0x0000000085b00000|  0%| F|  |TAMS 0x0000000085a00000, 0x0000000085a00000| Untracked 
|  77|0x0000000085b00000, 0x0000000085b00000, 0x0000000085c00000|  0%| F|  |TAMS 0x0000000085b00000, 0x0000000085b00000| Untracked 
|  78|0x0000000085c00000, 0x0000000085c00000, 0x0000000085d00000|  0%| F|  |TAMS 0x0000000085c00000, 0x0000000085c00000| Untracked 
|  79|0x0000000085d00000, 0x0000000085d00000, 0x0000000085e00000|  0%| F|  |TAMS 0x0000000085d00000, 0x0000000085d00000| Untracked 
|  80|0x0000000085e00000, 0x0000000085e00000, 0x0000000085f00000|  0%| F|  |TAMS 0x0000000085e00000, 0x0000000085e00000| Untracked 
|  81|0x0000000085f00000, 0x0000000085f00000, 0x0000000086000000|  0%| F|  |TAMS 0x0000000085f00000, 0x0000000085f00000| Untracked 
|  82|0x0000000086000000, 0x0000000086000000, 0x0000000086100000|  0%| F|  |TAMS 0x0000000086000000, 0x0000000086000000| Untracked 
|  83|0x0000000086100000, 0x0000000086100000, 0x0000000086200000|  0%| F|  |TAMS 0x0000000086100000, 0x0000000086100000| Untracked 
|  84|0x0000000086200000, 0x0000000086200000, 0x0000000086300000|  0%| F|  |TAMS 0x0000000086200000, 0x0000000086200000| Untracked 
|  85|0x0000000086300000, 0x0000000086300000, 0x0000000086400000|  0%| F|  |TAMS 0x0000000086300000, 0x0000000086300000| Untracked 
|  86|0x0000000086400000, 0x0000000086400000, 0x0000000086500000|  0%| F|  |TAMS 0x0000000086400000, 0x0000000086400000| Untracked 
|  87|0x0000000086500000, 0x0000000086500000, 0x0000000086600000|  0%| F|  |TAMS 0x0000000086500000, 0x0000000086500000| Untracked 
|  88|0x0000000086600000, 0x0000000086600000, 0x0000000086700000|  0%| F|  |TAMS 0x0000000086600000, 0x0000000086600000| Untracked 
|  89|0x0000000086700000, 0x0000000086700000, 0x0000000086800000|  0%| F|  |TAMS 0x0000000086700000, 0x0000000086700000| Untracked 
|  90|0x0000000086800000, 0x0000000086900000, 0x0000000086900000|100%| E|  |TAMS 0x0000000086800000, 0x0000000086800000| Complete 
|  91|0x0000000086900000, 0x0000000086a00000, 0x0000000086a00000|100%| E|CS|TAMS 0x0000000086900000, 0x0000000086900000| Complete 
|  92|0x0000000086a00000, 0x0000000086b00000, 0x0000000086b00000|100%| E|CS|TAMS 0x0000000086a00000, 0x0000000086a00000| Complete 
|  93|0x0000000086b00000, 0x0000000086c00000, 0x0000000086c00000|100%| E|CS|TAMS 0x0000000086b00000, 0x0000000086b00000| Complete 
|  94|0x0000000086c00000, 0x0000000086d00000, 0x0000000086d00000|100%| E|CS|TAMS 0x0000000086c00000, 0x0000000086c00000| Complete 
|  95|0x0000000086d00000, 0x0000000086e00000, 0x0000000086e00000|100%| E|CS|TAMS 0x0000000086d00000, 0x0000000086d00000| Complete 
|  96|0x0000000086e00000, 0x0000000086f00000, 0x0000000086f00000|100%| E|CS|TAMS 0x0000000086e00000, 0x0000000086e00000| Complete 
|  97|0x0000000086f00000, 0x0000000087000000, 0x0000000087000000|100%| E|CS|TAMS 0x0000000086f00000, 0x0000000086f00000| Complete 
|  98|0x0000000087000000, 0x0000000087100000, 0x0000000087100000|100%| E|CS|TAMS 0x0000000087000000, 0x0000000087000000| Complete 
|  99|0x0000000087100000, 0x0000000087200000, 0x0000000087200000|100%| E|CS|TAMS 0x0000000087100000, 0x0000000087100000| Complete 
| 100|0x0000000087200000, 0x0000000087300000, 0x0000000087300000|100%| E|CS|TAMS 0x0000000087200000, 0x0000000087200000| Complete 
| 101|0x0000000087300000, 0x0000000087400000, 0x0000000087400000|100%| E|CS|TAMS 0x0000000087300000, 0x0000000087300000| Complete 
| 102|0x0000000087400000, 0x0000000087500000, 0x0000000087500000|100%| E|CS|TAMS 0x0000000087400000, 0x0000000087400000| Complete 
| 103|0x0000000087500000, 0x0000000087600000, 0x0000000087600000|100%| E|CS|TAMS 0x0000000087500000, 0x0000000087500000| Complete 
| 104|0x0000000087600000, 0x0000000087700000, 0x0000000087700000|100%| E|CS|TAMS 0x0000000087600000, 0x0000000087600000| Complete 
| 105|0x0000000087700000, 0x0000000087800000, 0x0000000087800000|100%| E|CS|TAMS 0x0000000087700000, 0x0000000087700000| Complete 
| 106|0x0000000087800000, 0x00000000878dbf48, 0x0000000087900000| 85%| S|CS|TAMS 0x0000000087800000, 0x0000000087800000| Complete 
| 107|0x0000000087900000, 0x0000000087a00000, 0x0000000087a00000|100%| S|CS|TAMS 0x0000000087900000, 0x0000000087900000| Complete 
| 108|0x0000000087a00000, 0x0000000087b00000, 0x0000000087b00000|100%| S|CS|TAMS 0x0000000087a00000, 0x0000000087a00000| Complete 
| 109|0x0000000087b00000, 0x0000000087c00000, 0x0000000087c00000|100%| E|CS|TAMS 0x0000000087b00000, 0x0000000087b00000| Complete 
| 110|0x0000000087c00000, 0x0000000087d00000, 0x0000000087d00000|100%| E|CS|TAMS 0x0000000087c00000, 0x0000000087c00000| Complete 
| 111|0x0000000087d00000, 0x0000000087e00000, 0x0000000087e00000|100%| E|CS|TAMS 0x0000000087d00000, 0x0000000087d00000| Complete 
| 112|0x0000000087e00000, 0x0000000087f00000, 0x0000000087f00000|100%| E|CS|TAMS 0x0000000087e00000, 0x0000000087e00000| Complete 
| 113|0x0000000087f00000, 0x0000000088000000, 0x0000000088000000|100%| E|CS|TAMS 0x0000000087f00000, 0x0000000087f00000| Complete 
| 114|0x0000000088000000, 0x0000000088100000, 0x0000000088100000|100%| E|CS|TAMS 0x0000000088000000, 0x0000000088000000| Complete 
| 115|0x0000000088100000, 0x0000000088200000, 0x0000000088200000|100%| E|CS|TAMS 0x0000000088100000, 0x0000000088100000| Complete 
| 116|0x0000000088200000, 0x0000000088300000, 0x0000000088300000|100%| E|CS|TAMS 0x0000000088200000, 0x0000000088200000| Complete 
| 117|0x0000000088300000, 0x0000000088400000, 0x0000000088400000|100%| E|CS|TAMS 0x0000000088300000, 0x0000000088300000| Complete 
| 118|0x0000000088400000, 0x0000000088500000, 0x0000000088500000|100%| E|CS|TAMS 0x0000000088400000, 0x0000000088400000| Complete 
| 119|0x0000000088500000, 0x0000000088600000, 0x0000000088600000|100%| E|CS|TAMS 0x0000000088500000, 0x0000000088500000| Complete 
| 120|0x0000000088600000, 0x0000000088700000, 0x0000000088700000|100%| E|CS|TAMS 0x0000000088600000, 0x0000000088600000| Complete 
| 121|0x0000000088700000, 0x0000000088800000, 0x0000000088800000|100%| E|CS|TAMS 0x0000000088700000, 0x0000000088700000| Complete 
| 122|0x0000000088800000, 0x0000000088900000, 0x0000000088900000|100%| E|CS|TAMS 0x0000000088800000, 0x0000000088800000| Complete 
| 123|0x0000000088900000, 0x0000000088a00000, 0x0000000088a00000|100%| E|CS|TAMS 0x0000000088900000, 0x0000000088900000| Complete 
| 124|0x0000000088a00000, 0x0000000088b00000, 0x0000000088b00000|100%| E|CS|TAMS 0x0000000088a00000, 0x0000000088a00000| Complete 
| 125|0x0000000088b00000, 0x0000000088c00000, 0x0000000088c00000|100%| E|CS|TAMS 0x0000000088b00000, 0x0000000088b00000| Complete 
| 126|0x0000000088c00000, 0x0000000088d00000, 0x0000000088d00000|100%| E|CS|TAMS 0x0000000088c00000, 0x0000000088c00000| Complete 
| 127|0x0000000088d00000, 0x0000000088e00000, 0x0000000088e00000|100%| E|CS|TAMS 0x0000000088d00000, 0x0000000088d00000| Complete 

Card table byte_map: [0x000001b07fb00000,0x000001b07ff00000] _byte_map_base: 0x000001b07f6f9000

Marking Bits (Prev, Next): (CMBitMap*) 0x000001b07f699ef0, (CMBitMap*) 0x000001b07f699f30
 Prev Bits: [0x000001b016c70000, 0x000001b018c38000)
 Next Bits: [0x000001b018c40000, 0x000001b01ac08000)

Polling page: 0x000001b07d630000

Metaspace:

Usage:
  Non-class:     13.68 MB used.
      Class:      2.17 MB used.
       Both:     15.85 MB used.

Virtual space:
  Non-class space:       64.00 MB reserved,      13.88 MB ( 22%) committed,  1 nodes.
      Class space:        1.00 GB reserved,       2.38 MB ( <1%) committed,  1 nodes.
             Both:        1.06 GB reserved,      16.25 MB (  1%) committed. 

Chunk freelists:
   Non-Class:  1.80 MB
       Class:  1.65 MB
        Both:  3.45 MB

MaxMetaspaceSize: unlimited
CompressedClassSpaceSize: 1.00 GB
Initial GC threshold: 21.00 MB
Current GC threshold: 21.00 MB
CDS: on
MetaspaceReclaimPolicy: balanced
 - commit_granule_bytes: 65536.
 - commit_granule_words: 8192.
 - virtual_space_node_default_size: 8388608.
 - enlarge_chunks_in_place: 1.
 - new_chunks_are_fully_committed: 0.
 - uncommit_free_chunks: 1.
 - use_allocation_guard: 0.


Internal statistics:

num_allocs_failed_limit: 0.
num_arena_births: 368.
num_arena_deaths: 0.
num_vsnodes_births: 2.
num_vsnodes_deaths: 0.
num_space_committed: 260.
num_space_uncommitted: 0.
num_chunks_returned_to_freelist: 0.
num_chunks_taken_from_freelist: 881.
num_chunk_merges: 0.
num_chunk_splits: 594.
num_chunks_enlarged: 444.
num_inconsistent_stats: 0.

CodeHeap 'non-profiled nmethods': size=120000Kb used=929Kb max_used=929Kb free=119070Kb
 bounds [0x000001b00f340000, 0x000001b00f5b0000, 0x000001b016870000]
CodeHeap 'profiled nmethods': size=120000Kb used=4904Kb max_used=4904Kb free=115095Kb
 bounds [0x000001b007e10000, 0x000001b0082e0000, 0x000001b00f340000]
CodeHeap 'non-nmethods': size=5760Kb used=1441Kb max_used=1461Kb free=4318Kb
 bounds [0x000001b007870000, 0x000001b007ae0000, 0x000001b007e10000]
 total_blobs=3505 nmethods=2711 adapters=706
 compilation: enabled
              stopped_count=0, restarted_count=0
 full_count=0

Compilation events (20 events):
Event: 6.488 Thread 0x000001b01d0be5d0 nmethod 2702 0x000001b0082d5a90 code [0x000001b0082d5c60, 0x000001b0082d6058]
Event: 6.528 Thread 0x000001b01d0bdab0 2703       4       com.sun.javafx.scene.NodeHelper::getHelper (59 bytes)
Event: 6.528 Thread 0x000001b01d0bdab0 nmethod 2703 0x000001b00f428110 code [0x000001b00f4282a0, 0x000001b00f428378]
Event: 6.543 Thread 0x000001b01d0be5d0 2704       3       javafx.scene.Node::getViewOrder (19 bytes)
Event: 6.544 Thread 0x000001b01d0be5d0 nmethod 2704 0x000001b0082d6290 code [0x000001b0082d6460, 0x000001b0082d6908]
Event: 6.567 Thread 0x000001b01d0be5d0 2705       3       java.util.AbstractList::iterator (9 bytes)
Event: 6.568 Thread 0x000001b01d0be5d0 nmethod 2705 0x000001b0082d6a90 code [0x000001b0082d6c40, 0x000001b0082d6ed8]
Event: 6.747 Thread 0x000001b01d0be5d0 2706       3       com.sun.javafx.collections.VetoableListDecorator$VetoableIteratorDecorator::next (31 bytes)
Event: 6.748 Thread 0x000001b01d0be5d0 nmethod 2706 0x000001b0082d7010 code [0x000001b0082d71e0, 0x000001b0082d75f8]
Event: 6.752 Thread 0x000001b01d0be5d0 2707       3       com.sun.javafx.stage.WindowCloseRequestHandler::dispatchBubblingEvent (23 bytes)
Event: 6.752 Thread 0x000001b01d0be5d0 nmethod 2707 0x000001b0082d7810 code [0x000001b0082d79e0, 0x000001b0082d7db8]
Event: 6.752 Thread 0x000001b01d0be5d0 2708       3       com.sun.javafx.event.BasicEventDispatcher::dispatchBubblingEvent (2 bytes)
Event: 6.752 Thread 0x000001b01d0be5d0 nmethod 2708 0x000001b0082d7f10 code [0x000001b0082d80a0, 0x000001b0082d81b8]
Event: 7.859 Thread 0x000001b01d0be5d0 2709       3       java.lang.invoke.MethodHandles$Lookup::resolveOrFail (44 bytes)
Event: 7.860 Thread 0x000001b01d0be5d0 nmethod 2709 0x000001b0082d8290 code [0x000001b0082d8540, 0x000001b0082d9208]
Event: 7.860 Thread 0x000001b01d0be5d0 2711       3       jdk.internal.org.objectweb.asm.FieldWriter::<init> (69 bytes)
Event: 7.860 Thread 0x000001b01d0be5d0 nmethod 2711 0x000001b0082d9690 code [0x000001b0082d9880, 0x000001b0082d9c48]
Event: 7.860 Thread 0x000001b01d0be5d0 2712       3       jdk.internal.org.objectweb.asm.FieldVisitor::<init> (7 bytes)
Event: 7.860 Thread 0x000001b01d0be5d0 nmethod 2712 0x000001b0082d9e90 code [0x000001b0082da040, 0x000001b0082da188]
Event: 7.860 Thread 0x000001b01d0be5d0 2713       3       jdk.internal.org.objectweb.asm.FieldVisitor::<init> (88 bytes)

GC Heap History (4 events):
Event: 0.595 GC heap before
{Heap before GC invocations=0 (full 0):
 garbage-first heap   total 131072K, used 13312K [0x0000000080e00000, 0x0000000100000000)
  region size 1024K, 13 young (13312K), 0 survivors (0K)
 Metaspace       used 2584K, committed 2752K, reserved 1114112K
  class space    used 275K, committed 384K, reserved 1048576K
}
Event: 0.598 GC heap after
{Heap after GC invocations=1 (full 0):
 garbage-first heap   total 131072K, used 1901K [0x0000000080e00000, 0x0000000100000000)
  region size 1024K, 2 young (2048K), 2 survivors (2048K)
 Metaspace       used 2584K, committed 2752K, reserved 1114112K
  class space    used 275K, committed 384K, reserved 1048576K
}
Event: 1.065 GC heap before
{Heap before GC invocations=1 (full 0):
 garbage-first heap   total 131072K, used 18285K [0x0000000080e00000, 0x0000000100000000)
  region size 1024K, 19 young (19456K), 2 survivors (2048K)
 Metaspace       used 7974K, committed 8192K, reserved 1114112K
  class space    used 988K, committed 1088K, reserved 1048576K
}
Event: 1.071 GC heap after
{Heap after GC invocations=2 (full 0):
 garbage-first heap   total 131072K, used 4733K [0x0000000080e00000, 0x0000000100000000)
  region size 1024K, 3 young (3072K), 3 survivors (3072K)
 Metaspace       used 7974K, committed 8192K, reserved 1114112K
  class space    used 988K, committed 1088K, reserved 1048576K
}

Deoptimization events (20 events):
Event: 4.605 Thread 0x000001b021ba9a40 DEOPT PACKING pc=0x000001b008246d24 sp=0x0000006efe7fc6b0
Event: 4.605 Thread 0x000001b021ba9a40 DEOPT UNPACKING pc=0x000001b0078c2b43 sp=0x0000006efe7fbbb8 mode 0
Event: 4.645 Thread 0x000001b021ba9a40 Uncommon trap: trap_request=0xffffffbe fr.pc=0x000001b00f418ab0 relative=0x0000000000000410
Event: 4.645 Thread 0x000001b021ba9a40 Uncommon trap: reason=profile_predicate action=maybe_recompile pc=0x000001b00f418ab0 method=jdk.internal.jimage.ImageStringsReader.unmaskedHashCode(Ljava/lang/String;I)I @ 13 c2
Event: 4.645 Thread 0x000001b021ba9a40 DEOPT PACKING pc=0x000001b00f418ab0 sp=0x0000006efe7f6490
Event: 4.645 Thread 0x000001b021ba9a40 DEOPT UNPACKING pc=0x000001b0078c23a3 sp=0x0000006efe7f63f8 mode 2
Event: 4.645 Thread 0x000001b021ba9a40 Uncommon trap: trap_request=0xffffffbe fr.pc=0x000001b00f418ab0 relative=0x0000000000000410
Event: 4.645 Thread 0x000001b021ba9a40 Uncommon trap: reason=profile_predicate action=maybe_recompile pc=0x000001b00f418ab0 method=jdk.internal.jimage.ImageStringsReader.unmaskedHashCode(Ljava/lang/String;I)I @ 13 c2
Event: 4.645 Thread 0x000001b021ba9a40 DEOPT PACKING pc=0x000001b00f418ab0 sp=0x0000006efe7f6490
Event: 4.645 Thread 0x000001b021ba9a40 DEOPT UNPACKING pc=0x000001b0078c23a3 sp=0x0000006efe7f63f8 mode 2
Event: 4.645 Thread 0x000001b021ba9a40 Uncommon trap: trap_request=0xffffffbe fr.pc=0x000001b00f418ab0 relative=0x0000000000000410
Event: 4.645 Thread 0x000001b021ba9a40 Uncommon trap: reason=profile_predicate action=maybe_recompile pc=0x000001b00f418ab0 method=jdk.internal.jimage.ImageStringsReader.unmaskedHashCode(Ljava/lang/String;I)I @ 13 c2
Event: 4.645 Thread 0x000001b021ba9a40 DEOPT PACKING pc=0x000001b00f418ab0 sp=0x0000006efe7f6490
Event: 4.645 Thread 0x000001b021ba9a40 DEOPT UNPACKING pc=0x000001b0078c23a3 sp=0x0000006efe7f63f8 mode 2
Event: 4.645 Thread 0x000001b021ba9a40 Uncommon trap: trap_request=0xffffffbe fr.pc=0x000001b00f418ab0 relative=0x0000000000000410
Event: 4.645 Thread 0x000001b021ba9a40 Uncommon trap: reason=profile_predicate action=maybe_recompile pc=0x000001b00f418ab0 method=jdk.internal.jimage.ImageStringsReader.unmaskedHashCode(Ljava/lang/String;I)I @ 13 c2
Event: 4.645 Thread 0x000001b021ba9a40 DEOPT PACKING pc=0x000001b00f418ab0 sp=0x0000006efe7f6490
Event: 4.645 Thread 0x000001b021ba9a40 DEOPT UNPACKING pc=0x000001b0078c23a3 sp=0x0000006efe7f63f8 mode 2
Event: 5.307 Thread 0x000001b021b0dba0 DEOPT PACKING pc=0x000001b008141d6b sp=0x0000006efe4fdff0
Event: 5.307 Thread 0x000001b021b0dba0 DEOPT UNPACKING pc=0x000001b0078c2b43 sp=0x0000006efe4fd3b8 mode 0

Classes loaded (20 events):
Event: 4.580 Loading class sun/nio/fs/WindowsChannelFactory$2
Event: 4.580 Loading class sun/nio/fs/WindowsChannelFactory$2 done
Event: 4.581 Loading class java/nio/file/StandardCopyOption
Event: 4.581 Loading class java/nio/file/StandardCopyOption done
Event: 4.581 Loading class sun/nio/ch/ChannelOutputStream
Event: 4.581 Loading class sun/nio/ch/ChannelOutputStream done
Event: 4.591 Loading class java/io/DeleteOnExitHook
Event: 4.592 Loading class java/io/DeleteOnExitHook done
Event: 4.592 Loading class java/io/DeleteOnExitHook$1
Event: 4.592 Loading class java/io/DeleteOnExitHook$1 done
Event: 4.648 Loading class java/io/StringReader
Event: 4.648 Loading class java/io/StringReader done
Event: 4.649 Loading class java/util/regex/Pattern$BnM
Event: 4.649 Loading class java/util/regex/Pattern$BnM done
Event: 4.649 Loading class java/util/regex/Pattern$SliceS
Event: 4.649 Loading class java/util/regex/Pattern$SliceS done
Event: 4.656 Loading class sun/invoke/util/VerifyAccess$1
Event: 4.656 Loading class sun/invoke/util/VerifyAccess$1 done
Event: 7.857 Loading class jdk/internal/misc/Signal$1
Event: 7.857 Loading class jdk/internal/misc/Signal$1 done

Classes unloaded (0 events):
No events

Classes redefined (0 events):
No events

Internal exceptions (20 events):
Event: 1.487 Thread 0x000001b021ba9a40 Exception <a 'java/lang/NoSuchMethodError'{0x0000000087c6e070}: 'void java.lang.invoke.DirectMethodHandle$Holder.invokeSpecial(java.lang.Object, java.lang.Object, java.lang.Object, java.lang.Object, java.lang.Object, java.lang.Object)'> (0x0000000087c6e070) 
thrown [s\open\src\hotspot\share\interpreter\linkResolver.cpp, line 766]
Event: 1.522 Thread 0x000001b021ba9a40 Exception <a 'java/lang/NoSuchMethodError'{0x00000000877ff620}: 'int java.lang.invoke.DirectMethodHandle$Holder.invokeSpecial(java.lang.Object, java.lang.Object, int)'> (0x00000000877ff620) 
thrown [s\open\src\hotspot\share\interpreter\linkResolver.cpp, line 766]
Event: 1.558 Thread 0x000001b021ba9a40 Exception <a 'java/lang/NoSuchMethodError'{0x000000008752afe0}: 'java.lang.Object java.lang.invoke.DirectMethodHandle$Holder.newInvokeSpecial(java.lang.Object, java.lang.Object, int)'> (0x000000008752afe0) 
thrown [s\open\src\hotspot\share\interpreter\linkResolver.cpp, line 766]
Event: 1.585 Thread 0x000001b021b0dba0 Exception <a 'java/lang/NoSuchMethodError'{0x00000000875b80a8}: 'int java.lang.invoke.DirectMethodHandle$Holder.invokeStaticInit(java.lang.Object, java.lang.Object)'> (0x00000000875b80a8) 
thrown [s\open\src\hotspot\share\interpreter\linkResolver.cpp, line 766]
Event: 1.590 Thread 0x000001b021ba9a40 Exception <a 'java/lang/NoSuchMethodError'{0x0000000087400888}: 'long java.lang.invoke.DirectMethodHandle$Holder.invokeStatic(java.lang.Object, java.lang.Object, java.lang.Object)'> (0x0000000087400888) 
thrown [s\open\src\hotspot\share\interpreter\linkResolver.cpp, line 766]
Event: 1.591 Thread 0x000001b021ba9a40 Exception <a 'java/lang/NoSuchMethodError'{0x0000000087404028}: 'long java.lang.invoke.DirectMethodHandle$Holder.invokeStaticInit(java.lang.Object, java.lang.Object, java.lang.Object)'> (0x0000000087404028) 
thrown [s\open\src\hotspot\share\interpreter\linkResolver.cpp, line 766]
Event: 1.593 Thread 0x000001b021ba9a40 Exception <a 'java/lang/NoSuchMethodError'{0x000000008741c670}: 'java.lang.Object java.lang.invoke.DirectMethodHandle$Holder.newInvokeSpecial(java.lang.Object, java.lang.Object, long)'> (0x000000008741c670) 
thrown [s\open\src\hotspot\share\interpreter\linkResolver.cpp, line 766]
Event: 1.594 Thread 0x000001b021ba9a40 Exception <a 'java/lang/NoSuchMethodError'{0x00000000874201e8}: 'java.lang.Object java.lang.invoke.Invokers$Holder.linkToTargetMethod(java.lang.Object, long, java.lang.Object)'> (0x00000000874201e8) 
thrown [s\open\src\hotspot\share\interpreter\linkResolver.cpp, line 766]
Event: 4.465 Thread 0x000001b021ba9a40 Exception <a 'sun/nio/fs/WindowsException'{0x00000000870e7b08}> (0x00000000870e7b08) 
thrown [s\open\src\hotspot\share\prims\jni.cpp, line 516]
Event: 4.469 Thread 0x000001b021ba9a40 Exception <a 'sun/nio/fs/WindowsException'{0x0000000086f0bdc8}> (0x0000000086f0bdc8) 
thrown [s\open\src\hotspot\share\prims\jni.cpp, line 516]
Event: 4.472 Thread 0x000001b021ba9a40 Exception <a 'sun/nio/fs/WindowsException'{0x0000000086f167a0}> (0x0000000086f167a0) 
thrown [s\open\src\hotspot\share\prims\jni.cpp, line 516]
Event: 4.512 Thread 0x000001b021ba9a40 Exception <a 'sun/nio/fs/WindowsException'{0x0000000086daada0}> (0x0000000086daada0) 
thrown [s\open\src\hotspot\share\prims\jni.cpp, line 516]
Event: 4.512 Thread 0x000001b021ba9a40 Exception <a 'sun/nio/fs/WindowsException'{0x0000000086dab150}> (0x0000000086dab150) 
thrown [s\open\src\hotspot\share\prims\jni.cpp, line 516]
Event: 4.526 Thread 0x000001b021ba9a40 Exception <a 'java/lang/NoSuchMethodError'{0x0000000086b1b5e8}: 'java.lang.Object java.lang.invoke.DirectMethodHandle$Holder.invokeStaticInit(java.lang.Object, int, int, int, int)'> (0x0000000086b1b5e8) 
thrown [s\open\src\hotspot\share\interpreter\linkResolver.cpp, line 766]
Event: 4.575 Thread 0x000001b021ba9a40 Exception <a 'java/lang/NoSuchMethodError'{0x0000000086bdc078}: 'java.lang.Object java.lang.invoke.DirectMethodHandle$Holder.invokeStaticInit(java.lang.Object, java.lang.Object, int, int, int, int)'> (0x0000000086bdc078) 
thrown [s\open\src\hotspot\share\interpreter\linkResolver.cpp, line 766]
Event: 4.579 Thread 0x000001b021ba9a40 Exception <a 'sun/nio/fs/WindowsException'{0x0000000086be49a8}> (0x0000000086be49a8) 
thrown [s\open\src\hotspot\share\prims\jni.cpp, line 516]
Event: 4.580 Thread 0x000001b021ba9a40 Exception <a 'sun/nio/fs/WindowsException'{0x0000000086bee720}> (0x0000000086bee720) 
thrown [s\open\src\hotspot\share\prims\jni.cpp, line 516]
Event: 4.580 Thread 0x000001b021ba9a40 Exception <a 'sun/nio/fs/WindowsException'{0x0000000086beead0}> (0x0000000086beead0) 
thrown [s\open\src\hotspot\share\prims\jni.cpp, line 516]
Event: 4.581 Thread 0x000001b021ba9a40 Exception <a 'sun/nio/fs/WindowsException'{0x0000000086bf0408}> (0x0000000086bf0408) 
thrown [s\open\src\hotspot\share\prims\jni.cpp, line 516]
Event: 4.657 Thread 0x000001b021ba9a40 Exception <a 'java/lang/NoSuchMethodError'{0x0000000086ab7d48}: 'java.lang.Object java.lang.invoke.DirectMethodHandle$Holder.invokeSpecial(java.lang.Object, java.lang.Object, int, java.lang.Object, long)'> (0x0000000086ab7d48) 
thrown [s\open\src\hotspot\share\interpreter\linkResolver.cpp, line 766]

VM Operations (20 events):
Event: 1.206 Executing VM operation: HandshakeAllThreads done
Event: 1.209 Executing VM operation: HandshakeAllThreads
Event: 1.209 Executing VM operation: HandshakeAllThreads done
Event: 1.554 Executing VM operation: ICBufferFull
Event: 1.554 Executing VM operation: ICBufferFull done
Event: 3.452 Executing VM operation: ICBufferFull
Event: 3.453 Executing VM operation: ICBufferFull done
Event: 4.475 Executing VM operation: HandshakeAllThreads
Event: 4.475 Executing VM operation: HandshakeAllThreads done
Event: 4.475 Executing VM operation: Cleanup
Event: 4.475 Executing VM operation: Cleanup done
Event: 4.529 Executing VM operation: HandshakeAllThreads
Event: 4.529 Executing VM operation: HandshakeAllThreads done
Event: 5.530 Executing VM operation: Cleanup
Event: 5.530 Executing VM operation: Cleanup done
Event: 6.530 Executing VM operation: Cleanup
Event: 6.530 Executing VM operation: Cleanup done
Event: 7.530 Executing VM operation: Cleanup
Event: 7.530 Executing VM operation: Cleanup done
Event: 7.861 Executing VM operation: Exit

Events (20 events):
Event: 0.694 Loaded shared library C:\Users\Евгений\.openjfx\cache\18+12\glass.dll
Event: 0.696 Thread 0x000001b021ba4f90 Thread added: 0x000001b021ba4f90
Event: 0.699 Thread 0x000001b021ba9a40 Thread added: 0x000001b021ba9a40
Event: 0.852 Thread 0x000001b021805dc0 Thread added: 0x000001b021805dc0
Event: 0.857 Thread 0x000001b0218075d0 Thread added: 0x000001b0218075d0
Event: 0.886 Loaded shared library C:\Program Files\Java\jdk-18.0.1\bin\jimage.dll
Event: 1.037 Loaded shared library C:\Users\Евгений\.openjfx\cache\18+12\javafx_font.dll
Event: 1.079 Thread 0x000001b0287a23c0 Thread added: 0x000001b0287a23c0
Event: 1.398 Thread 0x000001b021804a80 Thread added: 0x000001b021804a80
Event: 1.628 Thread 0x000001b021804f50 Thread added: 0x000001b021804f50
Event: 1.908 Thread 0x000001b0287a23c0 Thread exited: 0x000001b0287a23c0
Event: 4.463 Loaded shared library C:\Program Files\Java\jdk-18.0.1\bin\verify.dll
Event: 4.512 Thread 0x000001b028f0e490 Thread added: 0x000001b028f0e490
Event: 4.640 Loaded shared library C:\Users\Евгений\AppData\Local\Temp\sqlite-3.44.1.0-a1d58a94-dd0a-4945-9af2-b26c33c14a8f-sqlitejdbc.dll
Event: 4.928 Thread 0x000001b028f0e490 Thread exited: 0x000001b028f0e490
Event: 7.857 Thread 0x000001b021805420 Thread added: 0x000001b021805420
Event: 7.858 Thread 0x000001b0218058f0 Thread added: 0x000001b0218058f0
Event: 7.858 Thread 0x000001b021807aa0 Thread added: 0x000001b021807aa0
Event: 7.859 Thread 0x000001b021807aa0 Thread exited: 0x000001b021807aa0
Event: 7.860 Thread 0x000001b0218058f0 Thread exited: 0x000001b0218058f0


Dynamic libraries:
0x00007ff64c3b0000 - 0x00007ff64c3c0000 	C:\Program Files\Java\jdk-18.0.1\bin\java.exe
0x00007ffeb43b0000 - 0x00007ffeb45a8000 	C:\Windows\SYSTEM32\ntdll.dll
0x00007ffeb3a20000 - 0x00007ffeb3add000 	C:\Windows\System32\KERNEL32.DLL
0x00007ffeb1c90000 - 0x00007ffeb1f86000 	C:\Windows\System32\KERNELBASE.dll
0x00007ffeb2300000 - 0x00007ffeb2400000 	C:\Windows\System32\ucrtbase.dll
0x00007ffeaef50000 - 0x00007ffeaef6a000 	C:\Program Files\Java\jdk-18.0.1\bin\VCRUNTIME140.dll
0x00007ffeaf310000 - 0x00007ffeaf328000 	C:\Program Files\Java\jdk-18.0.1\bin\jli.dll
0x00007ffeb3330000 - 0x00007ffeb33e3000 	C:\Windows\System32\ADVAPI32.dll
0x00007ffeb3c30000 - 0x00007ffeb3cce000 	C:\Windows\System32\msvcrt.dll
0x00007ffeb3750000 - 0x00007ffeb37ef000 	C:\Windows\System32\sechost.dll
0x00007ffeb3480000 - 0x00007ffeb35a6000 	C:\Windows\System32\RPCRT4.dll
0x00007ffeb1c30000 - 0x00007ffeb1c57000 	C:\Windows\System32\bcrypt.dll
0x00007ffeb35b0000 - 0x00007ffeb374e000 	C:\Windows\System32\USER32.dll
0x00007ffeb1c60000 - 0x00007ffeb1c82000 	C:\Windows\System32\win32u.dll
0x00007ffeb3bf0000 - 0x00007ffeb3c1c000 	C:\Windows\System32\GDI32.dll
0x00007ffeab090000 - 0x00007ffeab32a000 	C:\Windows\WinSxS\amd64_microsoft.windows.common-controls_6595b64144ccf1df_6.0.19041.3636_none_60b6a03d71f818d5\COMCTL32.dll
0x00007ffeb1b10000 - 0x00007ffeb1c2a000 	C:\Windows\System32\gdi32full.dll
0x00007ffeb1f90000 - 0x00007ffeb202d000 	C:\Windows\System32\msvcp_win.dll
0x00007ffeac1f0000 - 0x00007ffeac1fa000 	C:\Windows\SYSTEM32\VERSION.dll
0x00007ffeb3300000 - 0x00007ffeb3330000 	C:\Windows\System32\IMM32.DLL
0x00007ffeaf300000 - 0x00007ffeaf30c000 	C:\Program Files\Java\jdk-18.0.1\bin\vcruntime140_1.dll
0x00007ffe941c0000 - 0x00007ffe9424d000 	C:\Program Files\Java\jdk-18.0.1\bin\msvcp140.dll
0x00007ffe82480000 - 0x00007ffe83090000 	C:\Program Files\Java\jdk-18.0.1\bin\server\jvm.dll
0x00007ffeb3c20000 - 0x00007ffeb3c28000 	C:\Windows\System32\PSAPI.DLL
0x00007ffea7990000 - 0x00007ffea79b7000 	C:\Windows\SYSTEM32\WINMM.dll
0x00007ffea6a60000 - 0x00007ffea6a69000 	C:\Windows\SYSTEM32\WSOCK32.dll
0x00007ffeb37f0000 - 0x00007ffeb385b000 	C:\Windows\System32\WS2_32.dll
0x00007ffeaf950000 - 0x00007ffeaf962000 	C:\Windows\SYSTEM32\kernel.appcore.dll
0x00007ffeaef40000 - 0x00007ffeaef4a000 	C:\Program Files\Java\jdk-18.0.1\bin\jimage.dll
0x00007ffea8b90000 - 0x00007ffea8d74000 	C:\Windows\SYSTEM32\DBGHELP.DLL
0x00007ffea8b50000 - 0x00007ffea8b84000 	C:\Windows\SYSTEM32\dbgcore.DLL
0x00007ffeb1a80000 - 0x00007ffeb1b02000 	C:\Windows\System32\bcryptPrimitives.dll
0x00007ffeab9e0000 - 0x00007ffeab9ee000 	C:\Program Files\Java\jdk-18.0.1\bin\instrument.dll
0x00007ffea1730000 - 0x00007ffea1755000 	C:\Program Files\Java\jdk-18.0.1\bin\java.dll
0x00007ffe890c0000 - 0x00007ffe89196000 	C:\Program Files\Java\jdk-18.0.1\bin\jsvml.dll
0x00007ffeb2590000 - 0x00007ffeb2cd5000 	C:\Windows\System32\SHELL32.dll
0x00007ffeafb50000 - 0x00007ffeb02eb000 	C:\Windows\SYSTEM32\windows.storage.dll
0x00007ffeb3e60000 - 0x00007ffeb41b4000 	C:\Windows\System32\combase.dll
0x00007ffeb1440000 - 0x00007ffeb146d000 	C:\Windows\SYSTEM32\Wldp.dll
0x00007ffeb3950000 - 0x00007ffeb39fd000 	C:\Windows\System32\SHCORE.dll
0x00007ffeb2400000 - 0x00007ffeb2455000 	C:\Windows\System32\shlwapi.dll
0x00007ffeb19b0000 - 0x00007ffeb19d5000 	C:\Windows\SYSTEM32\profapi.dll
0x00007ffeacbc0000 - 0x00007ffeacbd3000 	C:\Program Files\Java\jdk-18.0.1\bin\net.dll
0x00007ffeac9b0000 - 0x00007ffeacaba000 	C:\Windows\SYSTEM32\WINHTTP.dll
0x00007ffeb11a0000 - 0x00007ffeb120a000 	C:\Windows\system32\mswsock.dll
0x00007ffeac040000 - 0x00007ffeac056000 	C:\Program Files\Java\jdk-18.0.1\bin\nio.dll
0x00007ffea8900000 - 0x00007ffea8918000 	C:\Program Files\Java\jdk-18.0.1\bin\zip.dll
0x00007ffe9eef0000 - 0x00007ffe9ef0a000 	C:\Program Files\JetBrains\IntelliJ IDEA Community Edition 2022.1.2\bin\breakgen64.dll
0x000001b01d270000 - 0x000001b01d273000 	C:\Users\Евгений\.openjfx\cache\18+12\api-ms-win-core-console-l1-1-0.dll
0x000001b01d280000 - 0x000001b01d283000 	C:\Users\Евгений\.openjfx\cache\18+12\api-ms-win-core-console-l1-2-0.dll
0x000001b01d290000 - 0x000001b01d293000 	C:\Users\Евгений\.openjfx\cache\18+12\api-ms-win-core-datetime-l1-1-0.dll
0x000001b01d2a0000 - 0x000001b01d2a3000 	C:\Users\Евгений\.openjfx\cache\18+12\api-ms-win-core-debug-l1-1-0.dll
0x000001b01d2b0000 - 0x000001b01d2b3000 	C:\Users\Евгений\.openjfx\cache\18+12\api-ms-win-core-errorhandling-l1-1-0.dll
0x000001b01d2c0000 - 0x000001b01d2c4000 	C:\Users\Евгений\.openjfx\cache\18+12\api-ms-win-core-file-l1-1-0.dll
0x000001b01d2d0000 - 0x000001b01d2d3000 	C:\Users\Евгений\.openjfx\cache\18+12\api-ms-win-core-file-l1-2-0.dll
0x000001b01d2e0000 - 0x000001b01d2e3000 	C:\Users\Евгений\.openjfx\cache\18+12\api-ms-win-core-file-l2-1-0.dll
0x000001b01d2f0000 - 0x000001b01d2f3000 	C:\Users\Евгений\.openjfx\cache\18+12\api-ms-win-core-handle-l1-1-0.dll
0x000001b01d300000 - 0x000001b01d303000 	C:\Users\Евгений\.openjfx\cache\18+12\api-ms-win-core-heap-l1-1-0.dll
0x000001b01d310000 - 0x000001b01d313000 	C:\Users\Евгений\.openjfx\cache\18+12\api-ms-win-core-interlocked-l1-1-0.dll
0x000001b01d320000 - 0x000001b01d323000 	C:\Users\Евгений\.openjfx\cache\18+12\api-ms-win-core-libraryloader-l1-1-0.dll
0x000001b01d330000 - 0x000001b01d333000 	C:\Users\Евгений\.openjfx\cache\18+12\api-ms-win-core-localization-l1-2-0.dll
0x000001b01d340000 - 0x000001b01d343000 	C:\Users\Евгений\.openjfx\cache\18+12\api-ms-win-core-memory-l1-1-0.dll
0x000001b01d350000 - 0x000001b01d353000 	C:\Users\Евгений\.openjfx\cache\18+12\api-ms-win-core-namedpipe-l1-1-0.dll
0x000001b01d360000 - 0x000001b01d363000 	C:\Users\Евгений\.openjfx\cache\18+12\api-ms-win-core-processenvironment-l1-1-0.dll
0x000001b01d370000 - 0x000001b01d373000 	C:\Users\Евгений\.openjfx\cache\18+12\api-ms-win-core-processthreads-l1-1-0.dll
0x000001b01d380000 - 0x000001b01d383000 	C:\Users\Евгений\.openjfx\cache\18+12\api-ms-win-core-processthreads-l1-1-1.dll
0x000001b01d390000 - 0x000001b01d393000 	C:\Users\Евгений\.openjfx\cache\18+12\api-ms-win-core-profile-l1-1-0.dll
0x000001b01d3a0000 - 0x000001b01d3a3000 	C:\Users\Евгений\.openjfx\cache\18+12\api-ms-win-core-rtlsupport-l1-1-0.dll
0x000001b01d3b0000 - 0x000001b01d3b3000 	C:\Users\Евгений\.openjfx\cache\18+12\api-ms-win-core-string-l1-1-0.dll
0x000001b01d3c0000 - 0x000001b01d3c3000 	C:\Users\Евгений\.openjfx\cache\18+12\api-ms-win-core-synch-l1-1-0.dll
0x000001b01d3d0000 - 0x000001b01d3d3000 	C:\Users\Евгений\.openjfx\cache\18+12\api-ms-win-core-synch-l1-2-0.dll
0x000001b01d3e0000 - 0x000001b01d3e3000 	C:\Users\Евгений\.openjfx\cache\18+12\api-ms-win-core-sysinfo-l1-1-0.dll
0x000001b01d3f0000 - 0x000001b01d3f3000 	C:\Users\Евгений\.openjfx\cache\18+12\api-ms-win-core-timezone-l1-1-0.dll
0x000001b022000000 - 0x000001b022003000 	C:\Users\Евгений\.openjfx\cache\18+12\api-ms-win-core-util-l1-1-0.dll
0x000001b022010000 - 0x000001b022013000 	C:\Users\Евгений\.openjfx\cache\18+12\api-ms-win-crt-conio-l1-1-0.dll
0x000001b022020000 - 0x000001b022024000 	C:\Users\Евгений\.openjfx\cache\18+12\api-ms-win-crt-convert-l1-1-0.dll
0x000001b022030000 - 0x000001b022033000 	C:\Users\Евгений\.openjfx\cache\18+12\api-ms-win-crt-environment-l1-1-0.dll
0x000001b022040000 - 0x000001b022043000 	C:\Users\Евгений\.openjfx\cache\18+12\api-ms-win-crt-filesystem-l1-1-0.dll
0x000001b022050000 - 0x000001b022053000 	C:\Users\Евгений\.openjfx\cache\18+12\api-ms-win-crt-heap-l1-1-0.dll
0x000001b022060000 - 0x000001b022063000 	C:\Users\Евгений\.openjfx\cache\18+12\api-ms-win-crt-locale-l1-1-0.dll
0x000001b022070000 - 0x000001b022075000 	C:\Users\Евгений\.openjfx\cache\18+12\api-ms-win-crt-math-l1-1-0.dll
0x000001b022080000 - 0x000001b022085000 	C:\Users\Евгений\.openjfx\cache\18+12\api-ms-win-crt-multibyte-l1-1-0.dll
0x000001b022090000 - 0x000001b0220a0000 	C:\Users\Евгений\.openjfx\cache\18+12\api-ms-win-crt-private-l1-1-0.dll
0x000001b0220a0000 - 0x000001b0220a3000 	C:\Users\Евгений\.openjfx\cache\18+12\api-ms-win-crt-process-l1-1-0.dll
0x000001b0220b0000 - 0x000001b0220b4000 	C:\Users\Евгений\.openjfx\cache\18+12\api-ms-win-crt-runtime-l1-1-0.dll
0x000001b0220c0000 - 0x000001b0220c4000 	C:\Users\Евгений\.openjfx\cache\18+12\api-ms-win-crt-stdio-l1-1-0.dll
0x000001b0220d0000 - 0x000001b0220d4000 	C:\Users\Евгений\.openjfx\cache\18+12\api-ms-win-crt-string-l1-1-0.dll
0x000001b0220e0000 - 0x000001b0220e3000 	C:\Users\Евгений\.openjfx\cache\18+12\api-ms-win-crt-time-l1-1-0.dll
0x000001b0220f0000 - 0x000001b0220f3000 	C:\Users\Евгений\.openjfx\cache\18+12\api-ms-win-crt-utility-l1-1-0.dll
0x00007ffe88fc0000 - 0x00007ffe890bc000 	C:\Users\Евгений\.openjfx\cache\18+12\ucrtbase.dll
0x00007ffe98090000 - 0x00007ffe980aa000 	C:\Users\Евгений\.openjfx\cache\18+12\vcruntime140.dll
0x00007ffea8f50000 - 0x00007ffea8f5c000 	C:\Users\Евгений\.openjfx\cache\18+12\vcruntime140_1.dll
0x00007ffe94130000 - 0x00007ffe941bd000 	C:\Users\Евгений\.openjfx\cache\18+12\msvcp140.dll
0x00007ffe965b0000 - 0x00007ffe965dc000 	C:\Users\Евгений\.openjfx\cache\18+12\prism_d3d.dll
0x00007ffea07f0000 - 0x00007ffea09bd000 	C:\Windows\system32\d3d9.dll
0x00007ffeaf660000 - 0x00007ffeaf68f000 	C:\Windows\SYSTEM32\dwmapi.dll
0x00007ffeaf350000 - 0x00007ffeaf3ee000 	C:\Windows\system32\uxtheme.dll
0x00007ffeb1640000 - 0x00007ffeb1652000 	C:\Windows\SYSTEM32\msasn1.dll
0x00007ffeac1b0000 - 0x00007ffeac1e1000 	C:\Windows\SYSTEM32\cryptnet.dll
0x00007ffeb20e0000 - 0x00007ffeb223d000 	C:\Windows\System32\CRYPT32.dll
0x00007ffeac060000 - 0x00007ffeac1a8000 	C:\Windows\SYSTEM32\drvstore.dll
0x00007ffeb1810000 - 0x00007ffeb1843000 	C:\Windows\SYSTEM32\devobj.dll
0x00007ffeb2240000 - 0x00007ffeb228e000 	C:\Windows\System32\cfgmgr32.dll
0x00007ffeb13b0000 - 0x00007ffeb13bc000 	C:\Windows\SYSTEM32\cryptbase.dll
0x00007ffeb2290000 - 0x00007ffeb22f7000 	C:\Windows\System32\WINTRUST.DLL
0x00007ffeb3a00000 - 0x00007ffeb3a1d000 	C:\Windows\System32\imagehlp.dll
0x00007ffeb1390000 - 0x00007ffeb13a8000 	C:\Windows\SYSTEM32\CRYPTSP.dll
0x00007ffeb0a70000 - 0x00007ffeb0aa4000 	C:\Windows\system32\rsaenh.dll
0x00007ffe94a80000 - 0x00007ffe94ac2000 	C:\Users\Евгений\.openjfx\cache\18+12\glass.dll
0x00007ffeb3860000 - 0x00007ffeb393a000 	C:\Windows\System32\COMDLG32.dll
0x00007ffeb2460000 - 0x00007ffeb258b000 	C:\Windows\System32\ole32.dll
0x00007ffeb42a0000 - 0x00007ffeb436d000 	C:\Windows\System32\OLEAUT32.dll
0x00007ffeb3d30000 - 0x00007ffeb3e44000 	C:\Windows\System32\MSCTF.dll
0x00007ffe94700000 - 0x00007ffe949c7000 	C:\Windows\system32\nvspcap64.dll
0x00007ffeb0b90000 - 0x00007ffeb0bc3000 	C:\Windows\SYSTEM32\ntmarta.dll
0x00007ffeb0300000 - 0x00007ffeb0323000 	C:\Windows\SYSTEM32\gpapi.dll
0x00007ffe9be10000 - 0x00007ffe9be4b000 	C:\Windows\SYSTEM32\dxcore.dll
0x00007ffe96590000 - 0x00007ffe965a4000 	C:\Users\Евгений\.openjfx\cache\18+12\javafx_font.dll
0x00007ffe974c0000 - 0x00007ffe9773f000 	C:\Windows\SYSTEM32\dwrite.dll
0x00007ffeb3b40000 - 0x00007ffeb3be9000 	C:\Windows\System32\clbcatq.dll
0x00007ffe9d940000 - 0x00007ffe9daf4000 	C:\Windows\SYSTEM32\WindowsCodecs.dll
0x00007ffe919f0000 - 0x00007ffe91a2e000 	C:\Windows\system32\dataexchange.dll
0x00007ffead080000 - 0x00007ffead2e3000 	C:\Windows\system32\d3d11.dll
0x00007ffeae440000 - 0x00007ffeae623000 	C:\Windows\system32\dcomp.dll
0x00007ffeb0330000 - 0x00007ffeb0423000 	C:\Windows\system32\dxgi.dll
0x00007ffe9f8b0000 - 0x00007ffe9fab3000 	C:\Windows\system32\twinapi.appcore.dll
0x00007ffe98f90000 - 0x00007ffe98fc4000 	C:\Program Files\Common Files\Microsoft Shared\Ink\rtscom.dll
0x00007ffe9ea00000 - 0x00007ffe9eaf9000 	C:\Windows\SYSTEM32\textinputframework.dll

dbghelp: loaded successfully - version: 4.0.5 - missing functions: none
symbol engine: initialized successfully - sym options: 0x614 - pdb path: .;C:\Program Files\Java\jdk-18.0.1\bin;C:\Windows\SYSTEM32;C:\Windows\WinSxS\amd64_microsoft.windows.common-controls_6595b64144ccf1df_6.0.19041.3636_none_60b6a03d71f818d5;C:\Program Files\Java\jdk-18.0.1\bin\server;C:\Program Files\JetBrains\IntelliJ IDEA Community Edition 2022.1.2\bin;C:\Users\Евгений\.openjfx\cache\18+12;C:\Windows\System32\DriverStore\FileRepository\nvmdig.inf_amd64_2b01a28ee7b06750;C:\Program Files\Common Files\Microsoft Shared\Ink;C:\Users\Евгений\AppData\Local\Temp

VM Arguments:
jvm_args: -javaagent:C:\Program Files\JetBrains\IntelliJ IDEA Community Edition 2022.1.2\lib\idea_rt.jar=64391:C:\Program Files\JetBrains\IntelliJ IDEA Community Edition 2022.1.2\bin -Dfile.encoding=UTF-8 --module-path=C:\Users\Евгений\.m2\repository\org\openjfx\javafx-graphics\18\javafx-graphics-18-win.jar;C:\Users\Евгений\.m2\repository\org\slf4j\slf4j-api\1.7.36\slf4j-api-1.7.36.jar;C:\Users\Евгений\.m2\repository\org\openjfx\javafx-fxml\18\javafx-fxml-18-win.jar;C:\Users\Евгений\.m2\repository\org\openjfx\javafx-controls\18\javafx-controls-18-win.jar;C:\Users\Евгений\ATM_Machine\target\classes;C:\Users\Евгений\.m2\repository\org\xerial\sqlite-jdbc\3.44.1.0\sqlite-jdbc-3.44.1.0.jar;C:\Users\Евгений\.m2\repository\org\openjfx\javafx-base\18\javafx-base-18-win.jar -Djdk.module.main=com.example.atm_machine 
java_command: com.example.atm_machine/com.example.atm_machine.HelloApplication
java_class_path (initial): C:\Users\Евгений\.m2\repository\org\openjfx\javafx-controls\18\javafx-controls-18.jar;C:\Users\Евгений\.m2\repository\org\openjfx\javafx-graphics\18\javafx-graphics-18.jar;C:\Users\Евгений\.m2\repository\org\openjfx\javafx-base\18\javafx-base-18.jar;C:\Users\Евгений\.m2\repository\org\openjfx\javafx-fxml\18\javafx-fxml-18.jar;C:\Users\Евгений\.m2\repository\org\slf4j\slf4j-simple\1.7.36\slf4j-simple-1.7.36.jar
Launcher Type: SUN_STANDARD

[Global flags]
     intx CICompilerCount                          = 3                                         {product} {ergonomic}
     uint ConcGCThreads                            = 1                                         {product} {ergonomic}
     uint G1ConcRefinementThreads                  = 4                                         {product} {ergonomic}
   size_t G1HeapRegionSize                         = 1048576                                   {product} {ergonomic}
    uintx GCDrainStackTargetSize                   = 64                                        {product} {ergonomic}
   size_t InitialHeapSize                          = 134217728                                 {product} {ergonomic}
   size_t MarkStackSize                            = 4194304                                   {product} {ergonomic}
   size_t MaxHeapSize                              = 2132803584                                {product} {ergonomic}
   size_t MaxNewSize                               = 1279262720                                {product} {ergonomic}
   size_t MinHeapDeltaBytes                        = 1048576                                   {product} {ergonomic}
   size_t MinHeapSize                              = 8388608                                   {product} {ergonomic}
    uintx NonNMethodCodeHeapSize                   = 5832780                                {pd product} {ergonomic}
    uintx NonProfiledCodeHeapSize                  = 122912730                              {pd product} {ergonomic}
    uintx ProfiledCodeHeapSize                     = 122912730                              {pd product} {ergonomic}
    uintx ReservedCodeCacheSize                    = 251658240                              {pd product} {ergonomic}
     bool SegmentedCodeCache                       = true                                      {product} {ergonomic}
   size_t SoftMaxHeapSize                          = 2132803584                             {manageable} {ergonomic}
     bool UseCompressedClassPointers               = true                           {product lp64_product} {ergonomic}
     bool UseCompressedOops                        = true                           {product lp64_product} {ergonomic}
     bool UseG1GC                                  = true                                      {product} {ergonomic}
     bool UseLargePagesIndividualAllocation        = false                                  {pd product} {ergonomic}

Logging:
Log output configuration:
 #0: stdout all=off uptime,level,tags foldmultilines=false
 #1: stderr all=off uptime,level,tags foldmultilines=false

Environment Variables:
JAVA_HOME=C:\Program Files\Java\jdk-17
PATH=C:\Program Files (x86)\Common Files\Oracle\Java\javapath;C:\Program Files\Common Files\Oracle\Java\javapath;C:\Windows\system32;C:\Windows;C:\Windows\System32\Wbem;C:\Windows\System32\WindowsPowerShell\v1.0\;C:\Windows\System32\OpenSSH\;C:\Program Files (x86)\NVIDIA Corporation\PhysX\Common;C:\Program Files\NVIDIA Corporation\NVIDIA NvDLISR;C:\Program Files\Git\cmd;C:\Program Files\Java\jdk-17;C:\Users\Евгений\AppData\Local\Microsoft\WindowsApps;;C:\Program Files\JetBrains\IntelliJ IDEA Community Edition 2022.1.2\bin;
USERNAME=Евгений
OS=Windows_NT
PROCESSOR_IDENTIFIER=Intel64 Family 6 Model 94 Stepping 3, GenuineIntel



---------------  S Y S T E M  ---------------

OS:
 Windows 10 , 64 bit Build 19041 (10.0.19041.3636)
OS uptime: 10 days 1:26 hours

CPU: total 4 (initial active 4) (2 cores per cpu, 2 threads per core) family 6 model 94 stepping 3 microcode 0xcc, cx8, cmov, fxsr, ht, mmx, 3dnowpref, sse, sse2, sse3, ssse3, sse4.1, sse4.2, popcnt, lzcnt, tsc, tscinvbit, avx, avx2, aes, erms, clmul, bmi1, bmi2, adx, fma, vzeroupper, clflush, clflushopt

Memory: 4k page, system-wide physical 8128M (1855M free)
TotalPageFile size 12078M (AvailPageFile size 1955M)
current process WorkingSet (physical memory assigned to process): 122M, peak: 136M
current process commit charge ("private bytes"): 264M, peak: 277M

vm_info: Java HotSpot(TM) 64-Bit Server VM (18.0.1+10-24) for windows-amd64 JRE (18.0.1+10-24), built on Mar  9 2022 22:41:56 by "mach5one" with MS VC++ 16.8 / 16.9 (VS2019)

END.
