#
# A fatal error has been detected by the Java Runtime Environment:
#
#  EXCEPTION_ACCESS_VIOLATION (0xc0000005) at pc=0x00007ffe97fb62d7, pid=2084, tid=7708
#
# JRE version: Java(TM) SE Runtime Environment (18.0.1+10) (build 18.0.1+10-24)
# Java VM: Java HotSpot(TM) 64-Bit Server VM (18.0.1+10-24, mixed mode, sharing, tiered, compressed oops, compressed class ptrs, g1 gc, windows-amd64)
# Problematic frame:
# C  [glass.dll+0x262d7]
#
# No core dump will be written. Minidumps are not enabled by default on client versions of Windows
#
# If you would like to submit a bug report, please visit:
#   https://bugreport.java.com/bugreport/crash.jsp
#

---------------  S U M M A R Y ------------

Command Line: -javaagent:C:\Program Files\JetBrains\IntelliJ IDEA Community Edition 2022.1.2\lib\idea_rt.jar=64406:C:\Program Files\JetBrains\IntelliJ IDEA Community Edition 2022.1.2\bin -Dfile.encoding=UTF-8 --module-path=C:\Users\Евгений\.m2\repository\org\openjfx\javafx-graphics\18\javafx-graphics-18-win.jar;C:\Users\Евгений\ATM_Machine\target\classes;C:\Users\Евгений\.m2\repository\org\slf4j\slf4j-api\1.7.36\slf4j-api-1.7.36.jar;C:\Users\Евгений\.m2\repository\org\openjfx\javafx-fxml\18\javafx-fxml-18-win.jar;C:\Users\Евгений\.m2\repository\org\xerial\sqlite-jdbc\3.44.1.0\sqlite-jdbc-3.44.1.0.jar;C:\Users\Евгений\.m2\repository\org\openjfx\javafx-controls\18\javafx-controls-18-win.jar;C:\Users\Евгений\.m2\repository\org\openjfx\javafx-base\18\javafx-base-18-win.jar -Djdk.module.main=com.example.atm_machine com.example.atm_machine/com.example.atm_machine.HelloApplication

Host: Intel(R) Core(TM) i3-6100 CPU @ 3.70GHz, 4 cores, 7G,  Windows 10 , 64 bit Build 19041 (10.0.19041.3636)
Time: Fri Jan 19 20:14:54 2024 RTZ 3 (s 10 , 64 bit Build 19041 (10.0.19041.3636) elapsed time: 9.244346 seconds (0d 0h 0m 9s)

---------------  T H R E A D  ---------------

Current thread (0x000001eafc47e0b0):  VMThread "VM Thread" [stack: 0x000000144e400000,0x000000144e500000] [id=7708]

Stack: [0x000000144e400000,0x000000144e500000],  sp=0x000000144e4fef80,  free space=1019k
Native frames: (J=compiled Java code, j=interpreted, Vv=VM code, C=native code)
C  [glass.dll+0x262d7]


siginfo: EXCEPTION_ACCESS_VIOLATION (0xc0000005), reading address 0x0000000000000000


Register to memory mapping:

RIP=0x00007ffe97fb62d7 glass.dll
RAX=0x0 is NULL
RBX=0x000001eafc488518 is a global jni handle
RCX=0x000001eafc47e0b0 points into unknown readable memory: 0x00007ffe576bd938 | 38 d9 6b 57 fe 7f 00 00
RDX=0x000000144e4fef80 points into unknown readable memory: 0x0000000000000000 | 00 00 00 00 00 00 00 00
RSP=0x000000144e4fef80 points into unknown readable memory: 0x0000000000000000 | 00 00 00 00 00 00 00 00
RBP=0x000001eafc48ec48 points into unknown readable memory: 0x0000f41856786238 | 38 62 78 56 18 f4 00 00
RSI=0x000001eafc48ec20 points into unknown readable memory: 0xdc00f467a8ef990e | 0e 99 ef a8 67 f4 00 dc
RDI=0x0000f41856786238 is an unknown value
R8 =0x0000000000010002 is an unknown value
R9 =0x0000f41856786238 is an unknown value
R10=0x0000000000008000 is an unknown value
R11=0x000000144e4fef10 points into unknown readable memory: 0x000001eafc48ec20 | 20 ec 48 fc ea 01 00 00
R12=0x00007ffe97fb3bc4 glass.dll
R13=0x00007ffe5787fc00 jvm.dll
R14=0x000000144e4ff078 points into unknown readable memory: 0x000000144e4ff060 | 60 f0 4f 4e 14 00 00 00
R15=0x000001eafc48ec20 points into unknown readable memory: 0xdc00f467a8ef990e | 0e 99 ef a8 67 f4 00 dc


Registers:
RAX=0x0000000000000000, RBX=0x000001eafc488518, RCX=0x000001eafc47e0b0, RDX=0x000000144e4fef80
RSP=0x000000144e4fef80, RBP=0x000001eafc48ec48, RSI=0x000001eafc48ec20, RDI=0x0000f41856786238
R8 =0x0000000000010002, R9 =0x0000f41856786238, R10=0x0000000000008000, R11=0x000000144e4fef10
R12=0x00007ffe97fb3bc4, R13=0x00007ffe5787fc00, R14=0x000000144e4ff078, R15=0x000001eafc48ec20
RIP=0x00007ffe97fb62d7, EFLAGS=0x0000000000010206

Top of Stack: (sp=0x000000144e4fef80)
0x000000144e4fef80:   0000000000000000 000001eafc48ec20
0x000000144e4fef90:   00007ffe5787fc00 00007ffe97fb3bc4
0x000000144e4fefa0:   000001eafc48ec28 00007ffeb23142d6
0x000000144e4fefb0:   0000f41856786238 000001ea00000000
0x000000144e4fefc0:   000001eafc48ec48 000001eafc48ec20
0x000000144e4fefd0:   fffffffffffffffe 0000000000000000
0x000000144e4fefe0:   0000000000000001 00007ffe97f90000
0x000000144e4feff0:   000000144e4ff068 00007ffeb23141fb
0x000000144e4ff000:   0000000000000000 000000144e4ff078
0x000000144e4ff010:   000000144e4ff350 00007ffeb23f0e40
0x000000144e4ff020:   0000000000000001 00007ffeb23141b4
0x000000144e4ff030:   0000000000000000 0000000000000001
0x000000144e4ff040:   0000000000000000 000000144e4ff068
0x000000144e4ff050:   ffffffff00000001 00007ffe97fb3a51
0x000000144e4ff060:   00007ffe97fc9f88 00007ffe00000002
0x000000144e4ff070:   0000000000000002 000000144e4ff060 

Instructions: (pc=0x00007ffe97fb62d7)
0x00007ffe97fb61d7:   8b 4d 58 e8 2d cf ff ff 48 8b 4d 60 e8 24 cf ff
0x00007ffe97fb61e7:   ff 48 8b 95 80 00 00 00 48 8b 8d 18 01 00 00 e8
0x00007ffe97fb61f7:   16 c4 ff ff 33 d2 33 c9 e8 5c e1 ff ff 90 48 89
0x00007ffe97fb6207:   54 24 10 55 48 83 ec 20 48 8b ea 48 b8 00 00 00
0x00007ffe97fb6217:   00 00 00 00 00 48 83 c4 20 5d c3 cc 40 55 48 8b
0x00007ffe97fb6227:   ea 48 8b 01 33 c9 81 38 05 00 00 c0 0f 94 c1 8b
0x00007ffe97fb6237:   c1 5d c3 cc 40 55 48 83 ec 20 48 8b ea 8a 4d 40
0x00007ffe97fb6247:   48 83 c4 20 5d e9 17 d3 ff ff cc 40 55 48 83 ec
0x00007ffe97fb6257:   20 48 8b ea 8a 4d 20 e8 05 d3 ff ff 90 48 83 c4
0x00007ffe97fb6267:   20 5d c3 cc 40 55 48 83 ec 20 48 8b ea 48 83 c4
0x00007ffe97fb6277:   20 5d e9 66 d1 ff ff cc 40 55 48 83 ec 30 48 8b
0x00007ffe97fb6287:   ea 48 8b 01 8b 10 48 89 4c 24 28 89 54 24 20 4c
0x00007ffe97fb6297:   8d 0d 07 d6 ff ff 4c 8b 45 70 8b 55 68 48 8b 4d
0x00007ffe97fb62a7:   60 e8 a7 d0 ff ff 90 48 83 c4 30 5d c3 cc cc cc
0x00007ffe97fb62b7:   cc cc cc cc cc cc cc cc cc 40 53 48 83 ec 20 48
0x00007ffe97fb62c7:   8b 1d bb 36 01 00 48 85 db 74 16 e8 59 8b ff ff
0x00007ffe97fb62d7:   4c 8b 00 48 8b d3 48 8b c8 41 ff 90 b0 00 00 00
0x00007ffe97fb62e7:   90 48 83 c4 20 5b c3 cc cc 40 53 48 83 ec 20 48
0x00007ffe97fb62f7:   8b 1d 2b 38 01 00 48 85 db 74 57 b8 ff ff ff ff
0x00007ffe97fb6307:   f0 0f c1 43 10 83 f8 01 75 3d 48 85 db 74 38 48
0x00007ffe97fb6317:   8b 0b 48 85 c9 74 0d ff 15 84 0f 00 00 48 c7 03
0x00007ffe97fb6327:   00 00 00 00 48 8b 4b 08 48 85 c9 74 0d e8 d3 cd
0x00007ffe97fb6337:   ff ff 48 c7 43 08 00 00 00 00 ba 18 00 00 00 48
0x00007ffe97fb6347:   8b cb e8 be cd ff ff 48 c7 05 cf 37 01 00 00 00
0x00007ffe97fb6357:   00 00 48 83 c4 20 5b c3 cc 40 53 48 83 ec 20 48
0x00007ffe97fb6367:   8b 1d 9b 37 01 00 48 85 db 74 57 b8 ff ff ff ff
0x00007ffe97fb6377:   f0 0f c1 43 10 83 f8 01 75 3d 48 85 db 74 38 48
0x00007ffe97fb6387:   8b 0b 48 85 c9 74 0d ff 15 14 0f 00 00 48 c7 03
0x00007ffe97fb6397:   00 00 00 00 48 8b 4b 08 48 85 c9 74 0d e8 63 cd
0x00007ffe97fb63a7:   ff ff 48 c7 43 08 00 00 00 00 ba 18 00 00 00 48
0x00007ffe97fb63b7:   8b cb e8 4e cd ff ff 48 c7 05 3f 37 01 00 00 00
0x00007ffe97fb63c7:   00 00 48 83 c4 20 5b c3 cc 40 53 48 83 ec 20 48 


Stack slot to memory mapping:
stack at sp + 0 slots: 0x0 is NULL
stack at sp + 1 slots: 0x000001eafc48ec20 points into unknown readable memory: 0xdc00f467a8ef990e | 0e 99 ef a8 67 f4 00 dc
stack at sp + 2 slots: 0x00007ffe5787fc00 jvm.dll
stack at sp + 3 slots: 0x00007ffe97fb3bc4 glass.dll
stack at sp + 4 slots: 0x000001eafc48ec28 points into unknown readable memory: 0x0000f41856786238 | 38 62 78 56 18 f4 00 00
stack at sp + 5 slots: 0x00007ffeb23142d6 ucrtbase.dll
stack at sp + 6 slots: 0x0000f41856786238 is an unknown value
stack at sp + 7 slots: 0x000001ea00000000 is an unknown value

VM_Operation (0x00000014502fedf0): Exit, mode: safepoint, requested by thread 0x000001ea88d03390


---------------  P R O C E S S  ---------------

Threads class SMR info:
_java_thread_list=0x000001ea88d92a70, length=21, elements={
0x000001eadeb496d0, 0x000001eafc4810b0, 0x000001eafc481d10, 0x000001eafc49a300,
0x000001eafc49bcb0, 0x000001eafc49e660, 0x000001eafc49f140, 0x000001eafc4a4460,
0x000001eafc4afa80, 0x000001eafc4c2060, 0x000001eafc4707d0, 0x000001eafc9f6f90,
0x000001eafc9eab10, 0x000001eafcd26840, 0x000001eafccf1340, 0x000001eafcd797f0,
0x000001eafd047dd0, 0x000001eafd0482a0, 0x000001eafd047900, 0x000001eafd046f60,
0x000001ea88d03390
}

Java Threads: ( => current thread )
  0x000001eadeb496d0 JavaThread "main" [_thread_blocked, id=12468, stack(0x000000144de00000,0x000000144df00000)]
  0x000001eafc4810b0 JavaThread "Reference Handler" daemon [_thread_blocked, id=12620, stack(0x000000144e500000,0x000000144e600000)]
  0x000001eafc481d10 JavaThread "Finalizer" daemon [_thread_blocked, id=12360, stack(0x000000144e600000,0x000000144e700000)]
  0x000001eafc49a300 JavaThread "Signal Dispatcher" daemon [_thread_blocked, id=788, stack(0x000000144e700000,0x000000144e800000)]
  0x000001eafc49bcb0 JavaThread "Attach Listener" daemon [_thread_blocked, id=11560, stack(0x000000144e800000,0x000000144e900000)]
  0x000001eafc49e660 JavaThread "Service Thread" daemon [_thread_blocked, id=8820, stack(0x000000144e900000,0x000000144ea00000)]
  0x000001eafc49f140 JavaThread "Monitor Deflation Thread" daemon [_thread_blocked, id=5512, stack(0x000000144ea00000,0x000000144eb00000)]
  0x000001eafc4a4460 JavaThread "C2 CompilerThread0" daemon [_thread_blocked, id=8248, stack(0x000000144eb00000,0x000000144ec00000)]
  0x000001eafc4afa80 JavaThread "C1 CompilerThread0" daemon [_thread_blocked, id=3092, stack(0x000000144ec00000,0x000000144ed00000)]
  0x000001eafc4c2060 JavaThread "Sweeper thread" daemon [_thread_blocked, id=8332, stack(0x000000144ed00000,0x000000144ee00000)]
  0x000001eafc4707d0 JavaThread "Common-Cleaner" daemon [_thread_blocked, id=7108, stack(0x000000144ee00000,0x000000144ef00000)]
  0x000001eafc9f6f90 JavaThread "Monitor Ctrl-Break" daemon [_thread_in_native, id=12976, stack(0x000000144f000000,0x000000144f100000)]
  0x000001eafc9eab10 JavaThread "Notification Thread" daemon [_thread_blocked, id=12564, stack(0x000000144f100000,0x000000144f200000)]
  0x000001eafcd26840 JavaThread "QuantumRenderer-0" daemon [_thread_blocked, id=12492, stack(0x000000144f600000,0x000000144f700000)]
  0x000001eafccf1340 JavaThread "InvokeLaterDispatcher" daemon [_thread_blocked, id=1076, stack(0x000000144f800000,0x000000144f900000)]
  0x000001eafcd797f0 JavaThread "JavaFX Application Thread" [_thread_in_native, id=5216, stack(0x000000144f900000,0x000000144fa00000)]
  0x000001eafd047dd0 JavaThread "Thread-1" daemon [_thread_in_native, id=10976, stack(0x000000144ef00000,0x000000144f000000)]
  0x000001eafd0482a0 JavaThread "JavaFX-Launcher" [_thread_blocked, id=12948, stack(0x000000144fb00000,0x000000144fc00000)]
  0x000001eafd047900 JavaThread "Prism Font Disposer" daemon [_thread_blocked, id=3888, stack(0x000000144fc00000,0x000000144fd00000)]
  0x000001eafd046f60 JavaThread "Cleaner-0" daemon [_thread_blocked, id=4648, stack(0x0000001450100000,0x0000001450200000)]
  0x000001ea88d03390 JavaThread "SIGINT handler" daemon [_thread_blocked, id=2144, stack(0x0000001450200000,0x0000001450300000)]

Other Threads:
=>0x000001eafc47e0b0 VMThread "VM Thread" [stack: 0x000000144e400000,0x000000144e500000] [id=7708]
  0x000001eadeba7a50 WorkerThread "GC Thread#0" [stack: 0x000000144df00000,0x000000144e000000] [id=9044]
  0x000001eafca5e3d0 WorkerThread "GC Thread#1" [stack: 0x000000144f300000,0x000000144f400000] [id=8948]
  0x000001eafca5e670 WorkerThread "GC Thread#2" [stack: 0x000000144f400000,0x000000144f500000] [id=11116]
  0x000001eafca5ed20 WorkerThread "GC Thread#3" [stack: 0x000000144f500000,0x000000144f600000] [id=10420]
  0x000001eadebb97d0 ConcurrentGCThread "G1 Main Marker" terminated
  0x000001eadebba960 WorkerThread "G1 Conc#0" [stack: 0x000000144e100000,0x000000144e200000] [id=3788]
  0x000001eadebf8b70 ConcurrentGCThread "G1 Refine#0" terminated
  0x000001eadebf9480 ConcurrentGCThread "G1 Service" terminated

Threads with active compile tasks:

VM state: at safepoint (shutting down)

VM Mutex/Monitor currently owned by a thread:  ([mutex/lock_event])
[0x000001eadeb454d0] Threads_lock - owner thread: 0x000001eafc47e0b0
[0x000001eadeb44f30] Heap_lock - owner thread: 0x000001ea88d03390

Heap address: 0x0000000080e00000, size: 2034 MB, Compressed Oops mode: 32-bit

CDS archive(s) mapped at: [0x0000000800000000-0x0000000800ba0000-0x0000000800ba0000), size 12189696, SharedBaseAddress: 0x0000000800000000, ArchiveRelocationMode: 0.
Compressed class space mapped at: 0x0000000800c00000-0x0000000840c00000, reserved size: 1073741824
Narrow klass base: 0x0000000800000000, Narrow klass shift: 0, Narrow klass range: 0x100000000

GC Precious Log:
 CardTable entry size: 512
 Card Set container configuration: InlinePtr #cards 5 size 8 Array Of Cards #cards 12 size 40 Howl #buckets 4 coarsen threshold 1843 Howl Bitmap #cards 512 size 80 coarsen threshold 460 Card regions per heap region 1 cards per card region 2048
 CPUs: 4 total, 4 available
 Memory: 8128M
 Large Page Support: Disabled
 NUMA Support: Disabled
 Compressed Oops: Enabled (32-bit)
 Heap Region Size: 1M
 Heap Min Capacity: 8M
 Heap Initial Capacity: 128M
 Heap Max Capacity: 2034M
 Pre-touch: Disabled
 Parallel Workers: 4
 Concurrent Workers: 1
 Concurrent Refinement Workers: 4
 Periodic GC: Disabled

Heap:
 garbage-first heap   total 131072K, used 41678K [0x0000000080e00000, 0x0000000100000000)
  region size 1024K, 39 young (39936K), 3 survivors (3072K)
 Metaspace       used 16236K, committed 16640K, reserved 1114112K
  class space    used 2228K, committed 2432K, reserved 1048576K

Heap Regions: E=young(eden), S=young(survivor), O=old, HS=humongous(starts), HC=humongous(continues), CS=collection set, F=free, OA=open archive, CA=closed archive, TAMS=top-at-mark-start (previous, next)
|   0|0x0000000080e00000, 0x0000000080f00000, 0x0000000080f00000|100%| O|  |TAMS 0x0000000080e00000, 0x0000000080e00000| Untracked 
|   1|0x0000000080f00000, 0x0000000080fc0e00, 0x0000000081000000| 75%| O|  |TAMS 0x0000000080f00000, 0x0000000080f00000| Untracked 
|   2|0x0000000081000000, 0x0000000081100000, 0x0000000081100000|100%|HS|  |TAMS 0x0000000081000000, 0x0000000081000000| Complete 
|   3|0x0000000081100000, 0x0000000081200000, 0x0000000081200000|100%|HC|  |TAMS 0x0000000081100000, 0x0000000081100000| Complete 
|   4|0x0000000081200000, 0x0000000081200000, 0x0000000081300000|  0%| F|  |TAMS 0x0000000081200000, 0x0000000081200000| Untracked 
|   5|0x0000000081300000, 0x0000000081300000, 0x0000000081400000|  0%| F|  |TAMS 0x0000000081300000, 0x0000000081300000| Untracked 
|   6|0x0000000081400000, 0x0000000081400000, 0x0000000081500000|  0%| F|  |TAMS 0x0000000081400000, 0x0000000081400000| Untracked 
|   7|0x0000000081500000, 0x0000000081500000, 0x0000000081600000|  0%| F|  |TAMS 0x0000000081500000, 0x0000000081500000| Untracked 
|   8|0x0000000081600000, 0x0000000081600000, 0x0000000081700000|  0%| F|  |TAMS 0x0000000081600000, 0x0000000081600000| Untracked 
|   9|0x0000000081700000, 0x0000000081700000, 0x0000000081800000|  0%| F|  |TAMS 0x0000000081700000, 0x0000000081700000| Untracked 
|  10|0x0000000081800000, 0x0000000081800000, 0x0000000081900000|  0%| F|  |TAMS 0x0000000081800000, 0x0000000081800000| Untracked 
|  11|0x0000000081900000, 0x0000000081900000, 0x0000000081a00000|  0%| F|  |TAMS 0x0000000081900000, 0x0000000081900000| Untracked 
|  12|0x0000000081a00000, 0x0000000081a00000, 0x0000000081b00000|  0%| F|  |TAMS 0x0000000081a00000, 0x0000000081a00000| Untracked 
|  13|0x0000000081b00000, 0x0000000081b00000, 0x0000000081c00000|  0%| F|  |TAMS 0x0000000081b00000, 0x0000000081b00000| Untracked 
|  14|0x0000000081c00000, 0x0000000081c00000, 0x0000000081d00000|  0%| F|  |TAMS 0x0000000081c00000, 0x0000000081c00000| Untracked 
|  15|0x0000000081d00000, 0x0000000081d00000, 0x0000000081e00000|  0%| F|  |TAMS 0x0000000081d00000, 0x0000000081d00000| Untracked 
|  16|0x0000000081e00000, 0x0000000081e00000, 0x0000000081f00000|  0%| F|  |TAMS 0x0000000081e00000, 0x0000000081e00000| Untracked 
|  17|0x0000000081f00000, 0x0000000081f00000, 0x0000000082000000|  0%| F|  |TAMS 0x0000000081f00000, 0x0000000081f00000| Untracked 
|  18|0x0000000082000000, 0x0000000082000000, 0x0000000082100000|  0%| F|  |TAMS 0x0000000082000000, 0x0000000082000000| Untracked 
|  19|0x0000000082100000, 0x0000000082100000, 0x0000000082200000|  0%| F|  |TAMS 0x0000000082100000, 0x0000000082100000| Untracked 
|  20|0x0000000082200000, 0x0000000082200000, 0x0000000082300000|  0%| F|  |TAMS 0x0000000082200000, 0x0000000082200000| Untracked 
|  21|0x0000000082300000, 0x0000000082300000, 0x0000000082400000|  0%| F|  |TAMS 0x0000000082300000, 0x0000000082300000| Untracked 
|  22|0x0000000082400000, 0x0000000082400000, 0x0000000082500000|  0%| F|  |TAMS 0x0000000082400000, 0x0000000082400000| Untracked 
|  23|0x0000000082500000, 0x0000000082500000, 0x0000000082600000|  0%| F|  |TAMS 0x0000000082500000, 0x0000000082500000| Untracked 
|  24|0x0000000082600000, 0x0000000082600000, 0x0000000082700000|  0%| F|  |TAMS 0x0000000082600000, 0x0000000082600000| Untracked 
|  25|0x0000000082700000, 0x0000000082700000, 0x0000000082800000|  0%| F|  |TAMS 0x0000000082700000, 0x0000000082700000| Untracked 
|  26|0x0000000082800000, 0x0000000082800000, 0x0000000082900000|  0%| F|  |TAMS 0x0000000082800000, 0x0000000082800000| Untracked 
|  27|0x0000000082900000, 0x0000000082900000, 0x0000000082a00000|  0%| F|  |TAMS 0x0000000082900000, 0x0000000082900000| Untracked 
|  28|0x0000000082a00000, 0x0000000082a00000, 0x0000000082b00000|  0%| F|  |TAMS 0x0000000082a00000, 0x0000000082a00000| Untracked 
|  29|0x0000000082b00000, 0x0000000082b00000, 0x0000000082c00000|  0%| F|  |TAMS 0x0000000082b00000, 0x0000000082b00000| Untracked 
|  30|0x0000000082c00000, 0x0000000082c00000, 0x0000000082d00000|  0%| F|  |TAMS 0x0000000082c00000, 0x0000000082c00000| Untracked 
|  31|0x0000000082d00000, 0x0000000082d00000, 0x0000000082e00000|  0%| F|  |TAMS 0x0000000082d00000, 0x0000000082d00000| Untracked 
|  32|0x0000000082e00000, 0x0000000082e00000, 0x0000000082f00000|  0%| F|  |TAMS 0x0000000082e00000, 0x0000000082e00000| Untracked 
|  33|0x0000000082f00000, 0x0000000082f00000, 0x0000000083000000|  0%| F|  |TAMS 0x0000000082f00000, 0x0000000082f00000| Untracked 
|  34|0x0000000083000000, 0x0000000083000000, 0x0000000083100000|  0%| F|  |TAMS 0x0000000083000000, 0x0000000083000000| Untracked 
|  35|0x0000000083100000, 0x0000000083100000, 0x0000000083200000|  0%| F|  |TAMS 0x0000000083100000, 0x0000000083100000| Untracked 
|  36|0x0000000083200000, 0x0000000083200000, 0x0000000083300000|  0%| F|  |TAMS 0x0000000083200000, 0x0000000083200000| Untracked 
|  37|0x0000000083300000, 0x0000000083300000, 0x0000000083400000|  0%| F|  |TAMS 0x0000000083300000, 0x0000000083300000| Untracked 
|  38|0x0000000083400000, 0x0000000083400000, 0x0000000083500000|  0%| F|  |TAMS 0x0000000083400000, 0x0000000083400000| Untracked 
|  39|0x0000000083500000, 0x0000000083500000, 0x0000000083600000|  0%| F|  |TAMS 0x0000000083500000, 0x0000000083500000| Untracked 
|  40|0x0000000083600000, 0x0000000083600000, 0x0000000083700000|  0%| F|  |TAMS 0x0000000083600000, 0x0000000083600000| Untracked 
|  41|0x0000000083700000, 0x0000000083700000, 0x0000000083800000|  0%| F|  |TAMS 0x0000000083700000, 0x0000000083700000| Untracked 
|  42|0x0000000083800000, 0x0000000083800000, 0x0000000083900000|  0%| F|  |TAMS 0x0000000083800000, 0x0000000083800000| Untracked 
|  43|0x0000000083900000, 0x0000000083900000, 0x0000000083a00000|  0%| F|  |TAMS 0x0000000083900000, 0x0000000083900000| Untracked 
|  44|0x0000000083a00000, 0x0000000083a00000, 0x0000000083b00000|  0%| F|  |TAMS 0x0000000083a00000, 0x0000000083a00000| Untracked 
|  45|0x0000000083b00000, 0x0000000083b00000, 0x0000000083c00000|  0%| F|  |TAMS 0x0000000083b00000, 0x0000000083b00000| Untracked 
|  46|0x0000000083c00000, 0x0000000083c00000, 0x0000000083d00000|  0%| F|  |TAMS 0x0000000083c00000, 0x0000000083c00000| Untracked 
|  47|0x0000000083d00000, 0x0000000083d00000, 0x0000000083e00000|  0%| F|  |TAMS 0x0000000083d00000, 0x0000000083d00000| Untracked 
|  48|0x0000000083e00000, 0x0000000083e00000, 0x0000000083f00000|  0%| F|  |TAMS 0x0000000083e00000, 0x0000000083e00000| Untracked 
|  49|0x0000000083f00000, 0x0000000083f00000, 0x0000000084000000|  0%| F|  |TAMS 0x0000000083f00000, 0x0000000083f00000| Untracked 
|  50|0x0000000084000000, 0x0000000084000000, 0x0000000084100000|  0%| F|  |TAMS 0x0000000084000000, 0x0000000084000000| Untracked 
|  51|0x0000000084100000, 0x0000000084100000, 0x0000000084200000|  0%| F|  |TAMS 0x0000000084100000, 0x0000000084100000| Untracked 
|  52|0x0000000084200000, 0x0000000084200000, 0x0000000084300000|  0%| F|  |TAMS 0x0000000084200000, 0x0000000084200000| Untracked 
|  53|0x0000000084300000, 0x0000000084300000, 0x0000000084400000|  0%| F|  |TAMS 0x0000000084300000, 0x0000000084300000| Untracked 
|  54|0x0000000084400000, 0x0000000084400000, 0x0000000084500000|  0%| F|  |TAMS 0x0000000084400000, 0x0000000084400000| Untracked 
|  55|0x0000000084500000, 0x0000000084500000, 0x0000000084600000|  0%| F|  |TAMS 0x0000000084500000, 0x0000000084500000| Untracked 
|  56|0x0000000084600000, 0x0000000084600000, 0x0000000084700000|  0%| F|  |TAMS 0x0000000084600000, 0x0000000084600000| Untracked 
|  57|0x0000000084700000, 0x0000000084700000, 0x0000000084800000|  0%| F|  |TAMS 0x0000000084700000, 0x0000000084700000| Untracked 
|  58|0x0000000084800000, 0x0000000084800000, 0x0000000084900000|  0%| F|  |TAMS 0x0000000084800000, 0x0000000084800000| Untracked 
|  59|0x0000000084900000, 0x0000000084900000, 0x0000000084a00000|  0%| F|  |TAMS 0x0000000084900000, 0x0000000084900000| Untracked 
|  60|0x0000000084a00000, 0x0000000084a00000, 0x0000000084b00000|  0%| F|  |TAMS 0x0000000084a00000, 0x0000000084a00000| Untracked 
|  61|0x0000000084b00000, 0x0000000084b00000, 0x0000000084c00000|  0%| F|  |TAMS 0x0000000084b00000, 0x0000000084b00000| Untracked 
|  62|0x0000000084c00000, 0x0000000084c00000, 0x0000000084d00000|  0%| F|  |TAMS 0x0000000084c00000, 0x0000000084c00000| Untracked 
|  63|0x0000000084d00000, 0x0000000084d00000, 0x0000000084e00000|  0%| F|  |TAMS 0x0000000084d00000, 0x0000000084d00000| Untracked 
|  64|0x0000000084e00000, 0x0000000084e00000, 0x0000000084f00000|  0%| F|  |TAMS 0x0000000084e00000, 0x0000000084e00000| Untracked 
|  65|0x0000000084f00000, 0x0000000084f00000, 0x0000000085000000|  0%| F|  |TAMS 0x0000000084f00000, 0x0000000084f00000| Untracked 
|  66|0x0000000085000000, 0x0000000085000000, 0x0000000085100000|  0%| F|  |TAMS 0x0000000085000000, 0x0000000085000000| Untracked 
|  67|0x0000000085100000, 0x0000000085100000, 0x0000000085200000|  0%| F|  |TAMS 0x0000000085100000, 0x0000000085100000| Untracked 
|  68|0x0000000085200000, 0x0000000085200000, 0x0000000085300000|  0%| F|  |TAMS 0x0000000085200000, 0x0000000085200000| Untracked 
|  69|0x0000000085300000, 0x0000000085300000, 0x0000000085400000|  0%| F|  |TAMS 0x0000000085300000, 0x0000000085300000| Untracked 
|  70|0x0000000085400000, 0x0000000085400000, 0x0000000085500000|  0%| F|  |TAMS 0x0000000085400000, 0x0000000085400000| Untracked 
|  71|0x0000000085500000, 0x0000000085500000, 0x0000000085600000|  0%| F|  |TAMS 0x0000000085500000, 0x0000000085500000| Untracked 
|  72|0x0000000085600000, 0x0000000085600000, 0x0000000085700000|  0%| F|  |TAMS 0x0000000085600000, 0x0000000085600000| Untracked 
|  73|0x0000000085700000, 0x0000000085700000, 0x0000000085800000|  0%| F|  |TAMS 0x0000000085700000, 0x0000000085700000| Untracked 
|  74|0x0000000085800000, 0x0000000085800000, 0x0000000085900000|  0%| F|  |TAMS 0x0000000085800000, 0x0000000085800000| Untracked 
|  75|0x0000000085900000, 0x0000000085900000, 0x0000000085a00000|  0%| F|  |TAMS 0x0000000085900000, 0x0000000085900000| Untracked 
|  76|0x0000000085a00000, 0x0000000085a00000, 0x0000000085b00000|  0%| F|  |TAMS 0x0000000085a00000, 0x0000000085a00000| Untracked 
|  77|0x0000000085b00000, 0x0000000085b00000, 0x0000000085c00000|  0%| F|  |TAMS 0x0000000085b00000, 0x0000000085b00000| Untracked 
|  78|0x0000000085c00000, 0x0000000085c00000, 0x0000000085d00000|  0%| F|  |TAMS 0x0000000085c00000, 0x0000000085c00000| Untracked 
|  79|0x0000000085d00000, 0x0000000085d00000, 0x0000000085e00000|  0%| F|  |TAMS 0x0000000085d00000, 0x0000000085d00000| Untracked 
|  80|0x0000000085e00000, 0x0000000085e00000, 0x0000000085f00000|  0%| F|  |TAMS 0x0000000085e00000, 0x0000000085e00000| Untracked 
|  81|0x0000000085f00000, 0x0000000085f00000, 0x0000000086000000|  0%| F|  |TAMS 0x0000000085f00000, 0x0000000085f00000| Untracked 
|  82|0x0000000086000000, 0x0000000086000000, 0x0000000086100000|  0%| F|  |TAMS 0x0000000086000000, 0x0000000086000000| Untracked 
|  83|0x0000000086100000, 0x0000000086100000, 0x0000000086200000|  0%| F|  |TAMS 0x0000000086100000, 0x0000000086100000| Untracked 
|  84|0x0000000086200000, 0x0000000086200000, 0x0000000086300000|  0%| F|  |TAMS 0x0000000086200000, 0x0000000086200000| Untracked 
|  85|0x0000000086300000, 0x0000000086300000, 0x0000000086400000|  0%| F|  |TAMS 0x0000000086300000, 0x0000000086300000| Untracked 
|  86|0x0000000086400000, 0x0000000086400000, 0x0000000086500000|  0%| F|  |TAMS 0x0000000086400000, 0x0000000086400000| Untracked 
|  87|0x0000000086500000, 0x0000000086500000, 0x0000000086600000|  0%| F|  |TAMS 0x0000000086500000, 0x0000000086500000| Untracked 
|  88|0x0000000086600000, 0x0000000086600000, 0x0000000086700000|  0%| F|  |TAMS 0x0000000086600000, 0x0000000086600000| Untracked 
|  89|0x0000000086700000, 0x0000000086700800, 0x0000000086800000|  0%| E|  |TAMS 0x0000000086700000, 0x0000000086700000| Complete 
|  90|0x0000000086800000, 0x0000000086900000, 0x0000000086900000|100%| E|CS|TAMS 0x0000000086800000, 0x0000000086800000| Complete 
|  91|0x0000000086900000, 0x0000000086a00000, 0x0000000086a00000|100%| E|CS|TAMS 0x0000000086900000, 0x0000000086900000| Complete 
|  92|0x0000000086a00000, 0x0000000086b00000, 0x0000000086b00000|100%| E|  |TAMS 0x0000000086a00000, 0x0000000086a00000| Complete 
|  93|0x0000000086b00000, 0x0000000086c00000, 0x0000000086c00000|100%| E|CS|TAMS 0x0000000086b00000, 0x0000000086b00000| Complete 
|  94|0x0000000086c00000, 0x0000000086d00000, 0x0000000086d00000|100%| E|CS|TAMS 0x0000000086c00000, 0x0000000086c00000| Complete 
|  95|0x0000000086d00000, 0x0000000086e00000, 0x0000000086e00000|100%| E|CS|TAMS 0x0000000086d00000, 0x0000000086d00000| Complete 
|  96|0x0000000086e00000, 0x0000000086f00000, 0x0000000086f00000|100%| E|CS|TAMS 0x0000000086e00000, 0x0000000086e00000| Complete 
|  97|0x0000000086f00000, 0x0000000087000000, 0x0000000087000000|100%| E|CS|TAMS 0x0000000086f00000, 0x0000000086f00000| Complete 
|  98|0x0000000087000000, 0x0000000087100000, 0x0000000087100000|100%| E|CS|TAMS 0x0000000087000000, 0x0000000087000000| Complete 
|  99|0x0000000087100000, 0x0000000087200000, 0x0000000087200000|100%| E|CS|TAMS 0x0000000087100000, 0x0000000087100000| Complete 
| 100|0x0000000087200000, 0x0000000087300000, 0x0000000087300000|100%| E|CS|TAMS 0x0000000087200000, 0x0000000087200000| Complete 
| 101|0x0000000087300000, 0x0000000087400000, 0x0000000087400000|100%| E|CS|TAMS 0x0000000087300000, 0x0000000087300000| Complete 
| 102|0x0000000087400000, 0x0000000087500000, 0x0000000087500000|100%| E|CS|TAMS 0x0000000087400000, 0x0000000087400000| Complete 
| 103|0x0000000087500000, 0x0000000087600000, 0x0000000087600000|100%| E|CS|TAMS 0x0000000087500000, 0x0000000087500000| Complete 
| 104|0x0000000087600000, 0x0000000087700000, 0x0000000087700000|100%| E|CS|TAMS 0x0000000087600000, 0x0000000087600000| Complete 
| 105|0x0000000087700000, 0x0000000087800000, 0x0000000087800000|100%| E|CS|TAMS 0x0000000087700000, 0x0000000087700000| Complete 
| 106|0x0000000087800000, 0x00000000878f2b50, 0x0000000087900000| 94%| S|CS|TAMS 0x0000000087800000, 0x0000000087800000| Complete 
| 107|0x0000000087900000, 0x0000000087a00000, 0x0000000087a00000|100%| S|CS|TAMS 0x0000000087900000, 0x0000000087900000| Complete 
| 108|0x0000000087a00000, 0x0000000087b00000, 0x0000000087b00000|100%| S|CS|TAMS 0x0000000087a00000, 0x0000000087a00000| Complete 
| 109|0x0000000087b00000, 0x0000000087c00000, 0x0000000087c00000|100%| E|CS|TAMS 0x0000000087b00000, 0x0000000087b00000| Complete 
| 110|0x0000000087c00000, 0x0000000087d00000, 0x0000000087d00000|100%| E|CS|TAMS 0x0000000087c00000, 0x0000000087c00000| Complete 
| 111|0x0000000087d00000, 0x0000000087e00000, 0x0000000087e00000|100%| E|CS|TAMS 0x0000000087d00000, 0x0000000087d00000| Complete 
| 112|0x0000000087e00000, 0x0000000087f00000, 0x0000000087f00000|100%| E|CS|TAMS 0x0000000087e00000, 0x0000000087e00000| Complete 
| 113|0x0000000087f00000, 0x0000000088000000, 0x0000000088000000|100%| E|CS|TAMS 0x0000000087f00000, 0x0000000087f00000| Complete 
| 114|0x0000000088000000, 0x0000000088100000, 0x0000000088100000|100%| E|CS|TAMS 0x0000000088000000, 0x0000000088000000| Complete 
| 115|0x0000000088100000, 0x0000000088200000, 0x0000000088200000|100%| E|CS|TAMS 0x0000000088100000, 0x0000000088100000| Complete 
| 116|0x0000000088200000, 0x0000000088300000, 0x0000000088300000|100%| E|CS|TAMS 0x0000000088200000, 0x0000000088200000| Complete 
| 117|0x0000000088300000, 0x0000000088400000, 0x0000000088400000|100%| E|CS|TAMS 0x0000000088300000, 0x0000000088300000| Complete 
| 118|0x0000000088400000, 0x0000000088500000, 0x0000000088500000|100%| E|CS|TAMS 0x0000000088400000, 0x0000000088400000| Complete 
| 119|0x0000000088500000, 0x0000000088600000, 0x0000000088600000|100%| E|CS|TAMS 0x0000000088500000, 0x0000000088500000| Complete 
| 120|0x0000000088600000, 0x0000000088700000, 0x0000000088700000|100%| E|CS|TAMS 0x0000000088600000, 0x0000000088600000| Complete 
| 121|0x0000000088700000, 0x0000000088800000, 0x0000000088800000|100%| E|CS|TAMS 0x0000000088700000, 0x0000000088700000| Complete 
| 122|0x0000000088800000, 0x0000000088900000, 0x0000000088900000|100%| E|CS|TAMS 0x0000000088800000, 0x0000000088800000| Complete 
| 123|0x0000000088900000, 0x0000000088a00000, 0x0000000088a00000|100%| E|CS|TAMS 0x0000000088900000, 0x0000000088900000| Complete 
| 124|0x0000000088a00000, 0x0000000088b00000, 0x0000000088b00000|100%| E|CS|TAMS 0x0000000088a00000, 0x0000000088a00000| Complete 
| 125|0x0000000088b00000, 0x0000000088c00000, 0x0000000088c00000|100%| E|CS|TAMS 0x0000000088b00000, 0x0000000088b00000| Complete 
| 126|0x0000000088c00000, 0x0000000088d00000, 0x0000000088d00000|100%| E|CS|TAMS 0x0000000088c00000, 0x0000000088c00000| Complete 
| 127|0x0000000088d00000, 0x0000000088e00000, 0x0000000088e00000|100%| E|CS|TAMS 0x0000000088d00000, 0x0000000088d00000| Complete 

Card table byte_map: [0x000001eaf5880000,0x000001eaf5c80000] _byte_map_base: 0x000001eaf5479000

Marking Bits (Prev, Next): (CMBitMap*) 0x000001eadeba9060, (CMBitMap*) 0x000001eadeba90a0
 Prev Bits: [0x000001eaf6080000, 0x000001eaf8048000)
 Next Bits: [0x000001eaf8050000, 0x000001eafa018000)

Polling page: 0x000001eade310000

Metaspace:

Usage:
  Non-class:     13.68 MB used.
      Class:      2.18 MB used.
       Both:     15.86 MB used.

Virtual space:
  Non-class space:       64.00 MB reserved,      13.88 MB ( 22%) committed,  1 nodes.
      Class space:        1.00 GB reserved,       2.38 MB ( <1%) committed,  1 nodes.
             Both:        1.06 GB reserved,      16.25 MB (  1%) committed. 

Chunk freelists:
   Non-Class:  1.79 MB
       Class:  1.64 MB
        Both:  3.43 MB

MaxMetaspaceSize: unlimited
CompressedClassSpaceSize: 1.00 GB
Initial GC threshold: 21.00 MB
Current GC threshold: 21.00 MB
CDS: on
MetaspaceReclaimPolicy: balanced
 - commit_granule_bytes: 65536.
 - commit_granule_words: 8192.
 - virtual_space_node_default_size: 8388608.
 - enlarge_chunks_in_place: 1.
 - new_chunks_are_fully_committed: 0.
 - uncommit_free_chunks: 1.
 - use_allocation_guard: 0.


Internal statistics:

num_allocs_failed_limit: 0.
num_arena_births: 368.
num_arena_deaths: 0.
num_vsnodes_births: 2.
num_vsnodes_deaths: 0.
num_space_committed: 260.
num_space_uncommitted: 0.
num_chunks_returned_to_freelist: 0.
num_chunks_taken_from_freelist: 878.
num_chunk_merges: 0.
num_chunk_splits: 591.
num_chunks_enlarged: 447.
num_inconsistent_stats: 0.

CodeHeap 'non-profiled nmethods': size=120000Kb used=1004Kb max_used=1004Kb free=118995Kb
 bounds [0x000001eaedf50000, 0x000001eaee1c0000, 0x000001eaf5480000]
CodeHeap 'profiled nmethods': size=120000Kb used=4982Kb max_used=4982Kb free=115017Kb
 bounds [0x000001eae6a20000, 0x000001eae6f00000, 0x000001eaedf50000]
CodeHeap 'non-nmethods': size=5760Kb used=1440Kb max_used=1469Kb free=4319Kb
 bounds [0x000001eae6480000, 0x000001eae66f0000, 0x000001eae6a20000]
 total_blobs=3515 nmethods=2721 adapters=706
 compilation: enabled
              stopped_count=0, restarted_count=0
 full_count=0

Compilation events (20 events):
Event: 6.285 Thread 0x000001eafc4afa80 nmethod 2713 0x000001eae6ef9610 code [0x000001eae6ef9860, 0x000001eae6efa118]
Event: 6.285 Thread 0x000001eafc4afa80 2714       3       javafx.scene.layout.Region::snappedLeftInset (21 bytes)
Event: 6.286 Thread 0x000001eafc4afa80 nmethod 2714 0x000001eae6efa410 code [0x000001eae6efa660, 0x000001eae6efaf18]
Event: 6.286 Thread 0x000001eafc4afa80 2715       3       javafx.scene.layout.Region::getHeight (22 bytes)
Event: 6.286 Thread 0x000001eafc4a4460 nmethod 2702 0x000001eaee04a490 code [0x000001eaee04a620, 0x000001eaee04aa58]
Event: 6.286 Thread 0x000001eafc4afa80 nmethod 2715 0x000001eae6efb210 code [0x000001eae6efb3e0, 0x000001eae6efb7a8]
Event: 6.286 Thread 0x000001eafc4afa80 2716       3       javafx.beans.property.StringPropertyBase::get (32 bytes)
Event: 6.286 Thread 0x000001eafc4a4460 2709       4       java.util.Collections$UnmodifiableList::get (11 bytes)
Event: 6.286 Thread 0x000001eafc4afa80 nmethod 2716 0x000001eae6efb890 code [0x000001eae6efba40, 0x000001eae6efbd68]
Event: 6.288 Thread 0x000001eafc4a4460 nmethod 2709 0x000001eaee04ac10 code [0x000001eaee04ada0, 0x000001eaee04af38]
Event: 6.310 Thread 0x000001eafc4afa80 2717       3       javafx.scene.Node::getAutomaticOrientation (5 bytes)
Event: 6.310 Thread 0x000001eafc4afa80 nmethod 2717 0x000001eae6efbe90 code [0x000001eae6efc020, 0x000001eae6efc118]
Event: 6.310 Thread 0x000001eafc4afa80 2718       3       com.sun.javafx.geom.RectBounds::getWidth (10 bytes)
Event: 6.310 Thread 0x000001eafc4afa80 nmethod 2718 0x000001eae6efc190 code [0x000001eae6efc320, 0x000001eae6efc438]
Event: 8.637 Thread 0x000001eafc4afa80 2719       3       jdk.internal.org.objectweb.asm.FieldVisitor::<init> (7 bytes)
Event: 8.637 Thread 0x000001eafc4afa80 nmethod 2719 0x000001eae6efc510 code [0x000001eae6efc6c0, 0x000001eae6efc808]
Event: 8.637 Thread 0x000001eafc4afa80 2720       3       jdk.internal.org.objectweb.asm.FieldVisitor::<init> (88 bytes)
Event: 8.638 Thread 0x000001eafc4afa80 nmethod 2720 0x000001eae6efc890 code [0x000001eae6efcae0, 0x000001eae6efd3c8]
Event: 8.638 Thread 0x000001eafc4afa80 2721       3       java.util.LinkedList$ListItr::hasNext (20 bytes)
Event: 8.638 Thread 0x000001eafc4afa80 nmethod 2721 0x000001eae6efd690 code [0x000001eae6efd820, 0x000001eae6efd998]

GC Heap History (4 events):
Event: 0.641 GC heap before
{Heap before GC invocations=0 (full 0):
 garbage-first heap   total 131072K, used 13312K [0x0000000080e00000, 0x0000000100000000)
  region size 1024K, 13 young (13312K), 0 survivors (0K)
 Metaspace       used 2581K, committed 2752K, reserved 1114112K
  class space    used 275K, committed 384K, reserved 1048576K
}
Event: 0.646 GC heap after
{Heap after GC invocations=1 (full 0):
 garbage-first heap   total 131072K, used 1889K [0x0000000080e00000, 0x0000000100000000)
  region size 1024K, 2 young (2048K), 2 survivors (2048K)
 Metaspace       used 2581K, committed 2752K, reserved 1114112K
  class space    used 275K, committed 384K, reserved 1048576K
}
Event: 1.130 GC heap before
{Heap before GC invocations=1 (full 0):
 garbage-first heap   total 131072K, used 18273K [0x0000000080e00000, 0x0000000100000000)
  region size 1024K, 19 young (19456K), 2 survivors (2048K)
 Metaspace       used 8175K, committed 8448K, reserved 1114112K
  class space    used 1008K, committed 1152K, reserved 1048576K
}
Event: 1.135 GC heap after
{Heap after GC invocations=2 (full 0):
 garbage-first heap   total 131072K, used 4814K [0x0000000080e00000, 0x0000000100000000)
  region size 1024K, 3 young (3072K), 3 survivors (3072K)
 Metaspace       used 8175K, committed 8448K, reserved 1114112K
  class space    used 1008K, committed 1152K, reserved 1048576K
}

Deoptimization events (20 events):
Event: 5.250 Thread 0x000001eafcd797f0 Uncommon trap: trap_request=0xffffffbe fr.pc=0x000001eaee039330 relative=0x0000000000000410
Event: 5.250 Thread 0x000001eafcd797f0 Uncommon trap: reason=profile_predicate action=maybe_recompile pc=0x000001eaee039330 method=jdk.internal.jimage.ImageStringsReader.unmaskedHashCode(Ljava/lang/String;I)I @ 13 c2
Event: 5.250 Thread 0x000001eafcd797f0 DEOPT PACKING pc=0x000001eaee039330 sp=0x000000144f9f6350
Event: 5.250 Thread 0x000001eafcd797f0 DEOPT UNPACKING pc=0x000001eae64d23a3 sp=0x000000144f9f62b8 mode 2
Event: 5.320 Thread 0x000001eafcd797f0 Uncommon trap: trap_request=0xffffffde fr.pc=0x000001eaee0222dc relative=0x000000000000113c
Event: 5.320 Thread 0x000001eafcd797f0 Uncommon trap: reason=class_check action=maybe_recompile pc=0x000001eaee0222dc method=javafx.scene.Node.updateLocalToParentTransform()V @ 11 c2
Event: 5.320 Thread 0x000001eafcd797f0 DEOPT PACKING pc=0x000001eaee0222dc sp=0x000000144f9fc390
Event: 5.320 Thread 0x000001eafcd797f0 DEOPT UNPACKING pc=0x000001eae64d23a3 sp=0x000000144f9fc358 mode 2
Event: 5.346 Thread 0x000001eafcd797f0 Uncommon trap: trap_request=0xffffffde fr.pc=0x000001eaee0222dc relative=0x000000000000113c
Event: 5.346 Thread 0x000001eafcd797f0 Uncommon trap: reason=class_check action=maybe_recompile pc=0x000001eaee0222dc method=javafx.scene.Node.updateLocalToParentTransform()V @ 11 c2
Event: 5.346 Thread 0x000001eafcd797f0 DEOPT PACKING pc=0x000001eaee0222dc sp=0x000000144f9fba70
Event: 5.346 Thread 0x000001eafcd797f0 DEOPT UNPACKING pc=0x000001eae64d23a3 sp=0x000000144f9fba30 mode 2
Event: 5.346 Thread 0x000001eafcd797f0 Uncommon trap: trap_request=0xffffffde fr.pc=0x000001eaee0222dc relative=0x000000000000113c
Event: 5.346 Thread 0x000001eafcd797f0 Uncommon trap: reason=class_check action=maybe_recompile pc=0x000001eaee0222dc method=javafx.scene.Node.updateLocalToParentTransform()V @ 11 c2
Event: 5.346 Thread 0x000001eafcd797f0 DEOPT PACKING pc=0x000001eaee0222dc sp=0x000000144f9fba70
Event: 5.346 Thread 0x000001eafcd797f0 DEOPT UNPACKING pc=0x000001eae64d23a3 sp=0x000000144f9fba30 mode 2
Event: 5.346 Thread 0x000001eafcd797f0 Uncommon trap: trap_request=0xffffffde fr.pc=0x000001eaee0222dc relative=0x000000000000113c
Event: 5.346 Thread 0x000001eafcd797f0 Uncommon trap: reason=class_check action=maybe_recompile pc=0x000001eaee0222dc method=javafx.scene.Node.updateLocalToParentTransform()V @ 11 c2
Event: 5.346 Thread 0x000001eafcd797f0 DEOPT PACKING pc=0x000001eaee0222dc sp=0x000000144f9fba70
Event: 5.346 Thread 0x000001eafcd797f0 DEOPT UNPACKING pc=0x000001eae64d23a3 sp=0x000000144f9fba30 mode 2

Classes loaded (20 events):
Event: 5.153 Loading class sun/nio/fs/WindowsChannelFactory$2
Event: 5.153 Loading class sun/nio/fs/WindowsChannelFactory$2 done
Event: 5.153 Loading class java/nio/file/StandardCopyOption
Event: 5.153 Loading class java/nio/file/StandardCopyOption done
Event: 5.154 Loading class sun/nio/ch/ChannelOutputStream
Event: 5.154 Loading class sun/nio/ch/ChannelOutputStream done
Event: 5.166 Loading class java/io/DeleteOnExitHook
Event: 5.167 Loading class java/io/DeleteOnExitHook done
Event: 5.167 Loading class java/io/DeleteOnExitHook$1
Event: 5.167 Loading class java/io/DeleteOnExitHook$1 done
Event: 5.252 Loading class java/io/StringReader
Event: 5.253 Loading class java/io/StringReader done
Event: 5.253 Loading class java/util/regex/Pattern$BnM
Event: 5.253 Loading class java/util/regex/Pattern$BnM done
Event: 5.253 Loading class java/util/regex/Pattern$SliceS
Event: 5.253 Loading class java/util/regex/Pattern$SliceS done
Event: 5.263 Loading class sun/invoke/util/VerifyAccess$1
Event: 5.263 Loading class sun/invoke/util/VerifyAccess$1 done
Event: 8.635 Loading class jdk/internal/misc/Signal$1
Event: 8.635 Loading class jdk/internal/misc/Signal$1 done

Classes unloaded (0 events):
No events

Classes redefined (0 events):
No events

Internal exceptions (20 events):
Event: 1.591 Thread 0x000001eafcd797f0 Exception <a 'java/lang/NoSuchMethodError'{0x0000000087c45460}: 'void java.lang.invoke.DirectMethodHandle$Holder.invokeSpecial(java.lang.Object, java.lang.Object, java.lang.Object, java.lang.Object, java.lang.Object, java.lang.Object)'> (0x0000000087c45460) 
thrown [s\open\src\hotspot\share\interpreter\linkResolver.cpp, line 766]
Event: 1.641 Thread 0x000001eafcd797f0 Exception <a 'java/lang/NoSuchMethodError'{0x00000000877eaa90}: 'int java.lang.invoke.DirectMethodHandle$Holder.invokeSpecial(java.lang.Object, java.lang.Object, int)'> (0x00000000877eaa90) 
thrown [s\open\src\hotspot\share\interpreter\linkResolver.cpp, line 766]
Event: 1.689 Thread 0x000001eafcd797f0 Exception <a 'java/lang/NoSuchMethodError'{0x0000000087504488}: 'java.lang.Object java.lang.invoke.DirectMethodHandle$Holder.newInvokeSpecial(java.lang.Object, java.lang.Object, int)'> (0x0000000087504488) 
thrown [s\open\src\hotspot\share\interpreter\linkResolver.cpp, line 766]
Event: 1.718 Thread 0x000001eafcd26840 Exception <a 'java/lang/NoSuchMethodError'{0x00000000875b1ca0}: 'int java.lang.invoke.DirectMethodHandle$Holder.invokeStaticInit(java.lang.Object, java.lang.Object)'> (0x00000000875b1ca0) 
thrown [s\open\src\hotspot\share\interpreter\linkResolver.cpp, line 766]
Event: 1.724 Thread 0x000001eafcd797f0 Exception <a 'java/lang/NoSuchMethodError'{0x000000008759b750}: 'long java.lang.invoke.DirectMethodHandle$Holder.invokeStatic(java.lang.Object, java.lang.Object, java.lang.Object)'> (0x000000008759b750) 
thrown [s\open\src\hotspot\share\interpreter\linkResolver.cpp, line 766]
Event: 1.724 Thread 0x000001eafcd797f0 Exception <a 'java/lang/NoSuchMethodError'{0x000000008759eef0}: 'long java.lang.invoke.DirectMethodHandle$Holder.invokeStaticInit(java.lang.Object, java.lang.Object, java.lang.Object)'> (0x000000008759eef0) 
thrown [s\open\src\hotspot\share\interpreter\linkResolver.cpp, line 766]
Event: 1.729 Thread 0x000001eafcd797f0 Exception <a 'java/lang/NoSuchMethodError'{0x00000000875fd130}: 'java.lang.Object java.lang.invoke.DirectMethodHandle$Holder.newInvokeSpecial(java.lang.Object, java.lang.Object, long)'> (0x00000000875fd130) 
thrown [s\open\src\hotspot\share\interpreter\linkResolver.cpp, line 766]
Event: 1.729 Thread 0x000001eafcd797f0 Exception <a 'java/lang/NoSuchMethodError'{0x0000000087417658}: 'java.lang.Object java.lang.invoke.Invokers$Holder.linkToTargetMethod(java.lang.Object, long, java.lang.Object)'> (0x0000000087417658) 
thrown [s\open\src\hotspot\share\interpreter\linkResolver.cpp, line 766]
Event: 5.023 Thread 0x000001eafcd797f0 Exception <a 'sun/nio/fs/WindowsException'{0x0000000086f502c8}> (0x0000000086f502c8) 
thrown [s\open\src\hotspot\share\prims\jni.cpp, line 516]
Event: 5.027 Thread 0x000001eafcd797f0 Exception <a 'sun/nio/fs/WindowsException'{0x0000000086f74258}> (0x0000000086f74258) 
thrown [s\open\src\hotspot\share\prims\jni.cpp, line 516]
Event: 5.031 Thread 0x000001eafcd797f0 Exception <a 'sun/nio/fs/WindowsException'{0x0000000086f7eed0}> (0x0000000086f7eed0) 
thrown [s\open\src\hotspot\share\prims\jni.cpp, line 516]
Event: 5.083 Thread 0x000001eafcd797f0 Exception <a 'sun/nio/fs/WindowsException'{0x0000000086c126d0}> (0x0000000086c126d0) 
thrown [s\open\src\hotspot\share\prims\jni.cpp, line 516]
Event: 5.083 Thread 0x000001eafcd797f0 Exception <a 'sun/nio/fs/WindowsException'{0x0000000086c12a80}> (0x0000000086c12a80) 
thrown [s\open\src\hotspot\share\prims\jni.cpp, line 516]
Event: 5.099 Thread 0x000001eafcd797f0 Exception <a 'java/lang/NoSuchMethodError'{0x0000000086b81390}: 'java.lang.Object java.lang.invoke.DirectMethodHandle$Holder.invokeStaticInit(java.lang.Object, int, int, int, int)'> (0x0000000086b81390) 
thrown [s\open\src\hotspot\share\interpreter\linkResolver.cpp, line 766]
Event: 5.148 Thread 0x000001eafcd797f0 Exception <a 'java/lang/NoSuchMethodError'{0x0000000086a415b0}: 'java.lang.Object java.lang.invoke.DirectMethodHandle$Holder.invokeStaticInit(java.lang.Object, java.lang.Object, int, int, int, int)'> (0x0000000086a415b0) 
thrown [s\open\src\hotspot\share\interpreter\linkResolver.cpp, line 766]
Event: 5.152 Thread 0x000001eafcd797f0 Exception <a 'sun/nio/fs/WindowsException'{0x0000000086a49ee0}> (0x0000000086a49ee0) 
thrown [s\open\src\hotspot\share\prims\jni.cpp, line 516]
Event: 5.152 Thread 0x000001eafcd797f0 Exception <a 'sun/nio/fs/WindowsException'{0x0000000086a53e70}> (0x0000000086a53e70) 
thrown [s\open\src\hotspot\share\prims\jni.cpp, line 516]
Event: 5.152 Thread 0x000001eafcd797f0 Exception <a 'sun/nio/fs/WindowsException'{0x0000000086a54220}> (0x0000000086a54220) 
thrown [s\open\src\hotspot\share\prims\jni.cpp, line 516]
Event: 5.154 Thread 0x000001eafcd797f0 Exception <a 'sun/nio/fs/WindowsException'{0x0000000086a55b58}> (0x0000000086a55b58) 
thrown [s\open\src\hotspot\share\prims\jni.cpp, line 516]
Event: 6.239 Thread 0x000001eafcd797f0 Exception <a 'java/lang/NoSuchMethodError'{0x00000000869d6200}: 'java.lang.Object java.lang.invoke.DirectMethodHandle$Holder.invokeSpecial(java.lang.Object, java.lang.Object, int, java.lang.Object, long)'> (0x00000000869d6200) 
thrown [s\open\src\hotspot\share\interpreter\linkResolver.cpp, line 766]

VM Operations (20 events):
Event: 1.135 Executing VM operation: G1CollectForAllocation done
Event: 1.277 Executing VM operation: HandshakeAllThreads
Event: 1.277 Executing VM operation: HandshakeAllThreads done
Event: 1.280 Executing VM operation: HandshakeAllThreads
Event: 1.280 Executing VM operation: HandshakeAllThreads done
Event: 1.643 Executing VM operation: ICBufferFull
Event: 1.643 Executing VM operation: ICBufferFull done
Event: 3.397 Executing VM operation: ICBufferFull
Event: 3.397 Executing VM operation: ICBufferFull done
Event: 4.398 Executing VM operation: Cleanup
Event: 4.398 Executing VM operation: Cleanup done
Event: 5.035 Executing VM operation: HandshakeAllThreads
Event: 5.035 Executing VM operation: HandshakeAllThreads done
Event: 5.102 Executing VM operation: HandshakeAllThreads
Event: 5.102 Executing VM operation: HandshakeAllThreads done
Event: 6.102 Executing VM operation: Cleanup
Event: 6.102 Executing VM operation: Cleanup done
Event: 8.102 Executing VM operation: Cleanup
Event: 8.102 Executing VM operation: Cleanup done
Event: 8.639 Executing VM operation: Exit

Events (20 events):
Event: 0.880 Thread 0x000001eafc7a9a80 Thread exited: 0x000001eafc7a9a80
Event: 0.922 Thread 0x000001eafd047dd0 Thread added: 0x000001eafd047dd0
Event: 0.927 Thread 0x000001eafd0482a0 Thread added: 0x000001eafd0482a0
Event: 0.959 Loaded shared library C:\Program Files\Java\jdk-18.0.1\bin\jimage.dll
Event: 1.093 Thread 0x000001eafd1efb60 Thread added: 0x000001eafd1efb60
Event: 1.122 Loaded shared library C:\Users\Евгений\.openjfx\cache\18+12\javafx_font.dll
Event: 1.474 Thread 0x000001eafd1efb60 Thread exited: 0x000001eafd1efb60
Event: 1.485 Thread 0x000001eafd047900 Thread added: 0x000001eafd047900
Event: 1.639 Thread 0x000001ea8805bc50 Thread added: 0x000001ea8805bc50
Event: 1.807 Thread 0x000001eafd046f60 Thread added: 0x000001eafd046f60
Event: 2.105 Thread 0x000001ea8805bc50 Thread exited: 0x000001ea8805bc50
Event: 5.021 Loaded shared library C:\Program Files\Java\jdk-18.0.1\bin\verify.dll
Event: 5.059 Thread 0x000001ea881f80b0 Thread added: 0x000001ea881f80b0
Event: 5.245 Loaded shared library C:\Users\Евгений\AppData\Local\Temp\sqlite-3.44.1.0-710422a4-6e15-4d79-b59c-fcd05afb4d0e-sqlitejdbc.dll
Event: 5.549 Thread 0x000001ea881f80b0 Thread exited: 0x000001ea881f80b0
Event: 8.635 Thread 0x000001ea88d03390 Thread added: 0x000001ea88d03390
Event: 8.636 Thread 0x000001ea88d03d30 Thread added: 0x000001ea88d03d30
Event: 8.636 Thread 0x000001ea88d05070 Thread added: 0x000001ea88d05070
Event: 8.636 Thread 0x000001ea88d05070 Thread exited: 0x000001ea88d05070
Event: 8.638 Thread 0x000001ea88d03d30 Thread exited: 0x000001ea88d03d30


Dynamic libraries:
0x00007ff64c3b0000 - 0x00007ff64c3c0000 	C:\Program Files\Java\jdk-18.0.1\bin\java.exe
0x00007ffeb43b0000 - 0x00007ffeb45a8000 	C:\Windows\SYSTEM32\ntdll.dll
0x00007ffeb3a20000 - 0x00007ffeb3add000 	C:\Windows\System32\KERNEL32.DLL
0x00007ffeb1c90000 - 0x00007ffeb1f86000 	C:\Windows\System32\KERNELBASE.dll
0x00007ffeb2300000 - 0x00007ffeb2400000 	C:\Windows\System32\ucrtbase.dll
0x00007ffe94a00000 - 0x00007ffe94a1a000 	C:\Program Files\Java\jdk-18.0.1\bin\VCRUNTIME140.dll
0x00007ffe94ab0000 - 0x00007ffe94ac8000 	C:\Program Files\Java\jdk-18.0.1\bin\jli.dll
0x00007ffeb3330000 - 0x00007ffeb33e3000 	C:\Windows\System32\ADVAPI32.dll
0x00007ffeb3c30000 - 0x00007ffeb3cce000 	C:\Windows\System32\msvcrt.dll
0x00007ffeb3750000 - 0x00007ffeb37ef000 	C:\Windows\System32\sechost.dll
0x00007ffeb3480000 - 0x00007ffeb35a6000 	C:\Windows\System32\RPCRT4.dll
0x00007ffeb1c30000 - 0x00007ffeb1c57000 	C:\Windows\System32\bcrypt.dll
0x00007ffeb35b0000 - 0x00007ffeb374e000 	C:\Windows\System32\USER32.dll
0x00007ffeb1c60000 - 0x00007ffeb1c82000 	C:\Windows\System32\win32u.dll
0x00007ffeb3bf0000 - 0x00007ffeb3c1c000 	C:\Windows\System32\GDI32.dll
0x00007ffeab090000 - 0x00007ffeab32a000 	C:\Windows\WinSxS\amd64_microsoft.windows.common-controls_6595b64144ccf1df_6.0.19041.3636_none_60b6a03d71f818d5\COMCTL32.dll
0x00007ffeb1b10000 - 0x00007ffeb1c2a000 	C:\Windows\System32\gdi32full.dll
0x00007ffeb1f90000 - 0x00007ffeb202d000 	C:\Windows\System32\msvcp_win.dll
0x00007ffeac1f0000 - 0x00007ffeac1fa000 	C:\Windows\SYSTEM32\VERSION.dll
0x00007ffeb3300000 - 0x00007ffeb3330000 	C:\Windows\System32\IMM32.DLL
0x00007ffe9ee40000 - 0x00007ffe9ee4c000 	C:\Program Files\Java\jdk-18.0.1\bin\vcruntime140_1.dll
0x00007ffe941c0000 - 0x00007ffe9424d000 	C:\Program Files\Java\jdk-18.0.1\bin\msvcp140.dll
0x00007ffe56d10000 - 0x00007ffe57920000 	C:\Program Files\Java\jdk-18.0.1\bin\server\jvm.dll
0x00007ffeb3c20000 - 0x00007ffeb3c28000 	C:\Windows\System32\PSAPI.DLL
0x00007ffea7990000 - 0x00007ffea79b7000 	C:\Windows\SYSTEM32\WINMM.dll
0x00007ffea6a60000 - 0x00007ffea6a69000 	C:\Windows\SYSTEM32\WSOCK32.dll
0x00007ffeb37f0000 - 0x00007ffeb385b000 	C:\Windows\System32\WS2_32.dll
0x00007ffeaf950000 - 0x00007ffeaf962000 	C:\Windows\SYSTEM32\kernel.appcore.dll
0x00007ffe9ed50000 - 0x00007ffe9ed5a000 	C:\Program Files\Java\jdk-18.0.1\bin\jimage.dll
0x00007ffea8b90000 - 0x00007ffea8d74000 	C:\Windows\SYSTEM32\DBGHELP.DLL
0x00007ffea8b50000 - 0x00007ffea8b84000 	C:\Windows\SYSTEM32\dbgcore.DLL
0x00007ffeb1a80000 - 0x00007ffeb1b02000 	C:\Windows\System32\bcryptPrimitives.dll
0x00007ffeac960000 - 0x00007ffeac96e000 	C:\Program Files\Java\jdk-18.0.1\bin\instrument.dll
0x00007ffe8f2a0000 - 0x00007ffe8f2c5000 	C:\Program Files\Java\jdk-18.0.1\bin\java.dll
0x00007ffe86190000 - 0x00007ffe86266000 	C:\Program Files\Java\jdk-18.0.1\bin\jsvml.dll
0x00007ffeb2590000 - 0x00007ffeb2cd5000 	C:\Windows\System32\SHELL32.dll
0x00007ffeafb50000 - 0x00007ffeb02eb000 	C:\Windows\SYSTEM32\windows.storage.dll
0x00007ffeb3e60000 - 0x00007ffeb41b4000 	C:\Windows\System32\combase.dll
0x00007ffeb1440000 - 0x00007ffeb146d000 	C:\Windows\SYSTEM32\Wldp.dll
0x00007ffeb3950000 - 0x00007ffeb39fd000 	C:\Windows\System32\SHCORE.dll
0x00007ffeb2400000 - 0x00007ffeb2455000 	C:\Windows\System32\shlwapi.dll
0x00007ffeb19b0000 - 0x00007ffeb19d5000 	C:\Windows\SYSTEM32\profapi.dll
0x00007ffe8c650000 - 0x00007ffe8c663000 	C:\Program Files\Java\jdk-18.0.1\bin\net.dll
0x00007ffeac9b0000 - 0x00007ffeacaba000 	C:\Windows\SYSTEM32\WINHTTP.dll
0x00007ffeb11a0000 - 0x00007ffeb120a000 	C:\Windows\system32\mswsock.dll
0x00007ffe8c630000 - 0x00007ffe8c646000 	C:\Program Files\Java\jdk-18.0.1\bin\nio.dll
0x00007ffe8bf50000 - 0x00007ffe8bf68000 	C:\Program Files\Java\jdk-18.0.1\bin\zip.dll
0x00007ffea66f0000 - 0x00007ffea670a000 	C:\Program Files\JetBrains\IntelliJ IDEA Community Edition 2022.1.2\bin\breakgen64.dll
0x000001eadeae0000 - 0x000001eadeae3000 	C:\Users\Евгений\.openjfx\cache\18+12\api-ms-win-core-console-l1-1-0.dll
0x000001eadeaf0000 - 0x000001eadeaf3000 	C:\Users\Евгений\.openjfx\cache\18+12\api-ms-win-core-console-l1-2-0.dll
0x000001eadeb00000 - 0x000001eadeb03000 	C:\Users\Евгений\.openjfx\cache\18+12\api-ms-win-core-datetime-l1-1-0.dll
0x000001eafd260000 - 0x000001eafd263000 	C:\Users\Евгений\.openjfx\cache\18+12\api-ms-win-core-debug-l1-1-0.dll
0x000001eafd270000 - 0x000001eafd273000 	C:\Users\Евгений\.openjfx\cache\18+12\api-ms-win-core-errorhandling-l1-1-0.dll
0x000001eafd280000 - 0x000001eafd284000 	C:\Users\Евгений\.openjfx\cache\18+12\api-ms-win-core-file-l1-1-0.dll
0x000001eafd290000 - 0x000001eafd293000 	C:\Users\Евгений\.openjfx\cache\18+12\api-ms-win-core-file-l1-2-0.dll
0x000001eafd2a0000 - 0x000001eafd2a3000 	C:\Users\Евгений\.openjfx\cache\18+12\api-ms-win-core-file-l2-1-0.dll
0x000001eafd2b0000 - 0x000001eafd2b3000 	C:\Users\Евгений\.openjfx\cache\18+12\api-ms-win-core-handle-l1-1-0.dll
0x000001eafd2c0000 - 0x000001eafd2c3000 	C:\Users\Евгений\.openjfx\cache\18+12\api-ms-win-core-heap-l1-1-0.dll
0x000001eafd2d0000 - 0x000001eafd2d3000 	C:\Users\Евгений\.openjfx\cache\18+12\api-ms-win-core-interlocked-l1-1-0.dll
0x000001eafd2e0000 - 0x000001eafd2e3000 	C:\Users\Евгений\.openjfx\cache\18+12\api-ms-win-core-libraryloader-l1-1-0.dll
0x000001eafd2f0000 - 0x000001eafd2f3000 	C:\Users\Евгений\.openjfx\cache\18+12\api-ms-win-core-localization-l1-2-0.dll
0x000001eafd300000 - 0x000001eafd303000 	C:\Users\Евгений\.openjfx\cache\18+12\api-ms-win-core-memory-l1-1-0.dll
0x000001eafd310000 - 0x000001eafd313000 	C:\Users\Евгений\.openjfx\cache\18+12\api-ms-win-core-namedpipe-l1-1-0.dll
0x000001eafd320000 - 0x000001eafd323000 	C:\Users\Евгений\.openjfx\cache\18+12\api-ms-win-core-processenvironment-l1-1-0.dll
0x000001eafd330000 - 0x000001eafd333000 	C:\Users\Евгений\.openjfx\cache\18+12\api-ms-win-core-processthreads-l1-1-0.dll
0x000001eafd340000 - 0x000001eafd343000 	C:\Users\Евгений\.openjfx\cache\18+12\api-ms-win-core-processthreads-l1-1-1.dll
0x000001eafd350000 - 0x000001eafd353000 	C:\Users\Евгений\.openjfx\cache\18+12\api-ms-win-core-profile-l1-1-0.dll
0x000001eafd360000 - 0x000001eafd363000 	C:\Users\Евгений\.openjfx\cache\18+12\api-ms-win-core-rtlsupport-l1-1-0.dll
0x000001eafd370000 - 0x000001eafd373000 	C:\Users\Евгений\.openjfx\cache\18+12\api-ms-win-core-string-l1-1-0.dll
0x000001eafd380000 - 0x000001eafd383000 	C:\Users\Евгений\.openjfx\cache\18+12\api-ms-win-core-synch-l1-1-0.dll
0x000001eafd390000 - 0x000001eafd393000 	C:\Users\Евгений\.openjfx\cache\18+12\api-ms-win-core-synch-l1-2-0.dll
0x000001eafd3a0000 - 0x000001eafd3a3000 	C:\Users\Евгений\.openjfx\cache\18+12\api-ms-win-core-sysinfo-l1-1-0.dll
0x000001eafd3b0000 - 0x000001eafd3b3000 	C:\Users\Евгений\.openjfx\cache\18+12\api-ms-win-core-timezone-l1-1-0.dll
0x000001eafd3c0000 - 0x000001eafd3c3000 	C:\Users\Евгений\.openjfx\cache\18+12\api-ms-win-core-util-l1-1-0.dll
0x000001eafd3d0000 - 0x000001eafd3d3000 	C:\Users\Евгений\.openjfx\cache\18+12\api-ms-win-crt-conio-l1-1-0.dll
0x000001eafd3e0000 - 0x000001eafd3e4000 	C:\Users\Евгений\.openjfx\cache\18+12\api-ms-win-crt-convert-l1-1-0.dll
0x000001eafd3f0000 - 0x000001eafd3f3000 	C:\Users\Евгений\.openjfx\cache\18+12\api-ms-win-crt-environment-l1-1-0.dll
0x000001eafd400000 - 0x000001eafd403000 	C:\Users\Евгений\.openjfx\cache\18+12\api-ms-win-crt-filesystem-l1-1-0.dll
0x000001eafd410000 - 0x000001eafd413000 	C:\Users\Евгений\.openjfx\cache\18+12\api-ms-win-crt-heap-l1-1-0.dll
0x000001eafd420000 - 0x000001eafd423000 	C:\Users\Евгений\.openjfx\cache\18+12\api-ms-win-crt-locale-l1-1-0.dll
0x000001eafd430000 - 0x000001eafd435000 	C:\Users\Евгений\.openjfx\cache\18+12\api-ms-win-crt-math-l1-1-0.dll
0x000001eafd440000 - 0x000001eafd445000 	C:\Users\Евгений\.openjfx\cache\18+12\api-ms-win-crt-multibyte-l1-1-0.dll
0x000001eafd450000 - 0x000001eafd460000 	C:\Users\Евгений\.openjfx\cache\18+12\api-ms-win-crt-private-l1-1-0.dll
0x000001eafd460000 - 0x000001eafd463000 	C:\Users\Евгений\.openjfx\cache\18+12\api-ms-win-crt-process-l1-1-0.dll
0x000001eafd470000 - 0x000001eafd474000 	C:\Users\Евгений\.openjfx\cache\18+12\api-ms-win-crt-runtime-l1-1-0.dll
0x000001eafd480000 - 0x000001eafd484000 	C:\Users\Евгений\.openjfx\cache\18+12\api-ms-win-crt-stdio-l1-1-0.dll
0x000001eafd490000 - 0x000001eafd494000 	C:\Users\Евгений\.openjfx\cache\18+12\api-ms-win-crt-string-l1-1-0.dll
0x000001eafd4a0000 - 0x000001eafd4a3000 	C:\Users\Евгений\.openjfx\cache\18+12\api-ms-win-crt-time-l1-1-0.dll
0x000001eafd4b0000 - 0x000001eafd4b3000 	C:\Users\Евгений\.openjfx\cache\18+12\api-ms-win-crt-utility-l1-1-0.dll
0x00007ffe88f80000 - 0x00007ffe8907c000 	C:\Users\Евгений\.openjfx\cache\18+12\ucrtbase.dll
0x00007ffe9eef0000 - 0x00007ffe9ef0a000 	C:\Users\Евгений\.openjfx\cache\18+12\vcruntime140.dll
0x00007ffea88e0000 - 0x00007ffea88ec000 	C:\Users\Евгений\.openjfx\cache\18+12\vcruntime140_1.dll
0x00007ffe94130000 - 0x00007ffe941bd000 	C:\Users\Евгений\.openjfx\cache\18+12\msvcp140.dll
0x00007ffe98050000 - 0x00007ffe9807c000 	C:\Users\Евгений\.openjfx\cache\18+12\prism_d3d.dll
0x00007ffea07f0000 - 0x00007ffea09bd000 	C:\Windows\system32\d3d9.dll
0x00007ffeaf660000 - 0x00007ffeaf68f000 	C:\Windows\SYSTEM32\dwmapi.dll
0x00007ffeaf350000 - 0x00007ffeaf3ee000 	C:\Windows\system32\uxtheme.dll
0x00007ffeb1640000 - 0x00007ffeb1652000 	C:\Windows\SYSTEM32\msasn1.dll
0x00007ffeac1b0000 - 0x00007ffeac1e1000 	C:\Windows\SYSTEM32\cryptnet.dll
0x00007ffeb20e0000 - 0x00007ffeb223d000 	C:\Windows\System32\CRYPT32.dll
0x00007ffeac060000 - 0x00007ffeac1a8000 	C:\Windows\SYSTEM32\drvstore.dll
0x00007ffeb1810000 - 0x00007ffeb1843000 	C:\Windows\SYSTEM32\devobj.dll
0x00007ffeb2240000 - 0x00007ffeb228e000 	C:\Windows\System32\cfgmgr32.dll
0x00007ffeb13b0000 - 0x00007ffeb13bc000 	C:\Windows\SYSTEM32\cryptbase.dll
0x00007ffeb2290000 - 0x00007ffeb22f7000 	C:\Windows\System32\WINTRUST.DLL
0x00007ffeb3a00000 - 0x00007ffeb3a1d000 	C:\Windows\System32\imagehlp.dll
0x00007ffeb1390000 - 0x00007ffeb13a8000 	C:\Windows\SYSTEM32\CRYPTSP.dll
0x00007ffeb0a70000 - 0x00007ffeb0aa4000 	C:\Windows\system32\rsaenh.dll
0x00007ffe97f90000 - 0x00007ffe97fd2000 	C:\Users\Евгений\.openjfx\cache\18+12\glass.dll
0x00007ffeb3860000 - 0x00007ffeb393a000 	C:\Windows\System32\COMDLG32.dll
0x00007ffeb2460000 - 0x00007ffeb258b000 	C:\Windows\System32\ole32.dll
0x00007ffeb42a0000 - 0x00007ffeb436d000 	C:\Windows\System32\OLEAUT32.dll
0x00007ffeb3d30000 - 0x00007ffeb3e44000 	C:\Windows\System32\MSCTF.dll
0x00007ffe94700000 - 0x00007ffe949c7000 	C:\Windows\system32\nvspcap64.dll
0x00007ffeb0b90000 - 0x00007ffeb0bc3000 	C:\Windows\SYSTEM32\ntmarta.dll
0x00007ffeb0300000 - 0x00007ffeb0323000 	C:\Windows\SYSTEM32\gpapi.dll
0x00007ffe9be10000 - 0x00007ffe9be4b000 	C:\Windows\SYSTEM32\dxcore.dll
0x00007ffe98f40000 - 0x00007ffe98f54000 	C:\Users\Евгений\.openjfx\cache\18+12\javafx_font.dll
0x00007ffe974c0000 - 0x00007ffe9773f000 	C:\Windows\SYSTEM32\dwrite.dll
0x00007ffeb3b40000 - 0x00007ffeb3be9000 	C:\Windows\System32\clbcatq.dll
0x00007ffe9d940000 - 0x00007ffe9daf4000 	C:\Windows\SYSTEM32\WindowsCodecs.dll
0x00007ffe919f0000 - 0x00007ffe91a2e000 	C:\Windows\system32\dataexchange.dll
0x00007ffead080000 - 0x00007ffead2e3000 	C:\Windows\system32\d3d11.dll
0x00007ffeae440000 - 0x00007ffeae623000 	C:\Windows\system32\dcomp.dll
0x00007ffeb0330000 - 0x00007ffeb0423000 	C:\Windows\system32\dxgi.dll
0x00007ffe9f8b0000 - 0x00007ffe9fab3000 	C:\Windows\system32\twinapi.appcore.dll
0x00007ffe98f90000 - 0x00007ffe98fc4000 	C:\Program Files\Common Files\Microsoft Shared\Ink\rtscom.dll
0x00007ffe9ea00000 - 0x00007ffe9eaf9000 	C:\Windows\SYSTEM32\textinputframework.dll

dbghelp: loaded successfully - version: 4.0.5 - missing functions: none
symbol engine: initialized successfully - sym options: 0x614 - pdb path: .;C:\Program Files\Java\jdk-18.0.1\bin;C:\Windows\SYSTEM32;C:\Windows\WinSxS\amd64_microsoft.windows.common-controls_6595b64144ccf1df_6.0.19041.3636_none_60b6a03d71f818d5;C:\Program Files\Java\jdk-18.0.1\bin\server;C:\Program Files\JetBrains\IntelliJ IDEA Community Edition 2022.1.2\bin;C:\Users\Евгений\.openjfx\cache\18+12;C:\Windows\System32\DriverStore\FileRepository\nvmdig.inf_amd64_2b01a28ee7b06750;C:\Program Files\Common Files\Microsoft Shared\Ink;C:\Users\Евгений\AppData\Local\Temp

VM Arguments:
jvm_args: -javaagent:C:\Program Files\JetBrains\IntelliJ IDEA Community Edition 2022.1.2\lib\idea_rt.jar=64406:C:\Program Files\JetBrains\IntelliJ IDEA Community Edition 2022.1.2\bin -Dfile.encoding=UTF-8 --module-path=C:\Users\Евгений\.m2\repository\org\openjfx\javafx-graphics\18\javafx-graphics-18-win.jar;C:\Users\Евгений\ATM_Machine\target\classes;C:\Users\Евгений\.m2\repository\org\slf4j\slf4j-api\1.7.36\slf4j-api-1.7.36.jar;C:\Users\Евгений\.m2\repository\org\openjfx\javafx-fxml\18\javafx-fxml-18-win.jar;C:\Users\Евгений\.m2\repository\org\xerial\sqlite-jdbc\3.44.1.0\sqlite-jdbc-3.44.1.0.jar;C:\Users\Евгений\.m2\repository\org\openjfx\javafx-controls\18\javafx-controls-18-win.jar;C:\Users\Евгений\.m2\repository\org\openjfx\javafx-base\18\javafx-base-18-win.jar -Djdk.module.main=com.example.atm_machine 
java_command: com.example.atm_machine/com.example.atm_machine.HelloApplication
java_class_path (initial): C:\Users\Евгений\.m2\repository\org\openjfx\javafx-controls\18\javafx-controls-18.jar;C:\Users\Евгений\.m2\repository\org\openjfx\javafx-graphics\18\javafx-graphics-18.jar;C:\Users\Евгений\.m2\repository\org\openjfx\javafx-base\18\javafx-base-18.jar;C:\Users\Евгений\.m2\repository\org\openjfx\javafx-fxml\18\javafx-fxml-18.jar;C:\Users\Евгений\.m2\repository\org\slf4j\slf4j-simple\1.7.36\slf4j-simple-1.7.36.jar
Launcher Type: SUN_STANDARD

[Global flags]
     intx CICompilerCount                          = 3                                         {product} {ergonomic}
     uint ConcGCThreads                            = 1                                         {product} {ergonomic}
     uint G1ConcRefinementThreads                  = 4                                         {product} {ergonomic}
   size_t G1HeapRegionSize                         = 1048576                                   {product} {ergonomic}
    uintx GCDrainStackTargetSize                   = 64                                        {product} {ergonomic}
   size_t InitialHeapSize                          = 134217728                                 {product} {ergonomic}
   size_t MarkStackSize                            = 4194304                                   {product} {ergonomic}
   size_t MaxHeapSize                              = 2132803584                                {product} {ergonomic}
   size_t MaxNewSize                               = 1279262720                                {product} {ergonomic}
   size_t MinHeapDeltaBytes                        = 1048576                                   {product} {ergonomic}
   size_t MinHeapSize                              = 8388608                                   {product} {ergonomic}
    uintx NonNMethodCodeHeapSize                   = 5832780                                {pd product} {ergonomic}
    uintx NonProfiledCodeHeapSize                  = 122912730                              {pd product} {ergonomic}
    uintx ProfiledCodeHeapSize                     = 122912730                              {pd product} {ergonomic}
    uintx ReservedCodeCacheSize                    = 251658240                              {pd product} {ergonomic}
     bool SegmentedCodeCache                       = true                                      {product} {ergonomic}
   size_t SoftMaxHeapSize                          = 2132803584                             {manageable} {ergonomic}
     bool UseCompressedClassPointers               = true                           {product lp64_product} {ergonomic}
     bool UseCompressedOops                        = true                           {product lp64_product} {ergonomic}
     bool UseG1GC                                  = true                                      {product} {ergonomic}
     bool UseLargePagesIndividualAllocation        = false                                  {pd product} {ergonomic}

Logging:
Log output configuration:
 #0: stdout all=off uptime,level,tags foldmultilines=false
 #1: stderr all=off uptime,level,tags foldmultilines=false

Environment Variables:
JAVA_HOME=C:\Program Files\Java\jdk-17
PATH=C:\Program Files (x86)\Common Files\Oracle\Java\javapath;C:\Program Files\Common Files\Oracle\Java\javapath;C:\Windows\system32;C:\Windows;C:\Windows\System32\Wbem;C:\Windows\System32\WindowsPowerShell\v1.0\;C:\Windows\System32\OpenSSH\;C:\Program Files (x86)\NVIDIA Corporation\PhysX\Common;C:\Program Files\NVIDIA Corporation\NVIDIA NvDLISR;C:\Program Files\Git\cmd;C:\Program Files\Java\jdk-17;C:\Users\Евгений\AppData\Local\Microsoft\WindowsApps;;C:\Program Files\JetBrains\IntelliJ IDEA Community Edition 2022.1.2\bin;
USERNAME=Евгений
OS=Windows_NT
PROCESSOR_IDENTIFIER=Intel64 Family 6 Model 94 Stepping 3, GenuineIntel



---------------  S Y S T E M  ---------------

OS:
 Windows 10 , 64 bit Build 19041 (10.0.19041.3636)
OS uptime: 5 days 23:07 hours

CPU: total 4 (initial active 4) (2 cores per cpu, 2 threads per core) family 6 model 94 stepping 3 microcode 0xcc, cx8, cmov, fxsr, ht, mmx, 3dnowpref, sse, sse2, sse3, ssse3, sse4.1, sse4.2, popcnt, lzcnt, tsc, tscinvbit, avx, avx2, aes, erms, clmul, bmi1, bmi2, adx, fma, vzeroupper, clflush, clflushopt

Memory: 4k page, system-wide physical 8128M (1756M free)
TotalPageFile size 12078M (AvailPageFile size 1879M)
current process WorkingSet (physical memory assigned to process): 123M, peak: 140M
current process commit charge ("private bytes"): 267M, peak: 279M

vm_info: Java HotSpot(TM) 64-Bit Server VM (18.0.1+10-24) for windows-amd64 JRE (18.0.1+10-24), built on Mar  9 2022 22:41:56 by "mach5one" with MS VC++ 16.8 / 16.9 (VS2019)

END.
