#
# A fatal error has been detected by the Java Runtime Environment:
#
#  EXCEPTION_ACCESS_VIOLATION (0xc0000005) at pc=0x00007ffe8bf462d7, pid=10124, tid=9336
#
# JRE version: Java(TM) SE Runtime Environment (18.0.1+10) (build 18.0.1+10-24)
# Java VM: Java HotSpot(TM) 64-Bit Server VM (18.0.1+10-24, mixed mode, sharing, tiered, compressed oops, compressed class ptrs, g1 gc, windows-amd64)
# Problematic frame:
# C  [glass.dll+0x262d7]
#
# No core dump will be written. Minidumps are not enabled by default on client versions of Windows
#
# If you would like to submit a bug report, please visit:
#   https://bugreport.java.com/bugreport/crash.jsp
#

---------------  S U M M A R Y ------------

Command Line: -javaagent:C:\Program Files\JetBrains\IntelliJ IDEA Community Edition 2022.1.2\lib\idea_rt.jar=61166:C:\Program Files\JetBrains\IntelliJ IDEA Community Edition 2022.1.2\bin -Dfile.encoding=UTF-8 --module-path=C:\Users\Евгений\.m2\repository\org\openjfx\javafx-graphics\18\javafx-graphics-18-win.jar;C:\Users\Евгений\ATM_Machine\target\classes;C:\Users\Евгений\.m2\repository\org\slf4j\slf4j-api\1.7.36\slf4j-api-1.7.36.jar;C:\Users\Евгений\.m2\repository\org\openjfx\javafx-fxml\18\javafx-fxml-18-win.jar;C:\Users\Евгений\.m2\repository\org\xerial\sqlite-jdbc\3.44.1.0\sqlite-jdbc-3.44.1.0.jar;C:\Users\Евгений\.m2\repository\org\openjfx\javafx-controls\18\javafx-controls-18-win.jar;C:\Users\Евгений\.m2\repository\org\openjfx\javafx-base\18\javafx-base-18-win.jar -Djdk.module.main=com.example.atm_machine com.example.atm_machine/com.example.atm_machine.HelloApplication

Host: Intel(R) Core(TM) i3-6100 CPU @ 3.70GHz, 4 cores, 7G,  Windows 10 , 64 bit Build 19041 (10.0.19041.3636)
Time: Mon Jan 22 20:01:59 2024 RTZ 3 (s 10 , 64 bit Build 19041 (10.0.19041.3636) elapsed time: 11.196510 seconds (0d 0h 0m 11s)

---------------  T H R E A D  ---------------

Current thread (0x000001e90cc61a70):  VMThread "VM Thread" [stack: 0x00000003a7400000,0x00000003a7500000] [id=9336]

Stack: [0x00000003a7400000,0x00000003a7500000],  sp=0x00000003a74fed60,  free space=1019k
Native frames: (J=compiled Java code, j=interpreted, Vv=VM code, C=native code)
C  [glass.dll+0x262d7]


siginfo: EXCEPTION_ACCESS_VIOLATION (0xc0000005), reading address 0x0000000000000000


Register to memory mapping:

RIP=0x00007ffe8bf462d7 glass.dll
RAX=0x0 is NULL
RBX=0x000001e92a542a98 is a global jni handle
RCX=0x000001e90cc61a70 points into unknown readable memory: 0x00007ffe64f1d938 | 38 d9 f1 64 fe 7f 00 00
RDX=0x00000003a74fed60 points into unknown readable memory: 0x0000000000000000 | 00 00 00 00 00 00 00 00
RSP=0x00000003a74fed60 points into unknown readable memory: 0x0000000000000000 | 00 00 00 00 00 00 00 00
RBP=0x000001e92edc3e68 points into unknown readable memory: 0x0000541bc29883fc | fc 83 98 c2 1b 54 00 00
RSI=0x000001e92edc3e40 points into unknown readable memory: 0xc00053e42a27c091 | 91 c0 27 2a e4 53 00 c0
RDI=0x0000541bc29883fc is an unknown value
R8 =0x0000000000010002 is an unknown value
R9 =0x0000541bc29883fc is an unknown value
R10=0x0000000000008000 is an unknown value
R11=0x00000003a74fecf0 points into unknown readable memory: 0x000001e92edc3e40 | 40 3e dc 2e e9 01 00 00
R12=0x00007ffe8bf43bc4 glass.dll
R13=0x00007ffe650dfc00 jvm.dll
R14=0x00000003a74fee58 points into unknown readable memory: 0x00000003a74fee40 | 40 ee 4f a7 03 00 00 00
R15=0x000001e92edc3e40 points into unknown readable memory: 0xc00053e42a27c091 | 91 c0 27 2a e4 53 00 c0


Registers:
RAX=0x0000000000000000, RBX=0x000001e92a542a98, RCX=0x000001e90cc61a70, RDX=0x00000003a74fed60
RSP=0x00000003a74fed60, RBP=0x000001e92edc3e68, RSI=0x000001e92edc3e40, RDI=0x0000541bc29883fc
R8 =0x0000000000010002, R9 =0x0000541bc29883fc, R10=0x0000000000008000, R11=0x00000003a74fecf0
R12=0x00007ffe8bf43bc4, R13=0x00007ffe650dfc00, R14=0x00000003a74fee58, R15=0x000001e92edc3e40
RIP=0x00007ffe8bf462d7, EFLAGS=0x0000000000010202

Top of Stack: (sp=0x00000003a74fed60)
0x00000003a74fed60:   0000000000000000 000001e92edc3e40
0x00000003a74fed70:   00007ffe650dfc00 00007ffe8bf43bc4
0x00000003a74fed80:   000001e92edc3e48 00007ffeb23142d6
0x00000003a74fed90:   0000541bc29883fc 000001e900000000
0x00000003a74feda0:   000001e92edc3e68 000001e92edc3e40
0x00000003a74fedb0:   fffffffffffffffe 0000000000000000
0x00000003a74fedc0:   0000000000000001 00007ffe8bf20000
0x00000003a74fedd0:   00000003a74fee48 00007ffeb23141fb
0x00000003a74fede0:   0000000000000000 00000003a74fee58
0x00000003a74fedf0:   00000003a74ff130 00007ffeb23f0e40
0x00000003a74fee00:   0000000000000001 00007ffeb23141b4
0x00000003a74fee10:   0000000000000000 0000000000000001
0x00000003a74fee20:   0000000000000000 00000003a74fee48
0x00000003a74fee30:   ffffffff00000001 00007ffe8bf43a51
0x00000003a74fee40:   00007ffe8bf59f88 00007ffe00000002
0x00000003a74fee50:   0000000000000002 00000003a74fee40 

Instructions: (pc=0x00007ffe8bf462d7)
0x00007ffe8bf461d7:   8b 4d 58 e8 2d cf ff ff 48 8b 4d 60 e8 24 cf ff
0x00007ffe8bf461e7:   ff 48 8b 95 80 00 00 00 48 8b 8d 18 01 00 00 e8
0x00007ffe8bf461f7:   16 c4 ff ff 33 d2 33 c9 e8 5c e1 ff ff 90 48 89
0x00007ffe8bf46207:   54 24 10 55 48 83 ec 20 48 8b ea 48 b8 00 00 00
0x00007ffe8bf46217:   00 00 00 00 00 48 83 c4 20 5d c3 cc 40 55 48 8b
0x00007ffe8bf46227:   ea 48 8b 01 33 c9 81 38 05 00 00 c0 0f 94 c1 8b
0x00007ffe8bf46237:   c1 5d c3 cc 40 55 48 83 ec 20 48 8b ea 8a 4d 40
0x00007ffe8bf46247:   48 83 c4 20 5d e9 17 d3 ff ff cc 40 55 48 83 ec
0x00007ffe8bf46257:   20 48 8b ea 8a 4d 20 e8 05 d3 ff ff 90 48 83 c4
0x00007ffe8bf46267:   20 5d c3 cc 40 55 48 83 ec 20 48 8b ea 48 83 c4
0x00007ffe8bf46277:   20 5d e9 66 d1 ff ff cc 40 55 48 83 ec 30 48 8b
0x00007ffe8bf46287:   ea 48 8b 01 8b 10 48 89 4c 24 28 89 54 24 20 4c
0x00007ffe8bf46297:   8d 0d 07 d6 ff ff 4c 8b 45 70 8b 55 68 48 8b 4d
0x00007ffe8bf462a7:   60 e8 a7 d0 ff ff 90 48 83 c4 30 5d c3 cc cc cc
0x00007ffe8bf462b7:   cc cc cc cc cc cc cc cc cc 40 53 48 83 ec 20 48
0x00007ffe8bf462c7:   8b 1d bb 36 01 00 48 85 db 74 16 e8 59 8b ff ff
0x00007ffe8bf462d7:   4c 8b 00 48 8b d3 48 8b c8 41 ff 90 b0 00 00 00
0x00007ffe8bf462e7:   90 48 83 c4 20 5b c3 cc cc 40 53 48 83 ec 20 48
0x00007ffe8bf462f7:   8b 1d 2b 38 01 00 48 85 db 74 57 b8 ff ff ff ff
0x00007ffe8bf46307:   f0 0f c1 43 10 83 f8 01 75 3d 48 85 db 74 38 48
0x00007ffe8bf46317:   8b 0b 48 85 c9 74 0d ff 15 84 0f 00 00 48 c7 03
0x00007ffe8bf46327:   00 00 00 00 48 8b 4b 08 48 85 c9 74 0d e8 d3 cd
0x00007ffe8bf46337:   ff ff 48 c7 43 08 00 00 00 00 ba 18 00 00 00 48
0x00007ffe8bf46347:   8b cb e8 be cd ff ff 48 c7 05 cf 37 01 00 00 00
0x00007ffe8bf46357:   00 00 48 83 c4 20 5b c3 cc 40 53 48 83 ec 20 48
0x00007ffe8bf46367:   8b 1d 9b 37 01 00 48 85 db 74 57 b8 ff ff ff ff
0x00007ffe8bf46377:   f0 0f c1 43 10 83 f8 01 75 3d 48 85 db 74 38 48
0x00007ffe8bf46387:   8b 0b 48 85 c9 74 0d ff 15 14 0f 00 00 48 c7 03
0x00007ffe8bf46397:   00 00 00 00 48 8b 4b 08 48 85 c9 74 0d e8 63 cd
0x00007ffe8bf463a7:   ff ff 48 c7 43 08 00 00 00 00 ba 18 00 00 00 48
0x00007ffe8bf463b7:   8b cb e8 4e cd ff ff 48 c7 05 3f 37 01 00 00 00
0x00007ffe8bf463c7:   00 00 48 83 c4 20 5b c3 cc 40 53 48 83 ec 20 48 


Stack slot to memory mapping:
stack at sp + 0 slots: 0x0 is NULL
stack at sp + 1 slots: 0x000001e92edc3e40 points into unknown readable memory: 0xc00053e42a27c091 | 91 c0 27 2a e4 53 00 c0
stack at sp + 2 slots: 0x00007ffe650dfc00 jvm.dll
stack at sp + 3 slots: 0x00007ffe8bf43bc4 glass.dll
stack at sp + 4 slots: 0x000001e92edc3e48 points into unknown readable memory: 0x0000541bc29883fc | fc 83 98 c2 1b 54 00 00
stack at sp + 5 slots: 0x00007ffeb23142d6 ucrtbase.dll
stack at sp + 6 slots: 0x0000541bc29883fc is an unknown value
stack at sp + 7 slots: 0x000001e900000000 is an unknown value

VM_Operation (0x00000003a8cfef50): Exit, mode: safepoint, requested by thread 0x000001e92e8b2ea0


---------------  P R O C E S S  ---------------

Threads class SMR info:
_java_thread_list=0x000001e936577850, length=21, elements={
0x000001e90cbe8b20, 0x000001e92a531240, 0x000001e92a532640, 0x000001e92a54cdf0,
0x000001e92a54e7a0, 0x000001e92a54f8e0, 0x000001e92a551b70, 0x000001e92a55ed40,
0x000001e92a5807b0, 0x000001e92a554ea0, 0x000001e92e87dae0, 0x000001e92e87e480,
0x000001e92e87e950, 0x000001e92e880630, 0x000001e92e87d140, 0x000001e92e87f7c0,
0x000001e92e87fc90, 0x000001e92e880160, 0x000001e92e87cc70, 0x000001e92e87dfb0,
0x000001e92e8b2ea0
}

Java Threads: ( => current thread )
  0x000001e90cbe8b20 JavaThread "main" [_thread_blocked, id=9624, stack(0x00000003a6e00000,0x00000003a6f00000)]
  0x000001e92a531240 JavaThread "Reference Handler" daemon [_thread_blocked, id=11952, stack(0x00000003a7500000,0x00000003a7600000)]
  0x000001e92a532640 JavaThread "Finalizer" daemon [_thread_blocked, id=12372, stack(0x00000003a7600000,0x00000003a7700000)]
  0x000001e92a54cdf0 JavaThread "Signal Dispatcher" daemon [_thread_blocked, id=8688, stack(0x00000003a7700000,0x00000003a7800000)]
  0x000001e92a54e7a0 JavaThread "Attach Listener" daemon [_thread_blocked, id=1392, stack(0x00000003a7800000,0x00000003a7900000)]
  0x000001e92a54f8e0 JavaThread "Service Thread" daemon [_thread_blocked, id=4428, stack(0x00000003a7900000,0x00000003a7a00000)]
  0x000001e92a551b70 JavaThread "Monitor Deflation Thread" daemon [_thread_blocked, id=11040, stack(0x00000003a7a00000,0x00000003a7b00000)]
  0x000001e92a55ed40 JavaThread "C2 CompilerThread0" daemon [_thread_blocked, id=5988, stack(0x00000003a7b00000,0x00000003a7c00000)]
  0x000001e92a5807b0 JavaThread "C1 CompilerThread0" daemon [_thread_blocked, id=9168, stack(0x00000003a7c00000,0x00000003a7d00000)]
  0x000001e92a554ea0 JavaThread "Sweeper thread" daemon [_thread_blocked, id=7668, stack(0x00000003a7d00000,0x00000003a7e00000)]
  0x000001e92e87dae0 JavaThread "Common-Cleaner" daemon [_thread_blocked, id=5980, stack(0x00000003a7e00000,0x00000003a7f00000)]
  0x000001e92e87e480 JavaThread "Monitor Ctrl-Break" daemon [_thread_in_native, id=3552, stack(0x00000003a8000000,0x00000003a8100000)]
  0x000001e92e87e950 JavaThread "Notification Thread" daemon [_thread_blocked, id=5516, stack(0x00000003a8100000,0x00000003a8200000)]
  0x000001e92e880630 JavaThread "QuantumRenderer-0" daemon [_thread_blocked, id=10560, stack(0x00000003a8600000,0x00000003a8700000)]
  0x000001e92e87d140 JavaThread "InvokeLaterDispatcher" daemon [_thread_blocked, id=1252, stack(0x00000003a8800000,0x00000003a8900000)]
  0x000001e92e87f7c0 JavaThread "JavaFX Application Thread" [_thread_in_native, id=7648, stack(0x00000003a8900000,0x00000003a8a00000)]
  0x000001e92e87fc90 JavaThread "Thread-1" daemon [_thread_in_native, id=8716, stack(0x00000003a7f00000,0x00000003a8000000)]
  0x000001e92e880160 JavaThread "JavaFX-Launcher" [_thread_blocked, id=1864, stack(0x00000003a8b00000,0x00000003a8c00000)]
  0x000001e92e87cc70 JavaThread "Prism Font Disposer" daemon [_thread_blocked, id=5668, stack(0x00000003a9000000,0x00000003a9100000)]
  0x000001e92e87dfb0 JavaThread "Cleaner-0" daemon [_thread_blocked, id=4832, stack(0x00000003a9100000,0x00000003a9200000)]
  0x000001e92e8b2ea0 JavaThread "SIGINT handler" daemon [_thread_blocked, id=9288, stack(0x00000003a8c00000,0x00000003a8d00000)]

Other Threads:
=>0x000001e90cc61a70 VMThread "VM Thread" [stack: 0x00000003a7400000,0x00000003a7500000] [id=9336]
  0x000001e90cc47bd0 WorkerThread "GC Thread#0" [stack: 0x00000003a6f00000,0x00000003a7000000] [id=3732]
  0x000001e92eee7760 WorkerThread "GC Thread#1" [stack: 0x00000003a8300000,0x00000003a8400000] [id=1304]
  0x000001e92eee7a00 WorkerThread "GC Thread#2" [stack: 0x00000003a8400000,0x00000003a8500000] [id=3008]
  0x000001e92ec28470 WorkerThread "GC Thread#3" [stack: 0x00000003a8500000,0x00000003a8600000] [id=2688]
  0x000001e90cc59950 ConcurrentGCThread "G1 Main Marker" terminated
  0x000001e90cc5aae0 WorkerThread "G1 Conc#0" [stack: 0x00000003a7100000,0x00000003a7200000] [id=5264]
  0x000001e90cc9a550 ConcurrentGCThread "G1 Refine#0" terminated
  0x000001e90cc9ae60 ConcurrentGCThread "G1 Service" terminated

Threads with active compile tasks:

VM state: at safepoint (shutting down)

VM Mutex/Monitor currently owned by a thread:  ([mutex/lock_event])
[0x000001e90cbe5cd0] Threads_lock - owner thread: 0x000001e90cc61a70
[0x000001e90cbe6c00] Heap_lock - owner thread: 0x000001e92e8b2ea0

Heap address: 0x0000000080e00000, size: 2034 MB, Compressed Oops mode: 32-bit

CDS archive(s) mapped at: [0x0000000800000000-0x0000000800ba0000-0x0000000800ba0000), size 12189696, SharedBaseAddress: 0x0000000800000000, ArchiveRelocationMode: 0.
Compressed class space mapped at: 0x0000000800c00000-0x0000000840c00000, reserved size: 1073741824
Narrow klass base: 0x0000000800000000, Narrow klass shift: 0, Narrow klass range: 0x100000000

GC Precious Log:
 CardTable entry size: 512
 Card Set container configuration: InlinePtr #cards 5 size 8 Array Of Cards #cards 12 size 40 Howl #buckets 4 coarsen threshold 1843 Howl Bitmap #cards 512 size 80 coarsen threshold 460 Card regions per heap region 1 cards per card region 2048
 CPUs: 4 total, 4 available
 Memory: 8128M
 Large Page Support: Disabled
 NUMA Support: Disabled
 Compressed Oops: Enabled (32-bit)
 Heap Region Size: 1M
 Heap Min Capacity: 8M
 Heap Initial Capacity: 128M
 Heap Max Capacity: 2034M
 Pre-touch: Disabled
 Parallel Workers: 4
 Concurrent Workers: 1
 Concurrent Refinement Workers: 4
 Periodic GC: Disabled

Heap:
 garbage-first heap   total 131072K, used 42463K [0x0000000080e00000, 0x0000000100000000)
  region size 1024K, 39 young (39936K), 3 survivors (3072K)
 Metaspace       used 16297K, committed 16640K, reserved 1114112K
  class space    used 2232K, committed 2368K, reserved 1048576K

Heap Regions: E=young(eden), S=young(survivor), O=old, HS=humongous(starts), HC=humongous(continues), CS=collection set, F=free, OA=open archive, CA=closed archive, TAMS=top-at-mark-start (previous, next)
|   0|0x0000000080e00000, 0x0000000080f00000, 0x0000000080f00000|100%| O|  |TAMS 0x0000000080e00000, 0x0000000080e00000| Untracked 
|   1|0x0000000080f00000, 0x0000000080fc3a00, 0x0000000081000000| 76%| O|  |TAMS 0x0000000080f00000, 0x0000000080f00000| Untracked 
|   2|0x0000000081000000, 0x0000000081100000, 0x0000000081100000|100%|HS|  |TAMS 0x0000000081000000, 0x0000000081000000| Complete 
|   3|0x0000000081100000, 0x0000000081200000, 0x0000000081200000|100%|HC|  |TAMS 0x0000000081100000, 0x0000000081100000| Complete 
|   4|0x0000000081200000, 0x0000000081200000, 0x0000000081300000|  0%| F|  |TAMS 0x0000000081200000, 0x0000000081200000| Untracked 
|   5|0x0000000081300000, 0x0000000081300000, 0x0000000081400000|  0%| F|  |TAMS 0x0000000081300000, 0x0000000081300000| Untracked 
|   6|0x0000000081400000, 0x0000000081400000, 0x0000000081500000|  0%| F|  |TAMS 0x0000000081400000, 0x0000000081400000| Untracked 
|   7|0x0000000081500000, 0x0000000081500000, 0x0000000081600000|  0%| F|  |TAMS 0x0000000081500000, 0x0000000081500000| Untracked 
|   8|0x0000000081600000, 0x0000000081600000, 0x0000000081700000|  0%| F|  |TAMS 0x0000000081600000, 0x0000000081600000| Untracked 
|   9|0x0000000081700000, 0x0000000081700000, 0x0000000081800000|  0%| F|  |TAMS 0x0000000081700000, 0x0000000081700000| Untracked 
|  10|0x0000000081800000, 0x0000000081800000, 0x0000000081900000|  0%| F|  |TAMS 0x0000000081800000, 0x0000000081800000| Untracked 
|  11|0x0000000081900000, 0x0000000081900000, 0x0000000081a00000|  0%| F|  |TAMS 0x0000000081900000, 0x0000000081900000| Untracked 
|  12|0x0000000081a00000, 0x0000000081a00000, 0x0000000081b00000|  0%| F|  |TAMS 0x0000000081a00000, 0x0000000081a00000| Untracked 
|  13|0x0000000081b00000, 0x0000000081b00000, 0x0000000081c00000|  0%| F|  |TAMS 0x0000000081b00000, 0x0000000081b00000| Untracked 
|  14|0x0000000081c00000, 0x0000000081c00000, 0x0000000081d00000|  0%| F|  |TAMS 0x0000000081c00000, 0x0000000081c00000| Untracked 
|  15|0x0000000081d00000, 0x0000000081d00000, 0x0000000081e00000|  0%| F|  |TAMS 0x0000000081d00000, 0x0000000081d00000| Untracked 
|  16|0x0000000081e00000, 0x0000000081e00000, 0x0000000081f00000|  0%| F|  |TAMS 0x0000000081e00000, 0x0000000081e00000| Untracked 
|  17|0x0000000081f00000, 0x0000000081f00000, 0x0000000082000000|  0%| F|  |TAMS 0x0000000081f00000, 0x0000000081f00000| Untracked 
|  18|0x0000000082000000, 0x0000000082000000, 0x0000000082100000|  0%| F|  |TAMS 0x0000000082000000, 0x0000000082000000| Untracked 
|  19|0x0000000082100000, 0x0000000082100000, 0x0000000082200000|  0%| F|  |TAMS 0x0000000082100000, 0x0000000082100000| Untracked 
|  20|0x0000000082200000, 0x0000000082200000, 0x0000000082300000|  0%| F|  |TAMS 0x0000000082200000, 0x0000000082200000| Untracked 
|  21|0x0000000082300000, 0x0000000082300000, 0x0000000082400000|  0%| F|  |TAMS 0x0000000082300000, 0x0000000082300000| Untracked 
|  22|0x0000000082400000, 0x0000000082400000, 0x0000000082500000|  0%| F|  |TAMS 0x0000000082400000, 0x0000000082400000| Untracked 
|  23|0x0000000082500000, 0x0000000082500000, 0x0000000082600000|  0%| F|  |TAMS 0x0000000082500000, 0x0000000082500000| Untracked 
|  24|0x0000000082600000, 0x0000000082600000, 0x0000000082700000|  0%| F|  |TAMS 0x0000000082600000, 0x0000000082600000| Untracked 
|  25|0x0000000082700000, 0x0000000082700000, 0x0000000082800000|  0%| F|  |TAMS 0x0000000082700000, 0x0000000082700000| Untracked 
|  26|0x0000000082800000, 0x0000000082800000, 0x0000000082900000|  0%| F|  |TAMS 0x0000000082800000, 0x0000000082800000| Untracked 
|  27|0x0000000082900000, 0x0000000082900000, 0x0000000082a00000|  0%| F|  |TAMS 0x0000000082900000, 0x0000000082900000| Untracked 
|  28|0x0000000082a00000, 0x0000000082a00000, 0x0000000082b00000|  0%| F|  |TAMS 0x0000000082a00000, 0x0000000082a00000| Untracked 
|  29|0x0000000082b00000, 0x0000000082b00000, 0x0000000082c00000|  0%| F|  |TAMS 0x0000000082b00000, 0x0000000082b00000| Untracked 
|  30|0x0000000082c00000, 0x0000000082c00000, 0x0000000082d00000|  0%| F|  |TAMS 0x0000000082c00000, 0x0000000082c00000| Untracked 
|  31|0x0000000082d00000, 0x0000000082d00000, 0x0000000082e00000|  0%| F|  |TAMS 0x0000000082d00000, 0x0000000082d00000| Untracked 
|  32|0x0000000082e00000, 0x0000000082e00000, 0x0000000082f00000|  0%| F|  |TAMS 0x0000000082e00000, 0x0000000082e00000| Untracked 
|  33|0x0000000082f00000, 0x0000000082f00000, 0x0000000083000000|  0%| F|  |TAMS 0x0000000082f00000, 0x0000000082f00000| Untracked 
|  34|0x0000000083000000, 0x0000000083000000, 0x0000000083100000|  0%| F|  |TAMS 0x0000000083000000, 0x0000000083000000| Untracked 
|  35|0x0000000083100000, 0x0000000083100000, 0x0000000083200000|  0%| F|  |TAMS 0x0000000083100000, 0x0000000083100000| Untracked 
|  36|0x0000000083200000, 0x0000000083200000, 0x0000000083300000|  0%| F|  |TAMS 0x0000000083200000, 0x0000000083200000| Untracked 
|  37|0x0000000083300000, 0x0000000083300000, 0x0000000083400000|  0%| F|  |TAMS 0x0000000083300000, 0x0000000083300000| Untracked 
|  38|0x0000000083400000, 0x0000000083400000, 0x0000000083500000|  0%| F|  |TAMS 0x0000000083400000, 0x0000000083400000| Untracked 
|  39|0x0000000083500000, 0x0000000083500000, 0x0000000083600000|  0%| F|  |TAMS 0x0000000083500000, 0x0000000083500000| Untracked 
|  40|0x0000000083600000, 0x0000000083600000, 0x0000000083700000|  0%| F|  |TAMS 0x0000000083600000, 0x0000000083600000| Untracked 
|  41|0x0000000083700000, 0x0000000083700000, 0x0000000083800000|  0%| F|  |TAMS 0x0000000083700000, 0x0000000083700000| Untracked 
|  42|0x0000000083800000, 0x0000000083800000, 0x0000000083900000|  0%| F|  |TAMS 0x0000000083800000, 0x0000000083800000| Untracked 
|  43|0x0000000083900000, 0x0000000083900000, 0x0000000083a00000|  0%| F|  |TAMS 0x0000000083900000, 0x0000000083900000| Untracked 
|  44|0x0000000083a00000, 0x0000000083a00000, 0x0000000083b00000|  0%| F|  |TAMS 0x0000000083a00000, 0x0000000083a00000| Untracked 
|  45|0x0000000083b00000, 0x0000000083b00000, 0x0000000083c00000|  0%| F|  |TAMS 0x0000000083b00000, 0x0000000083b00000| Untracked 
|  46|0x0000000083c00000, 0x0000000083c00000, 0x0000000083d00000|  0%| F|  |TAMS 0x0000000083c00000, 0x0000000083c00000| Untracked 
|  47|0x0000000083d00000, 0x0000000083d00000, 0x0000000083e00000|  0%| F|  |TAMS 0x0000000083d00000, 0x0000000083d00000| Untracked 
|  48|0x0000000083e00000, 0x0000000083e00000, 0x0000000083f00000|  0%| F|  |TAMS 0x0000000083e00000, 0x0000000083e00000| Untracked 
|  49|0x0000000083f00000, 0x0000000083f00000, 0x0000000084000000|  0%| F|  |TAMS 0x0000000083f00000, 0x0000000083f00000| Untracked 
|  50|0x0000000084000000, 0x0000000084000000, 0x0000000084100000|  0%| F|  |TAMS 0x0000000084000000, 0x0000000084000000| Untracked 
|  51|0x0000000084100000, 0x0000000084100000, 0x0000000084200000|  0%| F|  |TAMS 0x0000000084100000, 0x0000000084100000| Untracked 
|  52|0x0000000084200000, 0x0000000084200000, 0x0000000084300000|  0%| F|  |TAMS 0x0000000084200000, 0x0000000084200000| Untracked 
|  53|0x0000000084300000, 0x0000000084300000, 0x0000000084400000|  0%| F|  |TAMS 0x0000000084300000, 0x0000000084300000| Untracked 
|  54|0x0000000084400000, 0x0000000084400000, 0x0000000084500000|  0%| F|  |TAMS 0x0000000084400000, 0x0000000084400000| Untracked 
|  55|0x0000000084500000, 0x0000000084500000, 0x0000000084600000|  0%| F|  |TAMS 0x0000000084500000, 0x0000000084500000| Untracked 
|  56|0x0000000084600000, 0x0000000084600000, 0x0000000084700000|  0%| F|  |TAMS 0x0000000084600000, 0x0000000084600000| Untracked 
|  57|0x0000000084700000, 0x0000000084700000, 0x0000000084800000|  0%| F|  |TAMS 0x0000000084700000, 0x0000000084700000| Untracked 
|  58|0x0000000084800000, 0x0000000084800000, 0x0000000084900000|  0%| F|  |TAMS 0x0000000084800000, 0x0000000084800000| Untracked 
|  59|0x0000000084900000, 0x0000000084900000, 0x0000000084a00000|  0%| F|  |TAMS 0x0000000084900000, 0x0000000084900000| Untracked 
|  60|0x0000000084a00000, 0x0000000084a00000, 0x0000000084b00000|  0%| F|  |TAMS 0x0000000084a00000, 0x0000000084a00000| Untracked 
|  61|0x0000000084b00000, 0x0000000084b00000, 0x0000000084c00000|  0%| F|  |TAMS 0x0000000084b00000, 0x0000000084b00000| Untracked 
|  62|0x0000000084c00000, 0x0000000084c00000, 0x0000000084d00000|  0%| F|  |TAMS 0x0000000084c00000, 0x0000000084c00000| Untracked 
|  63|0x0000000084d00000, 0x0000000084d00000, 0x0000000084e00000|  0%| F|  |TAMS 0x0000000084d00000, 0x0000000084d00000| Untracked 
|  64|0x0000000084e00000, 0x0000000084e00000, 0x0000000084f00000|  0%| F|  |TAMS 0x0000000084e00000, 0x0000000084e00000| Untracked 
|  65|0x0000000084f00000, 0x0000000084f00000, 0x0000000085000000|  0%| F|  |TAMS 0x0000000084f00000, 0x0000000084f00000| Untracked 
|  66|0x0000000085000000, 0x0000000085000000, 0x0000000085100000|  0%| F|  |TAMS 0x0000000085000000, 0x0000000085000000| Untracked 
|  67|0x0000000085100000, 0x0000000085100000, 0x0000000085200000|  0%| F|  |TAMS 0x0000000085100000, 0x0000000085100000| Untracked 
|  68|0x0000000085200000, 0x0000000085200000, 0x0000000085300000|  0%| F|  |TAMS 0x0000000085200000, 0x0000000085200000| Untracked 
|  69|0x0000000085300000, 0x0000000085300000, 0x0000000085400000|  0%| F|  |TAMS 0x0000000085300000, 0x0000000085300000| Untracked 
|  70|0x0000000085400000, 0x0000000085400000, 0x0000000085500000|  0%| F|  |TAMS 0x0000000085400000, 0x0000000085400000| Untracked 
|  71|0x0000000085500000, 0x0000000085500000, 0x0000000085600000|  0%| F|  |TAMS 0x0000000085500000, 0x0000000085500000| Untracked 
|  72|0x0000000085600000, 0x0000000085600000, 0x0000000085700000|  0%| F|  |TAMS 0x0000000085600000, 0x0000000085600000| Untracked 
|  73|0x0000000085700000, 0x0000000085700000, 0x0000000085800000|  0%| F|  |TAMS 0x0000000085700000, 0x0000000085700000| Untracked 
|  74|0x0000000085800000, 0x0000000085800000, 0x0000000085900000|  0%| F|  |TAMS 0x0000000085800000, 0x0000000085800000| Untracked 
|  75|0x0000000085900000, 0x0000000085900000, 0x0000000085a00000|  0%| F|  |TAMS 0x0000000085900000, 0x0000000085900000| Untracked 
|  76|0x0000000085a00000, 0x0000000085a00000, 0x0000000085b00000|  0%| F|  |TAMS 0x0000000085a00000, 0x0000000085a00000| Untracked 
|  77|0x0000000085b00000, 0x0000000085b00000, 0x0000000085c00000|  0%| F|  |TAMS 0x0000000085b00000, 0x0000000085b00000| Untracked 
|  78|0x0000000085c00000, 0x0000000085c00000, 0x0000000085d00000|  0%| F|  |TAMS 0x0000000085c00000, 0x0000000085c00000| Untracked 
|  79|0x0000000085d00000, 0x0000000085d00000, 0x0000000085e00000|  0%| F|  |TAMS 0x0000000085d00000, 0x0000000085d00000| Untracked 
|  80|0x0000000085e00000, 0x0000000085e00000, 0x0000000085f00000|  0%| F|  |TAMS 0x0000000085e00000, 0x0000000085e00000| Untracked 
|  81|0x0000000085f00000, 0x0000000085f00000, 0x0000000086000000|  0%| F|  |TAMS 0x0000000085f00000, 0x0000000085f00000| Untracked 
|  82|0x0000000086000000, 0x0000000086000000, 0x0000000086100000|  0%| F|  |TAMS 0x0000000086000000, 0x0000000086000000| Untracked 
|  83|0x0000000086100000, 0x0000000086100000, 0x0000000086200000|  0%| F|  |TAMS 0x0000000086100000, 0x0000000086100000| Untracked 
|  84|0x0000000086200000, 0x0000000086200000, 0x0000000086300000|  0%| F|  |TAMS 0x0000000086200000, 0x0000000086200000| Untracked 
|  85|0x0000000086300000, 0x0000000086300000, 0x0000000086400000|  0%| F|  |TAMS 0x0000000086300000, 0x0000000086300000| Untracked 
|  86|0x0000000086400000, 0x0000000086400000, 0x0000000086500000|  0%| F|  |TAMS 0x0000000086400000, 0x0000000086400000| Untracked 
|  87|0x0000000086500000, 0x0000000086500000, 0x0000000086600000|  0%| F|  |TAMS 0x0000000086500000, 0x0000000086500000| Untracked 
|  88|0x0000000086600000, 0x0000000086600000, 0x0000000086700000|  0%| F|  |TAMS 0x0000000086600000, 0x0000000086600000| Untracked 
|  89|0x0000000086700000, 0x0000000086796070, 0x0000000086800000| 58%| E|  |TAMS 0x0000000086700000, 0x0000000086700000| Complete 
|  90|0x0000000086800000, 0x0000000086900000, 0x0000000086900000|100%| E|CS|TAMS 0x0000000086800000, 0x0000000086800000| Complete 
|  91|0x0000000086900000, 0x0000000086a00000, 0x0000000086a00000|100%| E|CS|TAMS 0x0000000086900000, 0x0000000086900000| Complete 
|  92|0x0000000086a00000, 0x0000000086b00000, 0x0000000086b00000|100%| E|CS|TAMS 0x0000000086a00000, 0x0000000086a00000| Complete 
|  93|0x0000000086b00000, 0x0000000086c00000, 0x0000000086c00000|100%| E|CS|TAMS 0x0000000086b00000, 0x0000000086b00000| Complete 
|  94|0x0000000086c00000, 0x0000000086d00000, 0x0000000086d00000|100%| E|CS|TAMS 0x0000000086c00000, 0x0000000086c00000| Complete 
|  95|0x0000000086d00000, 0x0000000086e00000, 0x0000000086e00000|100%| E|CS|TAMS 0x0000000086d00000, 0x0000000086d00000| Complete 
|  96|0x0000000086e00000, 0x0000000086f00000, 0x0000000086f00000|100%| E|CS|TAMS 0x0000000086e00000, 0x0000000086e00000| Complete 
|  97|0x0000000086f00000, 0x0000000087000000, 0x0000000087000000|100%| E|CS|TAMS 0x0000000086f00000, 0x0000000086f00000| Complete 
|  98|0x0000000087000000, 0x0000000087100000, 0x0000000087100000|100%| E|CS|TAMS 0x0000000087000000, 0x0000000087000000| Complete 
|  99|0x0000000087100000, 0x0000000087200000, 0x0000000087200000|100%| E|CS|TAMS 0x0000000087100000, 0x0000000087100000| Complete 
| 100|0x0000000087200000, 0x0000000087300000, 0x0000000087300000|100%| E|CS|TAMS 0x0000000087200000, 0x0000000087200000| Complete 
| 101|0x0000000087300000, 0x0000000087400000, 0x0000000087400000|100%| E|CS|TAMS 0x0000000087300000, 0x0000000087300000| Complete 
| 102|0x0000000087400000, 0x0000000087500000, 0x0000000087500000|100%| E|CS|TAMS 0x0000000087400000, 0x0000000087400000| Complete 
| 103|0x0000000087500000, 0x0000000087600000, 0x0000000087600000|100%| E|CS|TAMS 0x0000000087500000, 0x0000000087500000| Complete 
| 104|0x0000000087600000, 0x0000000087700000, 0x0000000087700000|100%| E|CS|TAMS 0x0000000087600000, 0x0000000087600000| Complete 
| 105|0x0000000087700000, 0x0000000087800000, 0x0000000087800000|100%| E|CS|TAMS 0x0000000087700000, 0x0000000087700000| Complete 
| 106|0x0000000087800000, 0x00000000878b4570, 0x0000000087900000| 70%| S|CS|TAMS 0x0000000087800000, 0x0000000087800000| Complete 
| 107|0x0000000087900000, 0x0000000087a00000, 0x0000000087a00000|100%| S|CS|TAMS 0x0000000087900000, 0x0000000087900000| Complete 
| 108|0x0000000087a00000, 0x0000000087b00000, 0x0000000087b00000|100%| S|CS|TAMS 0x0000000087a00000, 0x0000000087a00000| Complete 
| 109|0x0000000087b00000, 0x0000000087c00000, 0x0000000087c00000|100%| E|CS|TAMS 0x0000000087b00000, 0x0000000087b00000| Complete 
| 110|0x0000000087c00000, 0x0000000087d00000, 0x0000000087d00000|100%| E|CS|TAMS 0x0000000087c00000, 0x0000000087c00000| Complete 
| 111|0x0000000087d00000, 0x0000000087e00000, 0x0000000087e00000|100%| E|CS|TAMS 0x0000000087d00000, 0x0000000087d00000| Complete 
| 112|0x0000000087e00000, 0x0000000087f00000, 0x0000000087f00000|100%| E|CS|TAMS 0x0000000087e00000, 0x0000000087e00000| Complete 
| 113|0x0000000087f00000, 0x0000000088000000, 0x0000000088000000|100%| E|CS|TAMS 0x0000000087f00000, 0x0000000087f00000| Complete 
| 114|0x0000000088000000, 0x0000000088100000, 0x0000000088100000|100%| E|CS|TAMS 0x0000000088000000, 0x0000000088000000| Complete 
| 115|0x0000000088100000, 0x0000000088200000, 0x0000000088200000|100%| E|CS|TAMS 0x0000000088100000, 0x0000000088100000| Complete 
| 116|0x0000000088200000, 0x0000000088300000, 0x0000000088300000|100%| E|CS|TAMS 0x0000000088200000, 0x0000000088200000| Complete 
| 117|0x0000000088300000, 0x0000000088400000, 0x0000000088400000|100%| E|CS|TAMS 0x0000000088300000, 0x0000000088300000| Complete 
| 118|0x0000000088400000, 0x0000000088500000, 0x0000000088500000|100%| E|CS|TAMS 0x0000000088400000, 0x0000000088400000| Complete 
| 119|0x0000000088500000, 0x0000000088600000, 0x0000000088600000|100%| E|CS|TAMS 0x0000000088500000, 0x0000000088500000| Complete 
| 120|0x0000000088600000, 0x0000000088700000, 0x0000000088700000|100%| E|CS|TAMS 0x0000000088600000, 0x0000000088600000| Complete 
| 121|0x0000000088700000, 0x0000000088800000, 0x0000000088800000|100%| E|CS|TAMS 0x0000000088700000, 0x0000000088700000| Complete 
| 122|0x0000000088800000, 0x0000000088900000, 0x0000000088900000|100%| E|CS|TAMS 0x0000000088800000, 0x0000000088800000| Complete 
| 123|0x0000000088900000, 0x0000000088a00000, 0x0000000088a00000|100%| E|CS|TAMS 0x0000000088900000, 0x0000000088900000| Complete 
| 124|0x0000000088a00000, 0x0000000088b00000, 0x0000000088b00000|100%| E|CS|TAMS 0x0000000088a00000, 0x0000000088a00000| Complete 
| 125|0x0000000088b00000, 0x0000000088c00000, 0x0000000088c00000|100%| E|CS|TAMS 0x0000000088b00000, 0x0000000088b00000| Complete 
| 126|0x0000000088c00000, 0x0000000088d00000, 0x0000000088d00000|100%| E|CS|TAMS 0x0000000088c00000, 0x0000000088c00000| Complete 
| 127|0x0000000088d00000, 0x0000000088e00000, 0x0000000088e00000|100%| E|CS|TAMS 0x0000000088d00000, 0x0000000088d00000| Complete 

Card table byte_map: [0x000001e923920000,0x000001e923d20000] _byte_map_base: 0x000001e923519000

Marking Bits (Prev, Next): (CMBitMap*) 0x000001e90cc481d0, (CMBitMap*) 0x000001e90cc48210
 Prev Bits: [0x000001e924120000, 0x000001e9260e8000)
 Next Bits: [0x000001e9260f0000, 0x000001e9280b8000)

Polling page: 0x000001e90aad0000

Metaspace:

Usage:
  Non-class:     13.74 MB used.
      Class:      2.18 MB used.
       Both:     15.92 MB used.

Virtual space:
  Non-class space:       64.00 MB reserved,      13.94 MB ( 22%) committed,  1 nodes.
      Class space:        1.00 GB reserved,       2.31 MB ( <1%) committed,  1 nodes.
             Both:        1.06 GB reserved,      16.25 MB (  1%) committed. 

Chunk freelists:
   Non-Class:  1.73 MB
       Class:  1.64 MB
        Both:  3.37 MB

MaxMetaspaceSize: unlimited
CompressedClassSpaceSize: 1.00 GB
Initial GC threshold: 21.00 MB
Current GC threshold: 21.00 MB
CDS: on
MetaspaceReclaimPolicy: balanced
 - commit_granule_bytes: 65536.
 - commit_granule_words: 8192.
 - virtual_space_node_default_size: 8388608.
 - enlarge_chunks_in_place: 1.
 - new_chunks_are_fully_committed: 0.
 - uncommit_free_chunks: 1.
 - use_allocation_guard: 0.


Internal statistics:

num_allocs_failed_limit: 0.
num_arena_births: 386.
num_arena_deaths: 0.
num_vsnodes_births: 2.
num_vsnodes_deaths: 0.
num_space_committed: 260.
num_space_uncommitted: 0.
num_chunks_returned_to_freelist: 0.
num_chunks_taken_from_freelist: 894.
num_chunk_merges: 0.
num_chunk_splits: 605.
num_chunks_enlarged: 457.
num_inconsistent_stats: 0.

CodeHeap 'non-profiled nmethods': size=120000Kb used=960Kb max_used=960Kb free=119039Kb
 bounds [0x000001e91bff0000, 0x000001e91c260000, 0x000001e923520000]
CodeHeap 'profiled nmethods': size=120000Kb used=5069Kb max_used=5069Kb free=114930Kb
 bounds [0x000001e914ac0000, 0x000001e914fc0000, 0x000001e91bff0000]
CodeHeap 'non-nmethods': size=5760Kb used=1443Kb max_used=1464Kb free=4316Kb
 bounds [0x000001e914520000, 0x000001e914790000, 0x000001e914ac0000]
 total_blobs=3566 nmethods=2770 adapters=708
 compilation: enabled
              stopped_count=0, restarted_count=0
 full_count=0

Compilation events (20 events):
Event: 7.458 Thread 0x000001e92a5807b0 nmethod 2761 0x000001e91c0def90 code [0x000001e91c0df120, 0x000001e91c0df1f8]
Event: 7.461 Thread 0x000001e92a55ed40 nmethod 2752 0x000001e91c0df290 code [0x000001e91c0df420, 0x000001e91c0df858]
Event: 8.379 Thread 0x000001e92a5807b0 2763       3       com.sun.javafx.collections.VetoableListDecorator$ModCountAccessorImpl::get (8 bytes)
Event: 8.380 Thread 0x000001e92a5807b0 nmethod 2763 0x000001e914fb0a90 code [0x000001e914fb0c20, 0x000001e914fb0d38]
Event: 8.403 Thread 0x000001e92a55ed40 2764       4       com.sun.javafx.geom.RectBounds::deriveWithNewBounds (96 bytes)
Event: 8.405 Thread 0x000001e92a55ed40 nmethod 2764 0x000001e91c0dfa10 code [0x000001e91c0dfba0, 0x000001e91c0dfcd8]
Event: 8.415 Thread 0x000001e92a5807b0 2765       3       com.sun.javafx.collections.VetoableListDecorator$VetoableIteratorDecorator::checkForComodification (25 bytes)
Event: 8.416 Thread 0x000001e92a5807b0 nmethod 2765 0x000001e914fb0e10 code [0x000001e914fb0fc0, 0x000001e914fb12a8]
Event: 8.423 Thread 0x000001e92a55ed40 2766       4       com.sun.glass.ui.Application::checkEventThread (35 bytes)
Event: 8.424 Thread 0x000001e92a55ed40 nmethod 2766 0x000001e91c0dfe10 code [0x000001e91c0dff80, 0x000001e91c0e0018]
Event: 8.559 Thread 0x000001e92a5807b0 2767       3       com.sun.javafx.collections.VetoableListDecorator$VetoableIteratorDecorator::hasNext (14 bytes)
Event: 8.560 Thread 0x000001e92a5807b0 nmethod 2767 0x000001e914fb1410 code [0x000001e914fb15e0, 0x000001e914fb19d8]
Event: 8.639 Thread 0x000001e92a5807b0 2768       3       java.util.AbstractList::iterator (9 bytes)
Event: 8.640 Thread 0x000001e92a5807b0 nmethod 2768 0x000001e914fb1c10 code [0x000001e914fb1dc0, 0x000001e914fb2058]
Event: 8.647 Thread 0x000001e92a5807b0 2769       3       javafx.scene.Node::getViewOrder (19 bytes)
Event: 8.648 Thread 0x000001e92a5807b0 nmethod 2769 0x000001e914fb2190 code [0x000001e914fb2360, 0x000001e914fb2808]
Event: 8.771 Thread 0x000001e92a5807b0 2770       3       com.sun.javafx.collections.VetoableListDecorator$VetoableIteratorDecorator::next (31 bytes)
Event: 8.772 Thread 0x000001e92a5807b0 nmethod 2770 0x000001e914fb2990 code [0x000001e914fb2b60, 0x000001e914fb2f78]
Event: 10.603 Thread 0x000001e92a5807b0 2771       3       java.util.LinkedList$ListItr::hasNext (20 bytes)
Event: 10.603 Thread 0x000001e92a5807b0 nmethod 2771 0x000001e914fb3190 code [0x000001e914fb3320, 0x000001e914fb3498]

GC Heap History (4 events):
Event: 0.600 GC heap before
{Heap before GC invocations=0 (full 0):
 garbage-first heap   total 131072K, used 13312K [0x0000000080e00000, 0x0000000100000000)
  region size 1024K, 13 young (13312K), 0 survivors (0K)
 Metaspace       used 2605K, committed 2816K, reserved 1114112K
  class space    used 274K, committed 384K, reserved 1048576K
}
Event: 0.603 GC heap after
{Heap after GC invocations=1 (full 0):
 garbage-first heap   total 131072K, used 2010K [0x0000000080e00000, 0x0000000100000000)
  region size 1024K, 2 young (2048K), 2 survivors (2048K)
 Metaspace       used 2605K, committed 2816K, reserved 1114112K
  class space    used 274K, committed 384K, reserved 1048576K
}
Event: 1.076 GC heap before
{Heap before GC invocations=1 (full 0):
 garbage-first heap   total 131072K, used 18394K [0x0000000080e00000, 0x0000000100000000)
  region size 1024K, 19 young (19456K), 2 survivors (2048K)
 Metaspace       used 8019K, committed 8320K, reserved 1114112K
  class space    used 995K, committed 1152K, reserved 1048576K
}
Event: 1.081 GC heap after
{Heap after GC invocations=2 (full 0):
 garbage-first heap   total 131072K, used 4575K [0x0000000080e00000, 0x0000000100000000)
  region size 1024K, 3 young (3072K), 3 survivors (3072K)
 Metaspace       used 8019K, committed 8320K, reserved 1114112K
  class space    used 995K, committed 1152K, reserved 1048576K
}

Deoptimization events (20 events):
Event: 5.587 Thread 0x000001e92e87f7c0 DEOPT PACKING pc=0x000001e914b56556 sp=0x00000003a89fb2b0
Event: 5.587 Thread 0x000001e92e87f7c0 DEOPT UNPACKING pc=0x000001e914572b43 sp=0x00000003a89fa738 mode 0
Event: 5.620 Thread 0x000001e92e87f7c0 DEOPT PACKING pc=0x000001e914f1fca4 sp=0x00000003a89fc560
Event: 5.620 Thread 0x000001e92e87f7c0 DEOPT UNPACKING pc=0x000001e914572b43 sp=0x00000003a89fba68 mode 0
Event: 5.760 Thread 0x000001e92e87f7c0 Uncommon trap: trap_request=0xffffffde fr.pc=0x000001e91c0b81dc relative=0x000000000000113c
Event: 5.760 Thread 0x000001e92e87f7c0 Uncommon trap: reason=class_check action=maybe_recompile pc=0x000001e91c0b81dc method=javafx.scene.Node.updateLocalToParentTransform()V @ 11 c2
Event: 5.760 Thread 0x000001e92e87f7c0 DEOPT PACKING pc=0x000001e91c0b81dc sp=0x00000003a89fc370
Event: 5.760 Thread 0x000001e92e87f7c0 DEOPT UNPACKING pc=0x000001e9145723a3 sp=0x00000003a89fc338 mode 2
Event: 5.781 Thread 0x000001e92e87f7c0 Uncommon trap: trap_request=0xffffffde fr.pc=0x000001e91c0b81dc relative=0x000000000000113c
Event: 5.781 Thread 0x000001e92e87f7c0 Uncommon trap: reason=class_check action=maybe_recompile pc=0x000001e91c0b81dc method=javafx.scene.Node.updateLocalToParentTransform()V @ 11 c2
Event: 5.781 Thread 0x000001e92e87f7c0 DEOPT PACKING pc=0x000001e91c0b81dc sp=0x00000003a89fba50
Event: 5.781 Thread 0x000001e92e87f7c0 DEOPT UNPACKING pc=0x000001e9145723a3 sp=0x00000003a89fba10 mode 2
Event: 5.781 Thread 0x000001e92e87f7c0 Uncommon trap: trap_request=0xffffffde fr.pc=0x000001e91c0b81dc relative=0x000000000000113c
Event: 5.781 Thread 0x000001e92e87f7c0 Uncommon trap: reason=class_check action=maybe_recompile pc=0x000001e91c0b81dc method=javafx.scene.Node.updateLocalToParentTransform()V @ 11 c2
Event: 5.781 Thread 0x000001e92e87f7c0 DEOPT PACKING pc=0x000001e91c0b81dc sp=0x00000003a89fba50
Event: 5.781 Thread 0x000001e92e87f7c0 DEOPT UNPACKING pc=0x000001e9145723a3 sp=0x00000003a89fba10 mode 2
Event: 5.781 Thread 0x000001e92e87f7c0 Uncommon trap: trap_request=0xffffffde fr.pc=0x000001e91c0b81dc relative=0x000000000000113c
Event: 5.781 Thread 0x000001e92e87f7c0 Uncommon trap: reason=class_check action=maybe_recompile pc=0x000001e91c0b81dc method=javafx.scene.Node.updateLocalToParentTransform()V @ 11 c2
Event: 5.781 Thread 0x000001e92e87f7c0 DEOPT PACKING pc=0x000001e91c0b81dc sp=0x00000003a89fba50
Event: 5.781 Thread 0x000001e92e87f7c0 DEOPT UNPACKING pc=0x000001e9145723a3 sp=0x00000003a89fba10 mode 2

Classes loaded (20 events):
Event: 5.595 Loading class sun/nio/fs/WindowsChannelFactory$2
Event: 5.595 Loading class sun/nio/fs/WindowsChannelFactory$2 done
Event: 5.596 Loading class java/nio/file/StandardCopyOption
Event: 5.596 Loading class java/nio/file/StandardCopyOption done
Event: 5.596 Loading class sun/nio/ch/ChannelOutputStream
Event: 5.597 Loading class sun/nio/ch/ChannelOutputStream done
Event: 5.606 Loading class java/io/DeleteOnExitHook
Event: 5.606 Loading class java/io/DeleteOnExitHook done
Event: 5.606 Loading class java/io/DeleteOnExitHook$1
Event: 5.606 Loading class java/io/DeleteOnExitHook$1 done
Event: 5.698 Loading class java/io/StringReader
Event: 5.698 Loading class java/io/StringReader done
Event: 5.699 Loading class java/util/regex/Pattern$BnM
Event: 5.699 Loading class java/util/regex/Pattern$BnM done
Event: 5.699 Loading class java/util/regex/Pattern$SliceS
Event: 5.699 Loading class java/util/regex/Pattern$SliceS done
Event: 5.706 Loading class sun/invoke/util/VerifyAccess$1
Event: 5.706 Loading class sun/invoke/util/VerifyAccess$1 done
Event: 10.600 Loading class jdk/internal/misc/Signal$1
Event: 10.601 Loading class jdk/internal/misc/Signal$1 done

Classes unloaded (0 events):
No events

Classes redefined (0 events):
No events

Internal exceptions (20 events):
Event: 1.595 Thread 0x000001e92e87f7c0 Exception <a 'java/lang/NoSuchMethodError'{0x0000000087515118}: 'java.lang.Object java.lang.invoke.DirectMethodHandle$Holder.newInvokeSpecial(java.lang.Object, java.lang.Object, int)'> (0x0000000087515118) 
thrown [s\open\src\hotspot\share\interpreter\linkResolver.cpp, line 766]
Event: 1.618 Thread 0x000001e92e880630 Exception <a 'java/lang/NoSuchMethodError'{0x000000008758c6e0}: 'int java.lang.invoke.DirectMethodHandle$Holder.invokeStaticInit(java.lang.Object, java.lang.Object)'> (0x000000008758c6e0) 
thrown [s\open\src\hotspot\share\interpreter\linkResolver.cpp, line 766]
Event: 1.628 Thread 0x000001e92e87f7c0 Exception <a 'java/lang/NoSuchMethodError'{0x00000000875df130}: 'long java.lang.invoke.DirectMethodHandle$Holder.invokeStatic(java.lang.Object, java.lang.Object, java.lang.Object)'> (0x00000000875df130) 
thrown [s\open\src\hotspot\share\interpreter\linkResolver.cpp, line 766]
Event: 1.628 Thread 0x000001e92e87f7c0 Exception <a 'java/lang/NoSuchMethodError'{0x00000000875e28d0}: 'long java.lang.invoke.DirectMethodHandle$Holder.invokeStaticInit(java.lang.Object, java.lang.Object, java.lang.Object)'> (0x00000000875e28d0) 
thrown [s\open\src\hotspot\share\interpreter\linkResolver.cpp, line 766]
Event: 1.631 Thread 0x000001e92e87f7c0 Exception <a 'java/lang/NoSuchMethodError'{0x000000008741a270}: 'java.lang.Object java.lang.invoke.DirectMethodHandle$Holder.newInvokeSpecial(java.lang.Object, java.lang.Object, long)'> (0x000000008741a270) 
thrown [s\open\src\hotspot\share\interpreter\linkResolver.cpp, line 766]
Event: 1.631 Thread 0x000001e92e87f7c0 Exception <a 'java/lang/NoSuchMethodError'{0x000000008741dde8}: 'java.lang.Object java.lang.invoke.Invokers$Holder.linkToTargetMethod(java.lang.Object, long, java.lang.Object)'> (0x000000008741dde8) 
thrown [s\open\src\hotspot\share\interpreter\linkResolver.cpp, line 766]
Event: 4.067 Thread 0x000001e92e87f7c0 Exception <a 'java/lang/NoSuchMethodError'{0x0000000087062090}: 'java.lang.Object java.lang.invoke.DirectMethodHandle$Holder.newInvokeSpecial(java.lang.Object, java.lang.Object, int, int, int, int, int, java.lang.Object)'> (0x0000000087062090) 
thrown [s\open\src\hotspot\share\interpreter\linkResolver.cpp, line 766]
Event: 4.068 Thread 0x000001e92e87f7c0 Exception <a 'java/lang/NoSuchMethodError'{0x0000000087075070}: 'java.lang.Object java.lang.invoke.DirectMethodHandle$Holder.newInvokeSpecial(java.lang.Object, java.lang.Object, java.lang.Object, int, int, int, int, int)'> (0x0000000087075070) 
thrown [s\open\src\hotspot\share\interpreter\linkResolver.cpp, line 766]
Event: 4.068 Thread 0x000001e92e87f7c0 Exception <a 'java/lang/NoSuchMethodError'{0x000000008707c8d8}: 'java.lang.Object java.lang.invoke.Invokers$Holder.linkToTargetMethod(java.lang.Object, java.lang.Object, int, int, int, int, int, java.lang.Object)'> (0x000000008707c8d8) 
thrown [s\open\src\hotspot\share\interpreter\linkResolver.cpp, line 766]
Event: 5.478 Thread 0x000001e92e87f7c0 Exception <a 'sun/nio/fs/WindowsException'{0x0000000086f3a990}> (0x0000000086f3a990) 
thrown [s\open\src\hotspot\share\prims\jni.cpp, line 516]
Event: 5.481 Thread 0x000001e92e87f7c0 Exception <a 'sun/nio/fs/WindowsException'{0x0000000086f5edb8}> (0x0000000086f5edb8) 
thrown [s\open\src\hotspot\share\prims\jni.cpp, line 516]
Event: 5.484 Thread 0x000001e92e87f7c0 Exception <a 'sun/nio/fs/WindowsException'{0x0000000086f69790}> (0x0000000086f69790) 
thrown [s\open\src\hotspot\share\prims\jni.cpp, line 516]
Event: 5.524 Thread 0x000001e92e87f7c0 Exception <a 'sun/nio/fs/WindowsException'{0x0000000086dfc4b0}> (0x0000000086dfc4b0) 
thrown [s\open\src\hotspot\share\prims\jni.cpp, line 516]
Event: 5.524 Thread 0x000001e92e87f7c0 Exception <a 'sun/nio/fs/WindowsException'{0x0000000086dfc860}> (0x0000000086dfc860) 
thrown [s\open\src\hotspot\share\prims\jni.cpp, line 516]
Event: 5.540 Thread 0x000001e92e87f7c0 Exception <a 'java/lang/NoSuchMethodError'{0x0000000086b6c278}: 'java.lang.Object java.lang.invoke.DirectMethodHandle$Holder.invokeStaticInit(java.lang.Object, int, int, int, int)'> (0x0000000086b6c278) 
thrown [s\open\src\hotspot\share\interpreter\linkResolver.cpp, line 766]
Event: 5.590 Thread 0x000001e92e87f7c0 Exception <a 'java/lang/NoSuchMethodError'{0x0000000086a2c7d0}: 'java.lang.Object java.lang.invoke.DirectMethodHandle$Holder.invokeStaticInit(java.lang.Object, java.lang.Object, int, int, int, int)'> (0x0000000086a2c7d0) 
thrown [s\open\src\hotspot\share\interpreter\linkResolver.cpp, line 766]
Event: 5.594 Thread 0x000001e92e87f7c0 Exception <a 'sun/nio/fs/WindowsException'{0x0000000086a34eb0}> (0x0000000086a34eb0) 
thrown [s\open\src\hotspot\share\prims\jni.cpp, line 516]
Event: 5.595 Thread 0x000001e92e87f7c0 Exception <a 'sun/nio/fs/WindowsException'{0x0000000086a3eb40}> (0x0000000086a3eb40) 
thrown [s\open\src\hotspot\share\prims\jni.cpp, line 516]
Event: 5.595 Thread 0x000001e92e87f7c0 Exception <a 'sun/nio/fs/WindowsException'{0x0000000086a3eef0}> (0x0000000086a3eef0) 
thrown [s\open\src\hotspot\share\prims\jni.cpp, line 516]
Event: 5.596 Thread 0x000001e92e87f7c0 Exception <a 'sun/nio/fs/WindowsException'{0x0000000086a40828}> (0x0000000086a40828) 
thrown [s\open\src\hotspot\share\prims\jni.cpp, line 516]

VM Operations (20 events):
Event: 1.081 Executing VM operation: G1CollectForAllocation done
Event: 1.211 Executing VM operation: HandshakeAllThreads
Event: 1.211 Executing VM operation: HandshakeAllThreads done
Event: 1.213 Executing VM operation: HandshakeAllThreads
Event: 1.213 Executing VM operation: HandshakeAllThreads done
Event: 1.556 Executing VM operation: ICBufferFull
Event: 1.556 Executing VM operation: ICBufferFull done
Event: 3.556 Executing VM operation: Cleanup
Event: 3.556 Executing VM operation: Cleanup done
Event: 5.487 Executing VM operation: HandshakeAllThreads
Event: 5.488 Executing VM operation: HandshakeAllThreads done
Event: 5.488 Executing VM operation: Cleanup
Event: 5.488 Executing VM operation: Cleanup done
Event: 5.543 Executing VM operation: HandshakeAllThreads
Event: 5.543 Executing VM operation: HandshakeAllThreads done
Event: 6.543 Executing VM operation: Cleanup
Event: 6.543 Executing VM operation: Cleanup done
Event: 8.544 Executing VM operation: Cleanup
Event: 8.544 Executing VM operation: Cleanup done
Event: 10.604 Executing VM operation: Exit

Events (20 events):
Event: 0.701 Thread 0x000001e92e87d140 Thread added: 0x000001e92e87d140
Event: 0.706 Thread 0x000001e92e87f7c0 Thread added: 0x000001e92e87f7c0
Event: 0.815 Thread 0x000001e92e934ca0 Thread exited: 0x000001e92e934ca0
Event: 0.864 Thread 0x000001e92e87fc90 Thread added: 0x000001e92e87fc90
Event: 0.868 Thread 0x000001e92e880160 Thread added: 0x000001e92e880160
Event: 0.899 Loaded shared library C:\Program Files\Java\jdk-18.0.1\bin\jimage.dll
Event: 1.052 Loaded shared library C:\Users\Евгений\.openjfx\cache\18+12\javafx_font.dll
Event: 1.093 Thread 0x000001e935c94670 Thread added: 0x000001e935c94670
Event: 1.405 Thread 0x000001e92e87cc70 Thread added: 0x000001e92e87cc70
Event: 1.678 Thread 0x000001e92e87dfb0 Thread added: 0x000001e92e87dfb0
Event: 1.984 Thread 0x000001e935c94670 Thread exited: 0x000001e935c94670
Event: 5.476 Loaded shared library C:\Program Files\Java\jdk-18.0.1\bin\verify.dll
Event: 5.529 Thread 0x000001e92e87c5a0 Thread added: 0x000001e92e87c5a0
Event: 5.691 Loaded shared library C:\Users\Евгений\AppData\Local\Temp\sqlite-3.44.1.0-cda2d166-a055-422b-8ce6-cd3d0742e3a8-sqlitejdbc.dll
Event: 5.721 Thread 0x000001e92e87c5a0 Thread exited: 0x000001e92e87c5a0
Event: 10.601 Thread 0x000001e92e8b2ea0 Thread added: 0x000001e92e8b2ea0
Event: 10.601 Thread 0x000001e92e8b5050 Thread added: 0x000001e92e8b5050
Event: 10.601 Thread 0x000001e92e8b5520 Thread added: 0x000001e92e8b5520
Event: 10.602 Thread 0x000001e92e8b5520 Thread exited: 0x000001e92e8b5520
Event: 10.603 Thread 0x000001e92e8b5050 Thread exited: 0x000001e92e8b5050


Dynamic libraries:
0x00007ff64c3b0000 - 0x00007ff64c3c0000 	C:\Program Files\Java\jdk-18.0.1\bin\java.exe
0x00007ffeb43b0000 - 0x00007ffeb45a8000 	C:\Windows\SYSTEM32\ntdll.dll
0x00007ffeb3a20000 - 0x00007ffeb3add000 	C:\Windows\System32\KERNEL32.DLL
0x00007ffeb1c90000 - 0x00007ffeb1f86000 	C:\Windows\System32\KERNELBASE.dll
0x00007ffeb2300000 - 0x00007ffeb2400000 	C:\Windows\System32\ucrtbase.dll
0x00007ffeaf300000 - 0x00007ffeaf31a000 	C:\Program Files\Java\jdk-18.0.1\bin\VCRUNTIME140.dll
0x00007ffeacbc0000 - 0x00007ffeacbd8000 	C:\Program Files\Java\jdk-18.0.1\bin\jli.dll
0x00007ffeb3330000 - 0x00007ffeb33e3000 	C:\Windows\System32\ADVAPI32.dll
0x00007ffeb3c30000 - 0x00007ffeb3cce000 	C:\Windows\System32\msvcrt.dll
0x00007ffeb3750000 - 0x00007ffeb37ef000 	C:\Windows\System32\sechost.dll
0x00007ffeb3480000 - 0x00007ffeb35a6000 	C:\Windows\System32\RPCRT4.dll
0x00007ffeb1c30000 - 0x00007ffeb1c57000 	C:\Windows\System32\bcrypt.dll
0x00007ffeb35b0000 - 0x00007ffeb374e000 	C:\Windows\System32\USER32.dll
0x00007ffeb1c60000 - 0x00007ffeb1c82000 	C:\Windows\System32\win32u.dll
0x00007ffeb3bf0000 - 0x00007ffeb3c1c000 	C:\Windows\System32\GDI32.dll
0x00007ffeb1b10000 - 0x00007ffeb1c2a000 	C:\Windows\System32\gdi32full.dll
0x00007ffeb1f90000 - 0x00007ffeb202d000 	C:\Windows\System32\msvcp_win.dll
0x00007ffeab090000 - 0x00007ffeab32a000 	C:\Windows\WinSxS\amd64_microsoft.windows.common-controls_6595b64144ccf1df_6.0.19041.3636_none_60b6a03d71f818d5\COMCTL32.dll
0x00007ffeac1f0000 - 0x00007ffeac1fa000 	C:\Windows\SYSTEM32\VERSION.dll
0x00007ffeb3300000 - 0x00007ffeb3330000 	C:\Windows\System32\IMM32.DLL
0x00007ffeabf80000 - 0x00007ffeabf8c000 	C:\Program Files\Java\jdk-18.0.1\bin\vcruntime140_1.dll
0x00007ffe941c0000 - 0x00007ffe9424d000 	C:\Program Files\Java\jdk-18.0.1\bin\msvcp140.dll
0x00007ffe64570000 - 0x00007ffe65180000 	C:\Program Files\Java\jdk-18.0.1\bin\server\jvm.dll
0x00007ffeb3c20000 - 0x00007ffeb3c28000 	C:\Windows\System32\PSAPI.DLL
0x00007ffea6a60000 - 0x00007ffea6a69000 	C:\Windows\SYSTEM32\WSOCK32.dll
0x00007ffeb37f0000 - 0x00007ffeb385b000 	C:\Windows\System32\WS2_32.dll
0x00007ffea7990000 - 0x00007ffea79b7000 	C:\Windows\SYSTEM32\WINMM.dll
0x00007ffeaf950000 - 0x00007ffeaf962000 	C:\Windows\SYSTEM32\kernel.appcore.dll
0x00007ffeabf60000 - 0x00007ffeabf6a000 	C:\Program Files\Java\jdk-18.0.1\bin\jimage.dll
0x00007ffea8b90000 - 0x00007ffea8d74000 	C:\Windows\SYSTEM32\DBGHELP.DLL
0x00007ffea8b50000 - 0x00007ffea8b84000 	C:\Windows\SYSTEM32\dbgcore.DLL
0x00007ffeb1a80000 - 0x00007ffeb1b02000 	C:\Windows\System32\bcryptPrimitives.dll
0x00007ffea8f50000 - 0x00007ffea8f5e000 	C:\Program Files\Java\jdk-18.0.1\bin\instrument.dll
0x00007ffea1730000 - 0x00007ffea1755000 	C:\Program Files\Java\jdk-18.0.1\bin\java.dll
0x00007ffe88f70000 - 0x00007ffe89046000 	C:\Program Files\Java\jdk-18.0.1\bin\jsvml.dll
0x00007ffeb2590000 - 0x00007ffeb2cd5000 	C:\Windows\System32\SHELL32.dll
0x00007ffeafb50000 - 0x00007ffeb02eb000 	C:\Windows\SYSTEM32\windows.storage.dll
0x00007ffeb3e60000 - 0x00007ffeb41b4000 	C:\Windows\System32\combase.dll
0x00007ffeb1440000 - 0x00007ffeb146d000 	C:\Windows\SYSTEM32\Wldp.dll
0x00007ffeb3950000 - 0x00007ffeb39fd000 	C:\Windows\System32\SHCORE.dll
0x00007ffeb2400000 - 0x00007ffeb2455000 	C:\Windows\System32\shlwapi.dll
0x00007ffeb19b0000 - 0x00007ffeb19d5000 	C:\Windows\SYSTEM32\profapi.dll
0x00007ffea8900000 - 0x00007ffea8913000 	C:\Program Files\Java\jdk-18.0.1\bin\net.dll
0x00007ffeac9b0000 - 0x00007ffeacaba000 	C:\Windows\SYSTEM32\WINHTTP.dll
0x00007ffeb11a0000 - 0x00007ffeb120a000 	C:\Windows\system32\mswsock.dll
0x00007ffe9eef0000 - 0x00007ffe9ef06000 	C:\Program Files\Java\jdk-18.0.1\bin\nio.dll
0x00007ffe98390000 - 0x00007ffe983a8000 	C:\Program Files\Java\jdk-18.0.1\bin\zip.dll
0x00007ffe965c0000 - 0x00007ffe965da000 	C:\Program Files\JetBrains\IntelliJ IDEA Community Edition 2022.1.2\bin\breakgen64.dll
0x000001e90cb50000 - 0x000001e90cb53000 	C:\Users\Евгений\.openjfx\cache\18+12\api-ms-win-core-console-l1-1-0.dll
0x000001e90cb60000 - 0x000001e90cb63000 	C:\Users\Евгений\.openjfx\cache\18+12\api-ms-win-core-console-l1-2-0.dll
0x000001e90cb70000 - 0x000001e90cb73000 	C:\Users\Евгений\.openjfx\cache\18+12\api-ms-win-core-datetime-l1-1-0.dll
0x000001e90cb80000 - 0x000001e90cb83000 	C:\Users\Евгений\.openjfx\cache\18+12\api-ms-win-core-debug-l1-1-0.dll
0x000001e90cb90000 - 0x000001e90cb93000 	C:\Users\Евгений\.openjfx\cache\18+12\api-ms-win-core-errorhandling-l1-1-0.dll
0x000001e90cba0000 - 0x000001e90cba4000 	C:\Users\Евгений\.openjfx\cache\18+12\api-ms-win-core-file-l1-1-0.dll
0x000001e92a710000 - 0x000001e92a713000 	C:\Users\Евгений\.openjfx\cache\18+12\api-ms-win-core-file-l1-2-0.dll
0x000001e92a720000 - 0x000001e92a723000 	C:\Users\Евгений\.openjfx\cache\18+12\api-ms-win-core-file-l2-1-0.dll
0x000001e92a730000 - 0x000001e92a733000 	C:\Users\Евгений\.openjfx\cache\18+12\api-ms-win-core-handle-l1-1-0.dll
0x000001e92a740000 - 0x000001e92a743000 	C:\Users\Евгений\.openjfx\cache\18+12\api-ms-win-core-heap-l1-1-0.dll
0x000001e92a750000 - 0x000001e92a753000 	C:\Users\Евгений\.openjfx\cache\18+12\api-ms-win-core-interlocked-l1-1-0.dll
0x000001e92a760000 - 0x000001e92a763000 	C:\Users\Евгений\.openjfx\cache\18+12\api-ms-win-core-libraryloader-l1-1-0.dll
0x000001e92a770000 - 0x000001e92a773000 	C:\Users\Евгений\.openjfx\cache\18+12\api-ms-win-core-localization-l1-2-0.dll
0x000001e92a780000 - 0x000001e92a783000 	C:\Users\Евгений\.openjfx\cache\18+12\api-ms-win-core-memory-l1-1-0.dll
0x000001e92a790000 - 0x000001e92a793000 	C:\Users\Евгений\.openjfx\cache\18+12\api-ms-win-core-namedpipe-l1-1-0.dll
0x000001e92a7a0000 - 0x000001e92a7a3000 	C:\Users\Евгений\.openjfx\cache\18+12\api-ms-win-core-processenvironment-l1-1-0.dll
0x000001e92a7b0000 - 0x000001e92a7b3000 	C:\Users\Евгений\.openjfx\cache\18+12\api-ms-win-core-processthreads-l1-1-0.dll
0x000001e92a7c0000 - 0x000001e92a7c3000 	C:\Users\Евгений\.openjfx\cache\18+12\api-ms-win-core-processthreads-l1-1-1.dll
0x000001e92a7d0000 - 0x000001e92a7d3000 	C:\Users\Евгений\.openjfx\cache\18+12\api-ms-win-core-profile-l1-1-0.dll
0x000001e92a7e0000 - 0x000001e92a7e3000 	C:\Users\Евгений\.openjfx\cache\18+12\api-ms-win-core-rtlsupport-l1-1-0.dll
0x000001e92a7f0000 - 0x000001e92a7f3000 	C:\Users\Евгений\.openjfx\cache\18+12\api-ms-win-core-string-l1-1-0.dll
0x000001e92f400000 - 0x000001e92f403000 	C:\Users\Евгений\.openjfx\cache\18+12\api-ms-win-core-synch-l1-1-0.dll
0x000001e92f410000 - 0x000001e92f413000 	C:\Users\Евгений\.openjfx\cache\18+12\api-ms-win-core-synch-l1-2-0.dll
0x000001e92f420000 - 0x000001e92f423000 	C:\Users\Евгений\.openjfx\cache\18+12\api-ms-win-core-sysinfo-l1-1-0.dll
0x000001e92f430000 - 0x000001e92f433000 	C:\Users\Евгений\.openjfx\cache\18+12\api-ms-win-core-timezone-l1-1-0.dll
0x000001e92f440000 - 0x000001e92f443000 	C:\Users\Евгений\.openjfx\cache\18+12\api-ms-win-core-util-l1-1-0.dll
0x000001e92f450000 - 0x000001e92f453000 	C:\Users\Евгений\.openjfx\cache\18+12\api-ms-win-crt-conio-l1-1-0.dll
0x000001e92f460000 - 0x000001e92f464000 	C:\Users\Евгений\.openjfx\cache\18+12\api-ms-win-crt-convert-l1-1-0.dll
0x000001e92f470000 - 0x000001e92f473000 	C:\Users\Евгений\.openjfx\cache\18+12\api-ms-win-crt-environment-l1-1-0.dll
0x000001e92f480000 - 0x000001e92f483000 	C:\Users\Евгений\.openjfx\cache\18+12\api-ms-win-crt-filesystem-l1-1-0.dll
0x000001e92f490000 - 0x000001e92f493000 	C:\Users\Евгений\.openjfx\cache\18+12\api-ms-win-crt-heap-l1-1-0.dll
0x000001e92f4a0000 - 0x000001e92f4a3000 	C:\Users\Евгений\.openjfx\cache\18+12\api-ms-win-crt-locale-l1-1-0.dll
0x000001e92f4b0000 - 0x000001e92f4b5000 	C:\Users\Евгений\.openjfx\cache\18+12\api-ms-win-crt-math-l1-1-0.dll
0x000001e92f4c0000 - 0x000001e92f4c5000 	C:\Users\Евгений\.openjfx\cache\18+12\api-ms-win-crt-multibyte-l1-1-0.dll
0x000001e92f4d0000 - 0x000001e92f4e0000 	C:\Users\Евгений\.openjfx\cache\18+12\api-ms-win-crt-private-l1-1-0.dll
0x000001e92f4e0000 - 0x000001e92f4e3000 	C:\Users\Евгений\.openjfx\cache\18+12\api-ms-win-crt-process-l1-1-0.dll
0x000001e92f4f0000 - 0x000001e92f4f4000 	C:\Users\Евгений\.openjfx\cache\18+12\api-ms-win-crt-runtime-l1-1-0.dll
0x000001e92f500000 - 0x000001e92f504000 	C:\Users\Евгений\.openjfx\cache\18+12\api-ms-win-crt-stdio-l1-1-0.dll
0x000001e92f510000 - 0x000001e92f514000 	C:\Users\Евгений\.openjfx\cache\18+12\api-ms-win-crt-string-l1-1-0.dll
0x000001e92f520000 - 0x000001e92f523000 	C:\Users\Евгений\.openjfx\cache\18+12\api-ms-win-crt-time-l1-1-0.dll
0x000001e92f530000 - 0x000001e92f533000 	C:\Users\Евгений\.openjfx\cache\18+12\api-ms-win-crt-utility-l1-1-0.dll
0x00007ffe86170000 - 0x00007ffe8626c000 	C:\Users\Евгений\.openjfx\cache\18+12\ucrtbase.dll
0x00007ffe964f0000 - 0x00007ffe9650a000 	C:\Users\Евгений\.openjfx\cache\18+12\vcruntime140.dll
0x00007ffea0750000 - 0x00007ffea075c000 	C:\Users\Евгений\.openjfx\cache\18+12\vcruntime140_1.dll
0x00007ffe8c670000 - 0x00007ffe8c6fd000 	C:\Users\Евгений\.openjfx\cache\18+12\msvcp140.dll
0x00007ffe94aa0000 - 0x00007ffe94acc000 	C:\Users\Евгений\.openjfx\cache\18+12\prism_d3d.dll
0x00007ffea07f0000 - 0x00007ffea09bd000 	C:\Windows\system32\d3d9.dll
0x00007ffeaf660000 - 0x00007ffeaf68f000 	C:\Windows\SYSTEM32\dwmapi.dll
0x00007ffeaf350000 - 0x00007ffeaf3ee000 	C:\Windows\system32\uxtheme.dll
0x00007ffeb1640000 - 0x00007ffeb1652000 	C:\Windows\SYSTEM32\msasn1.dll
0x00007ffeac1b0000 - 0x00007ffeac1e1000 	C:\Windows\SYSTEM32\cryptnet.dll
0x00007ffeb20e0000 - 0x00007ffeb223d000 	C:\Windows\System32\CRYPT32.dll
0x00007ffeac060000 - 0x00007ffeac1a8000 	C:\Windows\SYSTEM32\drvstore.dll
0x00007ffeb1810000 - 0x00007ffeb1843000 	C:\Windows\SYSTEM32\devobj.dll
0x00007ffeb2240000 - 0x00007ffeb228e000 	C:\Windows\System32\cfgmgr32.dll
0x00007ffeb13b0000 - 0x00007ffeb13bc000 	C:\Windows\SYSTEM32\cryptbase.dll
0x00007ffeb2290000 - 0x00007ffeb22f7000 	C:\Windows\System32\WINTRUST.DLL
0x00007ffeb3a00000 - 0x00007ffeb3a1d000 	C:\Windows\System32\imagehlp.dll
0x00007ffeb1390000 - 0x00007ffeb13a8000 	C:\Windows\SYSTEM32\CRYPTSP.dll
0x00007ffeb0a70000 - 0x00007ffeb0aa4000 	C:\Windows\system32\rsaenh.dll
0x00007ffe8bf20000 - 0x00007ffe8bf62000 	C:\Users\Евгений\.openjfx\cache\18+12\glass.dll
0x00007ffeb3860000 - 0x00007ffeb393a000 	C:\Windows\System32\COMDLG32.dll
0x00007ffeb2460000 - 0x00007ffeb258b000 	C:\Windows\System32\ole32.dll
0x00007ffeb42a0000 - 0x00007ffeb436d000 	C:\Windows\System32\OLEAUT32.dll
0x00007ffeb3d30000 - 0x00007ffeb3e44000 	C:\Windows\System32\MSCTF.dll
0x00007ffe94700000 - 0x00007ffe949c7000 	C:\Windows\system32\nvspcap64.dll
0x00007ffeb0b90000 - 0x00007ffeb0bc3000 	C:\Windows\SYSTEM32\ntmarta.dll
0x00007ffeb0300000 - 0x00007ffeb0323000 	C:\Windows\SYSTEM32\gpapi.dll
0x00007ffe9be10000 - 0x00007ffe9be4b000 	C:\Windows\SYSTEM32\dxcore.dll
0x00007ffe96490000 - 0x00007ffe964a4000 	C:\Users\Евгений\.openjfx\cache\18+12\javafx_font.dll
0x00007ffe974c0000 - 0x00007ffe9773f000 	C:\Windows\SYSTEM32\dwrite.dll
0x00007ffeb3b40000 - 0x00007ffeb3be9000 	C:\Windows\System32\clbcatq.dll
0x00007ffe9d940000 - 0x00007ffe9daf4000 	C:\Windows\SYSTEM32\WindowsCodecs.dll
0x00007ffe919f0000 - 0x00007ffe91a2e000 	C:\Windows\system32\dataexchange.dll
0x00007ffead080000 - 0x00007ffead2e3000 	C:\Windows\system32\d3d11.dll
0x00007ffeae440000 - 0x00007ffeae623000 	C:\Windows\system32\dcomp.dll
0x00007ffeb0330000 - 0x00007ffeb0423000 	C:\Windows\system32\dxgi.dll
0x00007ffe9f8b0000 - 0x00007ffe9fab3000 	C:\Windows\system32\twinapi.appcore.dll
0x00007ffe98f90000 - 0x00007ffe98fc4000 	C:\Program Files\Common Files\Microsoft Shared\Ink\rtscom.dll
0x00007ffe9ea00000 - 0x00007ffe9eaf9000 	C:\Windows\SYSTEM32\textinputframework.dll

dbghelp: loaded successfully - version: 4.0.5 - missing functions: none
symbol engine: initialized successfully - sym options: 0x614 - pdb path: .;C:\Program Files\Java\jdk-18.0.1\bin;C:\Windows\SYSTEM32;C:\Windows\WinSxS\amd64_microsoft.windows.common-controls_6595b64144ccf1df_6.0.19041.3636_none_60b6a03d71f818d5;C:\Program Files\Java\jdk-18.0.1\bin\server;C:\Program Files\JetBrains\IntelliJ IDEA Community Edition 2022.1.2\bin;C:\Users\Евгений\.openjfx\cache\18+12;C:\Windows\System32\DriverStore\FileRepository\nvmdig.inf_amd64_2b01a28ee7b06750;C:\Program Files\Common Files\Microsoft Shared\Ink;C:\Users\Евгений\AppData\Local\Temp

VM Arguments:
jvm_args: -javaagent:C:\Program Files\JetBrains\IntelliJ IDEA Community Edition 2022.1.2\lib\idea_rt.jar=61166:C:\Program Files\JetBrains\IntelliJ IDEA Community Edition 2022.1.2\bin -Dfile.encoding=UTF-8 --module-path=C:\Users\Евгений\.m2\repository\org\openjfx\javafx-graphics\18\javafx-graphics-18-win.jar;C:\Users\Евгений\ATM_Machine\target\classes;C:\Users\Евгений\.m2\repository\org\slf4j\slf4j-api\1.7.36\slf4j-api-1.7.36.jar;C:\Users\Евгений\.m2\repository\org\openjfx\javafx-fxml\18\javafx-fxml-18-win.jar;C:\Users\Евгений\.m2\repository\org\xerial\sqlite-jdbc\3.44.1.0\sqlite-jdbc-3.44.1.0.jar;C:\Users\Евгений\.m2\repository\org\openjfx\javafx-controls\18\javafx-controls-18-win.jar;C:\Users\Евгений\.m2\repository\org\openjfx\javafx-base\18\javafx-base-18-win.jar -Djdk.module.main=com.example.atm_machine 
java_command: com.example.atm_machine/com.example.atm_machine.HelloApplication
java_class_path (initial): C:\Users\Евгений\.m2\repository\org\openjfx\javafx-controls\18\javafx-controls-18.jar;C:\Users\Евгений\.m2\repository\org\openjfx\javafx-graphics\18\javafx-graphics-18.jar;C:\Users\Евгений\.m2\repository\org\openjfx\javafx-base\18\javafx-base-18.jar;C:\Users\Евгений\.m2\repository\org\openjfx\javafx-fxml\18\javafx-fxml-18.jar;C:\Users\Евгений\.m2\repository\org\slf4j\slf4j-simple\1.7.36\slf4j-simple-1.7.36.jar
Launcher Type: SUN_STANDARD

[Global flags]
     intx CICompilerCount                          = 3                                         {product} {ergonomic}
     uint ConcGCThreads                            = 1                                         {product} {ergonomic}
     uint G1ConcRefinementThreads                  = 4                                         {product} {ergonomic}
   size_t G1HeapRegionSize                         = 1048576                                   {product} {ergonomic}
    uintx GCDrainStackTargetSize                   = 64                                        {product} {ergonomic}
   size_t InitialHeapSize                          = 134217728                                 {product} {ergonomic}
   size_t MarkStackSize                            = 4194304                                   {product} {ergonomic}
   size_t MaxHeapSize                              = 2132803584                                {product} {ergonomic}
   size_t MaxNewSize                               = 1279262720                                {product} {ergonomic}
   size_t MinHeapDeltaBytes                        = 1048576                                   {product} {ergonomic}
   size_t MinHeapSize                              = 8388608                                   {product} {ergonomic}
    uintx NonNMethodCodeHeapSize                   = 5832780                                {pd product} {ergonomic}
    uintx NonProfiledCodeHeapSize                  = 122912730                              {pd product} {ergonomic}
    uintx ProfiledCodeHeapSize                     = 122912730                              {pd product} {ergonomic}
    uintx ReservedCodeCacheSize                    = 251658240                              {pd product} {ergonomic}
     bool SegmentedCodeCache                       = true                                      {product} {ergonomic}
   size_t SoftMaxHeapSize                          = 2132803584                             {manageable} {ergonomic}
     bool UseCompressedClassPointers               = true                           {product lp64_product} {ergonomic}
     bool UseCompressedOops                        = true                           {product lp64_product} {ergonomic}
     bool UseG1GC                                  = true                                      {product} {ergonomic}
     bool UseLargePagesIndividualAllocation        = false                                  {pd product} {ergonomic}

Logging:
Log output configuration:
 #0: stdout all=off uptime,level,tags foldmultilines=false
 #1: stderr all=off uptime,level,tags foldmultilines=false

Environment Variables:
JAVA_HOME=C:\Program Files\Java\jdk-17
PATH=C:\Program Files (x86)\Common Files\Oracle\Java\javapath;C:\Program Files\Common Files\Oracle\Java\javapath;C:\Windows\system32;C:\Windows;C:\Windows\System32\Wbem;C:\Windows\System32\WindowsPowerShell\v1.0\;C:\Windows\System32\OpenSSH\;C:\Program Files (x86)\NVIDIA Corporation\PhysX\Common;C:\Program Files\NVIDIA Corporation\NVIDIA NvDLISR;C:\Program Files\Git\cmd;C:\Program Files\Java\jdk-17;C:\Users\Евгений\AppData\Local\Microsoft\WindowsApps;;C:\Program Files\JetBrains\IntelliJ IDEA Community Edition 2022.1.2\bin;
USERNAME=Евгений
OS=Windows_NT
PROCESSOR_IDENTIFIER=Intel64 Family 6 Model 94 Stepping 3, GenuineIntel



---------------  S Y S T E M  ---------------

OS:
 Windows 10 , 64 bit Build 19041 (10.0.19041.3636)
OS uptime: 8 days 22:54 hours

CPU: total 4 (initial active 4) (2 cores per cpu, 2 threads per core) family 6 model 94 stepping 3 microcode 0xcc, cx8, cmov, fxsr, ht, mmx, 3dnowpref, sse, sse2, sse3, ssse3, sse4.1, sse4.2, popcnt, lzcnt, tsc, tscinvbit, avx, avx2, aes, erms, clmul, bmi1, bmi2, adx, fma, vzeroupper, clflush, clflushopt

Memory: 4k page, system-wide physical 8128M (1991M free)
TotalPageFile size 12078M (AvailPageFile size 2091M)
current process WorkingSet (physical memory assigned to process): 120M, peak: 135M
current process commit charge ("private bytes"): 264M, peak: 278M

vm_info: Java HotSpot(TM) 64-Bit Server VM (18.0.1+10-24) for windows-amd64 JRE (18.0.1+10-24), built on Mar  9 2022 22:41:56 by "mach5one" with MS VC++ 16.8 / 16.9 (VS2019)

END.
